/opt/local/miniconda_23_9/lib/python3.11/site-packages/conda/base/context.py:201: FutureWarning: Adding 'defaults' to channel list implicitly is deprecated and will be removed in 25.3. 

To remove this warning, please choose a default channel explicitly with conda's regular configuration system, e.g. by adding 'defaults' to the list of channels:

  conda config --add channels defaults

For more information see https://docs.conda.io/projects/conda/en/stable/user-guide/configuration/use-condarc.html

  deprecated.topic(
JOB 14656 ARRAY_ID 0  -> i=0 ; range=[1.9895238095238094e-10, 1.9895238095238094e-10] ; intervals=0 (frames=1)
Simulation name: run1
Analytic t0 extension enabled (--extend-time-using-t0).
Completed 0 % :  mod = 2.258956190232198e-16,  Error =0.0
Completed 0 % :  mod = 2.3319241298847067e-16,  Error =1.4249781088437885e-07
Completed 0 % :  mod = 2.6156956634096977e-16,  Error =2.849883458111435e-07
Completed 1 % :  mod = 3.361819382594994e-16,  Error =4.2748706619022414e-07
Completed 1 % :  mod = 5.342273455358705e-16,  Error =5.699898792954627e-07
Completed 2 % :  mod = 9.083588728587623e-16,  Error =7.125013326003682e-07
Completed 2 % :  mod = 1.5533910944168862e-15,  Error =8.550014172215015e-07
Completed 3 % :  mod = 2.661724160286568e-15,  Error =9.974951353797223e-07
Completed 3 % :  mod = 4.5638637469367475e-15,  Error =1.1399970389902592e-06
Completed 4 % :  mod = 7.827178429580043e-15,  Error =1.2824784789700061e-06
Completed 4 % :  mod = 1.3424788132201959e-14,  Error =1.424975835107034e-06
Completed 5 % :  mod = 2.3026337214489867e-14,  Error =1.5674900168960448e-06
Completed 5 % :  mod = 3.949498997028636e-14,  Error =1.7099678188969847e-06
Completed 6 % :  mod = 6.774292385950004e-14,  Error =1.8524588085711002e-06
Completed 6 % :  mod = 1.1619334265865256e-13,  Error =1.9949438865296543e-06
Completed 7 % :  mod = 1.9929639948100002e-13,  Error =2.1374485186242964e-06
Completed 7 % :  mod = 3.418255976521927e-13,  Error =2.279942691529868e-06
Completed 8 % :  mod = 5.86255104321393e-13,  Error =2.422424586256966e-06
Completed 8 % :  mod = 1.00527532675141e-12,  Error =2.5649187591625378e-06
Completed 9 % :  mod = 1.729500902575953e-12,  Error =2.7074011086369865e-06
Completed 9 % :  mod = 3.2950119657320984e-12,  Error =2.849868451448856e-06
Completed 10 % :  mod = 7.111433872292027e-12,  Error =2.992257122969022e-06
Completed 10 % :  mod = 1.6892920574309546e-11,  Error =3.1343201953859534e-06
Completed 11 % :  mod = 4.1083600250937995e-11,  Error =3.2750258469604887e-06
Completed 11 % :  mod = 8.127436183942624e-11,  Error =3.409555574762635e-06
Completed 12 % :  mod = 9.336216743786826e-11,  Error =3.5302055039210245e-06
Completed 12 % :  mod = 1.1178970882668487e-10,  Error =3.6359933801577426e-06
Completed 13 % :  mod = 1.1159364385386431e-10,  Error =3.730954176717205e-06
Completed 13 % :  mod = 1.117050846658363e-10,  Error =3.828366061497945e-06
Completed 14 % :  mod = 1.11759987036755e-10,  Error =3.93909203921794e-06
Completed 14 % :  mod = 1.1174008136068203e-10,  Error =4.063144842803013e-06
Completed 15 % :  mod = 1.1173618943516603e-10,  Error =4.1951402636186685e-06
Completed 15 % :  mod = 1.0691655429567725e-10,  Error =4.331106993049616e-06
Completed 16 % :  mod = 9.790362213214606e-11,  Error =4.469166015041992e-06
Completed 16 % :  mod = 1.0677710652967455e-10,  Error =4.60859064332908e-06
Completed 17 % :  mod = 9.666838199380162e-11,  Error =4.749186700792052e-06
Completed 17 % :  mod = 6.454335223363607e-11,  Error =4.890204309049295e-06
Completed 18 % :  mod = 3.7155325895746764e-11,  Error =5.030615284340456e-06
Completed 18 % :  mod = 8.32491546366207e-11,  Error =5.165306447452167e-06
Completed 19 % :  mod = 9.599271784270047e-11,  Error =5.284724466037005e-06
Completed 19 % :  mod = 1.1346793998009452e-10,  Error =5.389637863117969e-06
Completed 20 % :  mod = 1.1319312162568938e-10,  Error =5.484514986164868e-06
Completed 20 % :  mod = 1.1337937225300792e-10,  Error =5.582771791523555e-06
Completed 21 % :  mod = 1.1342206295792677e-10,  Error =5.6940707509056665e-06
Completed 21 % :  mod = 1.133936355917322e-10,  Error =5.81926769882557e-06
Completed 22 % :  mod = 1.1338815436041067e-10,  Error =5.952478204562794e-06
Completed 22 % :  mod = 1.0727392911792966e-10,  Error =6.089665930630872e-06
Completed 23 % :  mod = 9.574370294937427e-11,  Error =6.228855454537552e-06
Completed 23 % :  mod = 1.0696269425968961e-10,  Error =6.368998583639041e-06
Completed 24 % :  mod = 9.486080233541068e-11,  Error =6.509791546704946e-06
Completed 24 % :  mod = 6.452135717136791e-11,  Error =6.650623163295677e-06
Completed 25 % :  mod = 2.895450935661232e-11,  Error =6.791231953684473e-06
Completed 25 % :  mod = 5.162288394543452e-11,  Error =6.929895334906178e-06
Completed 26 % :  mod = 8.988236817100375e-11,  Error =7.060545613057911e-06
Completed 26 % :  mod = 9.901897749758022e-11,  Error =7.17566490493482e-06
Completed 27 % :  mod = 1.1145151985751515e-10,  Error =7.275760253833141e-06
Completed 27 % :  mod = 1.1110953911125845e-10,  Error =7.370623734459514e-06
Completed 28 % :  mod = 1.114356634184907e-10,  Error =7.471860044461209e-06
Completed 28 % :  mod = 1.0848045949605185e-10,  Error =7.587283562315861e-06
Completed 29 % :  mod = 1.0721660927082929e-10,  Error =7.714640105405124e-06
Completed 29 % :  mod = 1.0777558082280557e-10,  Error =7.84897520134109e-06
Completed 30 % :  mod = 1.1129423263423406e-10,  Error =7.986780474311672e-06
Completed 30 % :  mod = 1.0333013045750879e-10,  Error =8.1265075095871e-06
Completed 31 % :  mod = 9.946943350245292e-11,  Error =8.267382781923516e-06
Completed 31 % :  mod = 8.950012633005141e-11,  Error =8.4090879681753e-06
Completed 32 % :  mod = 5.521530685725489e-11,  Error =8.551179689675337e-06
Completed 32 % :  mod = 2.5381117615252816e-11,  Error =8.69356199473259e-06
Completed 33 % :  mod = 1.223409683852695e-11,  Error =8.835994321998442e-06
Completed 33 % :  mod = 6.671221278535327e-12,  Error =8.978433015727205e-06
Completed 34 % :  mod = 5.731093839515911e-12,  Error =9.120803952100687e-06
Completed 34 % :  mod = 1.4169966724389729e-11,  Error =9.262919775210321e-06
Completed 35 % :  mod = 3.8290170894481125e-11,  Error =9.4038787210593e-06
Completed 35 % :  mod = 7.933472479316512e-11,  Error =9.53915923673776e-06
Completed 36 % :  mod = 9.240255925024116e-11,  Error =9.66078414421645e-06
Completed 36 % :  mod = 1.1181841596348292e-10,  Error =9.767869869392598e-06
Completed 37 % :  mod = 1.1181423578391601e-10,  Error =9.863068953563925e-06
Completed 37 % :  mod = 1.1161836201108344e-10,  Error =9.959877388610039e-06
Completed 38 % :  mod = 1.1173153664972451e-10,  Error =1.0069533345813397e-05
Completed 38 % :  mod = 1.1175787938787415e-10,  Error =1.0192915851803264e-05
Completed 39 % :  mod = 1.1176242487453736e-10,  Error =1.0324452887289226e-05
Completed 39 % :  mod = 1.0531840901299827e-10,  Error =1.0460028533998411e-05
Completed 40 % :  mod = 9.849960132035133e-11,  Error =1.0597710570436902e-05
Completed 40 % :  mod = 1.0852420844167552e-10,  Error =1.0736805506894598e-05
Completed 41 % :  mod = 9.790341413398926e-11,  Error =1.0877082331717247e-05
Completed 41 % :  mod = 6.700460094482689e-11,  Error =1.1017599717888515e-05
Completed 42 % :  mod = 5.752558394341965e-11,  Error =1.1156143500556936e-05
Completed 42 % :  mod = 9.671426293848889e-11,  Error =1.1283854746579891e-05
Completed 43 % :  mod = 1.0270553358400779e-10,  Error =1.1396069112379337e-05
Completed 43 % :  mod = 1.1323108138166271e-10,  Error =1.1493493730085902e-05
Completed 44 % :  mod = 1.1326827834068888e-10,  Error =1.1589684618229512e-05
Completed 44 % :  mod = 1.1216686617236306e-10,  Error =1.1693065971485339e-05
Completed 45 % :  mod = 1.1324086767561479e-10,  Error =1.1812191587523557e-05
Completed 45 % :  mod = 1.0103649079872692e-10,  Error =1.1941951470362255e-05
Completed 46 % :  mod = 1.1307422264887793e-10,  Error =1.207752666232409e-05
Completed 46 % :  mod = 1.113796306737067e-10,  Error =1.2215918559377315e-05
Completed 47 % :  mod = 1.0999176475942647e-10,  Error =1.2355792023299728e-05
Completed 47 % :  mod = 9.225059681409738e-11,  Error =1.2496269391704118e-05
Completed 48 % :  mod = 8.751019585197306e-11,  Error =1.263673220819328e-05
Completed 48 % :  mod = 4.429922629530482e-11,  Error =1.2775878076354275e-05
Completed 49 % :  mod = 7.54871376054422e-11,  Error =1.2909993074572412e-05
Completed 49 % :  mod = 9.664827995807271e-11,  Error =1.3031142771069426e-05
Completed 50 % :  mod = 1.0927080344879569e-10,  Error =1.3136669622326735e-05
Completed 50 % :  mod = 1.0983070947756697e-10,  Error =1.3231257980805822e-05
Completed 51 % :  mod = 1.0982492740419663e-10,  Error =1.3329153716767905e-05
Completed 51 % :  mod = 1.0980392992301761e-10,  Error =1.34389056256623e-05
Completed 52 % :  mod = 1.0938402220900088e-10,  Error =1.3561974355980055e-05
Completed 52 % :  mod = 1.0883670564974346e-10,  Error =1.3693708751816303e-05
Completed 53 % :  mod = 1.0574594994568471e-10,  Error =1.3830133866576944e-05
Completed 53 % :  mod = 1.001836885143417e-10,  Error =1.3969024621474091e-05
Completed 54 % :  mod = 1.0914013259810478e-10,  Error =1.410938830304076e-05
Completed 54 % :  mod = 9.362633611507501e-11,  Error =1.4250610547605902e-05
Completed 55 % :  mod = 6.997544723566263e-11,  Error =1.4392072898772312e-05
Completed 55 % :  mod = 3.977985139678938e-11,  Error =1.4532684872392565e-05
Completed 56 % :  mod = 8.355612503766388e-11,  Error =1.4667125469713937e-05
Completed 56 % :  mod = 9.285145485965507e-11,  Error =1.4787404325034004e-05
Completed 57 % :  mod = 1.1360986369041526e-10,  Error =1.4893094430590281e-05
Completed 57 % :  mod = 1.1353044565187037e-10,  Error =1.4988052043918287e-05
Completed 58 % :  mod = 1.136282211442107e-10,  Error =1.5085400718817255e-05
Completed 58 % :  mod = 1.1317948850094986e-10,  Error =1.5196466392808361e-05
Completed 59 % :  mod = 1.1306945159808072e-10,  Error =1.53210139615112e-05
Completed 59 % :  mod = 1.1303464503322607e-10,  Error =1.5453367723239353e-05
Completed 60 % :  mod = 1.0827375073314696e-10,  Error =1.5589357644785196e-05
Completed 60 % :  mod = 9.718211731745902e-11,  Error =1.5727098798379302e-05
Completed 61 % :  mod = 1.0473932175874011e-10,  Error =1.586590178703773e-05
Completed 61 % :  mod = 9.655090632108482e-11,  Error =1.6005386896722484e-05
Completed 62 % :  mod = 6.192006730193478e-11,  Error =1.6143367247423157e-05
Completed 62 % :  mod = 9.469282995710071e-11,  Error =1.627241681489977e-05
Completed 63 % :  mod = 9.890255689059946e-11,  Error =1.6385303297283826e-05
Completed 63 % :  mod = 1.1357361188375527e-10,  Error =1.6483490526297828e-05
Completed 64 % :  mod = 1.1351148498165164e-10,  Error =1.657895927564823e-05
Completed 64 % :  mod = 1.1334689867274473e-10,  Error =1.6681342458468862e-05
Completed 65 % :  mod = 1.1273820473607043e-10,  Error =1.6798777778603835e-05
Completed 65 % :  mod = 1.0043264567825598e-10,  Error =1.6927763226703973e-05
Completed 66 % :  mod = 1.1243677642720133e-10,  Error =1.7063010091078468e-05
Completed 66 % :  mod = 1.1219967868452387e-10,  Error =1.7201284208567813e-05
Completed 67 % :  mod = 1.0792320190807563e-10,  Error =1.7341290003969334e-05
Completed 67 % :  mod = 9.333255374815803e-11,  Error =1.748219619912561e-05
Completed 68 % :  mod = 8.71509393357947e-11,  Error =1.7623543044464896e-05
Completed 68 % :  mod = 4.5932099391099853e-11,  Error =1.7764148651622236e-05
Completed 69 % :  mod = 6.221899080687846e-11,  Error =1.790111855370924e-05
Completed 69 % :  mod = 8.995906654570086e-11,  Error =1.802707447495777e-05
Completed 70 % :  mod = 1.0468010487599177e-10,  Error =1.8137123788619647e-05
Completed 70 % :  mod = 1.106749080153926e-10,  Error =1.8231452941108728e-05
Completed 71 % :  mod = 1.0988848247847131e-10,  Error =1.8324524262425257e-05
Completed 71 % :  mod = 1.0837304905755177e-10,  Error =1.842879692048882e-05
Completed 72 % :  mod = 1.0654442598352043e-10,  Error =1.854901074693771e-05
Completed 72 % :  mod = 1.0989221499513609e-10,  Error =1.8679600088944426e-05
Completed 73 % :  mod = 1.0842306071983248e-10,  Error =1.8815443127095932e-05
Completed 73 % :  mod = 1.0771581834629329e-10,  Error =1.8954071492771618e-05
Completed 74 % :  mod = 1.0163505689837223e-10,  Error =1.9094322851742618e-05
Completed 74 % :  mod = 8.736150734870592e-11,  Error =1.9235490071878303e-05
Completed 75 % :  mod = 5.3438447243590797e-11,  Error =1.937682236530236e-05
Completed 75 % :  mod = 3.470271857912892e-11,  Error =1.951681269929395e-05
Completed 76 % :  mod = 8.089749164893997e-11,  Error =1.964796865649987e-05
Completed 76 % :  mod = 9.54318181290075e-11,  Error =1.975857867364539e-05
Completed 77 % :  mod = 1.1411714908193637e-10,  Error =1.9854371657856973e-05
Completed 77 % :  mod = 1.1265248970908864e-10,  Error =1.994354852286051e-05
Completed 78 % :  mod = 1.1234759650848143e-10,  Error =2.004292491619708e-05
Completed 78 % :  mod = 1.0226106600565357e-10,  Error =2.0162116925348528e-05
Completed 79 % :  mod = 1.1260147205515105e-10,  Error =2.0295205104048364e-05
Completed 79 % :  mod = 1.0789608339406213e-10,  Error =2.043276663243887e-05
Completed 80 % :  mod = 1.1197504665248607e-10,  Error =2.057212623185478e-05
Completed 80 % :  mod = 9.269116162553736e-11,  Error =2.071210974463611e-05
Completed 81 % :  mod = 8.474705524987395e-11,  Error =2.0852057787124068e-05
Completed 81 % :  mod = 4.6168278591627345e-11,  Error =2.0991224118915852e-05
Completed 82 % :  mod = 7.573929858661476e-11,  Error =2.1127015315869357e-05
Completed 82 % :  mod = 9.836920798224038e-11,  Error =2.125185210388736e-05
Completed 83 % :  mod = 1.1063842166298741e-10,  Error =2.1357963305490557e-05
Completed 83 % :  mod = 1.1111792301601757e-10,  Error =2.1449709947773954e-05
Completed 84 % :  mod = 1.0964461916242871e-10,  Error =2.1541628029808635e-05
Completed 84 % :  mod = 1.0426496892546625e-10,  Error =2.164819397876272e-05
Completed 85 % :  mod = 1.0910025118769037e-10,  Error =2.177022406613105e-05
Completed 85 % :  mod = 1.0778939262344185e-10,  Error =2.1904604182054754e-05
Completed 86 % :  mod = 1.0756517183281362e-10,  Error =2.204338579758769e-05
Completed 86 % :  mod = 1.1036407076586772e-10,  Error =2.2183701275935164e-05
Completed 87 % :  mod = 9.327641320203465e-11,  Error =2.232481256214669e-05
Completed 87 % :  mod = 7.593039939555151e-11,  Error =2.24659934247029e-05
Completed 88 % :  mod = 8.775884587041847e-11,  Error =2.2605246158491354e-05
Completed 88 % :  mod = 9.47307764905399e-11,  Error =2.273903737659566e-05
Completed 89 % :  mod = 1.133158175606173e-10,  Error =2.2864856873638928e-05
Completed 89 % :  mod = 1.129193869430073e-10,  Error =2.298244044141029e-05
Completed 90 % :  mod = 1.1077527738041921e-10,  Error =2.3096405129763298e-05
Completed 90 % :  mod = 1.0947122711633572e-10,  Error =2.321296869922662e-05
Completed 91 % :  mod = 1.1238041252566835e-10,  Error =2.3335569039772963e-05
Completed 91 % :  mod = 1.0989461152176043e-10,  Error =2.346265591768315e-05
Completed 92 % :  mod = 1.114666036608358e-10,  Error =2.3590418550156755e-05
Completed 92 % :  mod = 1.0981921105261363e-10,  Error =2.3717081603535917e-05
Completed 93 % :  mod = 1.1033950279636678e-10,  Error =2.384225808782503e-05
Completed 93 % :  mod = 1.1115923071983319e-10,  Error =2.3968039386090823e-05
Completed 94 % :  mod = 1.0975011441423221e-10,  Error =2.4093589217955014e-05
Completed 94 % :  mod = 1.1250516531659451e-10,  Error =2.4216687506850576e-05
Completed 95 % :  mod = 1.1212073682975349e-10,  Error =2.433573445159709e-05
Completed 95 % :  mod = 1.1091998265393401e-10,  Error =2.445160907882382e-05
Completed 96 % :  mod = 1.1270569793194072e-10,  Error =2.4567550099163782e-05
Completed 96 % :  mod = 1.1263753134031641e-10,  Error =2.468753200446372e-05
Completed 97 % :  mod = 1.1353793117464691e-10,  Error =2.4813217805785825e-05
Completed 97 % :  mod = 1.0578726426327321e-10,  Error =2.4942686650319956e-05
Completed 98 % :  mod = 1.1294674136776311e-10,  Error =2.5075233224924887e-05
Completed 98 % :  mod = 1.1212460343569704e-10,  Error =2.5208834813383874e-05
Completed 99 % :  mod = 1.1373756021149039e-10,  Error =2.5341171749460045e-05
Completed 99 % :  mod = 1.1024452222038716e-10,  Error =2.5470055788900936e-05
Finished 1/1 frames
Finished all frames!
