/opt/local/miniconda_23_9/lib/python3.11/site-packages/conda/base/context.py:201: FutureWarning: Adding 'defaults' to channel list implicitly is deprecated and will be removed in 25.3. 

To remove this warning, please choose a default channel explicitly with conda's regular configuration system, e.g. by adding 'defaults' to the list of channels:

  conda config --add channels defaults

For more information see https://docs.conda.io/projects/conda/en/stable/user-guide/configuration/use-condarc.html

  deprecated.topic(
JOB 14175 ARRAY_ID 2  -> i=2 ; range=[1.515e-7, 1.53e-7] ; intervals=10 (frames=11)
Simulation name: run1
Analytic t0 extension enabled (--extend-time-using-t0).
Completed 0 % :  mod = 3.692713968358343e-14,  Error =0.0
Completed 1 % :  mod = 3.69294507071009e-14,  Error =3.140939952572808e-08
Completed 2 % :  mod = 3.693638457174668e-14,  Error =6.28238012723159e-08
Completed 3 % :  mod = 3.694794471859213e-14,  Error =9.423638402950019e-08
Completed 4 % :  mod = 3.696413675923052e-14,  Error =1.256407813343685e-07
Completed 5 % :  mod = 3.698496826401882e-14,  Error =1.5705154510214925e-07
Completed 6 % :  mod = 3.701044902677548e-14,  Error =1.884618541225791e-07
Completed 7 % :  mod = 3.704059164711559e-14,  Error =2.1987852960592136e-07
Completed 8 % :  mod = 3.7075410312841016e-14,  Error =2.512883838790003e-07
Completed 9 % :  mod = 3.711492164697335e-14,  Error =2.826968739100266e-07
Completed 10 % :  mod = 3.7159144601874787e-14,  Error =3.141071829304565e-07
Completed 11 % :  mod = 3.7208099876912974e-14,  Error =3.4551339922472835e-07
Completed 12 % :  mod = 3.7261811136070876e-14,  Error =3.769328031921759e-07
Completed 13 % :  mod = 3.732030363151823e-14,  Error =4.0833447201293893e-07
Completed 14 % :  mod = 3.7383604362430236e-14,  Error =4.3974296204396524e-07
Completed 15 % :  mod = 3.745174525136109e-14,  Error =4.7114508561207913e-07
Completed 16 % :  mod = 3.752475811498587e-14,  Error =5.025499376642983e-07
Completed 17 % :  mod = 3.760267762871586e-14,  Error =5.339593371900264e-07
Completed 18 % :  mod = 3.7685540426726023e-14,  Error =5.653687367157545e-07
Completed 19 % :  mod = 3.777338589604841e-14,  Error =5.967726792732719e-07
Completed 20 % :  mod = 3.7866255805995235e-14,  Error =6.281829882937018e-07
Completed 21 % :  mod = 3.7964193831702836e-14,  Error =6.595855666091666e-07
Completed 22 % :  mod = 3.806724798935141e-14,  Error =6.909972398716491e-07
Completed 23 % :  mod = 3.8175465395148654e-14,  Error =7.224002729344647e-07
Completed 24 % :  mod = 3.828889988862627e-14,  Error =7.538073987234384e-07
Completed 25 % :  mod = 3.840760234470066e-14,  Error =7.8521861723857e-07
Completed 26 % :  mod = 3.853163078512871e-14,  Error =8.16624378785491e-07
Completed 27 % :  mod = 3.8661043549304653e-14,  Error =8.480310498271137e-07
Completed 28 % :  mod = 3.8795901464782023e-14,  Error =8.794349923846312e-07
Completed 28 % :  mod = 3.893627022955379e-14,  Error =9.108480298891664e-07
Completed 30 % :  mod = 3.908221485339865e-14,  Error =9.422556104254909e-07
Completed 31 % :  mod = 3.9233804951836965e-14,  Error =9.736618267197628e-07
Completed 32 % :  mod = 3.9391111146240706e-14,  Error =1.005074409476947e-06
Completed 33 % :  mod = 3.955420935193777e-14,  Error =1.0364838090026751e-06
Completed 34 % :  mod = 3.972317537837694e-14,  Error =1.0678954822651576e-06
Completed 35 % :  mod = 3.989809048778159e-14,  Error =1.0993094292643946e-06
Completed 36 % :  mod = 4.0079037001166285e-14,  Error =1.1307147360639647e-06
Completed 37 % :  mod = 4.026609872185324e-14,  Error =1.1621236808423419e-06
Completed 38 % :  mod = 4.0459366229428253e-14,  Error =1.1935353541048244e-06
Completed 39 % :  mod = 4.065892782707608e-14,  Error =1.2249392966623418e-06
Completed 40 % :  mod = 4.086488002361314e-14,  Error =1.2563500604301225e-06
Completed 41 % :  mod = 4.10773183749438e-14,  Error =1.2877549124823418e-06
Completed 42 % :  mod = 4.1296344260323935e-14,  Error =1.3191684047342278e-06
Completed 43 % :  mod = 4.152205985310281e-14,  Error =1.3505887181963772e-06
Completed 44 % :  mod = 4.175457140297574e-14,  Error =1.3819958439853508e-06
Completed 45 % :  mod = 4.1993987965434685e-14,  Error =1.4134043340163771e-06
Completed 46 % :  mod = 4.2260314552869664e-14,  Error =1.4448137335421052e-06
Completed 47 % :  mod = 4.255972937065839e-14,  Error =1.4762194950890262e-06
Completed 48 % :  mod = 4.286766099885264e-14,  Error =1.5076188901730347e-06
Completed 49 % :  mod = 4.318425396244904e-14,  Error =1.5390260159620084e-06
Completed 50 % :  mod = 4.3509650457103605e-14,  Error =1.570440872455947e-06
Completed 51 % :  mod = 4.384400226053258e-14,  Error =1.6018539099604823e-06
Completed 52 % :  mod = 4.4187462315122493e-14,  Error =1.6332674022123683e-06
Completed 53 % :  mod = 4.454018658081477e-14,  Error =1.664682713453658e-06
Completed 54 % :  mod = 4.490233848202866e-14,  Error =1.6960875655058771e-06
Completed 55 % :  mod = 4.5274081760820784e-14,  Error =1.7274992387683596e-06
Completed 56 % :  mod = 4.565558799430252e-14,  Error =1.7589095477887895e-06
Completed 56 % :  mod = 4.604702944779952e-14,  Error =1.790321221051272e-06
Completed 57 % :  mod = 4.644858733342293e-14,  Error =1.8217251636087894e-06
Completed 59 % :  mod = 4.6860443180921264e-14,  Error =1.853132744145114e-06
Completed 60 % :  mod = 4.728278688449338e-14,  Error =1.8845430531655438e-06
Completed 61 % :  mod = 4.7715811832349053e-14,  Error =1.915944721986307e-06
Completed 62 % :  mod = 4.815971321264306e-14,  Error =1.9473477550491225e-06
Completed 63 % :  mod = 4.861469563677173e-14,  Error =1.9787485143751837e-06
Completed 64 % :  mod = 4.9080962604400633e-14,  Error =2.0101588233956136e-06
Completed 65 % :  mod = 4.955873010893132e-14,  Error =2.0415682229213417e-06
Completed 66 % :  mod = 5.004821250263901e-14,  Error =2.0729776224470697e-06
Completed 67 % :  mod = 5.054963615507886e-14,  Error =2.104386567225447e-06
Completed 68 % :  mod = 5.106322748874557e-14,  Error =2.1357986952352803e-06
Completed 69 % :  mod = 5.158922017885347e-14,  Error =2.1672035472874995e-06
Completed 70 % :  mod = 5.2127852876935455e-14,  Error =2.19860385186621e-06
Completed 71 % :  mod = 5.2679369687299004e-14,  Error =2.2300064301816747e-06
Completed 72 % :  mod = 5.325303603865634e-14,  Error =2.2614176486968063e-06
Completed 73 % :  mod = 5.391301277093784e-14,  Error =2.2928270482225344e-06
Completed 74 % :  mod = 5.458848417104435e-14,  Error =2.324226443306543e-06
Completed 75 % :  mod = 5.5279736430232913e-14,  Error =2.355639480811078e-06
Completed 76 % :  mod = 5.598709496797396e-14,  Error =2.3870466066000517e-06
Completed 77 % :  mod = 5.67108592633539e-14,  Error =2.4184537323890254e-06
Completed 78 % :  mod = 5.745136257089792e-14,  Error =2.449857674946543e-06
Completed 79 % :  mod = 5.820893052183468e-14,  Error =2.4812652554828674e-06
Completed 80 % :  mod = 5.898389885884865e-14,  Error =2.5126696527877357e-06
Completed 81 % :  mod = 5.977661862415691e-14,  Error =2.544081326050218e-06
Completed 82 % :  mod = 6.058743238964706e-14,  Error =2.575488451839192e-06
Completed 83 % :  mod = 6.141671401448619e-14,  Error =2.6069001251016743e-06
Completed 84 % :  mod = 6.226481713492979e-14,  Error =2.6383099793747533e-06
Completed 85 % :  mod = 6.313213588599612e-14,  Error =2.669717105163727e-06
Completed 86 % :  mod = 6.401903888583591e-14,  Error =2.701126504689455e-06
Completed 87 % :  mod = 6.500781977925835e-14,  Error =2.732539996941341e-06
Completed 88 % :  mod = 6.60365447877096e-14,  Error =2.7639480322250165e-06
Completed 89 % :  mod = 6.708821358936137e-14,  Error =2.7953574317507446e-06
Completed 90 % :  mod = 6.8163292369972e-14,  Error =2.8267681955185253e-06
Completed 91 % :  mod = 6.926224588593173e-14,  Error =2.858174411812797e-06
Completed 92 % :  mod = 7.038556171058084e-14,  Error =2.8895792638650164e-06
Completed 93 % :  mod = 7.153372794665517e-14,  Error =2.9209813874331303e-06
Completed 94 % :  mod = 7.270725350213734e-14,  Error =2.9523894227168057e-06
Completed 95 % :  mod = 7.390664612033968e-14,  Error =2.983793365274323e-06
Completed 96 % :  mod = 7.520099303775336e-14,  Error =3.015200491063297e-06
Completed 97 % :  mod = 7.655569221732921e-14,  Error =3.0466067073575687e-06
Completed 98 % :  mod = 7.793997571665381e-14,  Error =3.078019290114753e-06
Completed 99 % :  mod = 7.935444651730649e-14,  Error =3.109425506409025e-06
Completed 100 % :  mod = 8.07997158594378e-14,  Error =3.1408371796715073e-06
Finished 3/11 frames
Finished all frames!
