/opt/local/miniconda_23_9/lib/python3.11/site-packages/conda/base/context.py:201: FutureWarning: Adding 'defaults' to channel list implicitly is deprecated and will be removed in 25.3. 

To remove this warning, please choose a default channel explicitly with conda's regular configuration system, e.g. by adding 'defaults' to the list of channels:

  conda config --add channels defaults

For more information see https://docs.conda.io/projects/conda/en/stable/user-guide/configuration/use-condarc.html

  deprecated.topic(
JOB 14240 ARRAY_ID 10  -> i=10 ; range=[1.98e-10, 2.18e-10] ; intervals=20 (frames=21)
Simulation name: run1
Analytic t0 extension enabled (--extend-time-using-t0).
Extending simulation time for p0=2.075e-10 from 1.000e+10 to 2.038e+10
Completed 0 % :  mod = 2.3562783800771506e-16,  Error =0.0
Completed 1 % :  mod = 2.5414767547353824e-16,  Error =9.315881470683962e-07
Completed 2 % :  mod = 3.12614967192919e-16,  Error =1.863122179202037e-06
Completed 3 % :  mod = 4.2022135840141213e-16,  Error =2.794670763250906e-06
Completed 4 % :  mod = 5.938843087815476e-16,  Error =3.726200247911038e-06
Completed 5 % :  mod = 8.609241707500093e-16,  Error =4.657788394979434e-06
Completed 6 % :  mod = 1.2633039455115951e-15,  Error =5.589324700849829e-06
Completed 7 % :  mod = 1.864313078132827e-15,  Error =6.5208687374251895e-06
Completed 8 % :  mod = 2.758485238418549e-15,  Error =7.452415957232006e-06
Completed 9 % :  mod = 4.086504452160944e-15,  Error =8.38395180835505e-06
Completed 10 % :  mod = 6.057512716348377e-15,  Error =9.31554677663371e-06
Completed 11 % :  mod = 8.981719244640083e-15,  Error =1.0247086720482912e-05
Completed 12 % :  mod = 1.33201033516024e-14,  Error =1.1178621207363904e-05
Completed 13 % :  mod = 1.9757286461744098e-14,  Error =1.2110152056266088e-05
Completed 14 % :  mod = 2.9311450842768234e-14,  Error =1.3041746115050046e-05
Completed 15 % :  mod = 4.3495904039639134e-14,  Error =1.397328696839395e-05
Completed 16 % :  mod = 6.456763747734123e-14,  Error =1.4904828731232556e-05
Completed 17 % :  mod = 9.589745862629196e-14,  Error =1.583637458679732e-05
Completed 18 % :  mod = 1.425374581970772e-13,  Error =1.6767932720540557e-05
Completed 19 % :  mod = 2.1210054559937752e-13,  Error =1.7699527234071866e-05
Completed 20 % :  mod = 3.1611941976716835e-13,  Error =1.8631072180141928e-05
Completed 21 % :  mod = 4.722678877789816e-13,  Error =1.956260621227557e-05
Completed 22 % :  mod = 7.079743304582639e-13,  Error =2.0494142518145964e-05
Completed 23 % :  mod = 1.0666114940242288e-12,  Error =2.142572520824615e-05
Completed 24 % :  mod = 1.6182903329349475e-12,  Error =2.2357226953317877e-05
Completed 25 % :  mod = 2.479842522739192e-12,  Error =2.328866912648664e-05
Completed 26 % :  mod = 3.852387452052815e-12,  Error =2.4220001250796486e-05
Completed 27 % :  mod = 6.0943693220664e-12,  Error =2.5151042336801765e-05
Completed 28 % :  mod = 9.8640195388671e-12,  Error =2.608143404358998e-05
Completed 29 % :  mod = 1.6380714821591597e-11,  Error =2.7010020858142525e-05
Completed 30 % :  mod = 2.778798131244246e-11,  Error =2.793385237964685e-05
Completed 31 % :  mod = 4.687439323671222e-11,  Error =2.8844790904258844e-05
Completed 32 % :  mod = 7.238392095692017e-11,  Error =2.9723521947744302e-05
Completed 33 % :  mod = 8.918958023501005e-11,  Error =3.054542366953683e-05
Completed 34 % :  mod = 9.387853528907996e-11,  Error =3.131446374027291e-05
Completed 35 % :  mod = 1.119752109178188e-10,  Error =3.2032882245403016e-05
Completed 36 % :  mod = 1.1461441051720996e-10,  Error =3.268548380219727e-05
Completed 37 % :  mod = 1.1334368914960274e-10,  Error =3.331870402689674e-05
Completed 38 % :  mod = 1.1162166436471944e-10,  Error =3.3949776479857974e-05
Completed 39 % :  mod = 1.1137874908204298e-10,  Error =3.4631606922630453e-05
Completed 40 % :  mod = 1.133292959681729e-10,  Error =3.537563952704659e-05
Completed 41 % :  mod = 1.150388729485867e-10,  Error =3.615739251472405e-05
Completed 42 % :  mod = 1.1656431052124515e-10,  Error =3.69639665223076e-05
Completed 43 % :  mod = 1.1314768463907622e-10,  Error =3.779552434934885e-05
Completed 44 % :  mod = 1.0895856940842084e-10,  Error =3.86569354304811e-05
Completed 45 % :  mod = 1.189301694759858e-10,  Error =3.9544170249428134e-05
Completed 46 % :  mod = 9.863808592124618e-11,  Error =4.044887236887007e-05
Completed 47 % :  mod = 1.024507726662521e-10,  Error =4.136566758461413e-05
Completed 48 % :  mod = 8.12296048534103e-11,  Error =4.228874649925274e-05
Completed 49 % :  mod = 4.684003031206505e-11,  Error =4.321545293350937e-05
Completed 50 % :  mod = 2.8922034584604017e-11,  Error =4.414199429447763e-05
Completed 51 % :  mod = 4.34333590136352e-11,  Error =4.506178083829582e-05
Completed 52 % :  mod = 8.132207568517105e-11,  Error =4.595518885253114e-05
Completed 53 % :  mod = 1.0129413466410592e-10,  Error =4.6787556129856966e-05
Completed 54 % :  mod = 1.0047921706420023e-10,  Error =4.7571892082487466e-05
Completed 55 % :  mod = 1.1978569237455744e-10,  Error =4.831404794458649e-05
Completed 56 % :  mod = 1.1993553459667393e-10,  Error =4.9008781843440374e-05
Completed 57 % :  mod = 1.1955848109127632e-10,  Error =4.97046653435973e-05
Completed 58 % :  mod = 1.195174077154699e-10,  Error =5.039535244577564e-05
Completed 59 % :  mod = 1.1934759259779796e-10,  Error =5.1127051847288385e-05
Completed 60 % :  mod = 1.13197893057788e-10,  Error =5.190338242755388e-05
Completed 61 % :  mod = 1.1936897848362406e-10,  Error =5.270688552627689e-05
Completed 62 % :  mod = 1.144874993937658e-10,  Error =5.352196876629023e-05
Completed 63 % :  mod = 1.1293827195822263e-10,  Error =5.434351169242291e-05
Completed 64 % :  mod = 1.1570185015725763e-10,  Error =5.5168100516311824e-05
Completed 65 % :  mod = 1.122568000651963e-10,  Error =5.5996338687691605e-05
Completed 66 % :  mod = 1.1650459786505974e-10,  Error =5.6840668548829854e-05
Completed 67 % :  mod = 1.1777497671555468e-10,  Error =5.769633798990981e-05
Completed 68 % :  mod = 1.0564883150655977e-10,  Error =5.856073676113738e-05
Completed 69 % :  mod = 1.071444856144392e-10,  Error =5.940887649558135e-05
Completed 70 % :  mod = 1.0784879297206778e-10,  Error =6.0205531099200016e-05
Completed 71 % :  mod = 1.075384682086624e-10,  Error =6.096598008298315e-05
Completed 72 % :  mod = 1.1816559466187435e-10,  Error =6.168180971144466e-05
Completed 73 % :  mod = 1.1845377382408677e-10,  Error =6.238599735297612e-05
Completed 74 % :  mod = 1.1884534780483442e-10,  Error =6.309634045464918e-05
Completed 75 % :  mod = 1.1871357157034798e-10,  Error =6.382033052432234e-05
Completed 76 % :  mod = 1.1908093646071405e-10,  Error =6.458870802816818e-05
Completed 77 % :  mod = 1.1138195268509779e-10,  Error =6.539994683407713e-05
Completed 78 % :  mod = 1.1912322709136518e-10,  Error =6.624691968681873e-05
Completed 79 % :  mod = 1.1979179161973055e-10,  Error =6.710686375299701e-05
Completed 80 % :  mod = 1.1059264220661213e-10,  Error =6.7970755026181e-05
Completed 81 % :  mod = 1.1299878153937776e-10,  Error =6.883941159685492e-05
Completed 82 % :  mod = 1.188181272627342e-10,  Error =6.970083632040769e-05
Completed 83 % :  mod = 1.161247385220299e-10,  Error =7.05647207723814e-05
Completed 84 % :  mod = 1.1094945734516609e-10,  Error =7.142611457311432e-05
Completed 85 % :  mod = 1.172063000820069e-10,  Error =7.228139338621986e-05
Completed 86 % :  mod = 1.1974011872920822e-10,  Error =7.312862817343557e-05
Completed 87 % :  mod = 1.1527536362437964e-10,  Error =7.394829617624055e-05
Completed 88 % :  mod = 1.0610557089939009e-10,  Error =7.473875803043484e-05
Completed 89 % :  mod = 1.1473645896182123e-10,  Error =7.549213569291169e-05
Completed 90 % :  mod = 1.1429652137058142e-10,  Error =7.619769075972727e-05
Completed 91 % :  mod = 1.1272368700976049e-10,  Error =7.687212428209023e-05
Completed 92 % :  mod = 1.1238953762756109e-10,  Error =7.75482039898634e-05
Completed 93 % :  mod = 1.1271310916321191e-10,  Error =7.8257334735099e-05
Completed 94 % :  mod = 1.1282378887663864e-10,  Error =7.901723529357696e-05
Completed 95 % :  mod = 1.1361743951231058e-10,  Error =7.981158250913722e-05
Completed 96 % :  mod = 1.1065814124266712e-10,  Error =8.06288635430974e-05
Completed 97 % :  mod = 1.1057687759900302e-10,  Error =8.14650625216018e-05
Completed 98 % :  mod = 1.1265552260819286e-10,  Error =8.231927768065361e-05
Completed 99 % :  mod = 1.1965942618192384e-10,  Error =8.318297886944492e-05
Completed 100 % :  mod = 1.1318692229104145e-10,  Error =8.404936988881673e-05
Finished 11/21 frames
Finished all frames!
