/opt/local/miniconda_23_9/lib/python3.11/site-packages/conda/base/context.py:201: FutureWarning: Adding 'defaults' to channel list implicitly is deprecated and will be removed in 25.3. 

To remove this warning, please choose a default channel explicitly with conda's regular configuration system, e.g. by adding 'defaults' to the list of channels:

  conda config --add channels defaults

For more information see https://docs.conda.io/projects/conda/en/stable/user-guide/configuration/use-condarc.html

  deprecated.topic(
JOB 14177 ARRAY_ID 4  -> i=4 ; range=[1.515e-7, 1.53e-7] ; intervals=10 (frames=11)
Simulation name: run1
Analytic t0 extension enabled (--extend-time-using-t0).
Completed 0 % :  mod = 3.699349587409442e-14,  Error =0.0
Completed 1 % :  mod = 3.699611622345631e-14,  Error =3.163540895911865e-08
Completed 2 % :  mod = 3.700397938912435e-14,  Error =6.327445589704439e-08
Completed 3 % :  mod = 3.7017088918049005e-14,  Error =9.491168384556659e-08
Completed 4 % :  mod = 3.7035449521851044e-14,  Error =1.265452738152817e-07
Completed 5 % :  mod = 3.7059069353222586e-14,  Error =1.5817659004824236e-07
Completed 6 % :  mod = 3.7087957994223845e-14,  Error =1.8981108951265924e-07
Completed 7 % :  mod = 3.712212878562374e-14,  Error =2.2144877220853232e-07
Completed 8 % :  mod = 3.716159527994943e-14,  Error =2.530805431888439e-07
Completed 9 % :  mod = 3.72063743649203e-14,  Error =2.8471549740061164e-07
Completed 10 % :  mod = 3.725648552229413e-14,  Error =3.1634954211767763e-07
Completed 11 % :  mod = 3.73119495573177e-14,  Error =3.4797949410858564e-07
Completed 12 % :  mod = 3.73727903457322e-14,  Error =3.796149030677043e-07
Completed 13 % :  mod = 3.7439032927949137e-14,  Error =4.1125031202682294e-07
Completed 14 % :  mod = 3.751070530899533e-14,  Error =4.4288708522799425e-07
Completed 15 % :  mod = 3.7587838776150266e-14,  Error =4.7452385842916556e-07
Completed 16 % :  mod = 3.767046588724286e-14,  Error =5.061529009253718e-07
Completed 17 % :  mod = 3.775862062947011e-14,  Error =5.37790128873894e-07
Completed 18 % :  mod = 3.785234207222672e-14,  Error =5.694296305591706e-07
Completed 19 % :  mod = 3.7951668226116194e-14,  Error =6.01070041739149e-07
Completed 20 % :  mod = 3.805664223687928e-14,  Error =6.327049959509168e-07
Completed 21 % :  mod = 3.816730746201497e-14,  Error =6.643490451097023e-07
Completed 22 % :  mod = 3.828371191770346e-14,  Error =6.959830898267683e-07
Completed 23 % :  mod = 3.8405904731855686e-14,  Error =7.276266842382029e-07
Completed 24 % :  mod = 3.853393677938805e-14,  Error =7.592639121867251e-07
Completed 25 % :  mod = 3.866786354095859e-14,  Error =7.909006853878964e-07
Completed 26 % :  mod = 3.880774086780227e-14,  Error =8.225301826314535e-07
Completed 27 % :  mod = 3.895362905807702e-14,  Error =8.541605893697124e-07
Completed 28 % :  mod = 3.9105589415792404e-14,  Error =8.858010005496908e-07
Completed 28 % :  mod = 3.92636865801502e-14,  Error =9.174304977932479e-07
Completed 30 % :  mod = 3.9427987096176336e-14,  Error =9.490709089732263e-07
Completed 31 % :  mod = 3.95985605264516e-14,  Error =9.807054084376432e-07
Completed 32 % :  mod = 3.977548040402372e-14,  Error =1.0123394531547092e-06
Completed 33 % :  mod = 3.9958820738396475e-14,  Error =1.043978045345284e-06
Completed 34 % :  mod = 4.0148659933057036e-14,  Error =1.0756152732938062e-06
Completed 35 % :  mod = 4.034507813849804e-14,  Error =1.107253865484381e-06
Completed 36 % :  mod = 4.054815894628347e-14,  Error =1.1388938219170086e-06
Completed 37 % :  mod = 4.075798795968055e-14,  Error =1.1705287761287764e-06
Completed 38 % :  mod = 4.097465454066523e-14,  Error =1.2021669135720003e-06
Completed 39 % :  mod = 4.1198251280526546e-14,  Error =1.2338032320258208e-06
Completed 40 % :  mod = 4.142887198816341e-14,  Error =1.2654395504796412e-06
Completed 41 % :  mod = 4.1666615184095496e-14,  Error =1.2970795069122687e-06
Completed 42 % :  mod = 4.1911581453485294e-14,  Error =1.3287180991028436e-06
Completed 43 % :  mod = 4.216387466374796e-14,  Error =1.3603630577563308e-06
Completed 44 % :  mod = 4.242360228218868e-14,  Error =1.3919993762101512e-06
Completed 45 % :  mod = 4.2690874634848826e-14,  Error =1.4236288734537084e-06
Completed 46 % :  mod = 4.2965805435901574e-14,  Error =1.4552615539287217e-06
Completed 47 % :  mod = 4.324851131119585e-14,  Error =1.4869001461192966e-06
Completed 48 % :  mod = 4.3582149065850284e-14,  Error =1.518536464573117e-06
Completed 49 % :  mod = 4.392635286830745e-14,  Error =1.5501736925216392e-06
Completed 50 % :  mod = 4.427995444837484e-14,  Error =1.5818063729966525e-06
Completed 51 % :  mod = 4.464310463085663e-14,  Error =1.6134390534716658e-06
Completed 52 % :  mod = 4.501595752280966e-14,  Error =1.6450758266728371e-06
Completed 53 % :  mod = 4.539867167821374e-14,  Error =1.6767166926001664e-06
Completed 54 % :  mod = 4.579141041560902e-14,  Error =1.7083498278225306e-06
Completed 55 % :  mod = 4.6194341553398166e-14,  Error =1.739986146276351e-06
Completed 56 % :  mod = 4.660763598047829e-14,  Error =1.7716179172566626e-06
Completed 56 % :  mod = 4.703147226198259e-14,  Error =1.8032483239949215e-06
Completed 57 % :  mod = 4.746602917480249e-14,  Error =1.8348837329540402e-06
Completed 59 % :  mod = 4.791149264266991e-14,  Error =1.866518232418457e-06
Completed 60 % :  mod = 4.8368054518547414e-14,  Error =1.8981450011779089e-06
Completed 61 % :  mod = 4.883590744949093e-14,  Error =1.929769950947957e-06
Completed 62 % :  mod = 4.9315252447006765e-14,  Error =1.961403995665023e-06
Completed 63 % :  mod = 4.980629147551327e-14,  Error =1.993027126445668e-06
Completed 64 % :  mod = 5.030923925786258e-14,  Error =2.0246625354047865e-06
Completed 65 % :  mod = 5.0824303846522365e-14,  Error =2.0562997633533087e-06
Completed 66 % :  mod = 5.1351709546404965e-14,  Error =2.0879374460491817e-06
Completed 67 % :  mod = 5.189168119181832e-14,  Error =2.119574219250353e-06
Completed 68 % :  mod = 5.244444933454276e-14,  Error =2.1512064449780155e-06
Completed 69 % :  mod = 5.301025013795189e-14,  Error =2.1828395802003797e-06
Completed 70 % :  mod = 5.35893251123148e-14,  Error =2.2144745344121475e-06
Completed 71 % :  mod = 5.4181921008916934e-14,  Error =2.2461117623606697e-06
Completed 72 % :  mod = 5.478828971418098e-14,  Error =2.2777508092985954e-06
Completed 73 % :  mod = 5.540869338480412e-14,  Error =2.309381670784205e-06
Completed 74 % :  mod = 5.6043394389241756e-14,  Error =2.3410138965118676e-06
Completed 75 % :  mod = 5.6693971120451545e-14,  Error =2.372650214965688e-06
Completed 76 % :  mod = 5.743903045940017e-14,  Error =2.404280166956596e-06
Completed 77 % :  mod = 5.820108715556179e-14,  Error =2.4359169401577674e-06
Completed 78 % :  mod = 5.898046292263768e-14,  Error =2.467547801643377e-06
Completed 79 % :  mod = 5.977749503855952e-14,  Error =2.499185939086601e-06
Completed 80 % :  mod = 6.059252379881388e-14,  Error =2.5308268050139304e-06
Completed 81 % :  mod = 6.142589616927178e-14,  Error =2.5624558475101367e-06
Completed 82 % :  mod = 6.227797325066654e-14,  Error =2.5940817067748867e-06
Completed 83 % :  mod = 6.31491179436765e-14,  Error =2.625721663207514e-06
Completed 84 % :  mod = 6.403970590741377e-14,  Error =2.65736071014544e-06
Completed 85 % :  mod = 6.495011708909475e-14,  Error =2.688997938093962e-06
Completed 86 % :  mod = 6.588074260618283e-14,  Error =2.7206260710954666e-06
Completed 87 % :  mod = 6.683198231116868e-14,  Error =2.75225875157048e-06
Completed 88 % :  mod = 6.780424325632302e-14,  Error =2.7838950700243004e-06
Completed 89 % :  mod = 6.87979442464987e-14,  Error =2.8155363906989805e-06
Completed 90 % :  mod = 6.981350773937816e-14,  Error =2.847168616426643e-06
Completed 91 % :  mod = 7.090043804616809e-14,  Error =2.8787981136702e-06
Completed 92 % :  mod = 7.206189698204192e-14,  Error =2.9104307941452134e-06
Completed 93 % :  mod = 7.324879078207458e-14,  Error =2.9420693863357883e-06
Completed 94 % :  mod = 7.446162348380924e-14,  Error =2.973705250042258e-06
Completed 95 % :  mod = 7.570092442989838e-14,  Error =3.005347025464289e-06
Completed 96 % :  mod = 7.696721639848913e-14,  Error =3.0369787964446004e-06
Completed 97 % :  mod = 7.826105297855209e-14,  Error =3.06861466015107e-06
Completed 98 % :  mod = 7.958298442386561e-14,  Error =3.1002496143628377e-06
Completed 99 % :  mod = 8.093358174051526e-14,  Error =3.131882294837851e-06
Completed 100 % :  mod = 8.231342588722374e-14,  Error =3.1635136110708117e-06
Finished 5/11 frames
Finished all frames!
