/opt/local/miniconda_23_9/lib/python3.11/site-packages/conda/base/context.py:201: FutureWarning: Adding 'defaults' to channel list implicitly is deprecated and will be removed in 25.3. 

To remove this warning, please choose a default channel explicitly with conda's regular configuration system, e.g. by adding 'defaults' to the list of channels:

  conda config --add channels defaults

For more information see https://docs.conda.io/projects/conda/en/stable/user-guide/configuration/use-condarc.html

  deprecated.topic(
JOB 14239 ARRAY_ID 9  -> i=9 ; range=[1.98e-10, 2.18e-10] ; intervals=20 (frames=21)
Simulation name: run1
Analytic t0 extension enabled (--extend-time-using-t0).
Extending simulation time for p0=2.066e-10 from 1.000e+10 to 2.171e+10
Completed 0 % :  mod = 2.345464801474646e-16,  Error =0.0
Completed 1 % :  mod = 2.5356968493337197e-16,  Error =9.73892838374013e-07
Completed 2 % :  mod = 3.137324877868878e-16,  Error =1.947791133716237e-06
Completed 3 % :  mod = 4.2481878895490276e-16,  Error =2.9216776056273375e-06
Completed 4 % :  mod = 6.048987628708355e-16,  Error =3.895582267432474e-06
Completed 5 % :  mod = 8.832769818150539e-16,  Error =4.869477379543241e-06
Completed 6 % :  mod = 1.305276413023022e-15,  Error =5.843370217917254e-06
Completed 7 % :  mod = 1.939643930342626e-15,  Error =6.81725941831246e-06
Completed 8 % :  mod = 2.8897965936000468e-15,  Error =7.791147709212964e-06
Completed 9 % :  mod = 4.310767111551347e-15,  Error =8.765043730818434e-06
Completed 10 % :  mod = 6.4346645584856745e-15,  Error =9.738950211612973e-06
Completed 11 % :  mod = 9.608916046811703e-15,  Error =1.0712848506955197e-05
Completed 12 % :  mod = 1.4353774975596953e-14,  Error =1.1686755442497088e-05
Completed 13 % :  mod = 2.144902469234285e-14,  Error =1.266065783056547e-05
Completed 14 % :  mod = 3.206465021395546e-14,  Error =1.3634512924909359e-05
Completed 15 % :  mod = 4.796290788010964e-14,  Error =1.4608398487325758e-05
Completed 16 % :  mod = 7.180303236640755e-14,  Error =1.5582299056404736e-05
Completed 17 % :  mod = 1.0762223916205584e-13,  Error =1.6556194623262854e-05
Completed 18 % :  mod = 1.6159645940917786e-13,  Error =1.753008837113157e-05
Completed 19 % :  mod = 2.43280156611421e-13,  Error =1.8503986211726442e-05
Completed 20 % :  mod = 3.6769290028870267e-13,  Error =1.9477885416563367e-05
Completed 21 % :  mod = 5.589720611223371e-13,  Error =2.0451770069485065e-05
Completed 22 % :  mod = 8.570548523085531e-13,  Error =2.1425651084427955e-05
Completed 23 % :  mod = 1.3304666714478172e-12,  Error =2.239951345472946e-05
Completed 24 % :  mod = 2.10185107846329e-12,  Error =2.3373341264232295e-05
Completed 25 % :  mod = 3.4007687822498547e-12,  Error =2.434704629195039e-05
Completed 26 % :  mod = 5.675516826843998e-12,  Error =2.5320493477920536e-05
Completed 27 % :  mod = 9.82995524722884e-12,  Error =2.6293198516214034e-05
Completed 28 % :  mod = 1.7696044650657703e-11,  Error =2.7263942229183158e-05
Completed 29 % :  mod = 3.268004990148625e-11,  Error =2.8228527753526578e-05
Completed 30 % :  mod = 5.847145602876093e-11,  Error =2.917376014011097e-05
Completed 31 % :  mod = 8.647692723493567e-11,  Error =3.0068517844483722e-05
Completed 32 % :  mod = 9.318146406102685e-11,  Error =3.08924468299665e-05
Completed 33 % :  mod = 1.0650591270001498e-10,  Error =3.166129545206786e-05
Completed 34 % :  mod = 1.1546871108612724e-10,  Error =3.235437134208041e-05
Completed 35 % :  mod = 1.1469681733567867e-10,  Error =3.301787501186482e-05
Completed 36 % :  mod = 1.1364567113885096e-10,  Error =3.3679097668937175e-05
Completed 37 % :  mod = 1.1242436036660872e-10,  Error =3.439172678554314e-05
Completed 38 % :  mod = 1.1071091995581065e-10,  Error =3.517871255098726e-05
Completed 39 % :  mod = 1.111133265235404e-10,  Error =3.601233356675948e-05
Completed 40 % :  mod = 1.128807688378785e-10,  Error =3.687061689561233e-05
Completed 41 % :  mod = 1.118174963896277e-10,  Error =3.774739980144659e-05
Completed 42 % :  mod = 1.0746204247649241e-10,  Error =3.864696418531821e-05
Completed 43 % :  mod = 1.1629598475680921e-10,  Error =3.957018179789884e-05
Completed 44 % :  mod = 9.659287781614711e-11,  Error =4.051274572702823e-05
Completed 45 % :  mod = 9.620296707948632e-11,  Error =4.1468837025604444e-05
Completed 46 % :  mod = 6.911304384696317e-11,  Error =4.2431884594407165e-05
Completed 47 % :  mod = 3.870564587019845e-11,  Error =4.339585666457424e-05
Completed 48 % :  mod = 5.829647912631925e-11,  Error =4.434667425812222e-05
Completed 49 % :  mod = 9.700648584763877e-11,  Error =4.524567839325755e-05
Completed 50 % :  mod = 1.0123514688962549e-10,  Error =4.606574611898395e-05
Completed 51 % :  mod = 1.1248269674229726e-10,  Error =4.684132818510989e-05
Completed 52 % :  mod = 1.193911605323024e-10,  Error =4.755102554554469e-05
Completed 53 % :  mod = 1.1901701229215872e-10,  Error =4.825594987778459e-05
Completed 54 % :  mod = 1.193730101682063e-10,  Error =4.896110840491019e-05
Completed 55 % :  mod = 1.1902093231218796e-10,  Error =4.971368025508127e-05
Completed 56 % :  mod = 1.1827362454993957e-10,  Error =5.0534819365566364e-05
Completed 57 % :  mod = 1.166189083127188e-10,  Error =5.14043053954083e-05
Completed 58 % :  mod = 1.1459718372511457e-10,  Error =5.2296746162028285e-05
Completed 59 % :  mod = 1.1299213132480545e-10,  Error =5.3197213674138766e-05
Completed 60 % :  mod = 1.1099858828256957e-10,  Error =5.4093314247438684e-05
Completed 61 % :  mod = 1.0668266639268891e-10,  Error =5.498348946275655e-05
Completed 62 % :  mod = 1.1543021484195795e-10,  Error =5.5875082580314483e-05
Completed 63 % :  mod = 1.0457426769916216e-10,  Error =5.67774923183606e-05
Completed 64 % :  mod = 1.013910065534811e-10,  Error =5.768680193796172e-05
Completed 65 % :  mod = 9.13463820084208e-11,  Error =5.858287704540999e-05
Completed 66 % :  mod = 1.0510978574412086e-10,  Error =5.94157741033996e-05
Completed 67 % :  mod = 1.0807527425831894e-10,  Error =6.0170863434905186e-05
Completed 68 % :  mod = 1.182301615921986e-10,  Error =6.088232157708262e-05
Completed 69 % :  mod = 1.1821579994412745e-10,  Error =6.15599169577763e-05
Completed 70 % :  mod = 1.1713172740859725e-10,  Error =6.226489449545625e-05
Completed 71 % :  mod = 1.1901250019249496e-10,  Error =6.299913502516574e-05
Completed 72 % :  mod = 1.180949174201922e-10,  Error =6.379265778377885e-05
Completed 73 % :  mod = 1.0740023186277068e-10,  Error =6.466085960710188e-05
Completed 74 % :  mod = 1.1851374331899805e-10,  Error =6.556654443556909e-05
Completed 75 % :  mod = 1.1113319540465156e-10,  Error =6.64938074805832e-05
Completed 76 % :  mod = 1.0365414968791342e-10,  Error =6.743479980286793e-05
Completed 77 % :  mod = 1.0072353135949186e-10,  Error =6.837967430328717e-05
Completed 78 % :  mod = 1.1994651611576172e-10,  Error =6.932210681043216e-05
Completed 79 % :  mod = 1.064877472609565e-10,  Error =7.026265711829183e-05
Completed 80 % :  mod = 1.1852659319315277e-10,  Error =7.119973452063277e-05
Completed 81 % :  mod = 1.1086328727720478e-10,  Error =7.212894615804544e-05
Completed 82 % :  mod = 1.0397457907338957e-10,  Error =7.30448728063493e-05
Completed 83 % :  mod = 9.739121787262926e-11,  Error =7.393225632768008e-05
Completed 84 % :  mod = 1.1659000047761254e-10,  Error =7.478866564269993e-05
Completed 85 % :  mod = 1.1351043450834336e-10,  Error =7.559310824944987e-05
Completed 86 % :  mod = 1.1319737630029631e-10,  Error =7.634902067366056e-05
Completed 87 % :  mod = 1.1421429276148265e-10,  Error =7.706364704063162e-05
Completed 88 % :  mod = 1.1226082387529791e-10,  Error =7.774690675432794e-05
Completed 89 % :  mod = 1.1374450719115923e-10,  Error =7.844618266972248e-05
Completed 90 % :  mod = 1.111610877544423e-10,  Error =7.918058690847829e-05
Completed 91 % :  mod = 1.1137189824850682e-10,  Error =7.99764206931286e-05
Completed 92 % :  mod = 1.0865820239701831e-10,  Error =8.082703561740345e-05
Completed 93 % :  mod = 8.793169129451223e-11,  Error =8.171374656740227e-05
Completed 94 % :  mod = 1.0728020719704294e-10,  Error =8.26265272735327e-05
Completed 95 % :  mod = 1.0762662530280697e-10,  Error =8.355379486602033e-05
Completed 96 % :  mod = 1.1079964962616003e-10,  Error =8.448579364994657e-05
Completed 97 % :  mod = 1.1329798814099807e-10,  Error =8.54169343256217e-05
Completed 98 % :  mod = 1.1516825500792202e-10,  Error =8.633880133857019e-05
Completed 99 % :  mod = 1.122963173271998e-10,  Error =8.723215250938665e-05
Completed 100 % :  mod = 1.0537183914934172e-10,  Error =8.810310237095109e-05
Finished 10/21 frames
Finished all frames!
