/opt/local/miniconda_23_9/lib/python3.11/site-packages/conda/base/context.py:201: FutureWarning: Adding 'defaults' to channel list implicitly is deprecated and will be removed in 25.3. 

To remove this warning, please choose a default channel explicitly with conda's regular configuration system, e.g. by adding 'defaults' to the list of channels:

  conda config --add channels defaults

For more information see https://docs.conda.io/projects/conda/en/stable/user-guide/configuration/use-condarc.html

  deprecated.topic(
JOB 14657 ARRAY_ID 0  -> i=0 ; range=[1.9990476190476189e-10, 1.9990476190476189e-10] ; intervals=0 (frames=1)
Simulation name: run1
Analytic t0 extension enabled (--extend-time-using-t0).
Completed 0 % :  mod = 2.269769765732775e-16,  Error =0.0
Completed 0 % :  mod = 2.377145452908006e-16,  Error =1.4528632164001465e-07
Completed 0 % :  mod = 2.7503998284484683e-16,  Error =2.9056445782771334e-07
Completed 1 % :  mod = 3.6071924786419954e-16,  Error =4.3583168007899076e-07
Completed 1 % :  mod = 5.465897249681041e-16,  Error =5.811107257613912e-07
Completed 2 % :  mod = 9.298225557551798e-16,  Error =7.264002306328621e-07
Completed 2 % :  mod = 1.5962263114106034e-15,  Error =8.716883712622803e-07
Completed 3 % :  mod = 2.745509067035262e-15,  Error =1.0169737834075931e-06
Completed 3 % :  mod = 4.725286125554823e-15,  Error =1.162263288279064e-06
Completed 4 % :  mod = 8.134522724280806e-15,  Error =1.3075505194137804e-06
Completed 4 % :  mod = 1.4004385325486209e-14,  Error =1.452821379643865e-06
Completed 5 % :  mod = 2.411074925102028e-14,  Error =1.5980886018951423e-06
Completed 5 % :  mod = 4.151039711745663e-14,  Error =1.7433849279768765e-06
Completed 6 % :  mod = 7.146737157039043e-14,  Error =1.888671704364242e-06
Completed 6 % :  mod = 1.2304215610690188e-13,  Error =2.0339457478257827e-06
Completed 7 % :  mod = 2.1183633669419274e-13,  Error =2.179217062803218e-06
Completed 7 % :  mod = 3.646969961159247e-13,  Error =2.3244997464644257e-06
Completed 8 % :  mod = 6.278206616029748e-13,  Error =2.4697733351786155e-06
Completed 8 % :  mod = 1.0805354377185602e-12,  Error =2.61505965681863e-06
Completed 9 % :  mod = 1.882885850992482e-12,  Error =2.7603400667430833e-06
Completed 9 % :  mod = 3.6850025934925374e-12,  Error =2.90558136839536e-06
Completed 10 % :  mod = 8.167225133341596e-12,  Error =3.0507326300721616e-06
Completed 10 % :  mod = 1.983582617562178e-11,  Error =3.195458702975884e-06
Completed 11 % :  mod = 4.804148210584545e-11,  Error =3.3383712434442714e-06
Completed 11 % :  mod = 8.725109291266639e-11,  Error =3.473359356576111e-06
Completed 12 % :  mod = 9.56957883542427e-11,  Error =3.593747806007741e-06
Completed 12 % :  mod = 1.1245398184265075e-10,  Error =3.6985939004807733e-06
Completed 13 % :  mod = 1.1243985098867675e-10,  Error =3.7952054299239535e-06
Completed 13 % :  mod = 1.1236566439456006e-10,  Error =3.895961071975762e-06
Completed 14 % :  mod = 1.0949196998849132e-10,  Error =4.0117247408488765e-06
Completed 14 % :  mod = 1.0916707190882237e-10,  Error =4.1398952816962264e-06
Completed 15 % :  mod = 1.0896419868664476e-10,  Error =4.275177161616739e-06
Completed 15 % :  mod = 1.1207275020961352e-10,  Error =4.4138305383967236e-06
Completed 16 % :  mod = 1.025910566426713e-10,  Error =4.554384759103414e-06
Completed 16 % :  mod = 1.0091020266787076e-10,  Error =4.696318228525342e-06
Completed 17 % :  mod = 9.437433199550055e-11,  Error =4.8393758333986625e-06
Completed 17 % :  mod = 5.51357379513644e-11,  Error =4.982589416613337e-06
Completed 18 % :  mod = 6.164053791474905e-11,  Error =5.123392384120962e-06
Completed 18 % :  mod = 9.693279827661015e-11,  Error =5.2523000704240985e-06
Completed 19 % :  mod = 1.0501936651004797e-10,  Error =5.365713604987832e-06
Completed 19 % :  mod = 1.143337241071304e-10,  Error =5.464275091071613e-06
Completed 20 % :  mod = 1.1361611017455792e-10,  Error =5.562470960285282e-06
Completed 20 % :  mod = 1.1297676359553187e-10,  Error =5.668782705470221e-06
Completed 21 % :  mod = 1.1387144588273217e-10,  Error =5.791189323645085e-06
Completed 21 % :  mod = 1.0457068020292256e-10,  Error =5.924037395743653e-06
Completed 22 % :  mod = 1.140587692946141e-10,  Error =6.062514785298845e-06
Completed 22 % :  mod = 1.0805623331974442e-10,  Error =6.203697012097109e-06
Completed 23 % :  mod = 1.1345749694000344e-10,  Error =6.346268037304981e-06
Completed 23 % :  mod = 9.360735845455197e-11,  Error =6.489363386208424e-06
Completed 24 % :  mod = 8.409952220592694e-11,  Error =6.632262284256285e-06
Completed 24 % :  mod = 4.8625892833488897e-11,  Error =6.773486802558182e-06
Completed 25 % :  mod = 8.097624429067209e-11,  Error =6.908685463713482e-06
Completed 25 % :  mod = 9.928402938159166e-11,  Error =7.029784683254547e-06
Completed 26 % :  mod = 1.1053555107667911e-10,  Error =7.135062332963571e-06
Completed 26 % :  mod = 1.1051378719568876e-10,  Error =7.2311759140575305e-06
Completed 27 % :  mod = 1.1030683810969098e-10,  Error =7.332134373427834e-06
Completed 27 % :  mod = 1.1053280408119085e-10,  Error =7.446088602591772e-06
Completed 28 % :  mod = 1.105252112197902e-10,  Error =7.572975391667569e-06
Completed 28 % :  mod = 1.1051186052394083e-10,  Error =7.708031716902042e-06
Completed 29 % :  mod = 1.0737127999624695e-10,  Error =7.847457254683832e-06
Completed 29 % :  mod = 1.0280655846602887e-10,  Error =7.989245659700828e-06
Completed 30 % :  mod = 1.0560616280969986e-10,  Error =8.13241740615922e-06
Completed 30 % :  mod = 9.091323245525436e-11,  Error =8.276427251985297e-06
Completed 31 % :  mod = 6.354160311539815e-11,  Error =8.4205535131332e-06
Completed 31 % :  mod = 5.23662139036121e-11,  Error =8.562915354559664e-06
Completed 32 % :  mod = 9.19407812244264e-11,  Error =8.696068562130677e-06
Completed 32 % :  mod = 9.721205584264643e-11,  Error =8.814305601845263e-06
Completed 33 % :  mod = 1.1442659355355353e-10,  Error =8.916899332689354e-06
Completed 33 % :  mod = 1.1442130956612593e-10,  Error =9.013842827698682e-06
Completed 34 % :  mod = 1.1440763616830424e-10,  Error =9.116128239838872e-06
Completed 34 % :  mod = 1.121749798583816e-10,  Error =9.234355275111739e-06
Completed 35 % :  mod = 1.0436299451100437e-10,  Error =9.364277048007352e-06
Completed 35 % :  mod = 1.1171754383000971e-10,  Error =9.500683972873958e-06
Completed 36 % :  mod = 1.1420775656766834e-10,  Error =9.639913514547516e-06
Completed 36 % :  mod = 1.0613357076892317e-10,  Error =9.780430900718784e-06
Completed 37 % :  mod = 9.700224913933726e-11,  Error =9.921578566718381e-06
Completed 37 % :  mod = 9.236087307287281e-11,  Error =1.006219872579095e-05
Completed 38 % :  mod = 8.518420033028583e-11,  Error =1.0196885796176502e-05
Completed 38 % :  mod = 9.952911726431253e-11,  Error =1.031610827340046e-05
Completed 39 % :  mod = 1.1151843370396163e-10,  Error =1.0420218131912407e-05
Completed 39 % :  mod = 1.1151150517309483e-10,  Error =1.0516618658584775e-05
Completed 40 % :  mod = 1.1150111453617644e-10,  Error =1.06184343167115e-05
Completed 40 % :  mod = 1.104690984662278e-10,  Error =1.0733714589150622e-05
Completed 41 % :  mod = 1.1030899219256474e-10,  Error =1.0862254384846892e-05
Completed 41 % :  mod = 1.1020613353401042e-10,  Error =1.099858036468504e-05
Completed 42 % :  mod = 1.1070530868723662e-10,  Error =1.1138765785290161e-05
Completed 42 % :  mod = 1.0132928191945963e-10,  Error =1.1281011211394798e-05
Completed 43 % :  mod = 1.0372121438187105e-10,  Error =1.142440305557102e-05
Completed 43 % :  mod = 9.216309472649165e-11,  Error =1.1568497939151712e-05
Completed 44 % :  mod = 6.042213724909212e-11,  Error =1.171220128526329e-05
Completed 44 % :  mod = 6.437553375791123e-11,  Error =1.1852716397697804e-05
Completed 45 % :  mod = 9.18896095164893e-11,  Error =1.1982464002358029e-05
Completed 45 % :  mod = 1.0663229581716171e-10,  Error =1.209769243359915e-05
Completed 46 % :  mod = 1.1065958069124123e-10,  Error =1.2197370324429357e-05
Completed 46 % :  mod = 1.1066054121882958e-10,  Error =1.2294190128159244e-05
Completed 47 % :  mod = 1.1058108613028499e-10,  Error =1.2399821116559906e-05
Completed 47 % :  mod = 1.104716562989043e-10,  Error =1.2520549262262648e-05
Completed 48 % :  mod = 1.062331776788397e-10,  Error =1.265136779693421e-05
Completed 48 % :  mod = 1.1012235237478813e-10,  Error =1.2787765626853798e-05
Completed 49 % :  mod = 1.0751582108920889e-10,  Error =1.2927152056363411e-05
Completed 49 % :  mod = 1.1063717935010667e-10,  Error =1.306840840697987e-05
Completed 50 % :  mod = 9.801421769852343e-11,  Error =1.3210940778662916e-05
Completed 50 % :  mod = 8.12396101803722e-11,  Error =1.3353591839404544e-05
Completed 51 % :  mod = 7.410816115902008e-11,  Error =1.3492433481587796e-05
Completed 51 % :  mod = 9.768726437219072e-11,  Error =1.3617144304589601e-05
Completed 52 % :  mod = 1.1185866783944646e-10,  Error =1.3727025816479e-05
Completed 52 % :  mod = 1.1313810554348286e-10,  Error =1.3824007965013152e-05
Completed 53 % :  mod = 1.1315756861385212e-10,  Error =1.3923163351137191e-05
Completed 53 % :  mod = 1.1309484069436366e-10,  Error =1.403334272254142e-05
Completed 54 % :  mod = 1.1276901064778494e-10,  Error =1.4158800695440732e-05
Completed 54 % :  mod = 1.1167335937115818e-10,  Error =1.429338226444088e-05
Completed 55 % :  mod = 1.0786290351612441e-10,  Error =1.4432624084292911e-05
Completed 55 % :  mod = 9.917846683924209e-11,  Error =1.4574067336070584e-05
Completed 56 % :  mod = 1.1208758509512382e-10,  Error =1.4716443729412276e-05
Completed 56 % :  mod = 9.536708008250648e-11,  Error =1.4858781014481792e-05
Completed 57 % :  mod = 7.27508838506787e-11,  Error =1.4998922324593877e-05
Completed 57 % :  mod = 8.560263902848626e-11,  Error =1.5131766758713638e-05
Completed 58 % :  mod = 1.0114057728282705e-10,  Error =1.5250025171553716e-05
Completed 58 % :  mod = 1.0856979198253765e-10,  Error =1.535255842100014e-05
Completed 59 % :  mod = 1.0856842783105308e-10,  Error =1.5448747490154346e-05
Completed 59 % :  mod = 1.0857171657728501e-10,  Error =1.5551643627986778e-05
Completed 60 % :  mod = 1.081126325446114e-10,  Error =1.5668269952584524e-05
Completed 60 % :  mod = 1.0802326087168267e-10,  Error =1.5796788829902653e-05
Completed 61 % :  mod = 1.0796732669937548e-10,  Error =1.5932681890262756e-05
Completed 61 % :  mod = 1.0846770223885928e-10,  Error =1.6072489870566642e-05
Completed 62 % :  mod = 1.0636661987444546e-10,  Error =1.621443379917764e-05
Completed 62 % :  mod = 1.029335969749508e-10,  Error =1.635757325857412e-05
Completed 63 % :  mod = 8.754926482162652e-11,  Error =1.650105696171522e-05
Completed 63 % :  mod = 6.133662934317982e-11,  Error =1.664213914409629e-05
Completed 64 % :  mod = 9.494205315404217e-11,  Error =1.6772077742643887e-05
Completed 64 % :  mod = 1.0500181475287304e-10,  Error =1.688733300397871e-05
Completed 65 % :  mod = 1.1256441438698838e-10,  Error =1.6987029084702954e-05
Completed 65 % :  mod = 1.1246904141509255e-10,  Error =1.708441823211615e-05
Completed 66 % :  mod = 1.1137895510475258e-10,  Error =1.71896326719434e-05
Completed 66 % :  mod = 1.1254660039836614e-10,  Error =1.731097017909633e-05
Completed 67 % :  mod = 1.0449067578027976e-10,  Error =1.7442797343392158e-05
Completed 67 % :  mod = 1.1257358051529969e-10,  Error =1.7580160147190327e-05
Completed 68 % :  mod = 1.0980543226897376e-10,  Error =1.7719855804898543e-05
Completed 68 % :  mod = 1.1147618027177774e-10,  Error =1.7860518710222095e-05
Completed 69 % :  mod = 9.47669489549158e-11,  Error =1.8001252101385035e-05
Completed 69 % :  mod = 8.456511831710779e-11,  Error =1.813950029827538e-05
Completed 70 % :  mod = 9.761321823832792e-11,  Error =1.826686593631166e-05
Completed 70 % :  mod = 1.0541902149396735e-10,  Error =1.837819945649244e-05
Completed 71 % :  mod = 1.120938644764008e-10,  Error =1.847588919190457e-05
Completed 71 % :  mod = 1.1189428734559907e-10,  Error =1.8574320620246e-05
Completed 72 % :  mod = 1.10285778116067e-10,  Error =1.868213121269946e-05
Completed 72 % :  mod = 1.1197169380331396e-10,  Error =1.8804666069627274e-05
Completed 73 % :  mod = 1.0543798086731464e-10,  Error =1.8937488675874192e-05
Completed 73 % :  mod = 1.1198653016741633e-10,  Error =1.9075910586252576e-05
Completed 74 % :  mod = 1.0757876820642847e-10,  Error =1.9217095996282296e-05
Completed 74 % :  mod = 1.1076313858384902e-10,  Error =1.9359747966518626e-05
Completed 75 % :  mod = 9.37065933091049e-11,  Error =1.9502702798490645e-05
Completed 75 % :  mod = 8.027965284500215e-11,  Error =1.964277635124745e-05
Completed 76 % :  mod = 9.052368418174833e-11,  Error =1.9771807274082676e-05
Completed 76 % :  mod = 1.0478426548984581e-10,  Error =1.9886757399945054e-05
Completed 77 % :  mod = 1.1363994843744555e-10,  Error =1.9986149254691554e-05
Completed 77 % :  mod = 1.1333218857942912e-10,  Error =2.008311321333167e-05
Completed 78 % :  mod = 1.1293357219163356e-10,  Error =2.018892746491474e-05
Completed 78 % :  mod = 1.1258260303691932e-10,  Error =2.031014082604088e-05
Completed 79 % :  mod = 1.0529986232900615e-10,  Error =2.0441409560589818e-05
Completed 79 % :  mod = 1.1245893189975369e-10,  Error =2.057797837551334e-05
Completed 80 % :  mod = 1.0496673850098061e-10,  Error =2.0717174720630283e-05
Completed 80 % :  mod = 1.1340313302444707e-10,  Error =2.085766027448699e-05
Completed 81 % :  mod = 1.0026062596217956e-10,  Error =2.099779885611497e-05
Completed 81 % :  mod = 8.769688627125273e-11,  Error =2.113134587489185e-05
Completed 82 % :  mod = 9.945247956509815e-11,  Error =2.124907177858404e-05
Completed 82 % :  mod = 1.1099287009143862e-10,  Error =2.1351806026359554e-05
Completed 83 % :  mod = 1.1109167635797873e-10,  Error =2.1448183360917028e-05
Completed 83 % :  mod = 1.1133263194871613e-10,  Error =2.1550446945184376e-05
Completed 84 % :  mod = 1.1077537538703825e-10,  Error =2.1667165583494352e-05
Completed 84 % :  mod = 1.070620173577334e-10,  Error =2.179675084335031e-05
Completed 85 % :  mod = 1.11487947276899e-10,  Error =2.1933644347882364e-05
Completed 85 % :  mod = 1.1133455331943684e-10,  Error =2.2074038952268893e-05
Completed 86 % :  mod = 1.0883774332016926e-10,  Error =2.2216178876988124e-05
Completed 86 % :  mod = 9.745159288848162e-11,  Error =2.235850524812122e-05
Completed 87 % :  mod = 8.893827275786576e-11,  Error =2.249802855658345e-05
Completed 87 % :  mod = 9.093343854006369e-11,  Error =2.2627480575465597e-05
Completed 88 % :  mod = 1.0737141926951042e-10,  Error =2.2742902729078196e-05
Completed 88 % :  mod = 1.1107857403991716e-10,  Error =2.284326092194533e-05
Completed 89 % :  mod = 1.1033695460687594e-10,  Error =2.2940722828934668e-05
Completed 89 % :  mod = 1.0896929154469598e-10,  Error =2.3046809474180918e-05
Completed 90 % :  mod = 1.0907442153352674e-10,  Error =2.316715836059302e-05
Completed 90 % :  mod = 1.06931433217416e-10,  Error =2.3297316147363745e-05
Completed 91 % :  mod = 1.0821556163738421e-10,  Error =2.3433314709109254e-05
Completed 91 % :  mod = 1.0944087733256734e-10,  Error =2.3572433292429196e-05
Completed 92 % :  mod = 1.0478402920272748e-10,  Error =2.3713289465376874e-05
Completed 92 % :  mod = 1.0189732499559516e-10,  Error =2.385452899034135e-05
Completed 93 % :  mod = 9.087343025292076e-11,  Error =2.3991858597582905e-05
Completed 93 % :  mod = 9.750227443230649e-11,  Error =2.411538480373565e-05
Completed 94 % :  mod = 1.1481137914885259e-10,  Error =2.422457464490435e-05
Completed 94 % :  mod = 1.140529567796122e-10,  Error =2.432239080008003e-05
Completed 95 % :  mod = 1.1327548933223598e-10,  Error =2.4422554815828335e-05
Completed 95 % :  mod = 1.1269878744101557e-10,  Error =2.4533853775210446e-05
Completed 96 % :  mod = 1.1258752917248234e-10,  Error =2.46594104282849e-05
Completed 96 % :  mod = 1.0942147840175e-10,  Error =2.4793652301013935e-05
Completed 97 % :  mod = 1.1070693214273481e-10,  Error =2.493264400982298e-05
Completed 97 % :  mod = 1.0676393842080729e-10,  Error =2.5073956749110948e-05
Completed 98 % :  mod = 1.1194822732378e-10,  Error =2.52163122240745e-05
Completed 98 % :  mod = 9.218902092153023e-11,  Error =2.535847170292982e-05
Completed 99 % :  mod = 8.17299624421756e-11,  Error =2.5497715796518605e-05
Completed 99 % :  mod = 9.534545313177247e-11,  Error =2.562844338171999e-05
Finished 1/1 frames
Finished all frames!
