/opt/local/miniconda_23_9/lib/python3.11/site-packages/conda/base/context.py:201: FutureWarning: Adding 'defaults' to channel list implicitly is deprecated and will be removed in 25.3. 

To remove this warning, please choose a default channel explicitly with conda's regular configuration system, e.g. by adding 'defaults' to the list of channels:

  conda config --add channels defaults

For more information see https://docs.conda.io/projects/conda/en/stable/user-guide/configuration/use-condarc.html

  deprecated.topic(
JOB 14181 ARRAY_ID 8  -> i=8 ; range=[1.515e-7, 1.53e-7] ; intervals=10 (frames=11)
Simulation name: run1
Analytic t0 extension enabled (--extend-time-using-t0).
Completed 0 % :  mod = 3.712620788453948e-14,  Error =0.0
Completed 1 % :  mod = 3.712945149133187e-14,  Error =3.2091065804706886e-08
Completed 2 % :  mod = 3.7139183211681555e-14,  Error =6.418395059881732e-08
Completed 3 % :  mod = 3.715540675135767e-14,  Error =9.628001862438396e-08
Completed 4 % :  mod = 3.717812835722821e-14,  Error =1.2837153917644173e-07
Completed 5 % :  mod = 3.7207355493771015e-14,  Error =1.6045805750763975e-07
Completed 6 % :  mod = 3.724309933123308e-14,  Error =1.925468495755922e-07
Completed 7 % :  mod = 3.728537231041082e-14,  Error =2.2464337234850973e-07
Completed 8 % :  mod = 3.733418983671596e-14,  Error =2.567380761320237e-07
Completed 9 % :  mod = 3.7389569539021715e-14,  Error =2.8882777769467793e-07
Completed 10 % :  mod = 3.745153126966279e-14,  Error =3.2092066248878837e-07
Completed 11 % :  mod = 3.752009752795184e-14,  Error =3.530176400090568e-07
Completed 12 % :  mod = 3.759529340723993e-14,  Error =3.85111434297869e-07
Completed 13 % :  mod = 3.7677146171400056e-14,  Error =4.1720386434462853e-07
Completed 14 % :  mod = 3.776568499012933e-14,  Error =4.4929356590728275e-07
Completed 15 % :  mod = 3.786094093894901e-14,  Error =4.813896339328494e-07
Completed 16 % :  mod = 3.796294964618244e-14,  Error =5.134811544849072e-07
Completed 17 % :  mod = 3.8071747534246345e-14,  Error =5.455663085740525e-07
Completed 18 % :  mod = 3.8187374307810135e-14,  Error =5.776719262939878e-07
Completed 19 % :  mod = 3.8309870677394835e-14,  Error =6.097629920986947e-07
Completed 20 % :  mod = 3.843928222396092e-14,  Error =6.418540579034016e-07
Completed 21 % :  mod = 3.857565548138093e-14,  Error =6.739410309819505e-07
Completed 22 % :  mod = 3.8719039789324037e-14,  Error =7.060289135552011e-07
Completed 23 % :  mod = 3.8869486393283557e-14,  Error =7.381227078440133e-07
Completed 24 % :  mod = 3.902705024452194e-14,  Error =7.702192306169309e-07
Completed 25 % :  mod = 3.91917889412796e-14,  Error =8.023175723792519e-07
Completed 26 % :  mod = 3.9363761140588134e-14,  Error =8.344059096998535e-07
Completed 27 % :  mod = 3.954303126989109e-14,  Error =8.66490609041648e-07
Completed 28 % :  mod = 3.972966216844525e-14,  Error =8.985830390884075e-07
Completed 28 % :  mod = 3.9923722551798454e-14,  Error =9.306727406510618e-07
Completed 30 % :  mod = 4.012528478832813e-14,  Error =9.62761987466365e-07
Completed 31 % :  mod = 4.033441923470847e-14,  Error =9.948553270078264e-07
Completed 32 % :  mod = 4.055120307681678e-14,  Error =1.026947302307235e-06
Completed 33 % :  mod = 4.0775715776931434e-14,  Error =1.0590401871013455e-06
Completed 34 % :  mod = 4.100803838551757e-14,  Error =1.091128524421947e-06
Completed 35 % :  mod = 4.124825735287536e-14,  Error =1.1232218639634084e-06
Completed 36 % :  mod = 4.149645865284896e-14,  Error =1.1553129297681153e-06
Completed 37 % :  mod = 4.17527330767824e-14,  Error =1.1874099072883837e-06
Completed 38 % :  mod = 4.201717559824489e-14,  Error =1.2195005183457397e-06
Completed 39 % :  mod = 4.228988119080564e-14,  Error =1.251594312634552e-06
Completed 40 % :  mod = 4.257095033374802e-14,  Error =1.2836912901548203e-06
Completed 41 % :  mod = 4.2860486629789395e-14,  Error =1.3157819012121763e-06
Completed 42 % :  mod = 4.3158594687498744e-14,  Error =1.3478725122695323e-06
Completed 43 % :  mod = 4.346538546819216e-14,  Error =1.3799626685795374e-06
Completed 44 % :  mod = 4.378097078021868e-14,  Error =1.4120541891315952e-06
Completed 45 % :  mod = 4.41054665082734e-14,  Error =1.4441438906942494e-06
Completed 46 % :  mod = 4.443899134284806e-14,  Error =1.4762367754883599e-06
Completed 47 % :  mod = 4.478167027424193e-14,  Error =1.5083273865457159e-06
Completed 48 % :  mod = 4.513362792217738e-14,  Error =1.5404225450765807e-06
Completed 49 % :  mod = 4.549499356505798e-14,  Error =1.5725145203759894e-06
Completed 50 % :  mod = 4.5865902198759706e-14,  Error =1.6046033124439418e-06
Completed 51 % :  mod = 4.62697870427079e-14,  Error =1.636688921280438e-06
Completed 52 % :  mod = 4.670341158401111e-14,  Error =1.6687831703166012e-06
Completed 53 % :  mod = 4.714819684318558e-14,  Error =1.7008765098580625e-06
Completed 54 % :  mod = 4.760431550907343e-14,  Error =1.7329657566733658e-06
Completed 55 % :  mod = 4.807193958230251e-14,  Error =1.7650650079303887e-06
Completed 56 % :  mod = 4.8551251280835606e-14,  Error =1.7971551642403938e-06
Completed 56 % :  mod = 4.904243261087725e-14,  Error =1.829252596508013e-06
Completed 57 % :  mod = 4.9545673943082345e-14,  Error =1.8613459360494744e-06
Completed 59 % :  mod = 5.006116781862771e-14,  Error =1.8934324543806724e-06
Completed 60 % :  mod = 5.058911318437683e-14,  Error =1.9255230654380284e-06
Completed 61 % :  mod = 5.1129715922275447e-14,  Error =1.957615040737437e-06
Completed 62 % :  mod = 5.1683182073087984e-14,  Error =1.989706106542144e-06
Completed 63 % :  mod = 5.224972667730392e-14,  Error =2.0217976270942017e-06
Completed 64 % :  mod = 5.2829568375302774e-14,  Error =2.0538936951197684e-06
Completed 65 % :  mod = 5.342293030732658e-14,  Error =2.0859888536506332e-06
Completed 66 % :  mod = 5.4030043501611706e-14,  Error =2.118084466928849e-06
Completed 67 % :  mod = 5.465114311568013e-14,  Error =2.1501741684915032e-06
Completed 68 % :  mod = 5.528646880691637e-14,  Error =2.1822634153068066e-06
Completed 69 % :  mod = 5.5936266108996005e-14,  Error =2.214359483332373e-06
Completed 70 % :  mod = 5.6600791408204263e-14,  Error =2.2464523681264836e-06
Completed 71 % :  mod = 5.728030257313402e-14,  Error =2.2785438886785414e-06
Completed 72 % :  mod = 5.797506022523524e-14,  Error =2.3106331354938447e-06
Completed 73 % :  mod = 5.868533880318283e-14,  Error =2.3427292035194114e-06
Completed 74 % :  mod = 5.941141290447037e-14,  Error =2.3748243620502762e-06
Completed 75 % :  mod = 6.015356400873416e-14,  Error =2.406920430075843e-06
Completed 76 % :  mod = 6.091208407764319e-14,  Error =2.439014224364655e-06
Completed 77 % :  mod = 6.16872692021521e-14,  Error =2.471112566126976e-06
Completed 78 % :  mod = 6.247942373178674e-14,  Error =2.5032095436472446e-06
Completed 79 % :  mod = 6.328885646299595e-14,  Error =2.5353015189466532e-06
Completed 80 % :  mod = 6.411588746835467e-14,  Error =2.567396222730167e-06
Completed 81 % :  mod = 6.496083459697636e-14,  Error =2.5994822863140143e-06
Completed 82 % :  mod = 6.582403348566636e-14,  Error =2.631578354339581e-06
Completed 83 % :  mod = 6.675022833222603e-14,  Error =2.6636753318598494e-06
Completed 84 % :  mod = 6.773208213726626e-14,  Error =2.6957704903907143e-06
Completed 85 % :  mod = 6.87352130393646e-14,  Error =2.7278565539745614e-06
Completed 86 % :  mod = 6.97600357140883e-14,  Error =2.7599430723057594e-06
Completed 87 % :  mod = 7.080695477848834e-14,  Error =2.7920373213419225e-06
Completed 88 % :  mod = 7.18764035428568e-14,  Error =2.8241311156307347e-06
Completed 89 % :  mod = 7.296881055292545e-14,  Error =2.8562217266880907e-06
Completed 90 % :  mod = 7.408462013041466e-14,  Error =2.8883177947136573e-06
Completed 91 % :  mod = 7.522428395564357e-14,  Error =2.9204047677922063e-06
Completed 92 % :  mod = 7.638826562033211e-14,  Error =2.952491740870755e-06
Completed 93 % :  mod = 7.757704062760106e-14,  Error =2.984579168696655e-06
Completed 94 % :  mod = 7.879108723342826e-14,  Error =3.0166761462169234e-06
Completed 95 % :  mod = 8.0030906457802e-14,  Error =3.048772668989841e-06
Completed 96 % :  mod = 8.129699524436453e-14,  Error =3.080867372773355e-06
Completed 97 % :  mod = 8.258987679477946e-14,  Error =3.1129643502936233e-06
Completed 98 % :  mod = 8.39100740460126e-14,  Error =3.145051323372172e-06
Completed 99 % :  mod = 8.525812581689751e-14,  Error =3.177146481903037e-06
Completed 100 % :  mod = 8.663458447879494e-14,  Error =3.2092393666971475e-06
Finished 9/11 frames
Finished all frames!
