/opt/local/miniconda_23_9/lib/python3.11/site-packages/conda/base/context.py:201: FutureWarning: Adding 'defaults' to channel list implicitly is deprecated and will be removed in 25.3. 

To remove this warning, please choose a default channel explicitly with conda's regular configuration system, e.g. by adding 'defaults' to the list of channels:

  conda config --add channels defaults

For more information see https://docs.conda.io/projects/conda/en/stable/user-guide/configuration/use-condarc.html

  deprecated.topic(
JOB 14174 ARRAY_ID 1  -> i=1 ; range=[1.515e-7, 1.53e-7] ; intervals=10 (frames=11)
Simulation name: run1
Analytic t0 extension enabled (--extend-time-using-t0).
Completed 0 % :  mod = 3.689396172067684e-14,  Error =0.0
Completed 1 % :  mod = 3.689611800186275e-14,  Error =3.1301624403567985e-08
Completed 2 % :  mod = 3.6902588486546826e-14,  Error =6.259597284952179e-08
Completed 3 % :  mod = 3.691337629816306e-14,  Error =9.38998709898442e-08
Completed 4 % :  mod = 3.692848704830472e-14,  Error =1.2519603842520155e-07
Completed 5 % :  mod = 3.694792825438922e-14,  Error =1.564890226291027e-07
Completed 6 % :  mod = 3.69717099749328e-14,  Error =1.8778519006446004e-07
Completed 7 % :  mod = 3.6999844756611006e-14,  Error =2.190809027524665e-07
Completed 8 % :  mod = 3.7032346046071864e-14,  Error =2.503752511984203e-07
Completed 9 % :  mod = 3.7069231313369914e-14,  Error =2.816755113599356e-07
Completed 10 % :  mod = 3.711051908735088e-14,  Error =3.129775905108545e-07
Completed 11 % :  mod = 3.7156230543838436e-14,  Error =3.442755769356154e-07
Completed 12 % :  mod = 3.7206389240936435e-14,  Error =3.7557492760242894e-07
Completed 13 % :  mod = 3.7261020271995936e-14,  Error =4.0686882130103186e-07
Completed 14 % :  mod = 3.7320151218527285e-14,  Error =4.3816271499963477e-07
Completed 15 % :  mod = 3.738381273253526e-14,  Error =4.6946115617174655e-07
Completed 16 % :  mod = 3.745203700127186e-14,  Error =5.00756868859753e-07
Completed 17 % :  mod = 3.752485965306042e-14,  Error =5.320548552845139e-07
Completed 18 % :  mod = 3.760231658092209e-14,  Error =5.633460204990115e-07
Completed 19 % :  mod = 3.7684447860103184e-14,  Error =5.946508281340357e-07
Completed 20 % :  mod = 3.7771295048157674e-14,  Error =6.259497240534984e-07
Completed 21 % :  mod = 3.7862901184947193e-14,  Error =6.572436177521013e-07
Completed 22 % :  mod = 3.7959314604289296e-14,  Error =6.8853023549309e-07
Completed 23 % :  mod = 3.8060583428243297e-14,  Error =7.198327693913598e-07
Completed 24 % :  mod = 3.816675869054427e-14,  Error =7.51133484300226e-07
Completed 25 % :  mod = 3.827789544833378e-14,  Error =7.824337444617413e-07
Completed 26 % :  mod = 3.839404849405561e-14,  Error =8.137290024023969e-07
Completed 27 % :  mod = 3.8515276802378713e-14,  Error =8.45026079332456e-07
Completed 28 % :  mod = 3.864164268316427e-14,  Error =8.7631542555755e-07
Completed 28 % :  mod = 3.8773209716822877e-14,  Error =9.076056812773459e-07
Completed 30 % :  mod = 3.8910044183682665e-14,  Error =9.389109436597209e-07
Completed 31 % :  mod = 3.9052215593384865e-14,  Error =9.7020802058978e-07
Completed 32 % :  mod = 3.9199795202576166e-14,  Error =1.001501914288383e-06
Completed 33 % :  mod = 3.9352857656035044e-14,  Error =1.0327976269763894e-06
Completed 34 % :  mod = 3.951147982200146e-14,  Error =1.0640906111802906e-06
Completed 35 % :  mod = 3.967574079217687e-14,  Error =1.0953872333629988e-06
Completed 36 % :  mod = 3.9845725163976877e-14,  Error =1.1266815818089526e-06
Completed 37 % :  mod = 4.0021517111300613e-14,  Error =1.1579800229810644e-06
Completed 38 % :  mod = 4.020320514909107e-14,  Error =1.189274826174369e-06
Completed 39 % :  mod = 4.03908799098736e-14,  Error =1.2205641723994631e-06
Completed 40 % :  mod = 4.05846345672724e-14,  Error =1.2518617040768731e-06
Completed 41 % :  mod = 4.078456737710936e-14,  Error =1.283155597775476e-06
Completed 42 % :  mod = 4.099077807751401e-14,  Error =1.3144499462214299e-06
Completed 43 % :  mod = 4.120337064178063e-14,  Error =1.3457497516355943e-06
Completed 44 % :  mod = 4.142244973141777e-14,  Error =1.377048192807706e-06
Completed 45 % :  mod = 4.1653992487357275e-14,  Error =1.408349817211274e-06
Completed 46 % :  mod = 4.193227896824925e-14,  Error =1.4396387086890172e-06
Completed 47 % :  mod = 4.2218664195847717e-14,  Error =1.4709312381455675e-06
Completed 48 % :  mod = 4.2513282742512174e-14,  Error =1.5022287698229775e-06
Completed 49 % :  mod = 4.281627765093159e-14,  Error =1.5335190255427733e-06
Completed 50 % :  mod = 4.312779312846523e-14,  Error =1.5648151929781307e-06
Completed 51 % :  mod = 4.3447978358790933e-14,  Error =1.5961068129399791e-06
Completed 52 % :  mod = 4.377698628429524e-14,  Error =1.6274016161332838e-06
Completed 53 % :  mod = 4.411497413546898e-14,  Error =1.6586886886216234e-06
Completed 54 % :  mod = 4.446210268975345e-14,  Error =1.6899848560569808e-06
Completed 55 % :  mod = 4.481853738327117e-14,  Error =1.72128193298704e-06
Completed 56 % :  mod = 4.518444836376542e-14,  Error =1.7525781004223973e-06
Completed 56 % :  mod = 4.556000789656184e-14,  Error =1.7838783605839126e-06
Completed 57 % :  mod = 4.594539587028261e-14,  Error =1.8151736185245682e-06
Completed 59 % :  mod = 4.634079444995094e-14,  Error =1.846463874244364e-06
Completed 60 % :  mod = 4.674639178276025e-14,  Error =1.877757313195616e-06
Completed 61 % :  mod = 4.7162380409887354e-14,  Error =1.9090525711362716e-06
Completed 62 % :  mod = 4.758895737237161e-14,  Error =1.940348738571629e-06
Completed 63 % :  mod = 4.802632553460389e-14,  Error =1.9716394490387756e-06
Completed 64 % :  mod = 4.8474688396249764e-14,  Error =2.0029374354635365e-06
Completed 65 % :  mod = 4.8934258562579e-14,  Error =2.0342267816886306e-06
Completed 66 % :  mod = 4.940525308578432e-14,  Error =2.0655238586186897e-06
Completed 67 % :  mod = 4.9887894417893514e-14,  Error =2.0968186618119944e-06
Completed 68 % :  mod = 5.038241131074189e-14,  Error =2.128118012478808e-06
Completed 69 % :  mod = 5.088903341613727e-14,  Error =2.1594178178929724e-06
Completed 70 % :  mod = 5.1408002191409184e-14,  Error =2.190716713812435e-06
Completed 71 % :  mod = 5.198303030704791e-14,  Error =2.222014700237196e-06
Completed 72 % :  mod = 5.261060024698173e-14,  Error =2.2533058654516935e-06
Completed 73 % :  mod = 5.325310030728121e-14,  Error =2.284593847434735e-06
Completed 74 % :  mod = 5.39108226613736e-14,  Error =2.3158845579018816e-06
Completed 75 % :  mod = 5.4584067000103536e-14,  Error =2.3471793610951863e-06
Completed 76 % :  mod = 5.5273140531733085e-14,  Error =2.3784755285305437e-06
Completed 77 % :  mod = 5.597835978188672e-14,  Error =2.409772150713252e-06
Completed 78 % :  mod = 5.6700043976106444e-14,  Error =2.441061951685697e-06
Completed 79 % :  mod = 5.743851948677474e-14,  Error =2.4723649403313175e-06
Completed 80 % :  mod = 5.819412454473536e-14,  Error =2.5036592887772713e-06
Completed 81 % :  mod = 5.89671991278375e-14,  Error =2.5349595489387866e-06
Completed 82 % :  mod = 5.975810100162227e-14,  Error =2.5662538973847404e-06
Completed 83 % :  mod = 6.056718173770234e-14,  Error =2.597544607851887e-06
Completed 84 % :  mod = 6.139481286590419e-14,  Error =2.628838956297841e-06
Completed 85 % :  mod = 6.232019916657615e-14,  Error =2.660136487975251e-06
Completed 86 % :  mod = 6.328757135519629e-14,  Error =2.6914312911685556e-06
Completed 87 % :  mod = 6.427674257198873e-14,  Error =2.72273109658272e-06
Completed 88 % :  mod = 6.52881596797727e-14,  Error =2.754028173512779e-06
Completed 89 % :  mod = 6.632226662969169e-14,  Error =2.7853247956954874e-06
Completed 90 % :  mod = 6.73795256370371e-14,  Error =2.816623236867599e-06
Completed 91 % :  mod = 6.846039706421577e-14,  Error =2.847920768545009e-06
Completed 92 % :  mod = 6.956536366706806e-14,  Error =2.8792201192118227e-06
Completed 93 % :  mod = 7.070132701710865e-14,  Error =2.910520379373338e-06
Completed 94 % :  mod = 7.195646912043778e-14,  Error =2.941817911050748e-06
Completed 95 % :  mod = 7.323923302111644e-14,  Error =2.9731131689914037e-06
Completed 96 % :  mod = 7.455017903143922e-14,  Error =3.004401605721796e-06
Completed 97 % :  mod = 7.588987212238195e-14,  Error =3.0357005016412586e-06
Completed 98 % :  mod = 7.725889780546943e-14,  Error =3.0669980333186686e-06
Completed 99 % :  mod = 7.869027120152412e-14,  Error =3.0982914722699206e-06
Completed 100 % :  mod = 8.020541917361714e-14,  Error =3.1295862754632253e-06
Finished 2/11 frames
Finished all frames!
