/opt/local/miniconda_23_9/lib/python3.11/site-packages/conda/base/context.py:201: FutureWarning: Adding 'defaults' to channel list implicitly is deprecated and will be removed in 25.3. 

To remove this warning, please choose a default channel explicitly with conda's regular configuration system, e.g. by adding 'defaults' to the list of channels:

  conda config --add channels defaults

For more information see https://docs.conda.io/projects/conda/en/stable/user-guide/configuration/use-condarc.html

  deprecated.topic(
JOB 14610 ARRAY_ID 0  -> i=0 ; range=[1.8e-10, 1.8e-10] ; intervals=0 (frames=1)
Simulation name: run1
Analytic t0 extension enabled (--extend-time-using-t0).
Completed 0 % :  mod = 2.0437660100084617e-16,  Error =0.0
Completed 1 % :  mod = 1.98287034022827e-16,  Error =2.5840608941507526e-07
Completed 2 % :  mod = 1.807179005157185e-16,  Error =5.168258212506771e-07
Completed 3 % :  mod = 1.560604277276013e-16,  Error =7.752382771286648e-07
Completed 4 % :  mod = 1.3408534625943598e-16,  Error =1.0336507330066524e-06
Completed 5 % :  mod = 1.4436192851405298e-16,  Error =1.2920663721160963e-06
Completed 6 % :  mod = 1.6118712235140847e-16,  Error =1.5504838302149437e-06
Completed 7 % :  mod = 1.9993310524383406e-16,  Error =1.8088921933667734e-06
Completed 8 % :  mod = 2.419806350531518e-16,  Error =2.067305558739463e-06
Completed 9 % :  mod = 2.789803555068506e-16,  Error =2.3257171051227488e-06
Completed 10 % :  mod = 3.081363854845509e-16,  Error =2.5841254682745785e-06
Completed 11 % :  mod = 3.34138430845796e-16,  Error =2.8425333766790573e-06
Completed 12 % :  mod = 3.621746055122485e-16,  Error =3.1009403755888343e-06
Completed 13 % :  mod = 4.1354859621111373e-16,  Error =3.3593505577300675e-06
Completed 14 % :  mod = 4.799175264926066e-16,  Error =3.6177621041133534e-06
Completed 15 % :  mod = 5.576365782227208e-16,  Error =3.87617410524399e-06
Completed 16 % :  mod = 6.485438072101313e-16,  Error =4.134593382332241e-06
Completed 17 % :  mod = 7.547892067756264e-16,  Error =4.393005838210229e-06
Completed 18 % :  mod = 8.788856343155917e-16,  Error =4.651413746614708e-06
Completed 19 % :  mod = 1.0237679854765864e-15,  Error =4.909827566734748e-06
Completed 20 % :  mod = 1.192862900717262e-15,  Error =5.1682327466551214e-06
Completed 21 % :  mod = 1.3901696015337242e-15,  Error =5.4266438382910565e-06
Completed 22 % :  mod = 1.6203544558668102e-15,  Error =5.685048563464079e-06
Completed 23 % :  mod = 1.8888615347200642e-15,  Error =5.9434701142890844e-06
Completed 24 % :  mod = 2.202041049217232e-15,  Error =6.201879841682967e-06
Completed 25 % :  mod = 2.5672997545782937e-15,  Error =6.460285476350691e-06
Completed 26 % :  mod = 2.9932760569656137e-15,  Error =6.71869838697603e-06
Completed 27 % :  mod = 3.490044143512843e-15,  Error =6.977111752348719e-06
Completed 28 % :  mod = 4.06935252792699e-15,  Error =7.235522843984654e-06
Completed 28 % :  mod = 4.744901635654987e-15,  Error =7.493936209357344e-06
Completed 30 % :  mod = 5.532667976689528e-15,  Error =7.75234821048798e-06
Completed 31 % :  mod = 6.451282110705631e-15,  Error =8.010758392629214e-06
Completed 32 % :  mod = 7.522469058181287e-15,  Error =8.269171758001903e-06
Completed 33 % :  mod = 8.771562461545659e-15,  Error =8.527585578121943e-06
Completed 34 % :  mod = 1.0228103605752347e-14,  Error =8.786001671978738e-06
Completed 35 % :  mod = 1.1926540154648315e-14,  Error =9.044419584824936e-06
Completed 36 % :  mod = 1.3907041101462593e-14,  Error =9.302825674240012e-06
Completed 37 % :  mod = 1.6216446511943012e-14,  Error =9.56123858486535e-06
Completed 38 % :  mod = 1.89093755464352e-14,  Error =9.81965195023804e-06
Completed 39 % :  mod = 2.2049518102667574e-14,  Error =1.0078063496621326e-05
Completed 40 % :  mod = 2.5711140823477758e-14,  Error =1.033647458825726e-05
Completed 41 % :  mod = 2.998084360729531e-14,  Error =1.0594888863124652e-05
Completed 42 % :  mod = 3.495960714697525e-14,  Error =1.0853305411728797e-05
Completed 43 % :  mod = 4.076518091259703e-14,  Error =1.1111719686596189e-05
Completed 44 % :  mod = 4.7534867573134927e-14,  Error =1.1370121683285106e-05
Completed 45 % :  mod = 5.5428769442082584e-14,  Error =1.1628530046436936e-05
Completed 46 % :  mod = 6.463357462937254e-14,  Error =1.1886947504535783e-05
Completed 47 % :  mod = 7.536697136226624e-14,  Error =1.2145359050919069e-05
Completed 48 % :  mod = 8.78827955197594e-14,  Error =1.2403770142555004e-05
Completed 49 % :  mod = 1.0247703302935424e-13,  Error =1.2662178050959483e-05
Completed 50 % :  mod = 1.1949481812988726e-13,  Error =1.2920588233100716e-05
Completed 51 % :  mod = 1.393385936666772e-13,  Error =1.3178995686757844e-05
Completed 52 % :  mod = 1.6247762480744198e-13,  Error =1.343740177617292e-05
Completed 53 % :  mod = 1.894590902831507e-13,  Error =1.3695809684577398e-05
Completed 54 % :  mod = 2.2092101207242518e-13,  Error =1.3954220321465982e-05
Completed 55 % :  mod = 2.5760732533812484e-13,  Error =1.4212625956133706e-05
Completed 56 % :  mod = 3.0038544128627535e-13,  Error =1.447103113605408e-05
Completed 56 % :  mod = 3.5026671043315757e-13,  Error =1.4729443137184717e-05
Completed 57 % :  mod = 4.0843025835398e-13,  Error =1.4987848771852441e-05
Completed 59 % :  mod = 4.762507401613427e-13,  Error =1.5246258953993674e-05
Completed 60 % :  mod = 5.553306400374886e-13,  Error =1.5504669136134908e-05
Completed 61 % :  mod = 6.475378342810394e-13,  Error =1.5763072042318527e-05
Completed 62 % :  mod = 7.550492327320579e-13,  Error =1.6021479041228304e-05
Completed 63 % :  mod = 8.804014120071536e-13,  Error =1.6279871942970203e-05
Completed 64 % :  mod = 1.0265492488921712e-12,  Error =1.653826939218561e-05
Completed 65 % :  mod = 1.1969336311891232e-12,  Error =1.679665638221195e-05
Completed 66 % :  mod = 1.3955593430975528e-12,  Error =1.7055047919711797e-05
Completed 67 % :  mod = 1.6270841349999297e-12,  Error =1.731342217681231e-05
Completed 68 % :  mod = 1.896919693139768e-12,  Error =1.757179506967077e-05
Completed 69 % :  mod = 2.2117227518960456e-12,  Error =1.7830138403951423e-05
Completed 70 % :  mod = 2.598752470616525e-12,  Error =1.8088459910359234e-05
Completed 71 % :  mod = 3.0889261395114028e-12,  Error =1.834675413192599e-05
Completed 72 % :  mod = 3.706446945647361e-12,  Error =1.8605001514515607e-05
Completed 73 % :  mod = 4.514712597879373e-12,  Error =1.886318023025524e-05
Completed 74 % :  mod = 5.527727173068381e-12,  Error =1.912127208925085e-05
Completed 75 % :  mod = 6.874181147231171e-12,  Error =1.9379242530703777e-05
Completed 76 % :  mod = 8.607999944151678e-12,  Error =1.9637039713416016e-05
Completed 77 % :  mod = 1.0841079278293796e-11,  Error =1.989457359741209e-05
Completed 78 % :  mod = 1.372680583701739e-11,  Error =2.0151731860096334e-05
Completed 79 % :  mod = 1.7540161864423445e-11,  Error =2.040832305283402e-05
Completed 80 % :  mod = 2.250405688664796e-11,  Error =2.066404294964741e-05
Completed 81 % :  mod = 2.8848175936777077e-11,  Error =2.0918442260153824e-05
Completed 82 % :  mod = 3.678106899318405e-11,  Error =2.1170811578485882e-05
Completed 83 % :  mod = 4.6310802603146864e-11,  Error =2.142004723282298e-05
Completed 84 % :  mod = 5.699006150759362e-11,  Error =2.1664659925590968e-05
Completed 85 % :  mod = 6.766380734226023e-11,  Error =2.1902838398091262e-05
Completed 86 % :  mod = 7.661872760441414e-11,  Error =2.2132925550977234e-05
Completed 87 % :  mod = 8.26611527646607e-11,  Error =2.2354067368723918e-05
Completed 88 % :  mod = 8.689271693661298e-11,  Error =2.256642574138823e-05
Completed 89 % :  mod = 9.108256106380099e-11,  Error =2.2770479517930653e-05
Completed 90 % :  mod = 9.587131248754753e-11,  Error =2.2966288270254154e-05
Completed 91 % :  mod = 9.805307822988949e-11,  Error =2.315412211828516e-05
Completed 92 % :  mod = 9.80521512295907e-11,  Error =2.3336078811553307e-05
Completed 93 % :  mod = 9.805222092799878e-11,  Error =2.3515969587606378e-05
Completed 94 % :  mod = 9.804543607737997e-11,  Error =2.3697057258686982e-05
Completed 95 % :  mod = 9.804353679702448e-11,  Error =2.388114262430463e-05
Completed 96 % :  mod = 9.803944358005521e-11,  Error =2.406936437182594e-05
Completed 97 % :  mod = 9.8046173040058e-11,  Error =2.4262728402391076e-05
Completed 98 % :  mod = 9.789944438083324e-11,  Error =2.446228836561204e-05
Completed 99 % :  mod = 9.805014708644136e-11,  Error =2.4668893729540287e-05
Completed 100 % :  mod = 9.703329844386957e-11,  Error =2.488279142198735e-05
Finished 1/1 frames
Finished all frames!
