/opt/local/miniconda_23_9/lib/python3.11/site-packages/conda/base/context.py:201: FutureWarning: Adding 'defaults' to channel list implicitly is deprecated and will be removed in 25.3. 

To remove this warning, please choose a default channel explicitly with conda's regular configuration system, e.g. by adding 'defaults' to the list of channels:

  conda config --add channels defaults

For more information see https://docs.conda.io/projects/conda/en/stable/user-guide/configuration/use-condarc.html

  deprecated.topic(
JOB 14232 ARRAY_ID 2  -> i=2 ; range=[1.98e-10, 2.18e-10] ; intervals=20 (frames=21)
Simulation name: run1
Analytic t0 extension enabled (--extend-time-using-t0).
Completed 0 % :  mod = 2.269769765732775e-16,  Error =0.0
Completed 1 % :  mod = 2.281552226156642e-16,  Error =3.9343467506114393e-07
Completed 2 % :  mod = 2.317303539366891e-16,  Error =7.868588909332175e-07
Completed 3 % :  mod = 2.3782484356993116e-16,  Error =1.1802853805420455e-06
Completed 4 % :  mod = 2.4664732207891025e-16,  Error =1.5737127796455752e-06
Completed 5 % :  mod = 2.584995593233489e-16,  Error =1.967139269254403e-06
Completed 6 % :  mod = 2.756346901882049e-16,  Error =2.3605675778526347e-06
Completed 7 % :  mod = 2.9802536125818727e-16,  Error =2.7539954317035154e-06
Completed 8 % :  mod = 3.257705986671229e-16,  Error =3.1474241950490978e-06
Completed 9 % :  mod = 3.626100474487668e-16,  Error =3.5408547773840837e-06
Completed 10 % :  mod = 4.094679957557669e-16,  Error =3.9342739910352975e-06
Completed 11 % :  mod = 4.715213624473755e-16,  Error =4.327699116402073e-06
Completed 12 % :  mod = 5.521609614457459e-16,  Error =4.7211269702529535e-06
Completed 13 % :  mod = 6.578470295977424e-16,  Error =5.1145493671356235e-06
Completed 14 % :  mod = 7.870635167907253e-16,  Error =5.507978130481206e-06
Completed 15 % :  mod = 9.424239616916137e-16,  Error =5.90140280110063e-06
Completed 16 % :  mod = 1.12908890291558e-15,  Error =6.294823378993897e-06
Completed 17 % :  mod = 1.353258797567502e-15,  Error =6.688255325570935e-06
Completed 18 % :  mod = 1.622379967345902e-15,  Error =7.0816813604324125e-06
Completed 19 % :  mod = 1.9453917106342366e-15,  Error =7.4751037573150825e-06
Completed 20 % :  mod = 2.333023601501107e-15,  Error =7.868530701671261e-06
Completed 21 % :  mod = 2.7981515762198097e-15,  Error =8.261959010269493e-06
Completed 22 % :  mod = 3.35622575692311e-15,  Error =8.655374131194549e-06
Completed 23 % :  mod = 4.025783790327118e-15,  Error =9.048793799593113e-06
Completed 24 % :  mod = 4.829066282463039e-15,  Error =9.442217105970485e-06
Completed 25 % :  mod = 5.7927559265339036e-15,  Error =9.835645869316068e-06
Completed 26 % :  mod = 6.948863603498757e-15,  Error =1.0229063718725229e-05
Completed 27 % :  mod = 8.33579165083708e-15,  Error =1.062249702954432e-05
Completed 28 % :  mod = 9.999609730947808e-15,  Error =1.1015917152690236e-05
Completed 28 % :  mod = 1.1995584741241814e-14,  Error =1.1409345461288467e-05
Completed 30 % :  mod = 1.4390016914340528e-14,  Error =1.180276922241319e-05
Completed 31 % :  mod = 1.7262441983073818e-14,  Error =1.2196197531011421e-05
Completed 32 % :  mod = 2.070827290816972e-14,  Error =1.2589620382641442e-05
Completed 33 % :  mod = 2.4841969467322958e-14,  Error =1.2983048236492323e-05
Completed 34 % :  mod = 2.980083977933557e-14,  Error =1.337647972832201e-05
Completed 35 % :  mod = 3.57496012344987e-14,  Error =1.3769906217930838e-05
Completed 36 % :  mod = 4.288585154667675e-14,  Error =1.416332952430821e-05
Completed 37 % :  mod = 5.144663139258084e-14,  Error =1.4556750102201477e-05
Completed 38 % :  mod = 6.171629736494805e-14,  Error =1.4950167496863287e-05
Completed 39 % :  mod = 7.403596509981175e-14,  Error =1.5343593076977413e-05
Completed 40 % :  mod = 8.881483663254388e-14,  Error =1.5737021385575645e-05
Completed 41 % :  mod = 1.0654378694234843e-13,  Error =1.6130447420437122e-05
Completed 42 % :  mod = 1.2781165846356883e-13,  Error =1.6523871181561844e-05
Completed 43 % :  mod = 1.533248028307679e-13,  Error =1.6917300399654778e-05
Completed 44 % :  mod = 1.8393051221083726e-13,  Error =1.7310730981989764e-05
Completed 45 % :  mod = 2.2064510959481797e-13,  Error =1.770415155988303e-05
Completed 46 % :  mod = 2.6468761482735383e-13,  Error =1.8097575321007753e-05
Completed 47 % :  mod = 3.175200750083971e-13,  Error =1.849099544415367e-05
Completed 48 % :  mod = 3.808958507152541e-13,  Error =1.8884411929320777e-05
Completed 49 % :  mod = 4.569173753953077e-13,  Error =1.927783523569815e-05
Completed 50 % :  mod = 5.481051582897979e-13,  Error =1.967125399460201e-05
Completed 51 % :  mod = 6.574800661732278e-13,  Error =2.006467093451647e-05
Completed 52 % :  mod = 7.886611680349953e-13,  Error =2.0458093786146492e-05
Completed 53 % :  mod = 9.45981612826845e-13,  Error =2.0851506178587442e-05
Completed 54 % :  mod = 1.1346250202183116e-12,  Error =2.1244913568807533e-05
Completed 55 % :  mod = 1.3607845020962239e-12,  Error =2.163830868084915e-05
Completed 56 % :  mod = 1.6358829899455052e-12,  Error =2.2031696516933152e-05
Completed 56 % :  mod = 1.994456373067295e-12,  Error =2.242505570393405e-05
Completed 57 % :  mod = 2.4703114417636877e-12,  Error =2.2818399429525016e-05
Completed 59 % :  mod = 3.116415261591671e-12,  Error =2.3211693132907385e-05
Completed 60 % :  mod = 3.973461380557664e-12,  Error =2.3604929992870893e-05
Completed 61 % :  mod = 5.160000438665729e-12,  Error =2.3998077722353628e-05
Completed 62 % :  mod = 6.755925682877227e-12,  Error =2.439107583995792e-05
Completed 63 % :  mod = 8.926848724144751e-12,  Error =2.4783862954791402e-05
Completed 64 % :  mod = 1.198570756876573e-11,  Error =2.5176292183459736e-05
Completed 65 % :  mod = 1.6181346929247854e-11,  Error =2.5568142518750392e-05
Completed 66 % :  mod = 2.191799519370277e-11,  Error =2.5959015601983992e-05
Completed 67 % :  mod = 2.967537131427165e-11,  Error =2.63481988440617e-05
Completed 68 % :  mod = 3.9901562954512915e-11,  Error =2.6734457151178503e-05
Completed 69 % :  mod = 5.26992559003459e-11,  Error =2.711573097258224e-05
Completed 70 % :  mod = 6.71840570556057e-11,  Error =2.7488893465488218e-05
Completed 71 % :  mod = 8.076976602108742e-11,  Error =2.7850226615555584e-05
Completed 72 % :  mod = 8.973848034827183e-11,  Error =2.8197109259053832e-05
Completed 73 % :  mod = 9.260559061425554e-11,  Error =2.8530065719678532e-05
Completed 74 % :  mod = 9.342100296893034e-11,  Error =2.8851872230006848e-05
Completed 75 % :  mod = 9.824595495847473e-11,  Error =2.916362200267031e-05
Completed 76 % :  mod = 1.0804290351236006e-10,  Error =2.9462553357006982e-05
Completed 77 % :  mod = 1.124552464105363e-10,  Error =2.9746110158157535e-05
Completed 78 % :  mod = 1.1243996919145659e-10,  Error =3.00190290545288e-05
Completed 79 % :  mod = 1.1244712798046241e-10,  Error =3.0290269933175296e-05
Completed 80 % :  mod = 1.1232475385038326e-10,  Error =3.056301420656382e-05
Completed 81 % :  mod = 1.1245242324096662e-10,  Error =3.0836387850285973e-05
Completed 82 % :  mod = 1.1243327395141225e-10,  Error =3.111226305918535e-05
Completed 83 % :  mod = 1.1236685610507142e-10,  Error =3.1395552923640935e-05
Completed 84 % :  mod = 1.1245279142554082e-10,  Error =3.169157162119518e-05
Completed 85 % :  mod = 1.1244936933960365e-10,  Error =3.200248829671182e-05
Completed 86 % :  mod = 1.1237629315760652e-10,  Error =3.2327040116797434e-05
Completed 87 % :  mod = 1.1129689886774061e-10,  Error =3.266288149461616e-05
Completed 88 % :  mod = 1.1241008693545725e-10,  Error =3.3007706861098995e-05
Completed 89 % :  mod = 1.1227589680648477e-10,  Error =3.336007193865953e-05
Completed 90 % :  mod = 1.0490467801048513e-10,  Error =3.3719013117661234e-05
Completed 91 % :  mod = 1.0838005932965671e-10,  Error =3.408304928598227e-05
Completed 92 % :  mod = 1.1217936391056801e-10,  Error =3.445057700446341e-05
Completed 93 % :  mod = 1.1119252986998241e-10,  Error =3.4820819564629346e-05
Completed 94 % :  mod = 1.102788598003871e-10,  Error =3.5193434086977504e-05
Completed 95 % :  mod = 1.0879276922477675e-10,  Error =3.556805904736393e-05
Completed 96 % :  mod = 1.1203815052332723e-10,  Error =3.594428926589899e-05
Completed 97 % :  mod = 1.0406440880917125e-10,  Error =3.6322079722594935e-05
Completed 98 % :  mod = 9.803721057058984e-11,  Error =3.67014163202839e-05
Completed 99 % :  mod = 1.0771002902306228e-10,  Error =3.708198391905171e-05
Completed 100 % :  mod = 1.1234172659066194e-10,  Error =3.74636201740941e-05
Finished 3/21 frames
Finished all frames!
