/opt/local/miniconda_23_9/lib/python3.11/site-packages/conda/base/context.py:201: FutureWarning: Adding 'defaults' to channel list implicitly is deprecated and will be removed in 25.3. 

To remove this warning, please choose a default channel explicitly with conda's regular configuration system, e.g. by adding 'defaults' to the list of channels:

  conda config --add channels defaults

For more information see https://docs.conda.io/projects/conda/en/stable/user-guide/configuration/use-condarc.html

  deprecated.topic(
JOB 14231 ARRAY_ID 1  -> i=1 ; range=[1.98e-10, 2.18e-10] ; intervals=20 (frames=21)
Simulation name: run1
Analytic t0 extension enabled (--extend-time-using-t0).
Completed 0 % :  mod = 2.258956190232198e-16,  Error =0.0
Completed 1 % :  mod = 2.2668721711755535e-16,  Error =3.859777280013077e-07
Completed 2 % :  mod = 2.291031966198635e-16,  Error =7.719577297393698e-07
Completed 3 % :  mod = 2.332683188037913e-16,  Error =1.1579313650145195e-06
Completed 4 % :  mod = 2.3939480088799474e-16,  Error =1.543901817058213e-06
Completed 5 % :  mod = 2.480732516392943e-16,  Error =1.9298690858704504e-06
Completed 6 % :  mod = 2.620399578991394e-16,  Error =2.3158418116508983e-06
Completed 7 % :  mod = 2.7990869033045273e-16,  Error =2.70181135419989e-06
Completed 8 % :  mod = 3.044182462161441e-16,  Error =3.087784534727689e-06
Completed 9 % :  mod = 3.3799488960187265e-16,  Error =3.473755896266084e-06
Completed 10 % :  mod = 3.859314779121243e-16,  Error =3.8597272578044794e-06
Completed 11 % :  mod = 4.531317039780189e-16,  Error =4.245694981364068e-06
Completed 12 % :  mod = 5.39871590266846e-16,  Error =4.631661340681603e-06
Completed 13 % :  mod = 6.442971193826378e-16,  Error =5.017630883230595e-06
Completed 14 % :  mod = 7.698290673836958e-16,  Error =5.403599516284885e-06
Completed 15 % :  mod = 9.20579818675115e-16,  Error =5.789577244286193e-06
Completed 16 % :  mod = 1.1014877260413557e-15,  Error =6.175553608045448e-06
Completed 17 % :  mod = 1.3184791190356935e-15,  Error =6.56152360534179e-06
Completed 18 % :  mod = 1.5786624492670447e-15,  Error =6.947494512132835e-06
Completed 19 % :  mod = 1.890560908529166e-15,  Error =7.333457233471563e-06
Completed 20 % :  mod = 2.264391999355784e-15,  Error =7.719433597230818e-06
Completed 21 % :  mod = 2.7124019394819283e-15,  Error =8.10540359452716e-06
Completed 22 % :  mod = 3.2492669414796457e-15,  Error =8.491374501318205e-06
Completed 23 % :  mod = 3.892574125536573e-15,  Error =8.877341315383092e-06
Completed 24 % :  mod = 4.663397315641035e-15,  Error =9.263315860152943e-06
Completed 25 % :  mod = 5.586987749248802e-15,  Error =9.649279945733724e-06
Completed 26 % :  mod = 6.693601065162558e-15,  Error =1.0035253581008874e-05
Completed 27 % :  mod = 8.019488387449593e-15,  Error =1.042122039507376e-05
Completed 28 % :  mod = 9.608084123248915e-15,  Error =1.0807195849338314e-05
Completed 28 % :  mod = 1.1511428437818599e-14,  Error =1.1193166301382007e-05
Completed 30 % :  mod = 1.3791872299340075e-14,  Error =1.1579134024941595e-05
Completed 31 % :  mod = 1.6524119911617417e-14,  Error =1.196510493173264e-05
Completed 32 % :  mod = 1.9797675693413883e-14,  Error =1.2351076748018386e-05
Completed 33 % :  mod = 2.3719776604255098e-14,  Error =1.2737043562083272e-05
Completed 34 % :  mod = 2.8418904614802434e-14,  Error =1.3123014014126966e-05
Completed 35 % :  mod = 3.4048995587304926e-14,  Error =1.3508984011423308e-05
Completed 36 % :  mod = 4.07944817428674e-14,  Error =1.3894949006498791e-05
Completed 37 % :  mod = 4.8876332552468366e-14,  Error =1.4280919913289836e-05
Completed 38 % :  mod = 5.855929280559956e-14,  Error =1.4666889455838827e-05
Completed 39 % :  mod = 7.016055336053442e-14,  Error =1.5052853541419609e-05
Completed 40 % :  mod = 8.406013909657776e-14,  Error =1.5438820810231846e-05
Completed 41 % :  mod = 1.0071335335570837e-13,  Error =1.582478216732852e-05
Completed 42 % :  mod = 1.2066568436473715e-13,  Error =1.6210747617151355e-05
Completed 43 % :  mod = 1.4457066066796664e-13,  Error =1.6596726254647365e-05
Completed 44 % :  mod = 1.7321123501218053e-13,  Error =1.6982696251943707e-05
Completed 45 % :  mod = 2.0752539028845188e-13,  Error =1.7368673070450313e-05
Completed 46 % :  mod = 2.4863679391062006e-13,  Error =1.77546398845152e-05
Completed 47 % :  mod = 2.9789148168814956e-13,  Error =1.8140609881811542e-05
Completed 48 % :  mod = 3.5690173623280254e-13,  Error =1.8526578514865832e-05
Completed 49 % :  mod = 4.275985309998975e-13,  Error =1.8912554423877737e-05
Completed 50 % :  mod = 5.12294145072874e-13,  Error =1.929851487147971e-05
Completed 51 % :  mod = 6.137568056021928e-13,  Error =1.9684474864334334e-05
Completed 52 % :  mod = 7.352994641470127e-13,  Error =2.007044167839922e-05
Completed 53 % :  mod = 8.808850301513164e-13,  Error =2.045640576398e-05
Completed 54 % :  mod = 1.0552504873359705e-12,  Error =2.0842366666329326e-05
Completed 55 % :  mod = 1.2640521700309464e-12,  Error =2.1228314835752826e-05
Completed 56 % :  mod = 1.514033804879899e-12,  Error =2.1614248453261098e-05
Completed 56 % :  mod = 1.828792139703318e-12,  Error =2.2000162971380632e-05
Completed 57 % :  mod = 2.244745848015666e-12,  Error =2.2386051568901166e-05
Completed 59 % :  mod = 2.7974839625765923e-12,  Error =2.2771917429054156e-05
Completed 60 % :  mod = 3.5364045952474277e-12,  Error =2.3157732357503846e-05
Completed 61 % :  mod = 4.542501488329261e-12,  Error =2.3543469524156535e-05
Completed 62 % :  mod = 5.908963877086575e-12,  Error =2.3929090730234748e-05
Completed 63 % :  mod = 7.748556611659343e-12,  Error =2.431454277029843e-05
Completed 64 % :  mod = 1.0290627920576597e-11,  Error =2.4699711957509862e-05
Completed 65 % :  mod = 1.3820250309395056e-11,  Error =2.5084435947064776e-05
Completed 66 % :  mod = 1.8645149175047954e-11,  Error =2.546843097661622e-05
Completed 67 % :  mod = 2.5199395883650805e-11,  Error =2.585118318165769e-05
Completed 68 % :  mod = 3.395655963843665e-11,  Error =2.6231788524455624e-05
Completed 69 % :  mod = 4.5250223543578746e-11,  Error =2.6608729058352765e-05
Completed 70 % :  mod = 5.883293131952675e-11,  Error =2.69795104941295e-05
Completed 71 % :  mod = 7.315078199304212e-11,  Error =2.7340755877958145e-05
Completed 72 % :  mod = 8.498902689576725e-11,  Error =2.7689045964507386e-05
Completed 73 % :  mod = 9.118691486733541e-11,  Error =2.8023010600009002e-05
Completed 74 % :  mod = 9.25862237378544e-11,  Error =2.834436691045994e-05
Completed 75 % :  mod = 9.46615848589247e-11,  Error =2.86555268758093e-05
Completed 76 % :  mod = 1.0213768066240135e-10,  Error =2.8955828383914195e-05
Completed 77 % :  mod = 1.1084020062390378e-10,  Error =2.924198770415387e-05
Completed 78 % :  mod = 1.1177641074795443e-10,  Error =2.9514304515032563e-05
Completed 79 % :  mod = 1.1175160256035969e-10,  Error =2.9780434488202445e-05
Completed 80 % :  mod = 1.1177542915604423e-10,  Error =3.004727977895527e-05
Completed 81 % :  mod = 1.1178321027095679e-10,  Error =3.031542837561574e-05
Completed 82 % :  mod = 1.1177664148976978e-10,  Error =3.058486254303716e-05
Completed 83 % :  mod = 1.1178873014757643e-10,  Error =3.085882008235785e-05
Completed 84 % :  mod = 1.1178956694317285e-10,  Error =3.1142408261075616e-05
Completed 85 % :  mod = 1.1074497357217181e-10,  Error =3.143975118291564e-05
Completed 86 % :  mod = 1.1177986694400221e-10,  Error =3.175130041199736e-05
Completed 87 % :  mod = 1.101418229617469e-10,  Error =3.207525742254802e-05
Completed 88 % :  mod = 1.1178784738270988e-10,  Error =3.2409303912572796e-05
Completed 89 % :  mod = 1.1117696063924407e-10,  Error =3.275149219916784e-05
Completed 90 % :  mod = 1.0992338441012195e-10,  Error =3.310072816020693e-05
Completed 91 % :  mod = 1.014468346807634e-10,  Error =3.3455992706876714e-05
Completed 92 % :  mod = 1.1048329099130818e-10,  Error =3.381568967597559e-05
Completed 93 % :  mod = 1.0980114839771556e-10,  Error =3.4178545774921076e-05
Completed 94 % :  mod = 1.1174212382823044e-10,  Error =3.4544034861028194e-05
Completed 95 % :  mod = 1.0681622677257225e-10,  Error =3.491181178105762e-05
Completed 96 % :  mod = 1.1058629335499906e-10,  Error =3.528147135511972e-05
Completed 97 % :  mod = 1.0967284538559795e-10,  Error =3.5652677979669534e-05
Completed 98 % :  mod = 1.0075035288799445e-10,  Error =3.602543574743322e-05
Completed 99 % :  mod = 1.0017549243404407e-10,  Error =3.6399596865521744e-05
Completed 100 % :  mod = 1.0967468264561452e-10,  Error =3.6774809359485516e-05
Finished 2/21 frames
Finished all frames!
