/opt/local/miniconda_23_9/lib/python3.11/site-packages/conda/base/context.py:201: FutureWarning: Adding 'defaults' to channel list implicitly is deprecated and will be removed in 25.3. 

To remove this warning, please choose a default channel explicitly with conda's regular configuration system, e.g. by adding 'defaults' to the list of channels:

  conda config --add channels defaults

For more information see https://docs.conda.io/projects/conda/en/stable/user-guide/configuration/use-condarc.html

  deprecated.topic(
JOB 15051 ARRAY_ID 0  -> i=0 ; range=[1.3e-10, 1.3e-10] ; intervals=0 (frames=1)
Simulation name: run1
Analytic t0 extension enabled (--extend-time-using-t0).
Completed 0 % :  mod = 1.47605323082919e-16,  Error =0.0
Completed 0 % :  mod = 1.1136428555262104e-16,  Error =1.2274995242478326e-08
Completed 0 % :  mod = 7.949103550508461e-17,  Error =2.4550899979658425e-08
Completed 1 % :  mod = 1.3556167267751922e-16,  Error =3.6826804716838524e-08
Completed 1 % :  mod = 1.3981148109557232e-16,  Error =4.909952622256242e-08
Completed 2 % :  mod = 8.258565016365198e-17,  Error =6.137452146504074e-08
Completed 2 % :  mod = 1.034019478050755e-16,  Error =7.365088094957173e-08
Completed 3 % :  mod = 1.4627082975725385e-16,  Error =8.592405720264651e-08
Completed 3 % :  mod = 1.1756850255527462e-16,  Error =9.818313628784381e-08
Completed 4 % :  mod = 7.73542957890585e-17,  Error =1.1045176506740972e-07
Completed 4 % :  mod = 1.2877046168732204e-16,  Error =1.227181201102212e-07
Completed 5 % :  mod = 1.4147996053597585e-16,  Error =1.3498856787919067e-07
Completed 5 % :  mod = 8.681793920652394e-17,  Error =1.4726174413226545e-07
Completed 6 % :  mod = 9.306864184674783e-17,  Error =1.5952628018567339e-07
Completed 6 % :  mod = 1.4229997864330357e-16,  Error =1.7180627764901146e-07
Completed 7 % :  mod = 1.2174744263623877e-16,  Error =1.8408218238619156e-07
Completed 7 % :  mod = 7.25784382932359e-17,  Error =1.9634853742900304e-07
Completed 8 % :  mod = 1.195455717010572e-16,  Error =2.0861489247181453e-07
Completed 8 % :  mod = 1.4059140508652535e-16,  Error =2.20881247514626e-07
Completed 9 % :  mod = 9.092548507032469e-17,  Error =2.331607902306132e-07
Completed 9 % :  mod = 8.053427543514255e-17,  Error =2.454462446621619e-07
Completed 10 % :  mod = 1.3579141314876545e-16,  Error =2.577121449576225e-07
Completed 10 % :  mod = 1.2361647584186611e-16,  Error =2.6998304747394286e-07
Completed 11 % :  mod = 6.532249417724686e-17,  Error =2.82250766758807e-07
Completed 11 % :  mod = 1.0805618565921745e-16,  Error =2.945275809906889e-07
Completed 12 % :  mod = 1.3723199083702688e-16,  Error =3.068130354222376e-07
Completed 12 % :  mod = 9.35740943340599e-17,  Error =3.190825736965053e-07
Completed 13 % :  mod = 6.658830938498873e-17,  Error =3.3135984267573804e-07
Completed 13 % :  mod = 1.2690624742914827e-16,  Error =3.436298356973566e-07
Completed 14 % :  mod = 1.232520644215356e-16,  Error =3.559057404345367e-07
Completed 14 % :  mod = 5.868122461402473e-17,  Error =3.681921043607872e-07
Completed 15 % :  mod = 9.453221148542427e-17,  Error =3.8047301131882705e-07
Completed 15 % :  mod = 1.3154916262827045e-16,  Error =3.9273163565667346e-07
Completed 16 % :  mod = 9.549500577446595e-17,  Error =4.049961717100814e-07
Completed 16 % :  mod = 5.142370058306571e-17,  Error =4.172793524048757e-07
Completed 17 % :  mod = 1.158645775467438e-16,  Error =4.2955980461556464e-07
Completed 17 % :  mod = 1.2078830551948033e-16,  Error =4.418379830894992e-07
Completed 18 % :  mod = 5.829401795716863e-17,  Error =4.5412843974190764e-07
Completed 18 % :  mod = 7.924911485101732e-17,  Error =4.664088919525966e-07
Completed 19 % :  mod = 1.2374531594311373e-16,  Error =4.786866156791802e-07
Completed 19 % :  mod = 9.569354659566912e-17,  Error =4.909616109216586e-07
Completed 20 % :  mod = 3.721751922863435e-17,  Error =5.032388799008913e-07
Completed 20 % :  mod = 1.0293350735917574e-16,  Error =5.155129656486679e-07
Completed 21 % :  mod = 1.16960883801434e-16,  Error =5.277825039229356e-07
Completed 21 % :  mod = 5.945067262101372e-17,  Error =5.400520421972033e-07
Completed 22 % :  mod = 6.253357988217889e-17,  Error =5.523274921870325e-07
Completed 22 % :  mod = 1.152367180969043e-16,  Error =5.646074896503706e-07
Completed 23 % :  mod = 9.496374907775256e-17,  Error =5.768833943875507e-07
Completed 23 % :  mod = 2.363080785147481e-17,  Error =5.891470209462568e-07
Completed 24 % :  mod = 8.930640108209127e-17,  Error =6.014324753778055e-07
Completed 24 % :  mod = 1.1233281995812596e-16,  Error =6.137051968835294e-07
Completed 25 % :  mod = 6.046158524705853e-17,  Error =6.259738256630953e-07
Completed 25 % :  mod = 4.4745774872889816e-17,  Error =6.382451829267666e-07
Completed 26 % :  mod = 1.0525594271207027e-16,  Error =6.505097189801745e-07
Completed 26 % :  mod = 9.388846789307708e-17,  Error =6.627865332120564e-07
Completed 27 % :  mod = 1.8470623373002356e-17,  Error =6.75072442390956e-07
Completed 27 % :  mod = 7.470111966116137e-17,  Error =6.87356532580452e-07
Completed 28 % :  mod = 1.0629983906164305e-16,  Error =6.996415322646499e-07
Completed 28 % :  mod = 6.210423922985875e-17,  Error =7.119147085177246e-07
Completed 29 % :  mod = 2.721243574563316e-17,  Error =7.24193796486361e-07
Completed 29 % :  mod = 9.528494237902871e-17,  Error =7.364760676864535e-07
Completed 30 % :  mod = 9.507035022143653e-17,  Error =7.487365110137034e-07
Completed 30 % :  mod = 2.665259871798514e-17,  Error =7.610060492879711e-07
Completed 31 % :  mod = 6.680491608926399e-17,  Error =7.732733138254844e-07
Completed 31 % :  mod = 1.0876109625933323e-16,  Error =7.855373951315414e-07
Completed 32 % :  mod = 7.481325583221545e-17,  Error =7.978210305736866e-07
Completed 32 % :  mod = 2.4038541253725355e-17,  Error =8.101087587419897e-07
Completed 33 % :  mod = 9.770751595838496e-17,  Error =8.223773875215556e-07
Completed 33 % :  mod = 1.0654367231238292e-16,  Error =8.346405593329109e-07
Completed 34 % :  mod = 4.4768300500234495e-17,  Error =8.46916464070091e-07
Completed 34 % :  mod = 6.534582403094209e-17,  Error =8.591873665864114e-07
Completed 35 % :  mod = 1.1501642656149405e-16,  Error =8.714569048606791e-07
Completed 35 % :  mod = 8.954364620114368e-17,  Error =8.8373326434521e-07
Completed 36 % :  mod = 2.8019117013149533e-17,  Error =8.960037121141795e-07
Completed 36 % :  mod = 9.892341645132718e-17,  Error =9.082868928089738e-07
Completed 37 % :  mod = 1.1669182702208282e-16,  Error =9.205700735037681e-07
Completed 37 % :  mod = 6.250952552166464e-17,  Error =9.328578016720712e-07
Completed 38 % :  mod = 6.455239285267032e-17,  Error =9.451418918615673e-07
Completed 38 % :  mod = 1.197866803739557e-16,  Error =9.574187060934491e-07
Completed 39 % :  mod = 1.0370653922956619e-16,  Error =9.696905181044713e-07
Completed 39 % :  mod = 4.1253677492716603e-17,  Error =9.819614206207916e-07
Completed 40 % :  mod = 1.0000804937811667e-16,  Error =9.942255019268487e-07
Completed 40 % :  mod = 1.2569764845947306e-16,  Error =1.0065059541375376e-06
Completed 41 % :  mod = 7.911839632599618e-17,  Error =1.0187800398853142e-06
Completed 41 % :  mod = 6.329539249512613e-17,  Error =1.031053216138389e-06
Completed 42 % :  mod = 1.2399722066717453e-16,  Error =1.0433404895593412e-06
Completed 42 % :  mod = 1.1659877695798884e-16,  Error =1.0556195775279775e-06
Completed 43 % :  mod = 5.334843866438301e-17,  Error =1.0678932085284032e-06
Completed 43 % :  mod = 9.970879430255271e-17,  Error =1.080165930034127e-06
Completed 44 % :  mod = 1.33477458982089e-16,  Error =1.0924377420451492e-06
Completed 44 % :  mod = 9.42393732117634e-17,  Error =1.1047086445614696e-06
Completed 45 % :  mod = 6.31626404499666e-17,  Error =1.1169809113198426e-06
Completed 45 % :  mod = 1.2638256786194223e-16,  Error =1.1292408998997416e-06
Completed 46 % :  mod = 1.2754542989589906e-16,  Error =1.1415131666581146e-06
Completed 46 % :  mod = 6.689106570929047e-17,  Error =1.1538013495737687e-06
Completed 47 % :  mod = 9.759401752425958e-17,  Error =1.1660631571430713e-06
Completed 47 % :  mod = 1.3906783068053976e-16,  Error =1.1783399713749532e-06
Completed 48 % :  mod = 1.0756211290238743e-16,  Error =1.1906095096492209e-06
Completed 48 % :  mod = 6.786157283715875e-17,  Error =1.2028795026708394e-06
Completed 49 % :  mod = 1.2659164427581233e-16,  Error =1.2151526789239142e-06
Completed 49 % :  mod = 1.3628454121363715e-16,  Error =1.2274213077034801e-06
Completed 50 % :  mod = 8.001523050920985e-17,  Error =1.239690391230397e-06
Completed 50 % :  mod = 9.45905447792094e-17,  Error =1.2519653864728753e-06
Completed 51 % :  mod = 1.42276759735208e-16,  Error =1.264230832020985e-06
Completed 51 % :  mod = 1.1881568427894782e-16,  Error =1.276506736758165e-06
Completed 52 % :  mod = 7.43593712835548e-17,  Error =1.2887767297797836e-06
Completed 52 % :  mod = 1.2450347546798199e-16,  Error =1.3010544535063673e-06
Completed 53 % :  mod = 1.426088504172715e-16,  Error =1.3133349057170562e-06
Completed 53 % :  mod = 9.180448973732629e-17,  Error =1.3255926205602009e-06
Completed 54 % :  mod = 9.004613598599553e-17,  Error =1.3378703442867845e-06
Completed 54 % :  mod = 1.4296956857956454e-16,  Error =1.3501321518560871e-06
Completed 55 % :  mod = 1.277855242385714e-16,  Error =1.3623994163936004e-06
Completed 55 % :  mod = 7.83162630008852e-17,  Error =1.3746639524470083e-06
Completed 56 % :  mod = 1.2004934139281061e-16,  Error =1.3869403119315393e-06
Completed 56 % :  mod = 1.4636984291468493e-16,  Error =1.399217580910772e-06
Completed 57 % :  mod = 1.0168794587552739e-16,  Error =1.4114871191850398e-06
Completed 57 % :  mod = 8.476030918312602e-17,  Error =1.4237680261430796e-06
Completed 58 % :  mod = 1.4107117718303404e-16,  Error =1.436042566638207e-06
Completed 58 % :  mod = 1.3431516996573135e-16,  Error =1.4483289305644576e-06
Completed 59 % :  mod = 7.959704676559425e-17,  Error =1.4606089280277956e-06
Completed 59 % :  mod = 1.132874647603752e-16,  Error =1.4728802852914669e-06
Completed 60 % :  mod = 1.4748389146973136e-16,  Error =1.4851570995233487e-06
Completed 60 % :  mod = 1.0920843331155401e-16,  Error =1.4974330042605288e-06
Completed 61 % :  mod = 7.956135335347592e-17,  Error =1.5097143659659196e-06
Completed 61 % :  mod = 1.3657270803648741e-16,  Error =1.5219748092931695e-06
Completed 62 % :  mod = 1.3831595281694201e-16,  Error =1.534257535240613e-06
Completed 62 % :  mod = 8.052625400624868e-17,  Error =1.5465307114936877e-06
Completed 63 % :  mod = 1.0488935927054755e-16,  Error =1.5588125279464293e-06
Completed 63 % :  mod = 1.4593154301745144e-16,  Error =1.5710975276306272e-06
Completed 64 % :  mod = 1.1487196515437838e-16,  Error =1.5833588804525789e-06
Completed 64 % :  mod = 7.612951189332534e-17,  Error =1.5956275092321448e-06
Completed 65 % :  mod = 1.2953055831408853e-16,  Error =1.6078938642749563e-06
Completed 65 % :  mod = 1.3975933562975698e-16,  Error =1.620171133254189e-06
Completed 66 % :  mod = 8.366727442775846e-17,  Error =1.6324506759701762e-06
Completed 66 % :  mod = 9.41209964282767e-17,  Error =1.644719759497093e-06
Completed 67 % :  mod = 1.417603713515113e-16,  Error =1.6569874787819572e-06
Completed 67 % :  mod = 1.1878285684085683e-16,  Error =1.6692629287717864e-06
Completed 68 % :  mod = 7.05509145939064e-17,  Error =1.6815392882563174e-06
Completed 68 % :  mod = 1.2006581097239685e-16,  Error =1.6938188309723046e-06
Completed 69 % :  mod = 1.3868321185823003e-16,  Error =1.7061074686353095e-06
Completed 69 % :  mod = 8.706655624954136e-17,  Error =1.7183674572152086e-06
Completed 70 % :  mod = 8.117069946134563e-17,  Error =1.7306474546785466e-06
Completed 70 % :  mod = 1.350827126138781e-16,  Error =1.7429188119422179e-06
Completed 71 % :  mod = 1.204398776067286e-16,  Error =1.7551956261740997e-06
Completed 71 % :  mod = 6.256155254555602e-17,  Error =1.7674601622275077e-06
Completed 72 % :  mod = 1.0836350228193499e-16,  Error =1.7797383407014422e-06
Completed 72 % :  mod = 1.3518799879888206e-16,  Error =1.7920119717018679e-06
Completed 73 % :  mod = 8.938565863325396e-17,  Error =1.8042846932075918e-06
Completed 73 % :  mod = 6.628363632811133e-17,  Error =1.8165615074394736e-06
Completed 74 % :  mod = 1.260732190632548e-16,  Error =1.828836047934601e-06
Completed 74 % :  mod = 1.1993436147820815e-16,  Error =1.8411196833767463e-06
Completed 75 % :  mod = 5.432783379623438e-17,  Error =1.8533760339778382e-06
Completed 75 % :  mod = 9.4659803991513e-17,  Error =1.8656487554835621e-06
Completed 76 % :  mod = 1.2943251466403415e-16,  Error =1.8779182937578298e-06
Completed 76 % :  mod = 9.112697018921945e-17,  Error =1.89019419849501e-06
Completed 77 % :  mod = 5.0291393205069303e-17,  Error =1.9024691937374882e-06
Completed 77 % :  mod = 1.149595059370988e-16,  Error =1.914742369990563e-06
Completed 78 % :  mod = 1.1740995927710964e-16,  Error =1.9270178199803922e-06
Completed 78 % :  mod = 5.31684387347187e-17,  Error =1.9392887224967126e-06
Completed 79 % :  mod = 7.924713551120906e-17,  Error =1.951559170265682e-06
Completed 79 % :  mod = 1.2197711109107292e-16,  Error =1.963824161066441e-06
Completed 80 % :  mod = 9.124098101003551e-17,  Error =1.9761009752983227e-06
Completed 80 % :  mod = 3.3571596291522265e-17,  Error =1.988376425288152e-06
Completed 81 % :  mod = 1.0228494083856827e-16,  Error =2.000647782551823e-06
Completed 81 % :  mod = 1.139986079079126e-16,  Error =2.012921413552249e-06
Completed 82 % :  mod = 5.425197611248565e-17,  Error =2.0251909518265165e-06
Completed 82 % :  mod = 6.245858892861575e-17,  Error =2.03745321414317e-06
Completed 83 % :  mod = 1.1365176844043092e-16,  Error =2.049729573627701e-06
Completed 83 % :  mod = 9.089769805729629e-17,  Error =2.0620068426069338e-06
Completed 84 % :  mod = 1.9162201889595305e-17,  Error =2.074290478049079e-06
Completed 84 % :  mod = 8.896679432678939e-17,  Error =2.086562744807452e-06
Completed 85 % :  mod = 1.0953330312046023e-16,  Error =2.0988277356082108e-06
Completed 85 % :  mod = 5.559476295776742e-17,  Error =2.1111059140821453e-06
Completed 86 % :  mod = 4.510954047195708e-17,  Error =2.1233822735666763e-06
Completed 86 % :  mod = 1.0386453470737052e-16,  Error =2.1356486286094878e-06
Completed 87 % :  mod = 8.998027297049191e-17,  Error =2.1479345377883874e-06
Completed 87 % :  mod = 1.2879396007906708e-17,  Error =2.160209078283515e-06
Completed 88 % :  mod = 7.451909908435696e-17,  Error =2.1724781618104316e-06
Completed 88 % :  mod = 1.0374604553071809e-16,  Error =2.184749064326752e-06
Completed 89 % :  mod = 5.90519775628226e-17,  Error =2.197028607042739e-06
Completed 89 % :  mod = 3.154446705394738e-17,  Error =2.2093045117799193e-06
Completed 90 % :  mod = 9.879207480081084e-17,  Error =2.2215840544959065e-06
Completed 90 % :  mod = 9.604305651236086e-17,  Error =2.2338604139804374e-06
Completed 91 % :  mod = 2.625395701294353e-17,  Error =2.2461372282123193e-06
Completed 91 % :  mod = 7.143654254777151e-17,  Error =2.2583999452763237e-06
Completed 92 % :  mod = 1.1112149201621236e-16,  Error =2.2706817617290653e-06
Completed 92 % :  mod = 7.485174423592481e-17,  Error =2.2829453882877715e-06
Completed 93 % :  mod = 2.955962210021407e-17,  Error =2.295216290804092e-06
Completed 93 % :  mod = 1.0142664045060008e-16,  Error =2.307479917362798e-06
Completed 94 % :  mod = 1.077216156066654e-16,  Error =2.3197503651317675e-06
Completed 94 % :  mod = 4.472634398671064e-17,  Error =2.3320376385527197e-06
Completed 95 % :  mod = 7.039521200906128e-17,  Error =2.3442989913746715e-06
Completed 95 % :  mod = 1.175755134279539e-16,  Error =2.3565721676277462e-06
Completed 96 % :  mod = 8.980256179788375e-17,  Error =2.368858076806646e-06
Completed 96 % :  mod = 3.2369595586497026e-17,  Error =2.381133526796475e-06
Completed 97 % :  mod = 1.0283868800745031e-16,  Error =2.3934071577969007e-06
Completed 97 % :  mod = 1.1801083506139188e-16,  Error =2.4056794245552737e-06
Completed 98 % :  mod = 6.238241639924637e-17,  Error =2.417939413135173e-06
Completed 98 % :  mod = 6.954379236792225e-17,  Error =2.430218501103809e-06
Completed 99 % :  mod = 1.2265579624006042e-16,  Error =2.4424925868515857e-06
Completed 99 % :  mod = 1.0433438901173227e-16,  Error =2.4547689463361166e-06
Finished 1/1 frames
Finished all frames!
