/opt/local/miniconda_23_9/lib/python3.11/site-packages/conda/base/context.py:201: FutureWarning: Adding 'defaults' to channel list implicitly is deprecated and will be removed in 25.3. 

To remove this warning, please choose a default channel explicitly with conda's regular configuration system, e.g. by adding 'defaults' to the list of channels:

  conda config --add channels defaults

For more information see https://docs.conda.io/projects/conda/en/stable/user-guide/configuration/use-condarc.html

  deprecated.topic(
JOB 14178 ARRAY_ID 5  -> i=5 ; range=[1.515e-7, 1.53e-7] ; intervals=10 (frames=11)
Simulation name: run1
Analytic t0 extension enabled (--extend-time-using-t0).
Completed 0 % :  mod = 3.70266737311219e-14,  Error =0.0
Completed 1 % :  mod = 3.702944993454608e-14,  Error =3.1742729333927855e-08
Completed 2 % :  mod = 3.7037778809516435e-14,  Error =6.348955139401369e-08
Completed 3 % :  mod = 3.7051664750016366e-14,  Error =9.523591870674863e-08
Completed 4 % :  mod = 3.7071112626485325e-14,  Error =1.2698637874564156e-07
Completed 5 % :  mod = 3.709613043279675e-14,  Error =1.5873683878453448e-07
Completed 6 % :  mod = 3.712672838628557e-14,  Error =1.9049230104428716e-07
Completed 7 % :  mod = 3.716291845129216e-14,  Error =2.2223639462026767e-07
Completed 8 % :  mod = 3.7204715927349134e-14,  Error =2.5398139769094996e-07
Completed 9 % :  mod = 3.7252137172780284e-14,  Error =2.8572640076163225e-07
Completed 10 % :  mod = 3.730520161640384e-14,  Error =3.174754965584725e-07
Completed 11 % :  mod = 3.7363930804620393e-14,  Error =3.492209543765057e-07
Completed 12 % :  mod = 3.742834797789644e-14,  Error =3.809691406786442e-07
Completed 13 % :  mod = 3.7498479023676424e-14,  Error =4.1271869122283533e-07
Completed 14 % :  mod = 3.7574353376355267e-14,  Error =4.4446187530411407e-07
Completed 15 % :  mod = 3.765599994093229e-14,  Error =4.762114258483052e-07
Completed 16 % :  mod = 3.774345344575834e-14,  Error =5.079523361928295e-07
Completed 17 % :  mod = 3.7836748460365566e-14,  Error =5.397055247158278e-07
Completed 18 % :  mod = 3.793592177774762e-14,  Error =5.71450982533861e-07
Completed 19 % :  mod = 3.8041014743700236e-14,  Error =6.032018973201048e-07
Completed 20 % :  mod = 3.81520683863818e-14,  Error =6.349478098854888e-07
Completed 21 % :  mod = 3.826912860439014e-14,  Error =6.666896297247149e-07
Completed 22 % :  mod = 3.8392243308026336e-14,  Error =6.984378160268534e-07
Completed 23 % :  mod = 3.8521461784020005e-14,  Error =7.301928235392552e-07
Completed 24 % :  mod = 3.8656835436683135e-14,  Error =7.619455573149025e-07
Completed 25 % :  mod = 3.8798420064311125e-14,  Error =7.936923793749884e-07
Completed 26 % :  mod = 3.894627135932026e-14,  Error =8.254437489085831e-07
Completed 27 % :  mod = 3.910044977868714e-14,  Error =8.571928447054233e-07
Completed 28 % :  mod = 3.9261019538097095e-14,  Error =8.889414857549127e-07
Completed 28 % :  mod = 3.942804326504865e-14,  Error =9.206887625623494e-07
Completed 30 % :  mod = 3.9601591104457756e-14,  Error =9.524333108856808e-07
Completed 31 % :  mod = 3.978173140129534e-14,  Error =9.841774044616614e-07
Completed 32 % :  mod = 3.996853641805972e-14,  Error =1.015924681269098e-06
Completed 33 % :  mod = 4.016208371120512e-14,  Error =1.0476805982762016e-06
Completed 34 % :  mod = 4.0362450148971515e-14,  Error =1.0794301488203928e-06
Completed 35 % :  mod = 4.056971905822508e-14,  Error =1.1111746971437242e-06
Completed 36 % :  mod = 4.078397328937598e-14,  Error =1.1429319783928804e-06
Completed 37 % :  mod = 4.1005299822119976e-14,  Error =1.1746765267162118e-06
Completed 38 % :  mod = 4.123378833607036e-14,  Error =1.206421984534245e-06
Completed 39 % :  mod = 4.146953110487883e-14,  Error =1.2381660781102255e-06
Completed 40 % :  mod = 4.171262394914754e-14,  Error =1.2699133549176622e-06
Completed 41 % :  mod = 4.1963166712885146e-14,  Error =1.3016588127356954e-06
Completed 42 % :  mod = 4.222126024595193e-14,  Error =1.333410637016641e-06
Completed 43 % :  mod = 4.2487009156916885e-14,  Error =1.3651538210979197e-06
Completed 44 % :  mod = 4.2760523030667554e-14,  Error =1.3968938219477423e-06
Completed 45 % :  mod = 4.3041910605058544e-14,  Error =1.4286315490608104e-06
Completed 46 % :  mod = 4.333128850593878e-14,  Error =1.4603779163735453e-06
Completed 47 % :  mod = 4.3628773570915423e-14,  Error =1.4921224646968767e-06
Completed 48 % :  mod = 4.394226967617754e-14,  Error =1.5238738342304714e-06
Completed 49 % :  mod = 4.430049145039529e-14,  Error =1.5556233847746626e-06
Completed 50 % :  mod = 4.4668417045815023e-14,  Error =1.5873711163294502e-06
Completed 51 % :  mod = 4.504620030479578e-14,  Error =1.6191238501050975e-06
Completed 52 % :  mod = 4.543399517557573e-14,  Error =1.6508729459019378e-06
Completed 53 % :  mod = 4.5831963653206035e-14,  Error =1.682618403719971e-06
Completed 54 % :  mod = 4.624026910916639e-14,  Error =1.7143702280009165e-06
Completed 55 % :  mod = 4.6659082220595676e-14,  Error =1.7461252355133183e-06
Completed 56 % :  mod = 4.7088575305759094e-14,  Error =1.7778756955522113e-06
Completed 56 % :  mod = 4.752892560630086e-14,  Error =1.8096216081175953e-06
Completed 57 % :  mod = 4.7980316081337575e-14,  Error =1.8413743418932427e-06
Completed 59 % :  mod = 4.8442932866359404e-14,  Error =1.8731211639533285e-06
Completed 60 % :  mod = 4.8916968184905814e-14,  Error =1.9048707144975197e-06
Completed 61 % :  mod = 4.9402617966285415e-14,  Error =1.9366134438314475e-06
Completed 62 % :  mod = 4.9900085180768194e-14,  Error =1.968364813365042e-06
Completed 63 % :  mod = 5.040957438681091e-14,  Error =2.000116182898637e-06
Completed 64 % :  mod = 5.093129893083716e-14,  Error =2.0318570932431612e-06
Completed 65 % :  mod = 5.1465471629874934e-14,  Error =2.0636025510611944e-06
Completed 66 % :  mod = 5.2012317212353054e-14,  Error =2.0953480088792276e-06
Completed 67 % :  mod = 5.257206353013433e-14,  Error =2.1270939214446116e-06
Completed 68 % :  mod = 5.314493991738923e-14,  Error =2.158839379262645e-06
Completed 69 % :  mod = 5.373118883729891e-14,  Error =2.1905825633439235e-06
Completed 70 % :  mod = 5.433104650617653e-14,  Error =2.222334387624869e-06
Completed 71 % :  mod = 5.4944770898494096e-14,  Error =2.254081209684955e-06
Completed 72 % :  mod = 5.5572610936058974e-14,  Error =2.2858298507344443e-06
Completed 73 % :  mod = 5.62148328519144e-14,  Error =2.3175789465312846e-06
Completed 74 % :  mod = 5.687170054976301e-14,  Error =2.3493303160648793e-06
Completed 75 % :  mod = 5.75434884682797e-14,  Error =2.3810807761037722e-06
Completed 76 % :  mod = 5.823047750476562e-14,  Error =2.4128371478582267e-06
Completed 77 % :  mod = 5.895894870929389e-14,  Error =2.444585788907716e-06
Completed 78 % :  mod = 5.975839201037921e-14,  Error =2.4763330657151528e-06
Completed 79 % :  mod = 6.057580384489112e-14,  Error =2.508081706764642e-06
Completed 80 % :  mod = 6.141153673735434e-14,  Error =2.5398308025614824e-06
Completed 81 % :  mod = 6.226593723012341e-14,  Error =2.5715853553265333e-06
Completed 82 % :  mod = 6.313936960030523e-14,  Error =2.603328539407812e-06
Completed 83 % :  mod = 6.403220156607801e-14,  Error =2.6350812731834594e-06
Completed 84 % :  mod = 6.494480508078472e-14,  Error =2.6668317332223523e-06
Completed 85 % :  mod = 6.587757232067994e-14,  Error =2.6985812837665435e-06
Completed 86 % :  mod = 6.683088799754039e-14,  Error =2.7303312890580855e-06
Completed 87 % :  mod = 6.780516366349933e-14,  Error =2.7620844775810838e-06
Completed 88 % :  mod = 6.880080150038802e-14,  Error =2.793837211356731e-06
Completed 89 % :  mod = 6.981823015981734e-14,  Error =2.825584033416817e-06
Completed 90 % :  mod = 7.085787569935975e-14,  Error =2.857333583961008e-06
Completed 91 % :  mod = 7.192017878790606e-14,  Error =2.8890813155157957e-06
Completed 92 % :  mod = 7.300558819409964e-14,  Error =2.9208254090917762e-06
Completed 93 % :  mod = 7.412531794594786e-14,  Error =2.952577233372722e-06
Completed 94 % :  mod = 7.535859696423806e-14,  Error =2.984330876643071e-06
Completed 95 % :  mod = 7.661866292302914e-14,  Error =3.0160872483975254e-06
Completed 96 % :  mod = 7.790605056480862e-14,  Error =3.047831796720857e-06
Completed 97 % :  mod = 7.92213092963219e-14,  Error =3.079576799791539e-06
Completed 98 % :  mod = 8.056499805343507e-14,  Error =3.111322712356923e-06
Completed 99 % :  mod = 8.193769096566768e-14,  Error =3.143068624922307e-06
Completed 100 % :  mod = 8.333997640328072e-14,  Error =3.1748181754664984e-06
Finished 6/11 frames
Finished all frames!
