/opt/local/miniconda_23_9/lib/python3.11/site-packages/conda/base/context.py:201: FutureWarning: Adding 'defaults' to channel list implicitly is deprecated and will be removed in 25.3. 

To remove this warning, please choose a default channel explicitly with conda's regular configuration system, e.g. by adding 'defaults' to the list of channels:

  conda config --add channels defaults

For more information see https://docs.conda.io/projects/conda/en/stable/user-guide/configuration/use-condarc.html

  deprecated.topic(
JOB 14655 ARRAY_ID 0  -> i=0 ; range=[1.98e-10, 1.98e-10] ; intervals=0 (frames=1)
Simulation name: run1
Analytic t0 extension enabled (--extend-time-using-t0).
Completed 0 % :  mod = 2.248142612146681e-16,  Error =0.0
Completed 0 % :  mod = 2.287255874811609e-16,  Error =1.3975068213767372e-07
Completed 0 % :  mod = 2.4853618750841023e-16,  Error =2.7951818992733024e-07
Completed 1 % :  mod = 3.1865160221145664e-16,  Error =4.192743290332146e-07
Completed 1 % :  mod = 5.239132784027236e-16,  Error =5.590190994553268e-07
Completed 2 % :  mod = 8.872606332904895e-16,  Error =6.987752385612112e-07
Completed 2 % :  mod = 1.5114383083239667e-15,  Error =8.385441105929203e-07
Completed 3 % :  mod = 2.579967611345454e-15,  Error =9.783079804037698e-07
Completed 3 % :  mod = 4.406933954556702e-15,  Error =1.1180613910255488e-06
Completed 4 % :  mod = 7.52950206869529e-15,  Error =1.257833901036065e-06
Completed 4 % :  mod = 1.286552284776083e-14,  Error =1.397575488226721e-06
Completed 5 % :  mod = 2.1983889690268134e-14,  Error =1.5373316273326054e-06
Completed 5 % :  mod = 3.7564855715703797e-14,  Error =1.6770982256275602e-06
Completed 6 % :  mod = 6.418948776463121e-14,  Error =1.8168543647334445e-06
Completed 6 % :  mod = 1.0968363051228724e-13,  Error =1.9566009541449603e-06
Completed 7 % :  mod = 1.8742228636542983e-13,  Error =2.0963611859770026e-06
Completed 7 % :  mod = 3.20250052708447e-13,  Error =2.2361200535669923e-06
Completed 8 % :  mod = 5.471906607608243e-13,  Error =2.375878921156982e-06
Completed 8 % :  mod = 9.347989956216828e-13,  Error =2.515632331778761e-06
Completed 9 % :  mod = 1.5966902765627343e-12,  Error =2.655365733517101e-06
Completed 9 % :  mod = 2.9514444811432583e-12,  Error =2.7950859475822654e-06
Completed 10 % :  mod = 6.205436574244704e-12,  Error =2.934741132776253e-06
Completed 10 % :  mod = 1.4398309583784833e-11,  Error =3.0741398404643405e-06
Completed 11 % :  mod = 3.493428998939951e-11,  Error =3.2125312827702146e-06
Completed 11 % :  mod = 7.377975426069882e-11,  Error =3.34623973685666e-06
Completed 12 % :  mod = 9.233187967528971e-11,  Error =3.467235274001723e-06
Completed 12 % :  mod = 1.104773973903826e-10,  Error =3.5738830774789676e-06
Completed 13 % :  mod = 1.1112420523648178e-10,  Error =3.6676119634648785e-06
Completed 13 % :  mod = 1.1112599873850565e-10,  Error =3.762159849429736e-06
Completed 14 % :  mod = 1.1107773373632635e-10,  Error =3.867900431941962e-06
Completed 14 % :  mod = 1.10798514883614e-10,  Error =3.987699528806843e-06
Completed 15 % :  mod = 1.0914014095095475e-10,  Error =4.116182026336901e-06
Completed 15 % :  mod = 1.075800531829492e-10,  Error =4.249272933520842e-06
Completed 16 % :  mod = 1.0176442504072415e-10,  Error =4.384743078844622e-06
Completed 16 % :  mod = 1.1085444125797381e-10,  Error =4.521688424574677e-06
Completed 17 % :  mod = 9.627287502912907e-11,  Error =4.659744718082948e-06
Completed 17 % :  mod = 7.485328517477309e-11,  Error =4.798372174263932e-06
Completed 18 % :  mod = 3.7788350003911295e-11,  Error =4.937066933052847e-06
Completed 18 % :  mod = 4.975003205377085e-11,  Error =5.074099135526922e-06
Completed 19 % :  mod = 9.238491248871923e-11,  Error =5.20228923051036e-06
Completed 19 % :  mod = 9.65670866650607e-11,  Error =5.31541900272714e-06
Completed 20 % :  mod = 1.1311861952244927e-10,  Error =5.41366716788616e-06
Completed 20 % :  mod = 1.1295413772334599e-10,  Error =5.5072268878575414e-06
Completed 21 % :  mod = 1.1294867724926833e-10,  Error =5.606145350611769e-06
Completed 21 % :  mod = 1.096092811934355e-10,  Error =5.720150966226356e-06
Completed 22 % :  mod = 1.0638861011128768e-10,  Error =5.845684881933266e-06
Completed 22 % :  mod = 1.0824388621847067e-10,  Error =5.977746241114801e-06
Completed 23 % :  mod = 1.1289320563614161e-10,  Error =6.112900791777065e-06
Completed 23 % :  mod = 1.0174218710456964e-10,  Error =6.249562375160167e-06
Completed 24 % :  mod = 9.678339045696043e-11,  Error =6.386893801391125e-06
Completed 24 % :  mod = 9.242156586540687e-11,  Error =6.52454718874651e-06
Completed 25 % :  mod = 5.1241107088279786e-11,  Error =6.661320185230579e-06
Completed 25 % :  mod = 7.37124359430702e-11,  Error =6.793848569941474e-06
Completed 26 % :  mod = 9.606369455268042e-11,  Error =6.913272954989225e-06
Completed 26 % :  mod = 1.0939505082367526e-10,  Error =7.017614734650124e-06
Completed 27 % :  mod = 1.1047915985649285e-10,  Error =7.1105596362031065e-06
Completed 27 % :  mod = 1.1043949166560037e-10,  Error =7.206495411082869e-06
Completed 28 % :  mod = 1.1027175287538518e-10,  Error =7.313470177905401e-06
Completed 28 % :  mod = 1.104450142436432e-10,  Error =7.434167400788283e-06
Completed 29 % :  mod = 1.0814451218793763e-10,  Error =7.563574854430044e-06
Completed 29 % :  mod = 1.0781642982035722e-10,  Error =7.697563887631986e-06
Completed 30 % :  mod = 1.0116054687951585e-10,  Error =7.833868494344642e-06
Completed 30 % :  mod = 1.1046440237075863e-10,  Error =7.971541435836116e-06
Completed 31 % :  mod = 9.295032576538947e-11,  Error =8.110067938105203e-06
Completed 31 % :  mod = 7.43658255546328e-11,  Error =8.24884546091198e-06
Completed 32 % :  mod = 3.700398529879557e-11,  Error =8.386910394619917e-06
Completed 32 % :  mod = 7.440278179583904e-11,  Error =8.520295978087233e-06
Completed 33 % :  mod = 9.296483280496312e-11,  Error =8.641252861707471e-06
Completed 33 % :  mod = 1.1095908352315541e-10,  Error =8.747767424210906e-06
Completed 34 % :  mod = 1.1101989830581051e-10,  Error =8.841465842124308e-06
Completed 34 % :  mod = 1.110346310891079e-10,  Error =8.93596507012262e-06
Completed 35 % :  mod = 1.1091368247884537e-10,  Error =9.041836619871901e-06
Completed 35 % :  mod = 1.1018942936770924e-10,  Error =9.161520665657008e-06
Completed 36 % :  mod = 1.1009604675836024e-10,  Error =9.28982080949936e-06
Completed 36 % :  mod = 1.0609294527153897e-10,  Error =9.42273618420586e-06
Completed 37 % :  mod = 1.0189439728394874e-10,  Error =9.558067631587619e-06
Completed 37 % :  mod = 1.0985571112405976e-10,  Error =9.694941581983585e-06
Completed 38 % :  mod = 9.592176593869688e-11,  Error =9.832881460170029e-06
Completed 38 % :  mod = 7.358573124375823e-11,  Error =9.971022791432915e-06
Completed 39 % :  mod = 5.354985025270403e-11,  Error =1.0107413345394889e-05
Completed 39 % :  mod = 9.333179796928088e-11,  Error =1.023424010782037e-05
Completed 40 % :  mod = 9.821584039639955e-11,  Error =1.0346019735152368e-05
Completed 40 % :  mod = 1.1351306060661966e-10,  Error =1.0442966868140502e-05
Completed 41 % :  mod = 1.1351656728029767e-10,  Error =1.0536821264395257e-05
Completed 41 % :  mod = 1.1336985481865788e-10,  Error =1.0636852493917104e-05
Completed 42 % :  mod = 1.122892706207339e-10,  Error =1.0752129128377419e-05
Completed 42 % :  mod = 1.025006862406544e-10,  Error =1.0878432021854678e-05
Completed 43 % :  mod = 1.1121591739336392e-10,  Error =1.1010900379915256e-05
Completed 43 % :  mod = 1.132760659400447e-10,  Error =1.1146349152113544e-05
Completed 44 % :  mod = 1.04485978419235e-10,  Error =1.1283294497843599e-05
Completed 44 % :  mod = 9.515767081499926e-11,  Error =1.1420932423789054e-05
Completed 45 % :  mod = 9.117506912530432e-11,  Error =1.1558869118744042e-05
Completed 45 % :  mod = 4.8114073625288335e-11,  Error =1.1696129604388261e-05
Completed 46 % :  mod = 6.612059111440571e-11,  Error =1.1830010862468043e-05
Completed 46 % :  mod = 9.536409222341976e-11,  Error =1.195256254504784e-05
Completed 47 % :  mod = 1.0723838910134157e-10,  Error =1.2059825621690834e-05
Completed 47 % :  mod = 1.1063950609028884e-10,  Error =1.2153776424383977e-05
Completed 48 % :  mod = 1.1062371773720934e-10,  Error =1.2248435723449802e-05
Completed 48 % :  mod = 1.1059720355153346e-10,  Error =1.235263289345312e-05
Completed 49 % :  mod = 1.1039574489836455e-10,  Error =1.2470990895963041e-05
Completed 49 % :  mod = 1.0507830515846615e-10,  Error =1.2598982266354142e-05
Completed 50 % :  mod = 1.0986382455867035e-10,  Error =1.2732278719340684e-05
Completed 50 % :  mod = 1.0574355199961244e-10,  Error =1.2868252724729246e-05
Completed 51 % :  mod = 1.103674537265804e-10,  Error =1.3005791061004857e-05
Completed 51 % :  mod = 9.431438614516078e-11,  Error =1.314425935561303e-05
Completed 52 % :  mod = 8.001436246833435e-11,  Error =1.3283312000567093e-05
Completed 52 % :  mod = 4.3108931114114274e-11,  Error =1.3422687061392935e-05
Completed 53 % :  mod = 1.949038797600912e-11,  Error =1.3562170806835638e-05
Completed 53 % :  mod = 2.2968972017061454e-11,  Error =1.3701204352400964e-05
Completed 54 % :  mod = 5.466007960563672e-11,  Error =1.38378832161834e-05
Completed 54 % :  mod = 8.808707425419514e-11,  Error =1.396560264765867e-05
Completed 55 % :  mod = 9.85178918202572e-11,  Error =1.4079424090596149e-05
Completed 55 % :  mod = 1.1083457249874539e-10,  Error =1.417781595591805e-05
Completed 56 % :  mod = 1.1083494314484582e-10,  Error =1.4270817700889893e-05
Completed 56 % :  mod = 1.1078975698970674e-10,  Error =1.4369727068697102e-05
Completed 57 % :  mod = 1.1012485836039042e-10,  Error =1.448344573873328e-05
Completed 57 % :  mod = 1.0448122547836425e-10,  Error =1.4608160654461244e-05
Completed 58 % :  mod = 1.096632812948497e-10,  Error =1.4739203834324144e-05
Completed 58 % :  mod = 1.1068255141574708e-10,  Error =1.4873421605443582e-05
Completed 59 % :  mod = 1.051629976607933e-10,  Error =1.5009524304332444e-05
Completed 59 % :  mod = 9.90488429372777e-11,  Error =1.5146952591749141e-05
Completed 60 % :  mod = 9.056748076641274e-11,  Error =1.52852849168994e-05
Completed 60 % :  mod = 5.127170444055631e-11,  Error =1.542370591778308e-05
Completed 61 % :  mod = 5.425258295917434e-11,  Error =1.556027791593806e-05
Completed 61 % :  mod = 9.446456756456882e-11,  Error =1.5686785900470568e-05
Completed 62 % :  mod = 9.937680996393082e-11,  Error =1.5798356344021158e-05
Completed 62 % :  mod = 1.133925628184619e-10,  Error =1.589505654919776e-05
Completed 63 % :  mod = 1.1339359909324293e-10,  Error =1.5989023268048186e-05
Completed 63 % :  mod = 1.1320423843750421e-10,  Error =1.6089246855699457e-05
Completed 64 % :  mod = 1.1246087648900349e-10,  Error =1.6204955045395764e-05
Completed 64 % :  mod = 1.0166850724766637e-10,  Error =1.6331490314769326e-05
Completed 65 % :  mod = 1.1177158893131751e-10,  Error =1.6464083273604047e-05
Completed 65 % :  mod = 1.1283780905923246e-10,  Error =1.6599501122982474e-05
Completed 66 % :  mod = 1.0668937501989109e-10,  Error =1.6736300949560245e-05
Completed 66 % :  mod = 9.327069442583354e-11,  Error =1.687357416813029e-05
Completed 67 % :  mod = 9.007747013250085e-11,  Error =1.7010765077429824e-05
Completed 67 % :  mod = 5.0762393779639977e-11,  Error =1.7146202026196988e-05
Completed 68 % :  mod = 8.666240850620319e-11,  Error =1.7274646779696923e-05
Completed 68 % :  mod = 9.848704327472443e-11,  Error =1.738806304274476e-05
Completed 69 % :  mod = 1.0954400157875361e-10,  Error =1.7486652268416947e-05
Completed 69 % :  mod = 1.0943744365834223e-10,  Error =1.7579533960088156e-05
Completed 70 % :  mod = 1.0953895589263507e-10,  Error =1.7678793483355548e-05
Completed 70 % :  mod = 1.0779579253824522e-10,  Error =1.779132435331121e-05
Completed 71 % :  mod = 1.078012189237311e-10,  Error =1.7915756870934274e-05
Completed 71 % :  mod = 1.0787048656863745e-10,  Error =1.8047252979158657e-05
Completed 72 % :  mod = 1.0914915165952714e-10,  Error =1.8182291569246445e-05
Completed 72 % :  mod = 1.0143379099831354e-10,  Error =1.8319192349736113e-05
Completed 73 % :  mod = 1.0273990094895299e-10,  Error =1.8457208170730155e-05
Completed 73 % :  mod = 8.915190841794897e-11,  Error =1.8595977508084616e-05
Completed 74 % :  mod = 5.976705544651551e-11,  Error =1.8735093817667803e-05
Completed 74 % :  mod = 2.786756925321975e-11,  Error =1.8874186935136095e-05
Completed 75 % :  mod = 4.573661621527505e-11,  Error =1.9011770291399444e-05
Completed 75 % :  mod = 8.252877441658537e-11,  Error =1.9142613382427953e-05
Completed 76 % :  mod = 9.365581138172277e-11,  Error =1.9260208318883087e-05
Completed 76 % :  mod = 1.1085731273626966e-10,  Error =1.9362801140232477e-05
Completed 77 % :  mod = 1.108570524941413e-10,  Error =1.9455840629234444e-05
Completed 77 % :  mod = 1.1080204400379121e-10,  Error =1.9551984678400913e-05
Completed 78 % :  mod = 1.0995310604142271e-10,  Error =1.966175750567345e-05
Completed 78 % :  mod = 1.1005595182557493e-10,  Error =1.9783826701313956e-05
Completed 79 % :  mod = 1.1019665715155202e-10,  Error =1.9913321011699736e-05
Completed 79 % :  mod = 1.0669292342734765e-10,  Error =2.0046627014380647e-05
Completed 80 % :  mod = 9.923524783318125e-11,  Error =2.01821603695862e-05
Completed 80 % :  mod = 1.061852280560639e-10,  Error =2.0319182112871204e-05
Completed 81 % :  mod = 9.64581251384062e-11,  Error =2.0457228401937755e-05
Completed 81 % :  mod = 6.561281130851262e-11,  Error =2.059517964880797e-05
Completed 82 % :  mod = 6.80353531095395e-11,  Error =2.073009045489016e-05
Completed 82 % :  mod = 9.486173276977693e-11,  Error =2.0852117813774385e-05
Completed 83 % :  mod = 1.0917420652404152e-10,  Error =2.0960082110832445e-05
Completed 83 % :  mod = 1.1388860841425906e-10,  Error =2.1054236185591435e-05
Completed 84 % :  mod = 1.1387163688841822e-10,  Error =2.1149327494640602e-05
Completed 84 % :  mod = 1.1360086113939948e-10,  Error =2.125348373738234e-05
Completed 85 % :  mod = 1.126221843115023e-10,  Error =2.137288720405195e-05
Completed 85 % :  mod = 1.0206489459159435e-10,  Error =2.150143291146378e-05
Completed 86 % :  mod = 1.1369595783462781e-10,  Error =2.163496401408338e-05
Completed 86 % :  mod = 1.0982976551409948e-10,  Error =2.1770821149402764e-05
Completed 87 % :  mod = 1.1049236379016578e-10,  Error =2.1907727386860643e-05
Completed 87 % :  mod = 9.246616113908157e-11,  Error =2.204487373091979e-05
Completed 88 % :  mod = 8.781612029559697e-11,  Error =2.2181475742399925e-05
Completed 88 % :  mod = 6.452275949414524e-11,  Error =2.2314997750072507e-05
Completed 89 % :  mod = 9.58224142445955e-11,  Error =2.2438217456510756e-05
Completed 89 % :  mod = 1.0630649086387387e-10,  Error =2.254614173580194e-05
Completed 90 % :  mod = 1.0941752622005714e-10,  Error =2.2641094801656436e-05
Completed 90 % :  mod = 1.0909712787094335e-10,  Error =2.2736500341125065e-05
Completed 91 % :  mod = 1.0926570550391344e-10,  Error =2.284093216076144e-05
Completed 91 % :  mod = 1.0660718479598575e-10,  Error =2.295871445312514e-05
Completed 92 % :  mod = 1.0979891546190623e-10,  Error =2.3086010514816735e-05
Completed 92 % :  mod = 1.1066548607998426e-10,  Error =2.3218761725729564e-05
Completed 93 % :  mod = 1.0427936413191038e-10,  Error =2.3354182303592097e-05
Completed 93 % :  mod = 1.000899912362124e-10,  Error =2.349100896026357e-05
Completed 94 % :  mod = 1.106529083310179e-10,  Error =2.3628821963939117e-05
Completed 94 % :  mod = 9.176769173507904e-11,  Error =2.3767332095303573e-05
Completed 95 % :  mod = 7.487381333618716e-11,  Error =2.3906191017886158e-05
Completed 95 % :  mod = 3.734409280215241e-11,  Error =2.4044526981015224e-05
Completed 96 % :  mod = 6.931786589995165e-11,  Error =2.4178900730476016e-05
Completed 96 % :  mod = 8.945139996345151e-11,  Error =2.4301812572957715e-05
Completed 97 % :  mod = 1.0826066069973425e-10,  Error =2.441070273562218e-05
Completed 97 % :  mod = 1.1104141600798054e-10,  Error =2.4505208784830756e-05
Completed 98 % :  mod = 1.1100129287493238e-10,  Error =2.459872803228791e-05
Completed 98 % :  mod = 1.1044064472741991e-10,  Error =2.4702736027393257e-05
Completed 99 % :  mod = 1.1059813376217651e-10,  Error =2.4821646547934506e-05
Completed 99 % :  mod = 1.0601652366785937e-10,  Error =2.4949900307547068e-05
Finished 1/1 frames
Finished all frames!
