/opt/local/miniconda_23_9/lib/python3.11/site-packages/conda/base/context.py:201: FutureWarning: Adding 'defaults' to channel list implicitly is deprecated and will be removed in 25.3. 

To remove this warning, please choose a default channel explicitly with conda's regular configuration system, e.g. by adding 'defaults' to the list of channels:

  conda config --add channels defaults

For more information see https://docs.conda.io/projects/conda/en/stable/user-guide/configuration/use-condarc.html

  deprecated.topic(
JOB 14233 ARRAY_ID 3  -> i=3 ; range=[1.98e-10, 2.18e-10] ; intervals=20 (frames=21)
Simulation name: run1
Analytic t0 extension enabled (--extend-time-using-t0).
Extending simulation time for p0=2.009e-10 from 1.000e+10 to 3.000e+10
Completed 0 % :  mod = 2.280583342784316e-16,  Error =0.0
Completed 1 % :  mod = 2.424378899492183e-16,  Error =1.202965449920157e-06
Completed 2 % :  mod = 2.89684460839488e-16,  Error =2.4059195311565418e-06
Completed 3 % :  mod = 3.910397265633679e-16,  Error =3.608876340877032e-06
Completed 4 % :  mod = 5.855129162624218e-16,  Error =4.811831786355469e-06
Completed 5 % :  mod = 9.646946569862865e-16,  Error =6.014787231833907e-06
Completed 6 % :  mod = 1.6670175139591443e-15,  Error =7.217756319732871e-06
Completed 7 % :  mod = 2.8860292359478197e-15,  Error =8.42071767692687e-06
Completed 8 % :  mod = 4.999478368161293e-15,  Error =9.623680853110272e-06
Completed 9 % :  mod = 8.662366988448244e-15,  Error =1.0826648576767184e-05
Completed 10 % :  mod = 1.500990335818072e-14,  Error =1.2029605386487674e-05
Completed 11 % :  mod = 2.6009329864392124e-14,  Error =1.323257038166048e-05
Completed 12 % :  mod = 4.506961345299376e-14,  Error =1.4435549928748515e-05
Completed 13 % :  mod = 7.809792130972863e-14,  Error =1.5638502190995496e-05
Completed 14 % :  mod = 1.3533010411835258e-13,  Error =1.684147127889446e-05
Completed 15 % :  mod = 2.3450137619682074e-13,  Error =1.8044436274067266e-05
Completed 16 % :  mod = 4.0633389574853255e-13,  Error =1.924739490277716e-05
Completed 17 % :  mod = 7.040105493731763e-13,  Error =2.0450327156140702e-05
Completed 18 % :  mod = 1.2194053837787258e-12,  Error =2.1653249859809875e-05
Completed 19 % :  mod = 2.18959760546298e-12,  Error =2.285606569785159e-05
Completed 20 % :  mod = 4.497752180143218e-12,  Error =2.405854957032716e-05
Completed 21 % :  mod = 1.03602648432989e-11,  Error =2.525984928070102e-05
Completed 22 % :  mod = 2.5771816975876377e-11,  Error =2.645620361363399e-05
Completed 23 % :  mod = 6.07585241576322e-11,  Error =2.7627666895568836e-05
Completed 24 % :  mod = 9.239104077032369e-11,  Error =2.870792832254665e-05
Completed 25 % :  mod = 1.0355293327153762e-10,  Error =2.9675244149984792e-05
Completed 26 % :  mod = 1.1310944173651848e-10,  Error =3.053011914744275e-05
Completed 27 % :  mod = 1.1286944789529851e-10,  Error =3.136437726425356e-05
Completed 28 % :  mod = 1.1175960662741466e-10,  Error =3.225239743187558e-05
Completed 28 % :  mod = 1.128404469464414e-10,  Error =3.3260886993957683e-05
Completed 30 % :  mod = 1.051000665898869e-10,  Error =3.434635118537699e-05
Completed 31 % :  mod = 1.1277099777670428e-10,  Error =3.5470352031552466e-05
Completed 32 % :  mod = 1.0790167130090266e-10,  Error =3.661330265458673e-05
Completed 33 % :  mod = 1.1286998315399383e-10,  Error =3.7770261315017706e-05
Completed 34 % :  mod = 9.880020399509859e-11,  Error =3.8940555441513425e-05
Completed 35 % :  mod = 8.172542290411125e-11,  Error =4.0120212815963896e-05
Completed 36 % :  mod = 4.5411545019830526e-11,  Error =4.1294780658063246e-05
Completed 37 % :  mod = 9.235614765931181e-11,  Error =4.240511270836578e-05
Completed 38 % :  mod = 9.843285794838339e-11,  Error =4.338286407801206e-05
Completed 39 % :  mod = 1.1440474851118957e-10,  Error =4.425473480296205e-05
Completed 40 % :  mod = 1.1420264771152677e-10,  Error =4.508989377427497e-05
Completed 41 % :  mod = 1.1439848698672815e-10,  Error =4.5959399813000346e-05
Completed 42 % :  mod = 1.111903924400246e-10,  Error =4.694551853390294e-05
Completed 43 % :  mod = 1.076415448956824e-10,  Error =4.802778812518227e-05
Completed 44 % :  mod = 1.1138254309285083e-10,  Error =4.916263060295023e-05
Completed 45 % :  mod = 1.143850720214244e-10,  Error =5.032188209952437e-05
Completed 46 % :  mod = 1.0724613044147844e-10,  Error =5.149432854523184e-05
Completed 47 % :  mod = 9.526983568037571e-11,  Error =5.267195592750795e-05
Completed 48 % :  mod = 9.175132518189487e-11,  Error =5.3851249504077714e-05
Completed 49 % :  mod = 4.691333893737575e-11,  Error =5.5021190746629145e-05
Completed 50 % :  mod = 7.082622088858359e-11,  Error =5.6156956816266757e-05
Completed 51 % :  mod = 9.688481282426929e-11,  Error =5.719791170122335e-05
Completed 52 % :  mod = 1.0805666399282956e-10,  Error =5.811848996017943e-05
Completed 53 % :  mod = 1.1041679836284246e-10,  Error =5.895124195376411e-05
Completed 54 % :  mod = 1.1040426209825106e-10,  Error =5.97982852923451e-05
Completed 55 % :  mod = 1.1040930766909314e-10,  Error =6.0724245940946275e-05
Completed 56 % :  mod = 1.1039701477036778e-10,  Error =6.175397857077769e-05
Completed 56 % :  mod = 1.0862488073345315e-10,  Error =6.28551924819476e-05
Completed 57 % :  mod = 1.0826224080896826e-10,  Error =6.399668609446962e-05
Completed 59 % :  mod = 1.0297698316313714e-10,  Error =6.516061239381088e-05
Completed 60 % :  mod = 1.1005344254849675e-10,  Error =6.63384712424886e-05
Completed 61 % :  mod = 9.475073991986786e-11,  Error =6.752614535798784e-05
Completed 62 % :  mod = 7.16420587929355e-11,  Error =6.87191554789024e-05
Completed 63 % :  mod = 4.1247066119630724e-11,  Error =6.99082456776523e-05
Completed 64 % :  mod = 8.001337466186822e-11,  Error =7.105366694304394e-05
Completed 65 % :  mod = 9.407917602324247e-11,  Error =7.207868657133076e-05
Completed 66 % :  mod = 1.1500989202232076e-10,  Error =7.299839808183606e-05
Completed 67 % :  mod = 1.1501378037445513e-10,  Error =7.383122692772304e-05
Completed 68 % :  mod = 1.145028256724545e-10,  Error =7.467586647180724e-05
Completed 69 % :  mod = 1.1501853743224918e-10,  Error =7.561667962363572e-05
Completed 70 % :  mod = 1.1491698365992668e-10,  Error =7.666867077205097e-05
Completed 71 % :  mod = 1.1473387428012216e-10,  Error =7.778202325425809e-05
Completed 72 % :  mod = 1.0948442171142781e-10,  Error =7.892083431215724e-05
Completed 73 % :  mod = 9.836914211121777e-11,  Error =8.007099677342921e-05
Completed 74 % :  mod = 1.0450936703238013e-10,  Error =8.122831332002534e-05
Completed 75 % :  mod = 9.811541894339638e-11,  Error =8.239448425229057e-05
Completed 76 % :  mod = 6.029757520704821e-11,  Error =8.355533100257162e-05
Completed 77 % :  mod = 9.332600119660702e-11,  Error =8.465407745461562e-05
Completed 78 % :  mod = 9.95149288744482e-11,  Error =8.562056291339104e-05
Completed 79 % :  mod = 1.1435638037719354e-10,  Error =8.648204038763652e-05
Completed 80 % :  mod = 1.1423574421206531e-10,  Error =8.731717434784514e-05
Completed 81 % :  mod = 1.1432615029616847e-10,  Error =8.819534787107841e-05
Completed 82 % :  mod = 1.1270951553308443e-10,  Error =8.918618686948321e-05
Completed 83 % :  mod = 1.0385077085765128e-10,  Error =9.027126634464366e-05
Completed 84 % :  mod = 1.1333991976965925e-10,  Error =9.140792644757312e-05
Completed 85 % :  mod = 1.1282399991077514e-10,  Error =9.256944258595468e-05
Completed 86 % :  mod = 1.1092053106619305e-10,  Error =9.374613364343531e-05
Completed 87 % :  mod = 9.419786253663261e-11,  Error =9.493232755630743e-05
Completed 88 % :  mod = 8.675249353394105e-11,  Error =9.612670646674815e-05
Completed 89 % :  mod = 4.404777148491101e-11,  Error =9.732493072078796e-05
Completed 90 % :  mod = 1.9109601744283022e-11,  Error =9.852277526078979e-05
Completed 91 % :  mod = 3.92303848864665e-11,  Error =9.97097117760859e-05
Completed 92 % :  mod = 7.495337685994236e-11,  Error =0.00010085089934364078
Completed 93 % :  mod = 9.418791173369194e-11,  Error =0.00010188157602897263
Completed 94 % :  mod = 1.1160869763281799e-10,  Error =0.00010279562366122263
Completed 95 % :  mod = 1.1199564480034358e-10,  Error =0.00010361545582782128
Completed 96 % :  mod = 1.120901336889024e-10,  Error =0.00010444581539559294
Completed 97 % :  mod = 1.1090632875821638e-10,  Error =0.00010537280422795448
Completed 98 % :  mod = 1.11312832720806e-10,  Error =0.00010641133712852024
Completed 99 % :  mod = 1.1069605122164668e-10,  Error =0.00010751440822787117
Completed 100 % :  mod = 1.1119333555244805e-10,  Error =0.00010865297008422203
Finished 4/21 frames
Finished all frames!
