/opt/local/miniconda_23_9/lib/python3.11/site-packages/conda/base/context.py:201: FutureWarning: Adding 'defaults' to channel list implicitly is deprecated and will be removed in 25.3. 

To remove this warning, please choose a default channel explicitly with conda's regular configuration system, e.g. by adding 'defaults' to the list of channels:

  conda config --add channels defaults

For more information see https://docs.conda.io/projects/conda/en/stable/user-guide/configuration/use-condarc.html

  deprecated.topic(
JOB 14176 ARRAY_ID 3  -> i=3 ; range=[1.515e-7, 1.53e-7] ; intervals=10 (frames=11)
Simulation name: run1
Analytic t0 extension enabled (--extend-time-using-t0).
Completed 0 % :  mod = 3.696031775236915e-14,  Error =0.0
Completed 1 % :  mod = 3.6962783306459927e-14,  Error =3.151990313199349e-08
Completed 2 % :  mod = 3.697018150397948e-14,  Error =6.304071575868875e-08
Completed 3 % :  mod = 3.6982515574240926e-14,  Error =9.456243788008578e-08
Completed 4 % :  mod = 3.6999791075897974e-14,  Error =1.260909812117461e-07
Completed 5 % :  mod = 3.7022015261670236e-14,  Error =1.5761224858579226e-07
Completed 6 % :  mod = 3.7049198666529995e-14,  Error =1.891371539386455e-07
Completed 7 % :  mod = 3.708135309599895e-14,  Error =2.2065933080739342e-07
Completed 8 % :  mod = 3.711849369079104e-14,  Error =2.5217423171852715e-07
Completed 9 % :  mod = 3.71606364915927e-14,  Error =2.836954990925733e-07
Completed 10 % :  mod = 3.7207800133128764e-14,  Error =3.152190402033739e-07
Completed 11 % :  mod = 3.726000600298116e-14,  Error =3.4673985283006914e-07
Completed 12 % :  mod = 3.7317277606314166e-14,  Error =3.782633939408697e-07
Completed 13 % :  mod = 3.7379640407055764e-14,  Error =4.0978829929372296e-07
Completed 14 % :  mod = 3.744712225141409e-14,  Error =4.4131138565717265e-07
Completed 15 % :  mod = 3.751975389727305e-14,  Error =4.728394742414821e-07
Completed 16 % :  mod = 3.7597567426005514e-14,  Error =5.043584678787738e-07
Completed 17 % :  mod = 3.768059751302276e-14,  Error =5.358742782846093e-07
Completed 18 % :  mod = 3.7768881216016236e-14,  Error =5.673960004060064e-07
Completed 19 % :  mod = 3.786245813377622e-14,  Error =5.989245437376667e-07
Completed 20 % :  mod = 3.7961370247373164e-14,  Error =6.30453087069327e-07
Completed 21 % :  mod = 3.8065662026036797e-14,  Error =6.619679879804607e-07
Completed 22 % :  mod = 3.817537979188142e-14,  Error =6.93488800607156e-07
Completed 23 % :  mod = 3.8290572461059744e-14,  Error =7.250114322232548e-07
Completed 24 % :  mod = 3.841129149082331e-14,  Error =7.56532699597301e-07
Completed 25 % :  mod = 3.853759056188515e-14,  Error =7.880530574766453e-07
Completed 26 % :  mod = 3.866952743130435e-14,  Error =8.195838745450601e-07
Completed 27 % :  mod = 3.8807159644381776e-14,  Error =8.511042324244045e-07
Completed 28 % :  mod = 3.8950550569769786e-14,  Error =8.826250450510997e-07
Completed 28 % :  mod = 3.909976198793397e-14,  Error =9.141472219198477e-07
Completed 30 % :  mod = 3.9254861767389234e-14,  Error =9.456739462621044e-07
Completed 31 % :  mod = 3.94159185178043e-14,  Error =9.77189301920589e-07
Completed 32 % :  mod = 3.958300476637527e-14,  Error =1.0087119335366879e-06
Completed 33 % :  mod = 3.9756196693127853e-14,  Error =1.0402304724266287e-06
Completed 34 % :  mod = 3.9935568254626246e-14,  Error =1.0717558325268328e-06
Completed 35 % :  mod = 4.012120240715972e-14,  Error =1.1032743714167736e-06
Completed 36 % :  mod = 4.031318051883078e-14,  Error =1.1347974577802233e-06
Completed 37 % :  mod = 4.051158776939017e-14,  Error =1.1663214536383748e-06
Completed 38 % :  mod = 4.071651399726987e-14,  Error =1.1978395377809647e-06
Completed 39 % :  mod = 4.092805015263259e-14,  Error =1.2293630788917653e-06
Completed 40 % :  mod = 4.114629067965194e-14,  Error =1.2608843462658115e-06
Completed 41 % :  mod = 4.1371333675331134e-14,  Error =1.2924051588925067e-06
Completed 42 % :  mod = 4.1603276389640424e-14,  Error =1.3239323379821144e-06
Completed 43 % :  mod = 4.1842224966396013e-14,  Error =1.3554549695982132e-06
Completed 44 % :  mod = 4.2088285655293223e-14,  Error =1.3869712347513996e-06
Completed 45 % :  mod = 4.234156698242842e-14,  Error =1.4184893188939895e-06
Completed 46 % :  mod = 4.260218350900772e-14,  Error =1.4500078577839304e-06
Completed 47 % :  mod = 4.2902568814795765e-14,  Error =1.4815291251579765e-06
Completed 48 % :  mod = 4.322394703808812e-14,  Error =1.5130462998058647e-06
Completed 49 % :  mod = 4.3554275964413224e-14,  Error =1.5445780263689812e-06
Completed 50 % :  mod = 4.3893703189262144e-14,  Error =1.5760938367748167e-06
Completed 51 % :  mod = 4.42423760963677e-14,  Error =1.6076178326329682e-06
Completed 52 % :  mod = 4.4600449322182325e-14,  Error =1.6391422832384706e-06
Completed 53 % :  mod = 4.4968081950081426e-14,  Error =1.6706612768757623e-06
Completed 54 % :  mod = 4.534543613393484e-14,  Error =1.7021811800077558e-06
Completed 55 % :  mod = 4.5732677151046405e-14,  Error =1.7337047211185563e-06
Completed 56 % :  mod = 4.612997689616485e-14,  Error =1.765228262229357e-06
Completed 56 % :  mod = 4.653751139332453e-14,  Error =1.7967518033401575e-06
Completed 57 % :  mod = 4.6955459154719075e-14,  Error =1.828267613745993e-06
Completed 59 % :  mod = 4.738400266300906e-14,  Error =1.859789790614741e-06
Completed 60 % :  mod = 4.78233338240966e-14,  Error =1.8913028725364711e-06
Completed 61 % :  mod = 4.827364565561455e-14,  Error =1.9228268683946226e-06
Completed 62 % :  mod = 4.8735135516239615e-14,  Error =1.9543526832421776e-06
Completed 63 % :  mod = 4.9208006429181346e-14,  Error =1.98587213162682e-06
Completed 64 % :  mod = 4.9692466182209614e-14,  Error =2.0173970369796734e-06
Completed 65 % :  mod = 5.018873145694024e-14,  Error =2.0489110283961054e-06
Completed 66 % :  mod = 5.069701972908243e-14,  Error =2.080438662233064e-06
Completed 67 % :  mod = 5.121755233893321e-14,  Error =2.111959474859759e-06
Completed 68 % :  mod = 5.1750558885360853e-14,  Error =2.1434757400129456e-06
Completed 69 % :  mod = 5.229627505528293e-14,  Error =2.1750029191025533e-06
Completed 70 % :  mod = 5.2854940664902626e-14,  Error =2.206522367487196e-06
Completed 71 % :  mod = 5.342680124789553e-14,  Error =2.238034994661575e-06
Completed 72 % :  mod = 5.4012109061261253e-14,  Error =2.26956080950913e-06
Completed 73 % :  mod = 5.461112176183443e-14,  Error =2.301091626577545e-06
Completed 74 % :  mod = 5.5273383789007625e-14,  Error =2.3326197151618544e-06
Completed 75 % :  mod = 5.5983020210102075e-14,  Error =2.3641459847567603e-06
Completed 76 % :  mod = 5.6709034754385515e-14,  Error =2.395664978394052e-06
Completed 77 % :  mod = 5.745174659446038e-14,  Error =2.427186700515449e-06
Completed 78 % :  mod = 5.821147818518179e-14,  Error =2.4587116058683023e-06
Completed 79 % :  mod = 5.898856293989359e-14,  Error =2.490237875463208e-06
Completed 80 % :  mod = 5.97833391423791e-14,  Error =2.5217573238478508e-06
Completed 81 % :  mod = 6.059615206444345e-14,  Error =2.553279045969248e-06
Completed 82 % :  mod = 6.142735984220464e-14,  Error =2.5848057703115046e-06
Completed 83 % :  mod = 6.22773221470279e-14,  Error =2.616329766169656e-06
Completed 84 % :  mod = 6.314641580269564e-14,  Error =2.6478492145542987e-06
Completed 85 % :  mod = 6.403501207433656e-14,  Error =2.6793723009177484e-06
Completed 86 % :  mod = 6.494350477933157e-14,  Error =2.710903117986163e-06
Completed 87 % :  mod = 6.587228514102317e-14,  Error =2.74242484010756e-06
Completed 88 % :  mod = 6.682176195868755e-14,  Error =2.7739488359657116e-06
Completed 89 % :  mod = 6.786469673892239e-14,  Error =2.805465555866249e-06
Completed 90 % :  mod = 6.895805083770518e-14,  Error =2.8369890969770495e-06
Completed 91 % :  mod = 7.007555411051199e-14,  Error =2.8685058168775868e-06
Completed 92 % :  mod = 7.121770000697414e-14,  Error =2.90003072223044e-06
Completed 93 % :  mod = 7.238497419460779e-14,  Error =2.931540620920714e-06
Completed 94 % :  mod = 7.357789230471955e-14,  Error =2.9630514291056897e-06
Completed 95 % :  mod = 7.479697081564903e-14,  Error =2.9945790629426483e-06
Completed 96 % :  mod = 7.604273541721911e-14,  Error =3.0261035135481507e-06
Completed 97 % :  mod = 7.731572990458193e-14,  Error =3.057623871427495e-06
Completed 98 % :  mod = 7.863065924615785e-14,  Error =3.089150141022401e-06
Completed 99 % :  mod = 8.006102022608234e-14,  Error =3.1206704989017453e-06
Completed 100 % :  mod = 8.152245032157256e-14,  Error =3.1521917662757915e-06
Finished 4/11 frames
Finished all frames!
