/opt/local/miniconda_23_9/lib/python3.11/site-packages/conda/base/context.py:201: FutureWarning: Adding 'defaults' to channel list implicitly is deprecated and will be removed in 25.3. 

To remove this warning, please choose a default channel explicitly with conda's regular configuration system, e.g. by adding 'defaults' to the list of channels:

  conda config --add channels defaults

For more information see https://docs.conda.io/projects/conda/en/stable/user-guide/configuration/use-condarc.html

  deprecated.topic(
JOB 15224 ARRAY_ID 0  -> i=3 ; range=[1.275e-10, 1.275e-10] ; intervals=0 (frames=1)
Simulation name: hysteresis_upsweep
Analytic t0 extension enabled (--extend-time-using-t0).
Restarting from complex psi index 2 (--restart-from-index).
Using final frame from existing outputs as initial condition: psi_not_squared2_1.25e-10.out
Completed 0 % :  mod = 1.0633210686035086e-16,  Error =0.0
Completed 0 % :  mod = 1.0224953859402555e-16,  Error =-3.710034798132256e-05
Completed 0 % :  mod = 1.049046306790165e-16,  Error =-3.67789575648203e-05
Completed 1 % :  mod = 1.0419623268543821e-16,  Error =-3.645756805781275e-05
Completed 1 % :  mod = 1.0690188804652784e-16,  Error =-3.613617582232109e-05
Completed 2 % :  mod = 1.056381878362147e-16,  Error =-3.5814768580166856e-05
Completed 2 % :  mod = 1.1219468539702176e-16,  Error =-3.549338634911692e-05
Completed 3 % :  mod = 1.2598414360200414e-16,  Error =-3.517200002534082e-05
Completed 3 % :  mod = 1.4033598432787331e-16,  Error =-3.485060506136506e-05
Completed 4 % :  mod = 1.4765736003297774e-16,  Error =-3.452921600910486e-05
Completed 4 % :  mod = 1.532946238248723e-16,  Error =-3.420781513341353e-05
Completed 5 % :  mod = 1.5566484958935586e-16,  Error =-3.3886434721353e-05
Completed 5 % :  mod = 1.5398201448112025e-16,  Error =-3.356505249030306e-05
Completed 6 % :  mod = 1.492881423713254e-16,  Error =-3.3243671623495175e-05
Completed 6 % :  mod = 1.390694831289097e-16,  Error =-3.292228575446643e-05
Completed 7 % :  mod = 1.2581106334835657e-16,  Error =-3.260089306422742e-05
Completed 7 % :  mod = 1.105614375951596e-16,  Error =-3.2279507649946027e-05
Completed 8 % :  mod = 9.224736130670899e-17,  Error =-3.195812087142258e-05
Completed 8 % :  mod = 7.306582102006675e-17,  Error =-3.163674682582496e-05
Completed 9 % :  mod = 5.795121585485924e-17,  Error =-3.131536414002767e-05
Completed 9 % :  mod = 4.101849039902823e-17,  Error =-3.0993979635240976e-05
Completed 10 % :  mod = 4.4452377011544554e-17,  Error =-3.067258239752846e-05
Completed 10 % :  mod = 5.335002199147301e-17,  Error =-3.035119470951031e-05
Completed 11 % :  mod = 7.940814502837038e-17,  Error =-3.0029803838260705e-05
Completed 11 % :  mod = 1.0081070175906203e-16,  Error =-2.9708409783779643e-05
Completed 12 % :  mod = 1.2088166650008705e-16,  Error =-2.938701936727739e-05
Completed 12 % :  mod = 1.3789003679575542e-16,  Error =-2.9065632588753942e-05
Completed 13 % :  mod = 1.5208796474882989e-16,  Error =-2.874424262699904e-05
Completed 13 % :  mod = 1.6325790294388355e-16,  Error =-2.8422836749086855e-05
Completed 14 % :  mod = 1.6844744550986158e-16,  Error =-2.8101438147132285e-05
Completed 14 % :  mod = 1.6887635184066134e-16,  Error =-2.7780056370829698e-05
Completed 15 % :  mod = 1.672485882462604e-16,  Error =-2.745866413533804e-05
Completed 15 % :  mod = 1.5903692926650222e-16,  Error =-2.7137274173583137e-05
Completed 16 % :  mod = 1.4726377508981582e-16,  Error =-2.681588830455439e-05
Completed 16 % :  mod = 1.3277950383355146e-16,  Error =-2.6494501526030945e-05
Completed 17 % :  mod = 1.1401561329374063e-16,  Error =-2.6173109745286638e-05
Completed 17 % :  mod = 9.35448881892931e-17,  Error =-2.585171250757412e-05
Completed 18 % :  mod = 7.009437071127518e-17,  Error =-2.553032982177683e-05
Completed 18 % :  mod = 4.870491093801723e-17,  Error =-2.5208941679011332e-05
Completed 19 % :  mod = 4.600556551743531e-17,  Error =-2.488757218088722e-05
Completed 19 % :  mod = 4.9419882949513793e-17,  Error =-2.4566186766605824e-05
Completed 20 % :  mod = 6.684011557115906e-17,  Error =-2.4244814994744956e-05
Completed 20 % :  mod = 8.193618460111623e-17,  Error =-2.3923440039652633e-05
Completed 21 % :  mod = 9.759613986291624e-17,  Error =-2.360205553486594e-05
Completed 21 % :  mod = 1.1552148701689456e-16,  Error =-2.3280658297153423e-05
Completed 22 % :  mod = 1.3046688416769701e-16,  Error =-2.2959270609135274e-05
Completed 22 % :  mod = 1.4285201608155825e-16,  Error =-2.2637878828390967e-05
Completed 23 % :  mod = 1.490231732600675e-16,  Error =-2.23164811359311e-05
Completed 23 % :  mod = 1.5392516390858313e-16,  Error =-2.1995094357407652e-05
Completed 24 % :  mod = 1.53384918757141e-16,  Error =-2.1673718947567977e-05
Completed 24 % :  mod = 1.5208657213856987e-16,  Error =-2.1352314888645196e-05
Completed 25 % :  mod = 1.4338706824481356e-16,  Error =-2.1030929929111153e-05
Completed 25 % :  mod = 1.3348648528033076e-16,  Error =-2.0709552700282075e-05
Completed 26 % :  mod = 1.2175627630479537e-16,  Error =-2.0388143184391083e-05
Completed 26 % :  mod = 1.0838309007393661e-16,  Error =-2.0066754132130882e-05
Completed 27 % :  mod = 1.0836595502754758e-16,  Error =-1.974538554350147e-05
Completed 27 % :  mod = 1.0842786975489111e-16,  Error =-1.9423999674472725e-05
Completed 28 % :  mod = 1.09526413843331e-16,  Error =-1.9102612441201927e-05
Completed 28 % :  mod = 1.0711867388710451e-16,  Error =-1.87812106560159e-05
Completed 29 % :  mod = 1.0466042287055551e-16,  Error =-1.8459840248397086e-05
Completed 29 % :  mod = 1.0539983806915301e-16,  Error =-1.813844346543192e-05
Completed 30 % :  mod = 1.0931260709373044e-16,  Error =-1.78170712388237e-05
Completed 30 % :  mod = 1.117997899929744e-16,  Error =-1.74956821865635e-05
Completed 31 % :  mod = 1.091577218667281e-16,  Error =-1.7174313597934088e-05
Completed 31 % :  mod = 1.0669237819001676e-16,  Error =-1.6852938188094413e-05
Completed 32 % :  mod = 1.068703511652888e-16,  Error =-1.6531549590581562e-05
Completed 32 % :  mod = 1.0820782259965309e-16,  Error =-1.621016053832136e-05
Completed 33 % :  mod = 1.115471028594517e-16,  Error =-1.5888774669292616e-05
Completed 33 % :  mod = 1.1135321968548267e-16,  Error =-1.556739425723208e-05
Completed 34 % :  mod = 1.1309427088635036e-16,  Error =-1.5246027487592073e-05
Completed 34 % :  mod = 1.1248349230256978e-16,  Error =-1.4924645711289486e-05
Completed 35 % :  mod = 1.161216761895696e-16,  Error =-1.4603260297008092e-05
Completed 35 % :  mod = 1.2947156611924672e-16,  Error =-1.4281872154242592e-05
Completed 36 % :  mod = 1.3926115002752376e-16,  Error =-1.3960490832687356e-05
Completed 36 % :  mod = 1.4677629325640783e-16,  Error =-1.3639088138006628e-05
Completed 37 % :  mod = 1.5059122201396399e-16,  Error =-1.331771090917755e-05
Completed 37 % :  mod = 1.5083329414548095e-16,  Error =-1.2996315945201786e-05
Completed 38 % :  mod = 1.4945370019278362e-16,  Error =-1.2674927802436287e-05
Completed 38 % :  mod = 1.43263445740376e-16,  Error =-1.2353547845123103e-05
Completed 39 % :  mod = 1.3420102829528214e-16,  Error =-1.2032169252051972e-05
Completed 39 % :  mod = 1.2154744504657932e-16,  Error =-1.171080066342256e-05
Completed 40 % :  mod = 1.0556286962932171e-16,  Error =-1.138942207035143e-05
Completed 40 % :  mod = 8.997720314814236e-17,  Error =-1.1068048934248509e-05
Completed 41 % :  mod = 7.338578849137389e-17,  Error =-1.0746663974714465e-05
Completed 41 % :  mod = 5.654097336120196e-17,  Error =-1.0425282198411878e-05
Completed 42 % :  mod = 4.8462668510691664e-17,  Error =-1.0103891327162273e-05
Completed 42 % :  mod = 4.952753512956359e-17,  Error =-9.782498636923265e-06
Completed 43 % :  mod = 6.051440905267495e-17,  Error =-9.461102308705449e-06
Completed 43 % :  mod = 8.40608367785499e-17,  Error =-9.139710073213791e-06
Completed 44 % :  mod = 1.0544175275835715e-16,  Error =-8.81833102539531e-06
Completed 44 % :  mod = 1.247343646863039e-16,  Error =-8.496955160808284e-06
Completed 45 % :  mod = 1.4225064533307697e-16,  Error =-8.175560196832521e-06
Completed 45 % :  mod = 1.5546471106879954e-16,  Error =-7.854172963561723e-06
Completed 46 % :  mod = 1.6433513405175676e-16,  Error =-7.532795279985294e-06
Completed 46 % :  mod = 1.680955069391926e-16,  Error =-7.2114012255042326e-06
Completed 47 % :  mod = 1.6807380802717138e-16,  Error =-6.8900026235496625e-06
Completed 47 % :  mod = 1.664227309675911e-16,  Error =-6.5686122070474084e-06
Completed 48 % :  mod = 1.558656282443087e-16,  Error =-6.247216333576944e-06
Completed 48 % :  mod = 1.4436260209756554e-16,  Error =-5.92583637626376e-06
Completed 49 % :  mod = 1.2635999224186928e-16,  Error =-5.604434591077734e-06
Completed 49 % :  mod = 1.0747956451655527e-16,  Error =-5.2830532695224974e-06
Completed 50 % :  mod = 8.763875120044455e-17,  Error =-4.961667400493752e-06
Completed 50 % :  mod = 6.127196111678087e-17,  Error =-4.640285169443814e-06
Completed 51 % :  mod = 4.3888159235372453e-17,  Error =-4.318907031120034e-06
Completed 51 % :  mod = 3.912674483003292e-17,  Error =-3.997508883912815e-06
Completed 52 % :  mod = 4.8280820297647394e-17,  Error =-3.676133019325789e-06
Completed 52 % :  mod = 7.07952689167334e-17,  Error =-3.3547494240337983e-06
Completed 53 % :  mod = 8.434038737794708e-17,  Error =-3.033364464499755e-06
Completed 53 % :  mod = 1.0562501731140526e-16,  Error =-2.711984961933922e-06
Completed 54 % :  mod = 1.2207284344339946e-16,  Error =-2.3906109163363e-06
Completed 54 % :  mod = 1.3604481429425314e-16,  Error =-2.0692305042757653e-06
Completed 55 % :  mod = 1.4666525661518298e-16,  Error =-1.7478587324148975e-06
Completed 55 % :  mod = 1.5596482653510063e-16,  Error =-1.4264683159126434e-06
Completed 56 % :  mod = 1.5910542571488347e-16,  Error =-1.1050833563786e-06
Completed 56 % :  mod = 1.5683215022278086e-16,  Error =-7.837084012862761e-07
Completed 57 % :  mod = 1.5272875794302847e-16,  Error =-4.6230479711084627e-07
Completed 57 % :  mod = 1.4654296282130312e-16,  Error =-1.4091210687183775e-07
Completed 58 % :  mod = 1.3348297219257046e-16,  Error =1.8045329852611758e-07
Completed 58 % :  mod = 1.1832386982858764e-16,  Error =5.018482625018805e-07
Completed 59 % :  mod = 1.0658481741342465e-16,  Error =8.232404979935382e-07
Completed 59 % :  mod = 1.0480113311699083e-16,  Error =1.144611815107055e-06
Completed 60 % :  mod = 1.0256267246779845e-16,  Error =1.4659922271675896e-06
Completed 60 % :  mod = 1.0117377862687177e-16,  Error =1.787361270544352e-06
Completed 61 % :  mod = 1.011210335585099e-16,  Error =2.108744411088992e-06
Completed 61 % :  mod = 9.857012735321184e-17,  Error =2.430127551633632e-06
Completed 62 % :  mod = 1.0271978891110557e-16,  Error =2.7515029614733066e-06
Completed 62 % :  mod = 1.0851663507511085e-16,  Error =3.07289292322821e-06
Completed 63 % :  mod = 1.1228211177032372e-16,  Error =3.3942887966986746e-06
Completed 63 % :  mod = 1.111540217726804e-16,  Error =3.7156728467380162e-06
Completed 64 % :  mod = 1.0772953736029546e-16,  Error =4.0370464375882875e-06
Completed 64 % :  mod = 1.126547943763943e-16,  Error =4.358432306617033e-06
Completed 65 % :  mod = 1.16628057497312e-16,  Error =4.679806352214655e-06
Completed 65 % :  mod = 1.1614366445970885e-16,  Error =5.001198132958962e-06
Completed 66 % :  mod = 1.165309199202211e-16,  Error =5.322572178556584e-06
Completed 66 % :  mod = 1.1721562353194796e-16,  Error =5.6439484978909604e-06
Completed 67 % :  mod = 1.115002822654321e-16,  Error =5.965321633993881e-06
Completed 67 % :  mod = 1.1559911016256442e-16,  Error =6.286722509685205e-06
Completed 68 % :  mod = 1.2829161267267817e-16,  Error =6.608108833461301e-06
Completed 68 % :  mod = 1.3813962934320898e-16,  Error =6.929479695827467e-06
Completed 69 % :  mod = 1.4504770735717859e-16,  Error =7.250861017382704e-06
Completed 69 % :  mod = 1.4927532613831207e-16,  Error =7.572260983579326e-06
Completed 70 % :  mod = 1.4899982862051882e-16,  Error =7.893644124123966e-06
Completed 70 % :  mod = 1.4617252146110224e-16,  Error =8.21503454062622e-06
Completed 71 % :  mod = 1.396515672825299e-16,  Error =8.536416316928808e-06
Completed 71 % :  mod = 1.3287436195936811e-16,  Error =8.85781582837808e-06
Completed 72 % :  mod = 1.1502619179051676e-16,  Error =9.179196695185965e-06
Completed 72 % :  mod = 1.0397535261102213e-16,  Error =9.500575288257096e-06
Completed 73 % :  mod = 8.794799768722997e-17,  Error =9.821959793043789e-06
Completed 73 % :  mod = 7.35367005114002e-17,  Error =1.014333383864141e-05
Completed 74 % :  mod = 5.883280199745626e-17,  Error =1.0464717888680752e-05
Completed 74 % :  mod = 5.369246613137232e-17,  Error =1.0786099210235989e-05
Completed 75 % :  mod = 5.816457530654356e-17,  Error =1.110747825805447e-05
Completed 75 % :  mod = 7.051494712651137e-17,  Error =1.1428872767282883e-05
Completed 76 % :  mod = 9.298913531422077e-17,  Error =1.175025454358547e-05
Completed 76 % :  mod = 1.115915657302316e-16,  Error =1.2071638593624812e-05
Completed 77 % :  mod = 1.2897978377383407e-16,  Error =1.2393035376589978e-05
Completed 77 % :  mod = 1.4440890275687137e-16,  Error =1.27144094221876e-05
Completed 78 % :  mod = 1.570651345861968e-16,  Error =1.3035812116868328e-05
Completed 78 % :  mod = 1.6647185639699001e-16,  Error =1.3357187981455354e-05
Completed 79 % :  mod = 1.6969581847701443e-16,  Error =1.36785738504841e-05
Completed 79 % :  mod = 1.6865177323493138e-16,  Error =1.3999980183143634e-05
Completed 80 % :  mod = 1.6419739317692535e-16,  Error =1.4321364687930327e-05
Completed 80 % :  mod = 1.5383915408208017e-16,  Error =1.4642734640801791e-05
Completed 81 % :  mod = 1.4038675791464274e-16,  Error =1.4964125057304045e-05
Completed 81 % :  mod = 1.2327237439391077e-16,  Error =1.528551092633279e-05
Completed 82 % :  mod = 1.0307672199831315e-16,  Error =1.5606895431119483e-05
Completed 82 % :  mod = 8.087460819652832e-17,  Error =1.5928283573884983e-05
Completed 83 % :  mod = 5.369802406130564e-17,  Error =1.6249663531198166e-05
Completed 83 % :  mod = 3.421016902276403e-17,  Error =1.6571052583458368e-05
Completed 84 % :  mod = 3.1632506626577175e-17,  Error =1.6892445728444727e-05
Completed 84 % :  mod = 5.003954131717013e-17,  Error =1.7213827504747314e-05
Completed 85 % :  mod = 6.914642819163794e-17,  Error =1.7535227470943937e-05
Completed 85 % :  mod = 8.858784980838541e-17,  Error =1.785660788300447e-05
Completed 86 % :  mod = 1.107771545115897e-16,  Error =1.8178008303948445e-05
Completed 86 % :  mod = 1.264574505582427e-16,  Error =1.8499397356208647e-05
Completed 87 % :  mod = 1.4086430654966489e-16,  Error =1.8820758214133093e-05
Completed 87 % :  mod = 1.523855356846667e-16,  Error =1.9142142718919786e-05
Completed 88 % :  mod = 1.5874620490459552e-16,  Error =1.9463534499664092e-05
Completed 88 % :  mod = 1.6130750587506122e-16,  Error =1.9784904452535557e-05
Completed 89 % :  mod = 1.5828648077100297e-16,  Error =2.0106286683585495e-05
Completed 89 % :  mod = 1.5339851646903804e-16,  Error =2.0427680283319205e-05
Completed 90 % :  mod = 1.4391938140626555e-16,  Error =2.0749072064063512e-05
Completed 90 % :  mod = 1.3114028166801635e-16,  Error =2.1070461571071064e-05
Completed 91 % :  mod = 1.1716152571309184e-16,  Error =2.1391846075857757e-05
Completed 91 % :  mod = 1.0214917170382324e-16,  Error =2.1713223304686835e-05
Completed 92 % :  mod = 9.81505051942098e-17,  Error =2.2034611447452335e-05
Completed 92 % :  mod = 9.857248130244001e-17,  Error =2.235599140476552e-05
Completed 93 % :  mod = 9.652040719272267e-17,  Error =2.267738500449923e-05
Completed 93 % :  mod = 9.591111670686407e-17,  Error =2.2998759959591553e-05
Completed 94 % :  mod = 9.317093741194589e-17,  Error =2.332013718842063e-05
Completed 94 % :  mod = 1.01450981325799e-16,  Error =2.3641527604922885e-05
Completed 95 % :  mod = 1.0994417179572629e-16,  Error =2.3962895738804946e-05
Completed 95 % :  mod = 1.1276754064484893e-16,  Error =2.4284269329655217e-05
Completed 96 % :  mod = 1.1227668298396353e-16,  Error =2.4605640646768734e-05
Completed 96 % :  mod = 1.1318484669813582e-16,  Error =2.4927034701249795e-05
Completed 97 % :  mod = 1.1636659785489923e-16,  Error =2.524841602280503e-05
Completed 97 % :  mod = 1.224786333848008e-16,  Error =2.5569807803549338e-05
Completed 98 % :  mod = 1.224323736192365e-16,  Error =2.589119731055689e-05
Completed 98 % :  mod = 1.205017284860686e-16,  Error =2.621256999191246e-05
Completed 99 % :  mod = 1.1907203763204172e-16,  Error =2.6533952222962398e-05
Completed 99 % :  mod = 1.1499671174556961e-16,  Error =2.6855327178054722e-05
Completed 100 % :  mod = 1.1810532152461955e-16,  Error =2.7176711682841415e-05
Finished 4/1 frames
Finished all frames!
