/opt/local/miniconda_23_9/lib/python3.11/site-packages/conda/base/context.py:201: FutureWarning: Adding 'defaults' to channel list implicitly is deprecated and will be removed in 25.3. 

To remove this warning, please choose a default channel explicitly with conda's regular configuration system, e.g. by adding 'defaults' to the list of channels:

  conda config --add channels defaults

For more information see https://docs.conda.io/projects/conda/en/stable/user-guide/configuration/use-condarc.html

  deprecated.topic(
JOB 14234 ARRAY_ID 4  -> i=4 ; range=[1.98e-10, 2.18e-10] ; intervals=20 (frames=21)
Simulation name: run1
Analytic t0 extension enabled (--extend-time-using-t0).
Extending simulation time for p0=2.018e-10 from 1.000e+10 to 3.000e+10
Completed 0 % :  mod = 2.291396919835857e-16,  Error =0.0
Completed 1 % :  mod = 2.47107912063809e-16,  Error =1.2259788491064683e-06
Completed 2 % :  mod = 3.0518103350634687e-16,  Error =2.451948148518568e-06
Completed 3 % :  mod = 4.2433205995924977e-16,  Error =3.6779292713617906e-06
Completed 4 % :  mod = 6.376173052708222e-16,  Error =4.903910848952364e-06
Completed 5 % :  mod = 1.0205740972020926e-15,  Error =6.129887879069429e-06
Completed 6 % :  mod = 1.7151229097732881e-15,  Error =7.3558571784815285e-06
Completed 7 % :  mod = 2.976076904544394e-15,  Error =8.581831025367137e-06
Completed 8 % :  mod = 5.174744096680138e-15,  Error =9.807809874473605e-06
Completed 9 % :  mod = 8.999491358188248e-15,  Error =1.1033778264391003e-05
Completed 10 % :  mod = 1.5652199679759426e-14,  Error =1.2259755294508068e-05
Completed 11 % :  mod = 2.722342162249344e-14,  Error =1.34857409648248e-05
Completed 12 % :  mod = 4.7349342226646756e-14,  Error =1.4711729818372987e-05
Completed 13 % :  mod = 8.235444186976625e-14,  Error =1.5937697298795683e-05
Completed 14 % :  mod = 1.4323875211922642e-13,  Error =1.7163678876386257e-05
Completed 15 % :  mod = 2.491329486891169e-13,  Error =1.8389658634987427e-05
Completed 16 % :  mod = 4.3329983207456526e-13,  Error =1.9615626115410123e-05
Completed 17 % :  mod = 7.535285301029268e-13,  Error =2.0841590867348714e-05
Completed 18 % :  mod = 1.3099731745660482e-12,  Error =2.2067511054046918e-05
Completed 19 % :  mod = 2.4166304246426376e-12,  Error =2.329330800421303e-05
Completed 20 % :  mod = 5.1156683284078e-12,  Error =2.4518694772268645e-05
Completed 21 % :  mod = 1.2067367583180764e-11,  Error =2.5742610432644142e-05
Completed 22 % :  mod = 3.03139345068792e-11,  Error =2.6959987735608593e-05
Completed 23 % :  mod = 6.912713331185507e-11,  Error =2.814391609717859e-05
Completed 24 % :  mod = 9.338939512198062e-11,  Error =2.922191333709634e-05
Completed 25 % :  mod = 1.095848991221871e-10,  Error =3.0189532481017523e-05
Completed 26 % :  mod = 1.1375872390803684e-10,  Error =3.104824645561166e-05
Completed 27 % :  mod = 1.1374866440709482e-10,  Error =3.1899740406515775e-05
Completed 28 % :  mod = 1.1359434676139916e-10,  Error =3.2824707886902615e-05
Completed 28 % :  mod = 1.1360873191887194e-10,  Error =3.3868704122141935e-05
Completed 30 % :  mod = 1.117317221871663e-10,  Error =3.498174737615045e-05
Completed 31 % :  mod = 1.0878672874362226e-10,  Error =3.612628370319726e-05
Completed 32 % :  mod = 1.0222631374377026e-10,  Error =3.728823685378302e-05
Completed 33 % :  mod = 1.1171275336296665e-10,  Error =3.846524305117782e-05
Completed 34 % :  mod = 1.006934895304371e-10,  Error =3.9657802517467644e-05
Completed 35 % :  mod = 7.103358463578085e-11,  Error =4.085767886863323e-05
Completed 36 % :  mod = 6.450604492044159e-11,  Error =4.2039216168632265e-05
Completed 37 % :  mod = 9.922443709407038e-11,  Error =4.311407155910274e-05
Completed 38 % :  mod = 1.0891100713755156e-10,  Error =4.406879179441603e-05
Completed 39 % :  mod = 1.1543554317069449e-10,  Error =4.492095968089416e-05
Completed 40 % :  mod = 1.1538644897584195e-10,  Error =4.578283733280841e-05
Completed 41 % :  mod = 1.1542021091338002e-10,  Error =4.670734278988675e-05
Completed 42 % :  mod = 1.1542052455281134e-10,  Error =4.77597163808241e-05
Completed 43 % :  mod = 1.115670480109677e-10,  Error =4.888955936621642e-05
Completed 44 % :  mod = 1.1089334342889422e-10,  Error =5.005846560379723e-05
Completed 45 % :  mod = 1.0169459989459207e-10,  Error =5.124652943777619e-05
Completed 46 % :  mod = 1.142621032116854e-10,  Error =5.2443738695728825e-05
Completed 47 % :  mod = 9.542109546859315e-11,  Error =5.364500520954607e-05
Completed 48 % :  mod = 7.534401607760899e-11,  Error =5.484460643856437e-05
Completed 49 % :  mod = 3.888842360952875e-11,  Error =5.603791760222521e-05
Completed 50 % :  mod = 5.755218561788514e-11,  Error =5.721130628444371e-05
Completed 51 % :  mod = 9.22266012607508e-11,  Error =5.831649878018652e-05
Completed 52 % :  mod = 1.0356123658397759e-10,  Error =5.929441294938442e-05
Completed 53 % :  mod = 1.1149780803748354e-10,  Error =6.0165137711010175e-05
Completed 54 % :  mod = 1.1146905133023891e-10,  Error =6.101329108787468e-05
Completed 55 % :  mod = 1.1146863791926855e-10,  Error =6.191775764818885e-05
Completed 56 % :  mod = 1.1101675442334294e-10,  Error =6.292951320574502e-05
Completed 56 % :  mod = 1.0519100730778692e-10,  Error =6.40309644950321e-05
Completed 57 % :  mod = 1.1126841124906063e-10,  Error =6.518477675854228e-05
Completed 59 % :  mod = 1.0966345141674561e-10,  Error =6.636596071984968e-05
Completed 60 % :  mod = 1.1093296554013304e-10,  Error =6.756379616490449e-05
Completed 61 % :  mod = 9.558436247458161e-11,  Error =6.877276427985635e-05
Completed 62 % :  mod = 8.024213494257683e-11,  Error =6.999023253229097e-05
Completed 63 % :  mod = 4.622090991642983e-11,  Error =7.121253975128639e-05
Completed 64 % :  mod = 2.393684252480634e-11,  Error =7.243699474202003e-05
Completed 65 % :  mod = 1.3324071728371656e-11,  Error =7.366142881437554e-05
Completed 66 % :  mod = 1.507723435796681e-11,  Error =7.488361643481767e-05
Completed 67 % :  mod = 4.5216819167265154e-11,  Error =7.609284102727543e-05
Completed 68 % :  mod = 9.008890552902499e-11,  Error =7.723297994743916e-05
Completed 69 % :  mod = 9.522615744909943e-11,  Error =7.824730255379109e-05
Completed 70 % :  mod = 1.154108108547732e-10,  Error =7.915048763607047e-05
Completed 71 % :  mod = 1.1518704648990393e-10,  Error =7.999686704351916e-05
Completed 72 % :  mod = 1.1519966494212303e-10,  Error =8.086742127488833e-05
Completed 73 % :  mod = 1.1340727106250415e-10,  Error =8.186153945644037e-05
Completed 74 % :  mod = 1.0429925853480945e-10,  Error =8.295323186757741e-05
Completed 75 % :  mod = 1.1455009862803008e-10,  Error =8.409352358285105e-05
Completed 76 % :  mod = 1.1346237487188763e-10,  Error =8.525112434654147e-05
Completed 77 % :  mod = 1.0714661439351531e-10,  Error =8.641865315439645e-05
Completed 78 % :  mod = 9.805915579402818e-11,  Error =8.759682941672509e-05
Completed 79 % :  mod = 9.432100103177112e-11,  Error =8.878272910806118e-05
Completed 80 % :  mod = 7.472109112246271e-11,  Error =8.994165909825824e-05
Completed 81 % :  mod = 1.0112055284799601e-10,  Error =9.097750671571703e-05
Completed 82 % :  mod = 1.1317712017646664e-10,  Error =9.189691581923398e-05
Completed 83 % :  mod = 1.1413934844858728e-10,  Error =9.273334762838203e-05
Completed 84 % :  mod = 1.1404609216542064e-10,  Error =9.360115154777304e-05
Completed 85 % :  mod = 1.1289395969574878e-10,  Error =9.455536337554804e-05
Completed 86 % :  mod = 1.1062899731061192e-10,  Error =9.563101866660872e-05
Completed 87 % :  mod = 1.1146060724208375e-10,  Error =9.677739762992132e-05
Completed 88 % :  mod = 1.1451661074070124e-10,  Error =9.795739424589556e-05
Completed 89 % :  mod = 9.867612035477332e-11,  Error =9.915432337948005e-05
Completed 90 % :  mod = 1.0909939453766741e-10,  Error =0.00010036027924797963
Completed 91 % :  mod = 9.48476439489599e-11,  Error =0.00010157169526792131
Completed 92 % :  mod = 6.615403682627609e-11,  Error =0.0001027747539410484
Completed 93 % :  mod = 7.569214714939585e-11,  Error =0.0001039372937157168
Completed 94 % :  mod = 9.462662617379139e-11,  Error =0.00010500772350496845
Completed 95 % :  mod = 1.1207938548531239e-10,  Error =0.00010597220261843177
Completed 96 % :  mod = 1.1117691698116419e-10,  Error =0.00010685120969355921
Completed 97 % :  mod = 1.1036514288486824e-10,  Error =0.00010773342137326836
Completed 98 % :  mod = 1.1191237809105428e-10,  Error =0.00010869582865780103
Completed 99 % :  mod = 1.1029086194504179e-10,  Error =0.00010974641236316529
Completed 100 % :  mod = 1.0970652446642788e-10,  Error =0.00011085130563515122
Finished 5/21 frames
Finished all frames!
