/opt/local/miniconda_23_9/lib/python3.11/site-packages/conda/base/context.py:201: FutureWarning: Adding 'defaults' to channel list implicitly is deprecated and will be removed in 25.3. 

To remove this warning, please choose a default channel explicitly with conda's regular configuration system, e.g. by adding 'defaults' to the list of channels:

  conda config --add channels defaults

For more information see https://docs.conda.io/projects/conda/en/stable/user-guide/configuration/use-condarc.html

  deprecated.topic(
JOB 14246 ARRAY_ID 16  -> i=16 ; range=[1.98e-10, 2.18e-10] ; intervals=20 (frames=21)
Simulation name: run1
Analytic t0 extension enabled (--extend-time-using-t0).
Extending simulation time for p0=2.132e-10 from 1.000e+10 to 1.566e+10
Completed 0 % :  mod = 2.4211598403184443e-16,  Error =0.0
Completed 1 % :  mod = 2.5943675800759997e-16,  Error =7.982007446116768e-07
Completed 2 % :  mod = 3.1399094988185706e-16,  Error =1.5963532860041596e-06
Completed 3 % :  mod = 4.1397747147094173e-16,  Error =2.394559942331398e-06
Completed 4 % :  mod = 5.744412044209403e-16,  Error =3.1927024792821612e-06
Completed 5 % :  mod = 8.196518467968282e-16,  Error =3.990848199464381e-06
Completed 6 % :  mod = 1.186895153248439e-15,  Error =4.789056674781023e-06
Completed 7 % :  mod = 1.732208095782951e-15,  Error =5.587209670920856e-06
Completed 8 % :  mod = 2.543707419827687e-15,  Error =6.385402230080217e-06
Completed 9 % :  mod = 3.749697402242202e-15,  Error =7.183552952483296e-06
Completed 10 % :  mod = 5.536894989560863e-15,  Error =7.981704584381077e-06
Completed 11 % :  mod = 8.18665483826369e-15,  Error =8.77990805747686e-06
Completed 12 % :  mod = 1.2117013563883964e-14,  Error =9.578056960890535e-06
Completed 13 % :  mod = 1.7951277779376404e-14,  Error =1.037626680044923e-05
Completed 14 % :  mod = 2.661603857976542e-14,  Error =1.1174411611136748e-05
Completed 15 % :  mod = 3.9492988998671106e-14,  Error =1.1972567335760687e-05
Completed 16 % :  mod = 5.864230138654126e-14,  Error =1.2770769444614416e-05
Completed 17 % :  mod = 8.713103722610148e-14,  Error =1.3568921986006899e-05
Completed 18 % :  mod = 1.2954137426473484e-13,  Error =1.436711454516626e-05
Completed 19 % :  mod = 1.9269872921794364e-13,  Error =1.5165268905548146e-05
Completed 20 % :  mod = 2.8680040209959864e-13,  Error =1.5963415989972418e-05
Completed 21 % :  mod = 4.2707949047487585e-13,  Error =1.676161991781555e-05
Completed 22 % :  mod = 6.36255137890052e-13,  Error =1.7559762454766314e-05
Completed 23 % :  mod = 9.48325575368135e-13,  Error =1.8357954559178324e-05
Completed 24 % :  mod = 1.414004288908451e-12,  Error =1.9156077541993e-05
Completed 25 % :  mod = 2.1091141109611598e-12,  Error =1.9954165509261657e-05
Completed 26 % :  mod = 3.146835885846535e-12,  Error =2.0752222553710453e-05
Completed 27 % :  mod = 4.695250942297922e-12,  Error =2.1550050405494403e-05
Completed 28 % :  mod = 7.002780652173394e-12,  Error =2.234753264929168e-05
Completed 29 % :  mod = 1.042851861881637e-11,  Error =2.3144076294556726e-05
Completed 30 % :  mod = 1.5469843136342415e-11,  Error =2.3938692265801365e-05
Completed 31 % :  mod = 2.2739427197305404e-11,  Error =2.472918731655227e-05
Completed 32 % :  mod = 3.274927699532315e-11,  Error =2.5511029434710508e-05
Completed 33 % :  mod = 4.5194450200248275e-11,  Error =2.627692447276786e-05
Completed 34 % :  mod = 5.752658549854418e-11,  Error =2.7018677428714e-05
Completed 35 % :  mod = 6.443898827215017e-11,  Error =2.773709547909675e-05
Completed 36 % :  mod = 6.205436809648369e-11,  Error =2.8450297122617485e-05
Completed 37 % :  mod = 5.34213720778288e-11,  Error =2.9180241199355805e-05
Completed 38 % :  mod = 4.604560675509665e-11,  Error =2.9932393772469368e-05
Completed 39 % :  mod = 4.801172589875614e-11,  Error =3.069652530029998e-05
Completed 40 % :  mod = 6.489421213685057e-11,  Error =3.145496884826571e-05
Completed 41 % :  mod = 9.555595887796106e-11,  Error =3.217853145542904e-05
Completed 42 % :  mod = 1.121853181381052e-10,  Error =3.283309160906356e-05
Completed 43 % :  mod = 1.1080467053649269e-10,  Error =3.34379524247197e-05
Completed 44 % :  mod = 1.165464091469094e-10,  Error =3.402096263016574e-05
Completed 45 % :  mod = 1.2315292270628145e-10,  Error =3.4559850064397324e-05
Completed 46 % :  mod = 1.236551205186486e-10,  Error =3.509945190671715e-05
Completed 47 % :  mod = 1.2385869331284148e-10,  Error =3.565983888620394e-05
Completed 48 % :  mod = 1.2209918433531562e-10,  Error =3.62211558240233e-05
Completed 49 % :  mod = 1.2053957651413545e-10,  Error =3.681203270389233e-05
Completed 50 % :  mod = 1.2260523579495585e-10,  Error =3.745904905372299e-05
Completed 51 % :  mod = 1.1148565945390528e-10,  Error =3.815585296251811e-05
Completed 52 % :  mod = 1.2048371743210269e-10,  Error =3.888559785991674e-05
Completed 53 % :  mod = 1.179051924311736e-10,  Error =3.963344397561741e-05
Completed 54 % :  mod = 1.218436459458415e-10,  Error =4.039216491946718e-05
Completed 55 % :  mod = 1.1364677079368435e-10,  Error =4.115345336686005e-05
Completed 56 % :  mod = 1.2181334758731542e-10,  Error =4.190726167507819e-05
Completed 57 % :  mod = 1.0860234186427381e-10,  Error =4.264537710696459e-05
Completed 58 % :  mod = 1.109044403273443e-10,  Error =4.336638630775269e-05
Completed 59 % :  mod = 1.0878096545724473e-10,  Error =4.4079403323848965e-05
Completed 60 % :  mod = 8.138520705598704e-11,  Error =4.480461075218045e-05
Completed 61 % :  mod = 6.547391428632578e-11,  Error =4.5552696519735036e-05
Completed 62 % :  mod = 6.571784654831106e-11,  Error =4.632000445781159e-05
Completed 63 % :  mod = 6.45639244188884e-11,  Error =4.709911218014895e-05
Completed 64 % :  mod = 6.686092825354423e-11,  Error =4.7883481784083415e-05
Completed 65 % :  mod = 6.506007389609816e-11,  Error =4.866728795605013e-05
Completed 66 % :  mod = 5.6539301041662215e-11,  Error =4.9442068302596454e-05
Completed 67 % :  mod = 8.47528284018811e-11,  Error =5.018747788199107e-05
Completed 68 % :  mod = 1.082099439768529e-10,  Error =5.0873466079792706e-05
Completed 69 % :  mod = 1.0804241917294253e-10,  Error =5.150696051714476e-05
Completed 70 % :  mod = 1.0814401520950169e-10,  Error =5.211790539760841e-05
Completed 71 % :  mod = 1.2487846580375886e-10,  Error =5.268636550681549e-05
Completed 72 % :  mod = 1.2538546236408473e-10,  Error =5.322112201611162e-05
Completed 73 % :  mod = 1.2334242999361854e-10,  Error =5.3769618261867436e-05
Completed 74 % :  mod = 1.2496632638090173e-10,  Error =5.430995361166424e-05
Completed 75 % :  mod = 1.2449274803253137e-10,  Error =5.4869951782166027e-05
Completed 76 % :  mod = 1.2408095903094104e-10,  Error =5.5487790632469114e-05
Completed 77 % :  mod = 1.1642542147335203e-10,  Error =5.615390591628966e-05
Completed 78 % :  mod = 1.1644172021624846e-10,  Error =5.6856581977626774e-05
Completed 79 % :  mod = 1.188993125252603e-10,  Error =5.757533608630183e-05
Completed 80 % :  mod = 1.1631376834951171e-10,  Error =5.829727160744369e-05
Completed 81 % :  mod = 1.1535719389063196e-10,  Error =5.901402573726955e-05
Completed 82 % :  mod = 1.1230488892557907e-10,  Error =5.972413737254101e-05
Completed 83 % :  mod = 9.265041280076268e-11,  Error =6.0441100231400924e-05
Completed 84 % :  mod = 8.671564243052134e-11,  Error =6.117540078776074e-05
Completed 85 % :  mod = 8.697730823078429e-11,  Error =6.192821774675394e-05
Completed 86 % :  mod = 7.319984005145066e-11,  Error =6.26946257398231e-05
Completed 87 % :  mod = 6.805898052833388e-11,  Error =6.346659029077273e-05
Completed 88 % :  mod = 9.688562954263373e-11,  Error =6.423245031328406e-05
Completed 89 % :  mod = 1.1090306070148016e-10,  Error =6.497463209598209e-05
Completed 90 % :  mod = 1.1490727077113872e-10,  Error =6.568087883351836e-05
Completed 91 % :  mod = 1.1594778982954214e-10,  Error =6.635115505559952e-05
Completed 92 % :  mod = 1.2521108153880702e-10,  Error =6.699126470266492e-05
Completed 93 % :  mod = 1.230070834137371e-10,  Error =6.760202586519881e-05
Completed 94 % :  mod = 1.248251872361452e-10,  Error =6.819064537921804e-05
Completed 95 % :  mod = 1.2433088845761195e-10,  Error =6.877650685055414e-05
Completed 96 % :  mod = 1.2238681499608548e-10,  Error =6.935714827704942e-05
Completed 97 % :  mod = 1.241664853359498e-10,  Error =6.994978593866108e-05
Completed 98 % :  mod = 1.2239072621188138e-10,  Error =7.057215043460019e-05
Completed 99 % :  mod = 1.226810902491047e-10,  Error =7.12217274667637e-05
Completed 100 % :  mod = 1.2024883652782798e-10,  Error =7.189744064817205e-05
Finished 17/21 frames
Finished all frames!
