/opt/local/miniconda_23_9/lib/python3.11/site-packages/conda/base/context.py:201: FutureWarning: Adding 'defaults' to channel list implicitly is deprecated and will be removed in 25.3. 

To remove this warning, please choose a default channel explicitly with conda's regular configuration system, e.g. by adding 'defaults' to the list of channels:

  conda config --add channels defaults

For more information see https://docs.conda.io/projects/conda/en/stable/user-guide/configuration/use-condarc.html

  deprecated.topic(
JOB 14173 ARRAY_ID 0  -> i=0 ; range=[1.515e-7, 1.53e-7] ; intervals=10 (frames=11)
Simulation name: run1
Analytic t0 extension enabled (--extend-time-using-t0).
Completed 0 % :  mod = 3.686078370483068e-14,  Error =0.0
Completed 1 % :  mod = 3.6862785878959755e-14,  Error =3.117838787147775e-08
Completed 2 % :  mod = 3.686879398953375e-14,  Error =6.235859473235905e-08
Completed 3 % :  mod = 3.687881063059106e-14,  Error =9.354243957204744e-08
Completed 4 % :  mod = 3.689284173136233e-14,  Error =1.2472310118027963e-07
Completed 5 % :  mod = 3.691089512690231e-14,  Error =1.5590239854645915e-07
Completed 6 % :  mod = 3.6932980981606376e-14,  Error =1.8708351490204223e-07
Completed 7 % :  mod = 3.695911141863358e-14,  Error =2.182646312576253e-07
Completed 8 % :  mod = 3.6989300731664907e-14,  Error =2.494489308446646e-07
Completed 9 % :  mod = 3.702356533196371e-14,  Error =2.806309566949494e-07
Completed 10 % :  mod = 3.706192417189219e-14,  Error =3.118148015346378e-07
Completed 11 % :  mod = 3.7104399274306965e-14,  Error =3.4299955586902797e-07
Completed 12 % :  mod = 3.715101229148776e-14,  Error =3.741793079825584e-07
Completed 13 % :  mod = 3.7201791175521824e-14,  Error =4.0536406231694855e-07
Completed 14 % :  mod = 3.725676218443053e-14,  Error =4.3655018089339137e-07
Completed 15 % :  mod = 3.731595628785601e-14,  Error =4.6773493522778153e-07
Completed 16 % :  mod = 3.737940556717114e-14,  Error =4.989092303731013e-07
Completed 17 % :  mod = 3.7447144591908077e-14,  Error =5.300962584442459e-07
Completed 18 % :  mod = 3.7519212060884604e-14,  Error =5.61281467525987e-07
Completed 19 % :  mod = 3.759564598470423e-14,  Error =5.924543984292541e-07
Completed 20 % :  mod = 3.767648935028902e-14,  Error =6.236377885215916e-07
Completed 21 % :  mod = 3.7761785091621494e-14,  Error =6.548161763930693e-07
Completed 22 % :  mod = 3.785158143664009e-14,  Error =6.859991117380559e-07
Completed 23 % :  mod = 3.794592518391513e-14,  Error =7.17180228093639e-07
Completed 24 % :  mod = 3.804487012003878e-14,  Error =7.483640729333274e-07
Completed 25 % :  mod = 3.8148470084542745e-14,  Error =7.795479177730158e-07
Completed 26 % :  mod = 3.8256780611024626e-14,  Error =8.107317626127042e-07
Completed 27 % :  mod = 3.8369861521186325e-14,  Error =8.419142432103399e-07
Completed 28 % :  mod = 3.848777343082313e-14,  Error =8.730917215871159e-07
Completed 28 % :  mod = 3.861058087325771e-14,  Error =9.042778401635587e-07
Completed 30 % :  mod = 3.8738350181757744e-14,  Error =9.354612302558962e-07
Completed 31 % :  mod = 3.887115208357433e-14,  Error =9.666496225690935e-07
Completed 32 % :  mod = 3.900905651186518e-14,  Error =9.978361958928872e-07
Completed 33 % :  mod = 3.915214038780981e-14,  Error =1.0290132195223123e-06
Completed 34 % :  mod = 3.9300478673824055e-14,  Error =1.060203885572264e-06
Completed 35 % :  mod = 3.945415194391702e-14,  Error =1.0913900041487068e-06
Completed 36 % :  mod = 3.961324410729005e-14,  Error =1.1225711205042899e-06
Completed 37 % :  mod = 3.977784023781477e-14,  Error =1.1537586033227853e-06
Completed 38 % :  mod = 3.994802847985727e-14,  Error =1.184949269372737e-06
Completed 39 % :  mod = 4.0123900418854964e-14,  Error =1.2161299309809692e-06
Completed 40 % :  mod = 4.030555034016279e-14,  Error =1.2473115020839032e-06
Completed 41 % :  mod = 4.049307501729498e-14,  Error =1.2784980754076969e-06
Completed 42 % :  mod = 4.06865749295349e-14,  Error =1.3096837392367888e-06
Completed 43 % :  mod = 4.088615325608343e-14,  Error =1.3408716768026352e-06
Completed 44 % :  mod = 4.109191667015237e-14,  Error =1.3720587048737798e-06
Completed 45 % :  mod = 4.134023120784311e-14,  Error =1.4032407307240646e-06
Completed 46 % :  mod = 4.1605887474579454e-14,  Error =1.434425030311104e-06
Completed 47 % :  mod = 4.187936519061119e-14,  Error =1.465613877371652e-06
Completed 48 % :  mod = 4.2160801469396644e-14,  Error =1.4967972674639896e-06
Completed 49 % :  mod = 4.2450337818377576e-14,  Error =1.52797701957752e-06
Completed 50 % :  mod = 4.274811796845722e-14,  Error =1.5591645023960155e-06
Completed 51 % :  mod = 4.3054290785676054e-14,  Error =1.5903492567304056e-06
Completed 52 % :  mod = 4.3369008841843704e-14,  Error =1.62154128702241e-06
Completed 53 % :  mod = 4.369242920863233e-14,  Error =1.6527242223673966e-06
Completed 54 % :  mod = 4.402471372227441e-14,  Error =1.6839030649862252e-06
Completed 55 % :  mod = 4.4366027183617745e-14,  Error =1.7150905478047207e-06
Completed 56 % :  mod = 4.471654032274077e-14,  Error =1.746274392644409e-06
Completed 56 % :  mod = 4.5076425934364723e-14,  Error =1.777460511220852e-06
Completed 57 % :  mod = 4.544586253068324e-14,  Error =1.808645265555242e-06
Completed 59 % :  mod = 4.5825032859054686e-14,  Error =1.8398236534267198e-06
Completed 60 % :  mod = 4.621412406082085e-14,  Error =1.8710115909925662e-06
Completed 61 % :  mod = 4.6613326983092657e-14,  Error =1.9021931620955002e-06
Completed 62 % :  mod = 4.702283972570065e-14,  Error =1.9333760974404868e-06
Completed 63 % :  mod = 4.7442864782458775e-14,  Error =1.964556759048719e-06
Completed 64 % :  mod = 4.787360676476336e-14,  Error =1.9957396943937056e-06
Completed 65 % :  mod = 4.8315279389614905e-14,  Error =2.02692672246485e-06
Completed 66 % :  mod = 4.876809801514025e-14,  Error =2.058109203062486e-06
Completed 67 % :  mod = 4.9232283716938634e-14,  Error =2.089290319418069e-06
Completed 68 % :  mod = 4.970806434687286e-14,  Error =2.120476437994512e-06
Completed 69 % :  mod = 5.0195670403783705e-14,  Error =2.1516621018236037e-06
Completed 70 % :  mod = 5.076770674611317e-14,  Error =2.1828409444424324e-06
Completed 71 % :  mod = 5.136398903598087e-14,  Error =2.214027517766226e-06
Completed 72 % :  mod = 5.1974666386089363e-14,  Error =2.2452113626059145e-06
Completed 73 % :  mod = 5.2600019323162866e-14,  Error =2.2763929337088484e-06
Completed 74 % :  mod = 5.3240346426315286e-14,  Error =2.307575869053835e-06
Completed 75 % :  mod = 5.389594103364417e-14,  Error =2.3387628971249796e-06
Completed 76 % :  mod = 5.456711284157085e-14,  Error =2.3699485609540716e-06
Completed 77 % :  mod = 5.525417218179139e-14,  Error =2.40113240579376e-06
Completed 78 % :  mod = 5.595744156210045e-14,  Error =2.4323167053807992e-06
Completed 79 % :  mod = 5.6677244760842114e-14,  Error =2.4635019144625403e-06
Completed 80 % :  mod = 5.741391857949204e-14,  Error =2.494684395060176e-06
Completed 81 % :  mod = 5.816780733694328e-14,  Error =2.5258641471737064e-06
Completed 82 % :  mod = 5.893925577560538e-14,  Error =2.5570452635292895e-06
Completed 83 % :  mod = 5.979284883421749e-14,  Error =2.588225470390171e-06
Completed 84 % :  mod = 6.070194827950052e-14,  Error =2.6194074962404557e-06
Completed 85 % :  mod = 6.163176975056343e-14,  Error =2.650599071785109e-06
Completed 86 % :  mod = 6.258272659948446e-14,  Error =2.6817865546036046e-06
Completed 87 % :  mod = 6.355524816608875e-14,  Error =2.712970854190644e-06
Completed 88 % :  mod = 6.454976950767384e-14,  Error =2.7441587917564902e-06
Completed 89 % :  mod = 6.556674293983357e-14,  Error =2.775340362859424e-06
Completed 90 % :  mod = 6.660661918997499e-14,  Error =2.806522388709709e-06
Completed 91 % :  mod = 6.769950609714781e-14,  Error =2.8377030503179412e-06
Completed 92 % :  mod = 6.888752999795078e-14,  Error =2.868889623641735e-06
Completed 93 % :  mod = 7.010186602434814e-14,  Error =2.9000689210079145e-06
Completed 94 % :  mod = 7.134304653654724e-14,  Error =2.931252765847603e-06
Completed 95 % :  mod = 7.261161691788699e-14,  Error =2.962437065434642e-06
Completed 96 % :  mod = 7.39081348866236e-14,  Error =2.993622729263734e-06
Completed 97 % :  mod = 7.530853652296194e-14,  Error =3.024816123797791e-06
Completed 98 % :  mod = 7.674890657358678e-14,  Error =3.0559963306586724e-06
Completed 99 % :  mod = 7.822062081372697e-14,  Error =3.0871728995407466e-06
Completed 100 % :  mod = 7.975789466283081e-14,  Error =3.1183512874122243e-06
Finished 1/11 frames
Finished all frames!
