/opt/local/miniconda_23_9/lib/python3.11/site-packages/conda/base/context.py:201: FutureWarning: Adding 'defaults' to channel list implicitly is deprecated and will be removed in 25.3. 

To remove this warning, please choose a default channel explicitly with conda's regular configuration system, e.g. by adding 'defaults' to the list of channels:

  conda config --add channels defaults

For more information see https://docs.conda.io/projects/conda/en/stable/user-guide/configuration/use-condarc.html

  deprecated.topic(
JOB 14243 ARRAY_ID 13  -> i=13 ; range=[1.98e-10, 2.18e-10] ; intervals=20 (frames=21)
Simulation name: run1
Analytic t0 extension enabled (--extend-time-using-t0).
Extending simulation time for p0=2.104e-10 from 1.000e+10 to 1.755e+10
Completed 0 % :  mod = 2.3887191107147853e-16,  Error =0.0
Completed 1 % :  mod = 2.5654594969182255e-16,  Error =8.470783541270066e-07
Completed 2 % :  mod = 3.1223264446889335e-16,  Error =1.6941562535066623e-06
Completed 3 % :  mod = 4.143338149334689e-16,  Error =2.541233698138967e-06
Completed 4 % :  mod = 5.782762591548841e-16,  Error =3.388311597518623e-06
Completed 5 % :  mod = 8.288791761904182e-16,  Error =4.235384494677419e-06
Completed 6 % :  mod = 1.2041691541930601e-15,  Error =5.082457391836215e-06
Completed 7 % :  mod = 1.7612368958698635e-15,  Error =5.9295352912158705e-06
Completed 8 % :  mod = 2.5849925443491485e-15,  Error =6.776572718081297e-06
Completed 9 % :  mod = 3.801509990881815e-15,  Error =7.6236528911977075e-06
Completed 10 % :  mod = 5.597290958188843e-15,  Error =8.470722150377696e-06
Completed 11 % :  mod = 8.248425558632458e-15,  Error =9.317805961472914e-06
Completed 12 % :  mod = 1.2167941997830082e-14,  Error =1.0164883406105218e-05
Completed 13 % :  mod = 1.798613059778666e-14,  Error =1.1011955393769313e-05
Completed 14 % :  mod = 2.6599267698038397e-14,  Error =1.1859026926686056e-05
Completed 15 % :  mod = 3.935535856563466e-14,  Error =1.2706107554549817e-05
Completed 16 % :  mod = 5.82541512341919e-14,  Error =1.3553141798183788e-05
Completed 17 % :  mod = 8.626971271611672e-14,  Error =1.4400216969079338e-05
Completed 18 % :  mod = 1.278181798912049e-13,  Error =1.5247293504216941e-05
Completed 19 % :  mod = 1.8946895443878708e-13,  Error =1.6094355942186667e-05
Completed 20 % :  mod = 2.810012746803933e-13,  Error =1.6941424746619305e-05
Completed 21 % :  mod = 4.1698809324566957e-13,  Error =1.7788499008020153e-05
Completed 22 % :  mod = 6.191741898905234e-13,  Error =1.8635580090631265e-05
Completed 23 % :  mod = 9.200568771306523e-13,  Error =1.9482639800116885e-05
Completed 24 % :  mod = 1.36826261869833e-12,  Error =2.0329641301941592e-05
Completed 25 % :  mod = 2.0368422207508787e-12,  Error =2.1176646441745106e-05
Completed 26 % :  mod = 3.0355164310731236e-12,  Error =2.202359519287711e-05
Completed 27 % :  mod = 4.529394734425369e-12,  Error =2.28703579523426e-05
Completed 28 % :  mod = 6.766244225209224e-12,  Error =2.3716761006653542e-05
Completed 29 % :  mod = 1.0113498037292683e-11,  Error =2.4562350063206395e-05
Completed 30 % :  mod = 1.5097005425814357e-11,  Error =2.540611285439809e-05
Completed 31 % :  mod = 2.239749199514111e-11,  Error =2.6245915705658263e-05
Completed 32 % :  mod = 3.264789699960472e-11,  Error =2.707739395191311e-05
Completed 33 % :  mod = 4.5654958768398235e-11,  Error =2.7893224341823952e-05
Completed 34 % :  mod = 5.879574969133593e-11,  Error =2.8684872631856706e-05
Completed 35 % :  mod = 6.685408193746571e-11,  Error =2.9451828595483676e-05
Completed 36 % :  mod = 6.885548799947111e-11,  Error =3.0208400858100504e-05
Completed 37 % :  mod = 7.425058057946703e-11,  Error =3.0965744826971786e-05
Completed 38 % :  mod = 9.372748385309212e-11,  Error =3.1705829314887524e-05
Completed 39 % :  mod = 1.121618293663649e-10,  Error =3.238635372326826e-05
Completed 40 % :  mod = 1.1129369636215854e-10,  Error =3.300636399217183e-05
Completed 41 % :  mod = 1.1649961998002423e-10,  Error =3.359491302035167e-05
Completed 42 % :  mod = 1.1797378268459756e-10,  Error =3.415688524910365e-05
Completed 43 % :  mod = 1.193553241899095e-10,  Error =3.474433924566256e-05
Completed 44 % :  mod = 1.2004135991123358e-10,  Error =3.5362366816116264e-05
Completed 45 % :  mod = 1.1842745295085515e-10,  Error =3.6002522392664105e-05
Completed 46 % :  mod = 1.2093136307907615e-10,  Error =3.6682434711110545e-05
Completed 47 % :  mod = 1.203680669816907e-10,  Error =3.741470573004335e-05
Completed 48 % :  mod = 1.2105587049686129e-10,  Error =3.8187348309293156e-05
Completed 49 % :  mod = 1.2121698707356523e-10,  Error =3.898682098224526e-05
Completed 50 % :  mod = 1.0800449048522589e-10,  Error =3.980329074693145e-05
Completed 51 % :  mod = 1.2065600120979212e-10,  Error =4.062787138536805e-05
Completed 52 % :  mod = 1.0253109051692016e-10,  Error =4.145830234847381e-05
Completed 53 % :  mod = 1.1002336125542316e-10,  Error =4.229288560964051e-05
Completed 54 % :  mod = 9.404721585541911e-11,  Error =4.312723967814236e-05
Completed 55 % :  mod = 6.117325126392139e-11,  Error =4.395824407765758e-05
Completed 56 % :  mod = 5.224516487358914e-11,  Error =4.477965876503731e-05
Completed 57 % :  mod = 5.634503697862898e-11,  Error =4.5584310555568663e-05
Completed 58 % :  mod = 6.268668239147863e-11,  Error =4.63666119685513e-05
Completed 59 % :  mod = 7.320977771141035e-11,  Error =4.712557620223379e-05
Completed 60 % :  mod = 8.141526148195961e-11,  Error =4.786799627254368e-05
Completed 61 % :  mod = 8.611464264671007e-11,  Error =4.859647560806479e-05
Completed 62 % :  mod = 1.0507761458050718e-10,  Error =4.9281256906397175e-05
Completed 63 % :  mod = 1.1492233642215773e-10,  Error =4.9892325023392914e-05
Completed 64 % :  mod = 1.1218736771300874e-10,  Error =5.048043158240034e-05
Completed 65 % :  mod = 1.1820861535089046e-10,  Error =5.1053011702606454e-05
Completed 66 % :  mod = 1.20329028923472e-10,  Error =5.163990681467112e-05
Completed 67 % :  mod = 1.1986973020766778e-10,  Error =5.22752093274903e-05
Completed 68 % :  mod = 1.0989522457201327e-10,  Error =5.293566800901317e-05
Completed 69 % :  mod = 1.2212857978337128e-10,  Error =5.361373268897296e-05
Completed 70 % :  mod = 1.2109532157192395e-10,  Error =5.432772695712629e-05
Completed 71 % :  mod = 1.1832468320254144e-10,  Error =5.50852669221058e-05
Completed 72 % :  mod = 1.1918346667661748e-10,  Error =5.586763654719107e-05
Completed 73 % :  mod = 1.0721971388734782e-10,  Error =5.667013374477392e-05
Completed 74 % :  mod = 1.0986018514244776e-10,  Error =5.74897535443597e-05
Completed 75 % :  mod = 9.551941335298825e-11,  Error =5.8319152230978943e-05
Completed 76 % :  mod = 6.579030029141219e-11,  Error =5.915372821618803e-05
Completed 77 % :  mod = 5.14802641984668e-11,  Error =5.9987232816638425e-05
Completed 78 % :  mod = 5.497299660714273e-11,  Error =6.081426818127511e-05
Completed 79 % :  mod = 5.867821703872079e-11,  Error =6.163113994261948e-05
Completed 80 % :  mod = 6.789789139768714e-11,  Error =6.243519101190032e-05
Completed 81 % :  mod = 8.12304082983621e-11,  Error =6.322317995000049e-05
Completed 82 % :  mod = 8.817752347846453e-11,  Error =6.399047470040387e-05
Completed 83 % :  mod = 9.610807465765553e-11,  Error =6.472806217061589e-05
Completed 84 % :  mod = 1.1419677081661133e-10,  Error =6.541655830005766e-05
Completed 85 % :  mod = 1.1683356586183406e-10,  Error =6.605364023926086e-05
Completed 86 % :  mod = 1.1723917476929803e-10,  Error =6.66615296722739e-05
Completed 87 % :  mod = 1.1920001268720505e-10,  Error =6.724633976773475e-05
Completed 88 % :  mod = 1.209883470973038e-10,  Error =6.783059507142752e-05
Completed 89 % :  mod = 1.1649558053539422e-10,  Error =6.843707433290547e-05
Completed 90 % :  mod = 1.2092536691674756e-10,  Error =6.907356282681576e-05
Completed 91 % :  mod = 1.2181136561362915e-10,  Error =6.974282496230444e-05
Completed 92 % :  mod = 1.1075122053431185e-10,  Error =7.045448501230567e-05
Completed 93 % :  mod = 1.2107566938000715e-10,  Error =7.11992120159266e-05
Completed 94 % :  mod = 1.0606450364537987e-10,  Error =7.196460774139268e-05
Completed 95 % :  mod = 1.1917618372538965e-10,  Error =7.27480796740565e-05
Completed 96 % :  mod = 1.0720430468103042e-10,  Error =7.354959097938263e-05
Completed 97 % :  mod = 1.101152270530856e-10,  Error =7.436652731485083e-05
Completed 98 % :  mod = 1.0314707608839122e-10,  Error =7.519034670622204e-05
Completed 99 % :  mod = 7.120851805761829e-11,  Error =7.601733204865013e-05
Completed 100 % :  mod = 6.221684674479603e-11,  Error =7.684224192416877e-05
Finished 14/21 frames
Finished all frames!
