/opt/local/miniconda_23_9/lib/python3.11/site-packages/conda/base/context.py:201: FutureWarning: Adding 'defaults' to channel list implicitly is deprecated and will be removed in 25.3. 

To remove this warning, please choose a default channel explicitly with conda's regular configuration system, e.g. by adding 'defaults' to the list of channels:

  conda config --add channels defaults

For more information see https://docs.conda.io/projects/conda/en/stable/user-guide/configuration/use-condarc.html

  deprecated.topic(
JOB 15222 ARRAY_ID 0  -> i=4 ; range=[1.4e-10, 1.4e-10] ; intervals=0 (frames=1)
Simulation name: hysteresis_downsweep
Analytic t0 extension enabled (--extend-time-using-t0).
Restarting from complex psi index 3 (--restart-from-index).
Using final frame from existing outputs as initial condition: psi_not_squared3_1.425e-10.out
Completed 0 % :  mod = 6.479950131871203e-11,  Error =0.0
Completed 0 % :  mod = 6.275532798230205e-11,  Error =-2.2423248992708977e-05
Completed 0 % :  mod = 6.523274491619328e-11,  Error =-2.220627675342257e-05
Completed 1 % :  mod = 6.588019897318467e-11,  Error =-2.199207756348187e-05
Completed 1 % :  mod = 6.511674385840815e-11,  Error =-2.178004297093139e-05
Completed 2 % :  mod = 6.542261035147981e-11,  Error =-2.156920345441904e-05
Completed 2 % :  mod = 6.560733755691972e-11,  Error =-2.1357951027312083e-05
Completed 3 % :  mod = 6.477458005289345e-11,  Error =-2.1144312995602377e-05
Completed 3 % :  mod = 6.573877860327872e-11,  Error =-2.0927645437041065e-05
Completed 4 % :  mod = 6.279898484541117e-11,  Error =-2.0708085685328115e-05
Completed 4 % :  mod = 6.501794950276273e-11,  Error =-2.0486366793193156e-05
Completed 5 % :  mod = 6.319230016076077e-11,  Error =-2.0263985334167955e-05
Completed 5 % :  mod = 6.383131956667256e-11,  Error =-2.00424988179293e-05
Completed 6 % :  mod = 6.202100071401064e-11,  Error =-1.9823204638669267e-05
Completed 6 % :  mod = 6.56594403463399e-11,  Error =-1.9607341528171673e-05
Completed 7 % :  mod = 6.545453183811028e-11,  Error =-1.9395113667997066e-05
Completed 7 % :  mod = 6.54935981290024e-11,  Error =-1.9185966721124714e-05
Completed 8 % :  mod = 6.421313902970024e-11,  Error =-1.897887568702572e-05
Completed 8 % :  mod = 6.559005001078617e-11,  Error =-1.8772934708977118e-05
Completed 9 % :  mod = 6.535565215661705e-11,  Error =-1.856782228060183e-05
Completed 9 % :  mod = 6.51870985022444e-11,  Error =-1.836292904044967e-05
Completed 10 % :  mod = 6.654446980785268e-11,  Error =-1.81577729563287e-05
Completed 10 % :  mod = 6.576957937935063e-11,  Error =-1.7950618712347932e-05
Completed 11 % :  mod = 6.514256673425694e-11,  Error =-1.7740028397383867e-05
Completed 11 % :  mod = 6.421605238150752e-11,  Error =-1.7525952443975257e-05
Completed 12 % :  mod = 6.471594868559223e-11,  Error =-1.730937492538942e-05
Completed 12 % :  mod = 6.31475292640894e-11,  Error =-1.7091960671677953e-05
Completed 13 % :  mod = 6.470858163938105e-11,  Error =-1.687524127191864e-05
Completed 13 % :  mod = 6.493251943510958e-11,  Error =-1.666010348344571e-05
Completed 14 % :  mod = 6.436698206997734e-11,  Error =-1.644665871936013e-05
Completed 14 % :  mod = 6.526711969559171e-11,  Error =-1.623529578864691e-05
Completed 15 % :  mod = 6.422837547183064e-11,  Error =-1.602585825821734e-05
Completed 15 % :  mod = 6.570787585242613e-11,  Error =-1.581792275828775e-05
Completed 16 % :  mod = 6.577716567734821e-11,  Error =-1.5610374248353764e-05
Completed 16 % :  mod = 6.576231810639703e-11,  Error =-1.5401788914459758e-05
Completed 17 % :  mod = 6.604710339749868e-11,  Error =-1.5191024886007654e-05
Completed 17 % :  mod = 6.533077185884486e-11,  Error =-1.4977224964241032e-05
Completed 18 % :  mod = 6.23560932532684e-11,  Error =-1.47607779581449e-05
Completed 18 % :  mod = 6.424156557380911e-11,  Error =-1.4542492408509133e-05
Completed 19 % :  mod = 6.45123420315104e-11,  Error =-1.432310000382131e-05
Completed 19 % :  mod = 6.501815634248963e-11,  Error =-1.4103219200478634e-05
Completed 20 % :  mod = 6.542543150404117e-11,  Error =-1.388271357427584e-05
Completed 20 % :  mod = 6.29754946785918e-11,  Error =-1.3661243883689167e-05
Completed 21 % :  mod = 6.422358853395314e-11,  Error =-1.343943858955754e-05
Completed 21 % :  mod = 6.496709100789367e-11,  Error =-1.3218030744610587e-05
Completed 22 % :  mod = 6.44075004513826e-11,  Error =-1.2997808880754746e-05
Completed 22 % :  mod = 6.441216742269317e-11,  Error =-1.2779618373315316e-05
Completed 23 % :  mod = 6.478713325244798e-11,  Error =-1.2564299140649382e-05
Completed 23 % :  mod = 6.532765220456852e-11,  Error =-1.2352062640275108e-05
Completed 24 % :  mod = 6.532970931157425e-11,  Error =-1.214206577060395e-05
Completed 24 % :  mod = 6.449667807566143e-11,  Error =-1.1933143014175585e-05
Completed 25 % :  mod = 6.462284905116662e-11,  Error =-1.1723715488187736e-05
Completed 25 % :  mod = 6.445981113835147e-11,  Error =-1.151308924818295e-05
Completed 26 % :  mod = 6.435780557653632e-11,  Error =-1.130090049628052e-05
Completed 26 % :  mod = 6.562302312570009e-11,  Error =-1.108698870666558e-05
Completed 27 % :  mod = 6.471201887383426e-11,  Error =-1.0872192433453165e-05
Completed 27 % :  mod = 6.454743287784286e-11,  Error =-1.0657794973667478e-05
Completed 28 % :  mod = 6.525751965913547e-11,  Error =-1.0444293820910389e-05
Completed 28 % :  mod = 6.483070005864575e-11,  Error =-1.0232159638690064e-05
Completed 29 % :  mod = 6.513563019032606e-11,  Error =-1.0020506124419626e-05
Completed 29 % :  mod = 6.50345288210249e-11,  Error =-9.808568393054884e-06
Completed 30 % :  mod = 6.434639069209161e-11,  Error =-9.596813470125198e-06
Completed 30 % :  mod = 6.451764255636393e-11,  Error =-9.38512857828755e-06
Completed 31 % :  mod = 6.608704233478141e-11,  Error =-9.173961188935209e-06
Completed 31 % :  mod = 6.451909591256809e-11,  Error =-8.96305618880433e-06
Completed 32 % :  mod = 6.558880080485502e-11,  Error =-8.751726909395074e-06
Completed 32 % :  mod = 6.526937627734955e-11,  Error =-8.539529517292976e-06
Completed 33 % :  mod = 6.507907856045394e-11,  Error =-8.326514489453984e-06
Completed 33 % :  mod = 6.550703665997095e-11,  Error =-8.112965133477701e-06
Completed 34 % :  mod = 6.450575561348468e-11,  Error =-7.898802323325071e-06
Completed 34 % :  mod = 6.56932070794018e-11,  Error =-7.684649972361512e-06
Completed 35 % :  mod = 6.55619600321848e-11,  Error =-7.4703411883092485e-06
Completed 35 % :  mod = 6.389843099714771e-11,  Error =-7.2556122177047655e-06
Completed 36 % :  mod = 6.517935044922874e-11,  Error =-7.040296168270288e-06
Completed 36 % :  mod = 6.529919463095353e-11,  Error =-6.8246076807554346e-06
Completed 37 % :  mod = 6.487403987856188e-11,  Error =-6.609009233216057e-06
Completed 37 % :  mod = 6.50023722530669e-11,  Error =-6.3936035985534545e-06
Completed 38 % :  mod = 6.574502572330748e-11,  Error =-6.178151124913711e-06
Completed 38 % :  mod = 6.384407509479641e-11,  Error =-5.96214067627443e-06
Completed 39 % :  mod = 6.426650655043619e-11,  Error =-5.74587920709746e-06
Completed 39 % :  mod = 6.367134015337626e-11,  Error =-5.530353973881574e-06
Completed 40 % :  mod = 6.592912996059658e-11,  Error =-5.316702299751341e-06
Completed 40 % :  mod = 6.45548972589728e-11,  Error =-5.105162472318625e-06
Completed 41 % :  mod = 6.627326439699845e-11,  Error =-4.894831818091916e-06
Completed 41 % :  mod = 6.597385970673326e-11,  Error =-4.685065505327657e-06
Completed 42 % :  mod = 6.424254080551858e-11,  Error =-4.474691195355263e-06
Completed 42 % :  mod = 6.435803545167733e-11,  Error =-4.263162281858968e-06
Completed 43 % :  mod = 6.507822696605653e-11,  Error =-4.0507084122509696e-06
Completed 43 % :  mod = 6.47320856372184e-11,  Error =-3.837446456600446e-06
Completed 44 % :  mod = 6.608552881563186e-11,  Error =-3.6236929190636147e-06
Completed 44 % :  mod = 6.608614776721892e-11,  Error =-3.4094255170202814e-06
Completed 45 % :  mod = 6.337793125133233e-11,  Error =-3.1940189728629775e-06
Completed 45 % :  mod = 6.518929621099456e-11,  Error =-2.977250005642418e-06
Completed 46 % :  mod = 6.5969506057786e-11,  Error =-2.75985621556174e-06
Completed 46 % :  mod = 6.484757644340953e-11,  Error =-2.54199949267786e-06
Completed 47 % :  mod = 6.384989178592174e-11,  Error =-2.3239349502546247e-06
Completed 47 % :  mod = 6.464716121794466e-11,  Error =-2.1061628103780095e-06
Completed 48 % :  mod = 6.603922328049579e-11,  Error =-1.8890577848651446e-06
Completed 48 % :  mod = 6.501505745419028e-11,  Error =-1.6736767065594904e-06
Completed 49 % :  mod = 6.484732020824318e-11,  Error =-1.4605930118705146e-06
Completed 49 % :  mod = 6.491760998355852e-11,  Error =-1.2499003787524998e-06
Completed 50 % :  mod = 6.53943611955912e-11,  Error =-1.0415542419650592e-06
Completed 50 % :  mod = 6.474580941454163e-11,  Error =-8.337456165463664e-07
Completed 51 % :  mod = 6.555357414583567e-11,  Error =-6.247669261938427e-07
Completed 51 % :  mod = 6.547980556845136e-11,  Error =-4.1361226976732723e-07
Completed 52 % :  mod = 6.476856783501348e-11,  Error =-2.0012430468341336e-07
Completed 52 % :  mod = 6.463929078288068e-11,  Error =1.4410943549592048e-08
Completed 53 % :  mod = 6.514931049548843e-11,  Error =2.2904623619979247e-07
Completed 53 % :  mod = 6.448788437685159e-11,  Error =4.4378066377248615e-07
Completed 54 % :  mod = 6.542862592506242e-11,  Error =6.590080374735408e-07
Completed 54 % :  mod = 6.504293036877386e-11,  Error =8.749207154323813e-07
Completed 55 % :  mod = 6.551279810480656e-11,  Error =1.0911880963249132e-06
Completed 55 % :  mod = 6.500717986041396e-11,  Error =1.3074372873234097e-06
Completed 56 % :  mod = 6.428993117032619e-11,  Error =1.5233940757752862e-06
Completed 56 % :  mod = 6.436894619996957e-11,  Error =1.7385959836246911e-06
Completed 57 % :  mod = 6.572468415738367e-11,  Error =1.9523513401509263e-06
Completed 57 % :  mod = 6.636359607421868e-11,  Error =2.1640125851263292e-06
Completed 58 % :  mod = 6.584085526682229e-11,  Error =2.3740540200378746e-06
Completed 58 % :  mod = 6.550513574462411e-11,  Error =2.5834156076598447e-06
Completed 59 % :  mod = 6.484192388498132e-11,  Error =2.7939595383941196e-06
Completed 59 % :  mod = 6.439712532002751e-11,  Error =3.0068458727328107e-06
Completed 60 % :  mod = 6.535845179396723e-11,  Error =3.2220168577623554e-06
Completed 60 % :  mod = 6.349590028631381e-11,  Error =3.439282409090083e-06
Completed 61 % :  mod = 6.538509068785839e-11,  Error =3.65731693818816e-06
Completed 61 % :  mod = 6.455958484554945e-11,  Error =3.875094535032986e-06
Completed 62 % :  mod = 6.475639345851456e-11,  Error =4.092390099685872e-06
Completed 62 % :  mod = 6.511562668398647e-11,  Error =4.3088953134429175e-06
Completed 63 % :  mod = 6.466016719242988e-11,  Error =4.524690666585229e-06
Completed 63 % :  mod = 6.237484051234188e-11,  Error =4.739667019748595e-06
Completed 64 % :  mod = 6.543479264228122e-11,  Error =4.953139978169929e-06
Completed 64 % :  mod = 6.555496313288232e-11,  Error =5.165270522411447e-06
Completed 65 % :  mod = 6.41140905123211e-11,  Error =5.3766329983773176e-06
Completed 65 % :  mod = 6.337318732984925e-11,  Error =5.587849045696203e-06
Completed 66 % :  mod = 6.515258343380497e-11,  Error =5.799145128548844e-06
Completed 66 % :  mod = 6.567351264846669e-11,  Error =6.0106508499302436e-06
Completed 67 % :  mod = 6.45680435848167e-11,  Error =6.222329830052331e-06
Completed 67 % :  mod = 6.4920338644377e-11,  Error =6.435001068894053e-06
Completed 68 % :  mod = 6.310562791816184e-11,  Error =6.648912403761642e-06
Completed 68 % :  mod = 6.541203774475805e-11,  Error =6.863604994578054e-06
Completed 69 % :  mod = 6.603377332035666e-11,  Error =7.078419912431855e-06
Completed 69 % :  mod = 6.447622832474861e-11,  Error =7.292424015759025e-06
Completed 70 % :  mod = 6.483691772009723e-11,  Error =7.505379471695051e-06
Completed 70 % :  mod = 6.568019888948985e-11,  Error =7.717681910435203e-06
Completed 71 % :  mod = 6.475909205844058e-11,  Error =7.929828370834002e-06
Completed 71 % :  mod = 6.471579563379586e-11,  Error =8.142516435327707e-06
Completed 72 % :  mod = 6.431614375441978e-11,  Error =8.356018497579498e-06
Completed 72 % :  mod = 6.464049886435319e-11,  Error =8.569999408791773e-06
Completed 73 % :  mod = 6.324012188489961e-11,  Error =8.783925750321941e-06
Completed 73 % :  mod = 6.49564319797833e-11,  Error =8.997142685984727e-06
Completed 74 % :  mod = 6.442450602541474e-11,  Error =9.208902156387921e-06
Completed 74 % :  mod = 6.46301962491196e-11,  Error =9.419511570740724e-06
Completed 75 % :  mod = 6.56506615808921e-11,  Error =9.630152362660738e-06
Completed 75 % :  mod = 6.60638181208073e-11,  Error =9.841880910244072e-06
Completed 76 % :  mod = 6.443789247290726e-11,  Error =1.005537660603295e-05
Completed 76 % :  mod = 6.415349826225732e-11,  Error =1.0270973234582925e-05
Completed 77 % :  mod = 6.44783079142252e-11,  Error =1.0488013231224613e-05
Completed 77 % :  mod = 6.417288495277168e-11,  Error =1.0705182830861304e-05
Completed 78 % :  mod = 6.504038106038201e-11,  Error =1.0921666671492858e-05
Completed 78 % :  mod = 6.561334982690861e-11,  Error =1.1137155070173321e-05
Completed 79 % :  mod = 6.377268332570268e-11,  Error =1.1352130968589336e-05
Completed 79 % :  mod = 6.50395700308705e-11,  Error =1.1567899036890594e-05
Completed 80 % :  mod = 6.546883740212496e-11,  Error =1.1784436537709553e-05
Completed 80 % :  mod = 6.494177366024661e-11,  Error =1.2001437880826415e-05
Completed 81 % :  mod = 6.372843373731428e-11,  Error =1.221880438606604e-05
Completed 81 % :  mod = 6.482090751411656e-11,  Error =1.2435443295544246e-05
Completed 82 % :  mod = 6.542507433990897e-11,  Error =1.2650818007386988e-05
Completed 82 % :  mod = 6.450449476966324e-11,  Error =1.286491033170023e-05
Completed 83 % :  mod = 6.377905963252932e-11,  Error =1.307798629568424e-05
Completed 83 % :  mod = 6.475257803874828e-11,  Error =1.3290806691657053e-05
Completed 84 % :  mod = 6.625576763877976e-11,  Error =1.3503253740054788e-05
Completed 84 % :  mod = 6.54853771208222e-11,  Error =1.371454982290743e-05
Completed 85 % :  mod = 6.578185473968295e-11,  Error =1.3924872746429173e-05
Completed 85 % :  mod = 6.515932381655611e-11,  Error =1.4134693628875539e-05
Completed 86 % :  mod = 6.441272106893713e-11,  Error =1.4345372164825676e-05
Completed 86 % :  mod = 6.296197070552628e-11,  Error =1.455814208384254e-05
Completed 87 % :  mod = 6.370329911029804e-11,  Error =1.4773233033338329e-05
Completed 87 % :  mod = 6.459215725218845e-11,  Error =1.4990137970016804e-05
Completed 88 % :  mod = 6.544424978490967e-11,  Error =1.5207906017167261e-05
Completed 88 % :  mod = 6.602245535272317e-11,  Error =1.5425435321958503e-05
Completed 89 % :  mod = 6.573558327749781e-11,  Error =1.56421215251612e-05
Completed 89 % :  mod = 6.533230784023165e-11,  Error =1.5857855032663792e-05
Completed 90 % :  mod = 6.491745458844642e-11,  Error =1.6072439393610694e-05
Completed 90 % :  mod = 6.538451439404314e-11,  Error =1.628540485398844e-05
Completed 91 % :  mod = 6.367022432104795e-11,  Error =1.6495917861902853e-05
Completed 91 % :  mod = 6.640416197989037e-11,  Error =1.6704622339602793e-05
Completed 92 % :  mod = 6.632675315973917e-11,  Error =1.6912677438085666e-05
Completed 92 % :  mod = 6.491119262976114e-11,  Error =1.712207131276955e-05
Completed 93 % :  mod = 6.379940808929228e-11,  Error =1.7333583855361212e-05
Completed 93 % :  mod = 6.517054500739886e-11,  Error =1.7547277820995077e-05
Completed 94 % :  mod = 6.43480980008366e-11,  Error =1.7763149571692338e-05
Completed 94 % :  mod = 6.356403624173864e-11,  Error =1.798090397642227e-05
Completed 95 % :  mod = 6.452330567470976e-11,  Error =1.8199918940808857e-05
Completed 95 % :  mod = 6.582652292018256e-11,  Error =1.8418984836898744e-05
Completed 96 % :  mod = 6.431839080132099e-11,  Error =1.863705529103754e-05
Completed 96 % :  mod = 6.52914987248923e-11,  Error =1.8853379515348934e-05
Completed 97 % :  mod = 6.50208489453652e-11,  Error =1.9067460925725754e-05
Completed 97 % :  mod = 6.457844778785364e-11,  Error =1.927911353050149e-05
Completed 98 % :  mod = 6.487895203555031e-11,  Error =1.9488512862153584e-05
Completed 98 % :  mod = 6.559686003158065e-11,  Error =1.9695895389304496e-05
Completed 99 % :  mod = 6.596862608547454e-11,  Error =1.990202690649312e-05
Completed 99 % :  mod = 6.544057801121935e-11,  Error =2.010802791119204e-05
Completed 100 % :  mod = 6.36001027980883e-11,  Error =2.0315429082984338e-05
Finished 5/1 frames
Finished all frames!
