/opt/local/miniconda_23_9/lib/python3.11/site-packages/conda/base/context.py:201: FutureWarning: Adding 'defaults' to channel list implicitly is deprecated and will be removed in 25.3. 

To remove this warning, please choose a default channel explicitly with conda's regular configuration system, e.g. by adding 'defaults' to the list of channels:

  conda config --add channels defaults

For more information see https://docs.conda.io/projects/conda/en/stable/user-guide/configuration/use-condarc.html

  deprecated.topic(
JOB 14653 ARRAY_ID 0  -> i=0 ; range=[1.8e-10, 1.8e-10] ; intervals=0 (frames=1)
Simulation name: run1
Analytic t0 extension enabled (--extend-time-using-t0).
Completed 0 % :  mod = 2.0437660100084617e-16,  Error =0.0
Completed 0 % :  mod = 1.5644716009977367e-16,  Error =9.490349839325063e-08
Completed 0 % :  mod = 1.6040637391987867e-16,  Error =1.8983337213285267e-07
Completed 1 % :  mod = 2.7748763891851995e-16,  Error =2.847477844625246e-07
Completed 1 % :  mod = 3.6002797617991506e-16,  Error =3.796544660872314e-07
Completed 2 % :  mod = 5.514077271610399e-16,  Error =4.7455750973313116e-07
Completed 2 % :  mod = 8.669716828317105e-16,  Error =5.694464562111534e-07
Completed 3 % :  mod = 1.3681085985405863e-15,  Error =6.643613232881762e-07
Completed 3 % :  mod = 2.162063817495598e-15,  Error =7.592775546072517e-07
Completed 4 % :  mod = 3.4188040231699306e-15,  Error =8.541842362319585e-07
Completed 4 % :  mod = 5.407267256963544e-15,  Error =9.491036507824901e-07
Completed 5 % :  mod = 8.553125921879247e-15,  Error =1.0439853213028982e-06
Completed 5 % :  mod = 1.3529588630923119e-14,  Error =1.1388915481802542e-06
Completed 6 % :  mod = 2.1402006432245536e-14,  Error =1.2337850421317853e-06
Completed 6 % :  mod = 3.385511159468558e-14,  Error =1.3286967259773519e-06
Completed 7 % :  mod = 5.355483536999687e-14,  Error =1.423602043360006e-06
Completed 7 % :  mod = 8.471685224818832e-14,  Error =1.5185032680165023e-06
Completed 8 % :  mod = 1.3401187439608103e-13,  Error =1.6134090401465073e-06
Completed 8 % :  mod = 2.1198814049267435e-13,  Error =1.7082898011722136e-06
Completed 9 % :  mod = 3.3533563825413504e-13,  Error =1.8031832951237448e-06
Completed 9 % :  mod = 5.304400591165231e-13,  Error =1.8980867935169954e-06
Completed 10 % :  mod = 8.390251262617985e-13,  Error =1.992983015952632e-06
Completed 10 % :  mod = 1.3269518758776023e-12,  Error =2.0878906070720404e-06
Completed 11 % :  mod = 2.0979574171757735e-12,  Error =2.182774096581852e-06
Completed 11 % :  mod = 3.469673071388014e-12,  Error =2.277652129123453e-06
Completed 12 % :  mod = 6.330305853493881e-12,  Error =2.3724282982584555e-06
Completed 12 % :  mod = 1.2517981397115056e-11,  Error =2.4670348466315772e-06
Completed 13 % :  mod = 2.6109926567971415e-11,  Error =2.5610374905227218e-06
Completed 13 % :  mod = 5.244358349911523e-11,  Error =2.6529410206421744e-06
Completed 14 % :  mod = 8.0398745349213e-11,  Error =2.7386140573071316e-06
Completed 14 % :  mod = 9.378115351357473e-11,  Error =2.814196705003269e-06
Completed 15 % :  mod = 9.80521950133631e-11,  Error =2.8799058782169595e-06
Completed 15 % :  mod = 9.790260952363396e-11,  Error =2.943957497336669e-06
Completed 16 % :  mod = 9.798301956902455e-11,  Error =3.013753484992776e-06
Completed 16 % :  mod = 9.799088760742508e-11,  Error =3.091997314186301e-06
Completed 17 % :  mod = 9.784426598764044e-11,  Error =3.177066446369281e-06
Completed 17 % :  mod = 9.467423202429399e-11,  Error =3.2663360798323993e-06
Completed 18 % :  mod = 9.801317315797614e-11,  Error =3.357938567205565e-06
Completed 18 % :  mod = 9.800938225563011e-11,  Error =3.450673830229789e-06
Completed 19 % :  mod = 9.169998484252222e-11,  Error =3.544086212059483e-06
Completed 19 % :  mod = 9.374237073184731e-11,  Error =3.638030193542363e-06
Completed 20 % :  mod = 7.539710640698898e-11,  Error =3.7323384276533034e-06
Completed 20 % :  mod = 5.2092535148429904e-11,  Error =3.8266912270046305e-06
Completed 21 % :  mod = 2.4215394273834172e-11,  Error =3.920745712093776e-06
Completed 21 % :  mod = 5.04067499667726e-11,  Error =4.0129907574737445e-06
Completed 22 % :  mod = 7.366126940649616e-11,  Error =4.099972557014553e-06
Completed 22 % :  mod = 9.325797374807597e-11,  Error =4.177867140242597e-06
Completed 23 % :  mod = 9.712042674749939e-11,  Error =4.245076524966862e-06
Completed 23 % :  mod = 9.699088877412012e-11,  Error =4.308567440602928e-06
Completed 24 % :  mod = 9.708923642368167e-11,  Error =4.376850029075285e-06
Completed 24 % :  mod = 9.709939323262202e-11,  Error =4.4537837311509065e-06
Completed 25 % :  mod = 9.692763303100223e-11,  Error =4.53777738584904e-06
Completed 25 % :  mod = 9.423594772337756e-11,  Error =4.626447207556339e-06
Completed 26 % :  mod = 9.710983992732029e-11,  Error =4.717759111372288e-06
Completed 26 % :  mod = 9.706115495001678e-11,  Error =4.81039069200051e-06
Completed 27 % :  mod = 9.065867004674201e-11,  Error =4.9038094402931165e-06
Completed 27 % :  mod = 9.450968211364798e-11,  Error =4.997824817110086e-06
Completed 28 % :  mod = 8.086963178628729e-11,  Error =5.092232186143519e-06
Completed 28 % :  mod = 5.393682922752401e-11,  Error =5.18686374562094e-06
Completed 29 % :  mod = 2.92916457030087e-11,  Error =5.281643552734749e-06
Completed 29 % :  mod = 1.3930694415054956e-11,  Error =5.376442004489945e-06
Completed 30 % :  mod = 6.078278209264127e-12,  Error =5.471253189170966e-06
Completed 30 % :  mod = 1.2614913927470893e-11,  Error =5.5658965720795095e-06
Completed 31 % :  mod = 2.342698718348297e-11,  Error =5.660038823407376e-06
Completed 31 % :  mod = 4.370793333791689e-11,  Error =5.752665401814738e-06
Completed 32 % :  mod = 7.498494591311102e-11,  Error =5.840555331815267e-06
Completed 32 % :  mod = 9.031256030076835e-11,  Error =5.918691385886632e-06
Completed 33 % :  mod = 9.788917756202388e-11,  Error =5.986492851661751e-06
Completed 33 % :  mod = 9.787153513912641e-11,  Error =6.049968760635238e-06
Completed 34 % :  mod = 9.787856062620578e-11,  Error =6.118138571764575e-06
Completed 34 % :  mod = 9.78823369215955e-11,  Error =6.19416596236988e-06
Completed 35 % :  mod = 9.785944239715639e-11,  Error =6.2777339735475834e-06
Completed 35 % :  mod = 9.197818853034937e-11,  Error =6.366077741404297e-06
Completed 36 % :  mod = 9.546922793843706e-11,  Error =6.4571522671030834e-06
Completed 36 % :  mod = 9.605504985192635e-11,  Error =6.549612862727372e-06
Completed 37 % :  mod = 8.90529549317061e-11,  Error =6.6426941884856205e-06
Completed 37 % :  mod = 9.766864595724349e-11,  Error =6.736313935107319e-06
Completed 38 % :  mod = 7.810303539303016e-11,  Error =6.830274287494831e-06
Completed 38 % :  mod = 5.986656965985893e-11,  Error =6.924083209014498e-06
Completed 39 % :  mod = 5.184369116201541e-11,  Error =7.016249128355412e-06
Completed 39 % :  mod = 7.864586481464027e-11,  Error =7.10226140654413e-06
Completed 40 % :  mod = 9.254957274545738e-11,  Error =7.1790918809711e-06
Completed 40 % :  mod = 1.0028784594062361e-10,  Error =7.245438155223383e-06
Completed 41 % :  mod = 1.0002790868001952e-10,  Error =7.309435204660986e-06
Completed 41 % :  mod = 1.001432854229519e-10,  Error =7.37795744498726e-06
Completed 42 % :  mod = 1.001818331954001e-10,  Error =7.45550642022863e-06
Completed 42 % :  mod = 9.992167673264252e-11,  Error =7.540174465248128e-06
Completed 43 % :  mod = 9.415812584076073e-11,  Error =7.629167157574557e-06
Completed 43 % :  mod = 1.0021856524525575e-10,  Error =7.720528628851753e-06
Completed 44 % :  mod = 1.0021329619069837e-10,  Error =7.813072897988604e-06
Completed 44 % :  mod = 8.892919865469338e-11,  Error =7.906382961664349e-06
Completed 45 % :  mod = 9.362334989946697e-11,  Error =8.000232355698245e-06
Completed 45 % :  mod = 8.007284085039135e-11,  Error =8.094383701973129e-06
Completed 46 % :  mod = 5.315693146122249e-11,  Error =8.188393167074537e-06
Completed 46 % :  mod = 4.370872040869121e-11,  Error =8.281177542812657e-06
Completed 47 % :  mod = 6.636786842812235e-11,  Error =8.369981969735818e-06
Completed 47 % :  mod = 8.94338222055089e-11,  Error =8.450826499029063e-06
Completed 48 % :  mod = 9.584198707940654e-11,  Error =8.520585197402397e-06
Completed 48 % :  mod = 9.582583595502497e-11,  Error =8.584080660511972e-06
Completed 49 % :  mod = 9.583326613600326e-11,  Error =8.650519248476485e-06
Completed 49 % :  mod = 9.582343460194496e-11,  Error =8.725172847334761e-06
Completed 50 % :  mod = 9.576959518038982e-11,  Error =8.807338417682331e-06
Completed 50 % :  mod = 9.387464026614122e-11,  Error =8.894883194443537e-06
Completed 51 % :  mod = 9.517925696134539e-11,  Error =8.98555072126328e-06
Completed 51 % :  mod = 9.550936565451238e-11,  Error =9.07783714865218e-06
Completed 52 % :  mod = 9.16039402477211e-11,  Error =9.171000783680938e-06
Completed 52 % :  mod = 9.565887606799813e-11,  Error =9.264769687433727e-06
Completed 53 % :  mod = 8.64368192939979e-11,  Error =9.358937404613243e-06
Completed 53 % :  mod = 6.085365855713239e-11,  Error =9.45329520618543e-06
Completed 54 % :  mod = 3.740664054296823e-11,  Error =9.547677109367214e-06
Completed 54 % :  mod = 2.539750743504357e-11,  Error =9.641576525609707e-06
Completed 55 % :  mod = 5.798923938274335e-11,  Error =9.733123988553416e-06
Completed 55 % :  mod = 7.979708583341224e-11,  Error =9.817755653784843e-06
Completed 56 % :  mod = 9.653702034376522e-11,  Error =9.892704838421196e-06
Completed 56 % :  mod = 9.934520546906674e-11,  Error =9.957829661288997e-06
Completed 57 % :  mod = 9.93547220682362e-11,  Error =1.002213957690401e-05
Completed 57 % :  mod = 9.935754373656235e-11,  Error =1.0092294360219967e-05
Completed 58 % :  mod = 9.868161604317073e-11,  Error =1.0171379926759982e-05
Completed 58 % :  mod = 9.928917736874022e-11,  Error =1.025697611112264e-05
Completed 59 % :  mod = 9.757371596120978e-11,  Error =1.0346592262067134e-05
Completed 59 % :  mod = 9.859389886377067e-11,  Error =1.0438339359097881e-05
Completed 60 % :  mod = 9.754782140258052e-11,  Error =1.0531136467761826e-05
Completed 60 % :  mod = 9.373538402093992e-11,  Error =1.062468209056533e-05
Completed 61 % :  mod = 8.988962741036457e-11,  Error =1.0718744761106791e-05
Completed 61 % :  mod = 7.685331878772085e-11,  Error =1.0813153039634926e-05
Completed 62 % :  mod = 4.666230106959182e-11,  Error =1.090768864742131e-05
Completed 62 % :  mod = 1.905404534746867e-11,  Error =1.1002194696629886e-05
Completed 63 % :  mod = 2.723345253746869e-11,  Error =1.1096093203377677e-05
Completed 63 % :  mod = 4.705941987837709e-11,  Error =1.1188213647983503e-05
Completed 64 % :  mod = 7.822398770163886e-11,  Error =1.127510813603294e-05
Completed 64 % :  mod = 9.157883554921566e-11,  Error =1.1351720331731485e-05
Completed 65 % :  mod = 9.775049174846166e-11,  Error =1.1418363556003897e-05
Completed 65 % :  mod = 9.771534941579228e-11,  Error =1.148204819401144e-05
Completed 66 % :  mod = 9.773069595521434e-11,  Error =1.1551294392120326e-05
Completed 66 % :  mod = 9.759357996567748e-11,  Error =1.1628394986473722e-05
Completed 67 % :  mod = 9.730011129298224e-11,  Error =1.1712733339663828e-05
Completed 67 % :  mod = 9.203271240318898e-11,  Error =1.180150729851448e-05
Completed 68 % :  mod = 9.593847221466332e-11,  Error =1.1892786915268516e-05
Completed 68 % :  mod = 9.67671734682074e-11,  Error =1.1985287073912332e-05
Completed 69 % :  mod = 9.082548811334961e-11,  Error =1.2078295640094439e-05
Completed 69 % :  mod = 9.668601697629251e-11,  Error =1.2171705748187378e-05
Completed 70 % :  mod = 7.467842216638808e-11,  Error =1.2265223631402478e-05
Completed 70 % :  mod = 5.65108184497248e-11,  Error =1.2357704690657556e-05
Completed 71 % :  mod = 8.067573852221766e-11,  Error =1.244481245521456e-05
Completed 71 % :  mod = 8.721383728488986e-11,  Error =1.2522158158390084e-05
Completed 72 % :  mod = 1.0120251963758093e-10,  Error =1.2589458492584527e-05
Completed 72 % :  mod = 1.01214715872888e-10,  Error =1.265340415557148e-05
Completed 73 % :  mod = 1.0108634800306666e-10,  Error =1.2721444818453165e-05
Completed 73 % :  mod = 1.010112274070147e-10,  Error =1.2797661383956438e-05
Completed 74 % :  mod = 1.005897310545463e-10,  Error =1.288157227463671e-05
Completed 74 % :  mod = 8.869428207119291e-11,  Error =1.2969941508345073e-05
Completed 75 % :  mod = 9.836659260542108e-11,  Error =1.3060807305009803e-05
Completed 75 % :  mod = 9.986289987454002e-11,  Error =1.3152521660231287e-05
Completed 76 % :  mod = 8.482510991967139e-11,  Error =1.3244703040982131e-05
Completed 76 % :  mod = 9.882076522471398e-11,  Error =1.333698946837103e-05
Completed 77 % :  mod = 7.699182855469114e-11,  Error =1.3426815712591633e-05
Completed 77 % :  mod = 8.646813884479337e-11,  Error =1.3507319636119064e-05
Completed 78 % :  mod = 1.019384634121231e-10,  Error =1.3578584002971184e-05
Completed 78 % :  mod = 1.0268075225591636e-10,  Error =1.3642058092955267e-05
Completed 79 % :  mod = 1.0197159398695344e-10,  Error =1.3708725873584626e-05
Completed 79 % :  mod = 1.0247556796748655e-10,  Error =1.3781173493043752e-05
Completed 80 % :  mod = 9.704872864871586e-11,  Error =1.3862312698620372e-05
Completed 80 % :  mod = 1.0125818467573393e-10,  Error =1.3948796095064608e-05
Completed 81 % :  mod = 1.0258018022843606e-10,  Error =1.4038480912859086e-05
Completed 81 % :  mod = 9.581715412892332e-11,  Error =1.4128592738416046e-05
Completed 82 % :  mod = 9.270110637898945e-11,  Error =1.4218135675037047e-05
Completed 82 % :  mod = 9.871833140587963e-11,  Error =1.430588963557966e-05
Completed 83 % :  mod = 9.527060478909736e-11,  Error =1.438409481124836e-05
Completed 83 % :  mod = 9.863934589454425e-11,  Error =1.4452779851126252e-05
Completed 84 % :  mod = 1.0096785247251471e-10,  Error =1.451564548915485e-05
Completed 84 % :  mod = 1.0105688656765211e-10,  Error =1.458458655179129e-05
Completed 85 % :  mod = 1.0096364671812929e-10,  Error =1.465955028834287e-05
Completed 85 % :  mod = 9.739549484530268e-11,  Error =1.4741308859811397e-05
Completed 86 % :  mod = 1.0089664470435648e-10,  Error =1.4828165149083361e-05
Completed 86 % :  mod = 9.989692381325787e-11,  Error =1.491744524173555e-05
Completed 87 % :  mod = 9.703432743096001e-11,  Error =1.5005709883553209e-05
Completed 87 % :  mod = 9.493127800643772e-11,  Error =1.5089590306160972e-05
Completed 88 % :  mod = 9.945224271134285e-11,  Error =1.5167324818321504e-05
Completed 88 % :  mod = 1.0177470717374444e-10,  Error =1.5233785234158859e-05
Completed 89 % :  mod = 1.0179839955835908e-10,  Error =1.5297137451852905e-05
Completed 89 % :  mod = 1.017627080340587e-10,  Error =1.536508125354885e-05
Completed 90 % :  mod = 9.858006683626942e-11,  Error =1.5442871699633542e-05
Completed 90 % :  mod = 1.0158762139166717e-10,  Error =1.5526392417086754e-05
Completed 91 % :  mod = 1.0079445009133345e-10,  Error =1.561395856697345e-05
Completed 91 % :  mod = 9.833657270349199e-11,  Error =1.57042436512711e-05
Completed 92 % :  mod = 9.610813230240506e-11,  Error =1.5795655599504244e-05
Completed 92 % :  mod = 9.451231008062097e-11,  Error =1.5886766959738452e-05
Completed 93 % :  mod = 8.641621475675388e-11,  Error =1.5973177596606547e-05
Completed 93 % :  mod = 8.848181119236502e-11,  Error =1.605232910151244e-05
Completed 94 % :  mod = 1.0263026335359121e-10,  Error =1.6120984582812525e-05
Completed 94 % :  mod = 1.0260107934654623e-10,  Error =1.6184922969841864e-05
Completed 95 % :  mod = 1.0223535612410577e-10,  Error =1.6250982298515737e-05
Completed 95 % :  mod = 1.0252260605431427e-10,  Error =1.6326204786309972e-05
Completed 96 % :  mod = 1.0208942010023414e-10,  Error =1.6409313957410632e-05
Completed 96 % :  mod = 8.696400414985337e-11,  Error =1.6497093838552246e-05
Completed 97 % :  mod = 9.942334938280284e-11,  Error =1.6587405752943596e-05
Completed 97 % :  mod = 1.0128221275004633e-10,  Error =1.6679199234204134e-05
Completed 98 % :  mod = 8.367049790990953e-11,  Error =1.6771819900895935e-05
Completed 98 % :  mod = 9.87871319392075e-11,  Error =1.6864605640876107e-05
Completed 99 % :  mod = 8.453165558730625e-11,  Error =1.6955958017206285e-05
Completed 99 % :  mod = 7.683865019109206e-11,  Error =1.704080887066084e-05
Finished 1/1 frames
Finished all frames!
