/opt/local/miniconda_23_9/lib/python3.11/site-packages/conda/base/context.py:201: FutureWarning: Adding 'defaults' to channel list implicitly is deprecated and will be removed in 25.3. 

To remove this warning, please choose a default channel explicitly with conda's regular configuration system, e.g. by adding 'defaults' to the list of channels:

  conda config --add channels defaults

For more information see https://docs.conda.io/projects/conda/en/stable/user-guide/configuration/use-condarc.html

  deprecated.topic(
JOB 14237 ARRAY_ID 7  -> i=7 ; range=[1.98e-10, 2.18e-10] ; intervals=20 (frames=21)
Simulation name: run1
Analytic t0 extension enabled (--extend-time-using-t0).
Extending simulation time for p0=2.047e-10 from 1.000e+10 to 2.544e+10
Completed 0 % :  mod = 2.3238376504734916e-16,  Error =0.0
Completed 1 % :  mod = 2.531712950531281e-16,  Error =1.09985603558016e-06
Completed 2 % :  mod = 3.194182472652412e-16,  Error =2.1997147996444255e-06
Completed 3 % :  mod = 4.435306167469595e-16,  Error =3.2995308174577076e-06
Completed 4 % :  mod = 6.488900712184006e-16,  Error =4.3993877625325695e-06
Completed 5 % :  mod = 9.761093813441457e-16,  Error =5.499241524375975e-06
Completed 6 % :  mod = 1.494323009527887e-15,  Error =6.5990602706733625e-06
Completed 7 % :  mod = 2.303147341486648e-15,  Error =7.698908575548558e-06
Completed 8 % :  mod = 3.564334801678395e-15,  Error =8.79875597092905e-06
Completed 9 % :  mod = 5.532453735359913e-15,  Error =9.898571988742333e-06
Completed 10 % :  mod = 8.609696843004334e-15,  Error =1.0998418929375475e-05
Completed 11 % :  mod = 1.3518125396868429e-14,  Error =1.2098281331418548e-05
Completed 12 % :  mod = 2.1269984957138918e-14,  Error =1.3198095530242426e-05
Completed 13 % :  mod = 3.354413267431862e-14,  Error =1.4297948837338481e-05
Completed 14 % :  mod = 5.319531996533081e-14,  Error =1.5397764855151763e-05
Completed 15 % :  mod = 8.478939896581112e-14,  Error =1.6497626802447485e-05
Completed 16 % :  mod = 1.3555363440433294e-13,  Error =1.759748101903824e-05
Completed 17 % :  mod = 2.1767302578215455e-13,  Error =1.869728930614656e-05
Completed 18 % :  mod = 3.5142839378013305e-13,  Error =1.9797135337285e-05
Completed 19 % :  mod = 5.721777616250376e-13,  Error =2.089698227791814e-05
Completed 20 % :  mod = 9.439067348879017e-13,  Error =2.1996768282406265e-05
Completed 21 % :  mod = 1.6080036137234232e-12,  Error =2.3096558834367897e-05
Completed 22 % :  mod = 2.8767076796928485e-12,  Error =2.4196204776671948e-05
Completed 23 % :  mod = 5.483457265458791e-12,  Error =2.529547236918006e-05
Completed 24 % :  mod = 1.1292956797876855e-11,  Error =2.6393697680759942e-05
Completed 25 % :  mod = 2.4439892114708274e-11,  Error =2.748793031059904e-05
Completed 26 % :  mod = 5.209599896004736e-11,  Error =2.8566074888658477e-05
Completed 27 % :  mod = 8.771158281771673e-11,  Error =2.9586637083411915e-05
Completed 28 % :  mod = 9.446156325954266e-11,  Error =3.0512559987982968e-05
Completed 29 % :  mod = 1.1419762107022073e-10,  Error =3.1360788398160366e-05
Completed 30 % :  mod = 1.1537166223022466e-10,  Error =3.2124661629495677e-05
Completed 31 % :  mod = 1.1503477970029117e-10,  Error =3.288096877440694e-05
Completed 32 % :  mod = 1.1355714729163106e-10,  Error =3.367698809597641e-05
Completed 33 % :  mod = 1.1449263906484446e-10,  Error =3.457154480202007e-05
Completed 34 % :  mod = 1.0808402949201418e-10,  Error =3.5532320907805115e-05
Completed 35 % :  mod = 1.1248362015297346e-10,  Error =3.6526916574075585e-05
Completed 36 % :  mod = 1.1204699472754645e-10,  Error =3.753896726266248e-05
Completed 37 % :  mod = 1.0944068614634126e-10,  Error =3.85682387786801e-05
Completed 38 % :  mod = 1.0856105321844919e-10,  Error =3.9616912090423284e-05
Completed 39 % :  mod = 9.669876940144951e-11,  Error =4.068308317073388e-05
Completed 40 % :  mod = 7.498894053098874e-11,  Error =4.1759128635021625e-05
Completed 41 % :  mod = 5.747708097148135e-11,  Error =4.2829815811273875e-05
Completed 42 % :  mod = 9.377974829716468e-11,  Error =4.3847049710166175e-05
Completed 43 % :  mod = 1.0102575919863522e-10,  Error =4.4754463033314096e-05
Completed 44 % :  mod = 1.173856757660801e-10,  Error =4.5589948513224954e-05
Completed 45 % :  mod = 1.183965070364143e-10,  Error =4.6351950004464015e-05
Completed 46 % :  mod = 1.176387643342779e-10,  Error =4.712795271188952e-05
Completed 47 % :  mod = 1.1822262412682147e-10,  Error =4.793958942173049e-05
Completed 48 % :  mod = 1.1385868730407333e-10,  Error =4.88558480356005e-05
Completed 49 % :  mod = 1.1731924311001918e-10,  Error =4.98450963277719e-05
Completed 50 % :  mod = 1.0494290593858542e-10,  Error =5.087757335786591e-05
Completed 51 % :  mod = 1.097160635891453e-10,  Error =5.1929338042100426e-05
Completed 52 % :  mod = 1.0229946071512062e-10,  Error =5.298837822920177e-05
Completed 53 % :  mod = 1.15145800932865e-10,  Error =5.404186504165409e-05
Completed 54 % :  mod = 1.0083860263517322e-10,  Error =5.5084545238059945e-05
Completed 55 % :  mod = 9.189131439505841e-11,  Error =5.611292772300658e-05
Completed 56 % :  mod = 9.396145850162337e-11,  Error =5.711256835638778e-05
Completed 57 % :  mod = 1.1641943135595907e-10,  Error =5.803295880468795e-05
Completed 58 % :  mod = 1.1027224216682363e-10,  Error =5.886453254788648e-05
Completed 59 % :  mod = 1.127988935009438e-10,  Error =5.96346944803372e-05
Completed 60 % :  mod = 1.127579532527658e-10,  Error =6.041244387233746e-05
Completed 61 % :  mod = 1.1399222224789237e-10,  Error =6.123060029494809e-05
Completed 62 % :  mod = 1.1283383296547554e-10,  Error =6.211245499798679e-05
Completed 63 % :  mod = 1.1301337185262197e-10,  Error =6.306799377853167e-05
Completed 64 % :  mod = 1.0578642038550285e-10,  Error =6.407331238733605e-05
Completed 65 % :  mod = 1.0579841430960369e-10,  Error =6.511210494863917e-05
Completed 66 % :  mod = 1.1348564072660884e-10,  Error =6.617185408686055e-05
Completed 67 % :  mod = 1.1681461174514925e-10,  Error =6.724693957949057e-05
Completed 68 % :  mod = 9.470809221007372e-11,  Error =6.833070256107021e-05
Completed 69 % :  mod = 9.162949427804555e-11,  Error =6.941836045371019e-05
Completed 70 % :  mod = 1.0241681233537453e-10,  Error =7.050420526866219e-05
Completed 71 % :  mod = 1.0806092699462515e-10,  Error =7.157673917390639e-05
Completed 72 % :  mod = 1.0209983983858077e-10,  Error =7.258492087203194e-05
Completed 73 % :  mod = 9.871791893153068e-11,  Error =7.349741053985781e-05
Completed 74 % :  mod = 1.1835467133708533e-10,  Error =7.43393215998367e-05
Completed 75 % :  mod = 1.1729768130995067e-10,  Error =7.511701278417604e-05
Completed 76 % :  mod = 1.1681388408194023e-10,  Error =7.589779306726996e-05
Completed 77 % :  mod = 1.1423530523995887e-10,  Error =7.672511628697976e-05
Completed 78 % :  mod = 1.131343257838763e-10,  Error =7.764931933706976e-05
Completed 79 % :  mod = 1.1434549531414791e-10,  Error =7.863421660658787e-05
Completed 80 % :  mod = 1.0611789791259865e-10,  Error =7.963798134369426e-05
Completed 81 % :  mod = 1.1363010529813931e-10,  Error =8.064316853051423e-05
Completed 82 % :  mod = 1.1083084056124193e-10,  Error =8.165268718585139e-05
Completed 83 % :  mod = 1.1119005935034834e-10,  Error =8.267833163699834e-05
Completed 84 % :  mod = 1.0733615290775851e-10,  Error =8.372256388611277e-05
Completed 85 % :  mod = 9.096106960711172e-11,  Error =8.47685969347367e-05
Completed 86 % :  mod = 1.0225201975403075e-10,  Error =8.57643849485612e-05
Completed 87 % :  mod = 1.0536956672697791e-10,  Error =8.666763551445911e-05
Completed 88 % :  mod = 1.1794505390979155e-10,  Error =8.74896977620665e-05
Completed 89 % :  mod = 1.1740828614890747e-10,  Error =8.827309420667007e-05
Completed 90 % :  mod = 1.165884632558725e-10,  Error =8.906521816243185e-05
Completed 91 % :  mod = 1.185539250580295e-10,  Error =8.991142931336071e-05
Completed 92 % :  mod = 1.099916837937735e-10,  Error =9.083359418582404e-05
Completed 93 % :  mod = 1.1598905765523452e-10,  Error =9.1827261258004e-05
Completed 94 % :  mod = 1.1637805768942219e-10,  Error =9.285556780014304e-05
Completed 95 % :  mod = 1.1750723854242613e-10,  Error =9.39049514272483e-05
Completed 96 % :  mod = 1.0496772305183632e-10,  Error =9.496265056441189e-05
Completed 97 % :  mod = 1.0494418758973978e-10,  Error =9.602821728549316e-05
Completed 98 % :  mod = 1.0972509962094054e-10,  Error =9.710127233120147e-05
Completed 99 % :  mod = 1.152608531869067e-10,  Error =9.816808869800298e-05
Completed 100 % :  mod = 1.0313002090061897e-10,  Error =9.921703122017789e-05
Finished 8/21 frames
Finished all frames!
