/opt/local/miniconda_23_9/lib/python3.11/site-packages/conda/base/context.py:201: FutureWarning: Adding 'defaults' to channel list implicitly is deprecated and will be removed in 25.3. 

To remove this warning, please choose a default channel explicitly with conda's regular configuration system, e.g. by adding 'defaults' to the list of channels:

  conda config --add channels defaults

For more information see https://docs.conda.io/projects/conda/en/stable/user-guide/configuration/use-condarc.html

  deprecated.topic(
JOB 14241 ARRAY_ID 11  -> i=11 ; range=[1.98e-10, 2.18e-10] ; intervals=20 (frames=21)
Simulation name: run1
Analytic t0 extension enabled (--extend-time-using-t0).
Extending simulation time for p0=2.085e-10 from 1.000e+10 to 1.928e+10
Completed 0 % :  mod = 2.3670919571286915e-16,  Error =0.0
Completed 1 % :  mod = 2.5486166836168347e-16,  Error =8.976735443866346e-07
Completed 2 % :  mod = 3.1210920828688875e-16,  Error =1.7953052520169877e-06
Completed 3 % :  mod = 4.172645882737467e-16,  Error =2.6929337764158845e-06
Completed 4 % :  mod = 5.865209388745027e-16,  Error =3.5905572985939216e-06
Completed 5 % :  mod = 8.459545010181073e-16,  Error =4.488192644203082e-06
Completed 6 % :  mod = 1.2355569406244856e-15,  Error =5.385815256886417e-06
Completed 7 % :  mod = 1.815460094937525e-15,  Error =6.283506536419736e-06
Completed 8 % :  mod = 2.675114674917284e-15,  Error =7.181134151323931e-06
Completed 9 % :  mod = 3.947339405838143e-15,  Error =8.078746304818196e-06
Completed 10 % :  mod = 5.828824289904536e-15,  Error =8.976372100732988e-06
Completed 11 % :  mod = 8.610724327625265e-15,  Error =9.874001079879235e-06
Completed 12 % :  mod = 1.272399113342906e-14,  Error =1.0771629149530781e-05
Completed 13 % :  mod = 1.880700517846717e-14,  Error =1.1669309060380328e-05
Completed 14 % :  mod = 2.780409489291691e-14,  Error =1.2566932127811015e-05
Completed 15 % :  mod = 4.1115857779507805e-14,  Error =1.3464552921504946e-05
Completed 16 % :  mod = 6.081931299835708e-14,  Error =1.4362173715198878e-05
Completed 17 % :  mod = 8.999879591252167e-14,  Error =1.5259802239597775e-05
Completed 18 % :  mod = 1.332419792579044e-13,  Error =1.6157428490259917e-05
Completed 19 % :  mod = 1.9738805472665816e-13,  Error =1.705505928839557e-05
Completed 20 % :  mod = 2.9267062131883883e-13,  Error =1.7952734651771607e-05
Completed 21 % :  mod = 4.3444147142862626e-13,  Error =1.88503613571811e-05
Completed 22 % :  mod = 6.45912009076612e-13,  Error =1.974799624804291e-05
Completed 23 % :  mod = 9.624244835788521e-13,  Error =2.064561158476863e-05
Completed 24 % :  mod = 1.438374977934126e-12,  Error =2.1543204184126807e-05
Completed 25 % :  mod = 2.158641165823404e-12,  Error =2.2440761313191615e-05
Completed 26 % :  mod = 3.258000906765914e-12,  Error =2.333827069378458e-05
Completed 27 % :  mod = 4.956171898130835e-12,  Error =2.423555133646005e-05
Completed 28 % :  mod = 7.614632435581289e-12,  Error =2.5132384507742245e-05
Completed 29 % :  mod = 1.1832876475325205e-11,  Error =2.6028181764559122e-05
Completed 30 % :  mod = 1.859788381890872e-11,  Error =2.6921545668301405e-05
Completed 31 % :  mod = 2.940583277410098e-11,  Error =2.780908243948943e-05
Completed 32 % :  mod = 4.578948129421052e-11,  Error =2.868304909497965e-05
Completed 33 % :  mod = 6.629561888995086e-11,  Error =2.952870681838249e-05
Completed 34 % :  mod = 8.194764378527014e-11,  Error =3.0330518711707555e-05
Completed 35 % :  mod = 8.829587101582401e-11,  Error =3.1092277822608594e-05
Completed 36 % :  mod = 1.0267306743200812e-10,  Error =3.181984584443853e-05
Completed 37 % :  mod = 1.1433339576438146e-10,  Error =3.24872562487144e-05
Completed 38 % :  mod = 1.1266550175321913e-10,  Error =3.310950341983698e-05
Completed 39 % :  mod = 1.1197260167763858e-10,  Error =3.37128135470266e-05
Completed 40 % :  mod = 1.1376078710903895e-10,  Error =3.432884977883077e-05
Completed 41 % :  mod = 1.1546444276156534e-10,  Error =3.499822878438863e-05
Completed 42 % :  mod = 1.1586293029867964e-10,  Error =3.571094066501246e-05
Completed 43 % :  mod = 1.1603086817676681e-10,  Error =3.6452532640396385e-05
Completed 44 % :  mod = 1.1835469119612572e-10,  Error =3.722733572431025e-05
Completed 45 % :  mod = 1.1433485320606226e-10,  Error =3.8037616377550876e-05
Completed 46 % :  mod = 1.0757109022860477e-10,  Error =3.888030187226832e-05
Completed 47 % :  mod = 1.196777117155402e-10,  Error =3.974428591391188e-05
Completed 48 % :  mod = 1.0084235818512516e-10,  Error =4.06206099796691e-05
Completed 49 % :  mod = 1.0575153885143e-10,  Error =4.1506132220092695e-05
Completed 50 % :  mod = 8.900880560853727e-11,  Error =4.2396349272166844e-05
Completed 51 % :  mod = 5.376534796382066e-11,  Error =4.3290019220876275e-05
Completed 52 % :  mod = 3.548337139933553e-11,  Error =4.4185079332237365e-05
Completed 53 % :  mod = 3.343394416643609e-11,  Error =4.507944959186716e-05
Completed 54 % :  mod = 4.0849789448490576e-11,  Error =4.597122097038664e-05
Completed 55 % :  mod = 4.768972085385032e-11,  Error =4.685652538682916e-05
Completed 56 % :  mod = 6.912512181484385e-11,  Error =4.772455486090621e-05
Completed 57 % :  mod = 9.928703446202076e-11,  Error =4.855132556258468e-05
Completed 58 % :  mod = 1.009745638338515e-10,  Error =4.932868387186318e-05
Completed 59 % :  mod = 1.084924921530458e-10,  Error =5.007274785384652e-05
Completed 60 % :  mod = 1.2050792079117537e-10,  Error =5.076517709312611e-05
Completed 61 % :  mod = 1.2071056036069604e-10,  Error =5.142421514392481e-05
Completed 62 % :  mod = 1.20210720693494e-10,  Error =5.206255355005851e-05
Completed 63 % :  mod = 1.2042024762400337e-10,  Error =5.2703886467497796e-05
Completed 64 % :  mod = 1.1993103316524906e-10,  Error =5.338473329175031e-05
Completed 65 % :  mod = 1.2012846132956963e-10,  Error =5.411129814092419e-05
Completed 66 % :  mod = 1.1839506872123128e-10,  Error =5.4873526551091345e-05
Completed 67 % :  mod = 1.2030072516294684e-10,  Error =5.565576884691836e-05
Completed 68 % :  mod = 1.1357945377330055e-10,  Error =5.645161127176834e-05
Completed 69 % :  mod = 1.0989995733012034e-10,  Error =5.726237668568501e-05
Completed 70 % :  mod = 1.1502458235702072e-10,  Error =5.808552623420837e-05
Completed 71 % :  mod = 1.0021303827533132e-10,  Error =5.892762328585377e-05
Completed 72 % :  mod = 1.0468591235706124e-10,  Error =5.9784570566989714e-05
Completed 73 % :  mod = 8.493624558082218e-11,  Error =6.064698800400947e-05
Completed 74 % :  mod = 9.974123836246678e-11,  Error =6.150011313366122e-05
Completed 75 % :  mod = 1.1243771648921589e-10,  Error =6.231517591004376e-05
Completed 76 % :  mod = 1.1583023039784347e-10,  Error =6.308171623459202e-05
Completed 77 % :  mod = 1.1531109716359812e-10,  Error =6.382594892784255e-05
Completed 78 % :  mod = 1.2007143108501244e-10,  Error =6.45354152766231e-05
Completed 79 % :  mod = 1.1992567592055399e-10,  Error =6.524631317006424e-05
Completed 80 % :  mod = 1.1806488806809153e-10,  Error =6.596013508897158e-05
Completed 81 % :  mod = 1.199695306409904e-10,  Error =6.667441311947186e-05
Completed 82 % :  mod = 1.1733281520009047e-10,  Error =6.741114111719071e-05
Completed 83 % :  mod = 1.179665654581829e-10,  Error =6.816322729719104e-05
Completed 84 % :  mod = 1.1683563020028582e-10,  Error =6.892680312375887e-05
Completed 85 % :  mod = 1.1943463274722513e-10,  Error =6.969382457100437e-05
Completed 86 % :  mod = 1.1860952621186211e-10,  Error =7.046735072435695e-05
Completed 87 % :  mod = 1.2057830767685144e-10,  Error =7.125229330995353e-05
Completed 88 % :  mod = 1.173796567786671e-10,  Error =7.205449628600036e-05
Completed 89 % :  mod = 1.2062143215688302e-10,  Error =7.287323523996747e-05
Completed 90 % :  mod = 1.0817928165776149e-10,  Error =7.370785488092224e-05
Completed 91 % :  mod = 1.0713176902429492e-10,  Error =7.454266506101703e-05
Completed 92 % :  mod = 9.381434014797481e-11,  Error =7.536953899034415e-05
Completed 93 % :  mod = 1.0333343767647278e-10,  Error =7.618409335918841e-05
Completed 94 % :  mod = 1.0639940869268573e-10,  Error =7.69742200645851e-05
Completed 95 % :  mod = 1.2115508687661095e-10,  Error =7.773275228828425e-05
Completed 96 % :  mod = 1.1400829140697765e-10,  Error =7.847366032365244e-05
Completed 97 % :  mod = 1.1388758408028838e-10,  Error =7.919354266050505e-05
Completed 98 % :  mod = 1.1472879187406563e-10,  Error =7.991267466422869e-05
Completed 99 % :  mod = 1.1509783827207123e-10,  Error =8.06386151452898e-05
Completed 100 % :  mod = 1.14515446933392e-10,  Error =8.136342785292072e-05
Finished 12/21 frames
Finished all frames!
