/opt/local/miniconda_23_9/lib/python3.11/site-packages/conda/base/context.py:201: FutureWarning: Adding 'defaults' to channel list implicitly is deprecated and will be removed in 25.3. 

To remove this warning, please choose a default channel explicitly with conda's regular configuration system, e.g. by adding 'defaults' to the list of channels:

  conda config --add channels defaults

For more information see https://docs.conda.io/projects/conda/en/stable/user-guide/configuration/use-condarc.html

  deprecated.topic(
JOB 14235 ARRAY_ID 5  -> i=5 ; range=[1.98e-10, 2.18e-10] ; intervals=20 (frames=21)
Simulation name: run1
Analytic t0 extension enabled (--extend-time-using-t0).
Extending simulation time for p0=2.028e-10 from 1.000e+10 to 3.000e+10
Completed 0 % :  mod = 2.302210495336434e-16,  Error =0.0
Completed 1 % :  mod = 2.518353456310909e-16,  Error =1.2493173926486634e-06
Completed 2 % :  mod = 3.2167368652028927e-16,  Error =2.498637968528783e-06
Completed 3 % :  mod = 4.597796815624185e-16,  Error =3.7479626371350605e-06
Completed 4 % :  mod = 7.03740689624117e-16,  Error =4.997279120289022e-06
Completed 5 % :  mod = 1.1223065775512216e-15,  Error =6.246596967685036e-06
Completed 6 % :  mod = 1.8429256767468245e-15,  Error =7.495921181543963e-06
Completed 7 % :  mod = 3.1077497159400864e-15,  Error =8.745226296014152e-06
Completed 8 % :  mod = 5.355717780776605e-15,  Error =9.994539595936658e-06
Completed 9 % :  mod = 9.347447475294418e-15,  Error =1.1243864719290286e-05
Completed 10 % :  mod = 1.631759014474794e-14,  Error =1.2493189842643915e-05
Completed 11 % :  mod = 2.848585279180125e-14,  Error =1.374252860841807e-05
Completed 12 % :  mod = 4.972873207046856e-14,  Error =1.4991853731771698e-05
Completed 13 % :  mod = 8.681387116334237e-14,  Error =1.6241163848462747e-05
Completed 14 % :  mod = 1.5155623023640553e-13,  Error =1.749048669807962e-05
Completed 15 % :  mod = 2.6458111799812444e-13,  Error =1.873981182143325e-05
Completed 16 % :  mod = 4.618848962219075e-13,  Error =1.9989126030850457e-05
Completed 17 % :  mod = 8.062353177921409e-13,  Error =2.1238426143099787e-05
Completed 18 % :  mod = 1.4132071577193494e-12,  Error =2.2487673049909063e-05
Completed 19 % :  mod = 2.708802284506965e-12,  Error =2.3736783987260424e-05
Completed 20 % :  mod = 5.870634134362248e-12,  Error =2.498539561202051e-05
Completed 21 % :  mod = 1.4146841618273179e-11,  Error =2.623215596031514e-05
Completed 22 % :  mod = 3.5698265645829707e-11,  Error =2.74701096714125e-05
Completed 23 % :  mod = 7.733369959807482e-11,  Error =2.8663454031629954e-05
Completed 24 % :  mod = 9.39010089270144e-11,  Error =2.9739168894593604e-05
Completed 25 % :  mod = 1.1387320232845757e-10,  Error =3.0705175504408544e-05
Completed 26 % :  mod = 1.143775437215965e-10,  Error =3.157233186357189e-05
Completed 27 % :  mod = 1.1433326459220329e-10,  Error =3.244235222155112e-05
Completed 28 % :  mod = 1.1425767296356442e-10,  Error =3.34072528858087e-05
Completed 28 % :  mod = 1.1431040511083707e-10,  Error =3.448493453106494e-05
Completed 30 % :  mod = 1.141077448720055e-10,  Error =3.562317806427018e-05
Completed 31 % :  mod = 1.1096607651641704e-10,  Error =3.6786945202038623e-05
Completed 32 % :  mod = 1.0109628999494552e-10,  Error =3.7968532069498906e-05
Completed 33 % :  mod = 1.0470405651990465e-10,  Error =3.916761897926335e-05
Completed 34 % :  mod = 9.897333612450013e-11,  Error =4.0383777104580076e-05
Completed 35 % :  mod = 5.962277991044433e-11,  Error =4.1603708723414456e-05
Completed 36 % :  mod = 8.395134390815478e-11,  Error =4.2782574837474385e-05
Completed 37 % :  mod = 9.969742234666431e-11,  Error =4.3825144985021325e-05
Completed 38 % :  mod = 1.1668282522654184e-10,  Error =4.475935293157818e-05
Completed 39 % :  mod = 1.1634393466914697e-10,  Error =4.5621082790603396e-05
Completed 40 % :  mod = 1.1665694461526555e-10,  Error =4.6508529521815944e-05
Completed 41 % :  mod = 1.1601507664447989e-10,  Error =4.7498559979430865e-05
Completed 42 % :  mod = 1.1542133077898093e-10,  Error =4.8604299990984146e-05
Completed 43 % :  mod = 1.1486677627059661e-10,  Error =4.9774071158026345e-05
Completed 44 % :  mod = 1.1364408481289684e-10,  Error =5.097322264191462e-05
Completed 45 % :  mod = 9.93959060989659e-11,  Error =5.218657042860286e-05
Completed 46 % :  mod = 1.033596761614765e-10,  Error =5.340317511581816e-05
Completed 47 % :  mod = 9.80534867030103e-11,  Error =5.4618385547655635e-05
Completed 48 % :  mod = 5.789091408264123e-11,  Error =5.58236638426024e-05
Completed 49 % :  mod = 6.166664455018053e-11,  Error =5.700762903870782e-05
Completed 50 % :  mod = 9.505148632340388e-11,  Error =5.811959726997884e-05
Completed 51 % :  mod = 1.0470871152825804e-10,  Error =5.9102026625623694e-05
Completed 52 % :  mod = 1.1232023793772729e-10,  Error =5.998187089062412e-05
Completed 53 % :  mod = 1.1235119904797901e-10,  Error =6.08521204412682e-05
Completed 54 % :  mod = 1.1217000225600379e-10,  Error =6.178490366437472e-05
Completed 55 % :  mod = 1.1208544561266331e-10,  Error =6.282486720010638e-05
Completed 56 % :  mod = 1.0513722607433112e-10,  Error =6.395226182576152e-05
Completed 56 % :  mod = 1.1174412631104414e-10,  Error =6.513065545732388e-05
Completed 57 % :  mod = 1.1239789324545787e-10,  Error =6.63353221170837e-05
Completed 59 % :  mod = 1.1082720861464716e-10,  Error =6.755615004294668e-05
Completed 60 % :  mod = 9.631433829724075e-11,  Error =6.878755993966479e-05
Completed 61 % :  mod = 8.488816803300164e-11,  Error =7.002760003160802e-05
Completed 62 % :  mod = 4.868817610843293e-11,  Error =7.127219396352302e-05
Completed 63 % :  mod = 2.296068968221723e-11,  Error =7.251850774991908e-05
Completed 64 % :  mod = 1.3172569048364211e-11,  Error =7.376397707048454e-05
Completed 65 % :  mod = 2.6323661458420684e-11,  Error =7.500516176150995e-05
Completed 66 % :  mod = 7.514497103497006e-11,  Error =7.621515942446422e-05
Completed 67 % :  mod = 9.621260581451844e-11,  Error =7.731586902082199e-05
Completed 68 % :  mod = 1.140040299239718e-10,  Error =7.832449455236201e-05
Completed 69 % :  mod = 1.1737183362772984e-10,  Error =7.923859266156796e-05
Completed 70 % :  mod = 1.1563793782078094e-10,  Error =8.014571812964277e-05
Completed 71 % :  mod = 1.169087131193441e-10,  Error =8.112389559755684e-05
Completed 72 % :  mod = 1.1625393034406006e-10,  Error =8.220781091949902e-05
Completed 73 % :  mod = 1.1753583130660434e-10,  Error =8.335255370184314e-05
Completed 74 % :  mod = 1.0310561239312994e-10,  Error =8.45208992359403e-05
Completed 75 % :  mod = 1.1635084476709624e-10,  Error =8.569461351726204e-05
Completed 76 % :  mod = 1.1554167294625893e-10,  Error =8.686969840709935e-05
Completed 77 % :  mod = 1.10719771888741e-10,  Error =8.803858918327023e-05
Completed 78 % :  mod = 1.0452398160018711e-10,  Error =8.915861099012545e-05
Completed 79 % :  mod = 1.0396995194762874e-10,  Error =9.016412923301687e-05
Completed 80 % :  mod = 1.1417688938674103e-10,  Error =9.109089842240792e-05
Completed 81 % :  mod = 1.1597909411924879e-10,  Error =9.199446458296734e-05
Completed 82 % :  mod = 1.1584178157875842e-10,  Error =9.292916547565255e-05
Completed 83 % :  mod = 1.1352247859293778e-10,  Error =9.39531923904724e-05
Completed 84 % :  mod = 1.1510043131963246e-10,  Error =9.506202695774846e-05
Completed 85 % :  mod = 1.164200427214126e-10,  Error =9.622215748095186e-05
Completed 86 % :  mod = 1.1174706221819926e-10,  Error =9.741274152474944e-05
Completed 87 % :  mod = 1.1054792542254987e-10,  Error =9.861561829893617e-05
Completed 88 % :  mod = 9.832208953650158e-11,  Error =9.982202982428134e-05
Completed 89 % :  mod = 1.1422072844978608e-10,  Error =0.00010102825490321266
Completed 90 % :  mod = 1.0998746052755419e-10,  Error =0.00010221235561402864
Completed 91 % :  mod = 1.0166214258560561e-10,  Error =0.00010331417934139608
Completed 92 % :  mod = 1.088064321305224e-10,  Error =0.00010435381818751921
Completed 93 % :  mod = 1.131116602785971e-10,  Error =0.00010532256601436529
Completed 94 % :  mod = 1.1174622255726605e-10,  Error =0.00010630259612298687
Completed 95 % :  mod = 1.0693399838442434e-10,  Error =0.00010734383522503776
Completed 96 % :  mod = 1.1499365982152307e-10,  Error =0.0001084612476915936
Completed 97 % :  mod = 1.1269781878859181e-10,  Error =0.00010958992515952559
Completed 98 % :  mod = 1.1520933543275209e-10,  Error =0.00011071905510107172
Completed 99 % :  mod = 1.1443291562096179e-10,  Error =0.00011185991570528131
Completed 100 % :  mod = 1.0643973168921493e-10,  Error =0.00011300668256808422
Finished 6/21 frames
Finished all frames!
