/opt/local/miniconda_23_9/lib/python3.11/site-packages/conda/base/context.py:201: FutureWarning: Adding 'defaults' to channel list implicitly is deprecated and will be removed in 25.3. 

To remove this warning, please choose a default channel explicitly with conda's regular configuration system, e.g. by adding 'defaults' to the list of channels:

  conda config --add channels defaults

For more information see https://docs.conda.io/projects/conda/en/stable/user-guide/configuration/use-condarc.html

  deprecated.topic(
JOB 14244 ARRAY_ID 14  -> i=14 ; range=[1.98e-10, 2.18e-10] ; intervals=20 (frames=21)
Simulation name: run1
Analytic t0 extension enabled (--extend-time-using-t0).
Extending simulation time for p0=2.113e-10 from 1.000e+10 to 1.684e+10
Completed 0 % :  mod = 2.3995326867323505e-16,  Error =0.0
Completed 1 % :  mod = 2.574752570213311e-16,  Error =8.279866960947402e-07
Completed 2 % :  mod = 3.126678520031056e-16,  Error =1.655918822507374e-06
Completed 3 % :  mod = 4.138268164972908e-16,  Error =2.483842763467692e-06
Completed 4 % :  mod = 5.761876196812852e-16,  Error =3.311773980385624e-06
Completed 5 % :  mod = 8.24270389739587e-16,  Error =4.139706106798258e-06
Completed 6 % :  mod = 1.1956619008772376e-15,  Error =4.9676459639158566e-06
Completed 7 % :  mod = 1.746827725271991e-15,  Error =5.795582637801999e-06
Completed 8 % :  mod = 2.5618676190672055e-15,  Error =6.623517947446089e-06
Completed 9 % :  mod = 3.765592443216367e-15,  Error =7.451461442542495e-06
Completed 10 % :  mod = 5.547529593575771e-15,  Error =8.279387202492217e-06
Completed 11 % :  mod = 8.192492011809002e-15,  Error =9.107324785873061e-06
Completed 12 % :  mod = 1.2107948641684277e-14,  Error =9.935264188243309e-06
Completed 13 % :  mod = 1.7906867459432527e-14,  Error =1.0763207228592364e-05
Completed 14 % :  mod = 2.649948802883301e-14,  Error =1.1591141173994401e-05
Completed 15 % :  mod = 3.923805584592957e-14,  Error =1.2419057838997105e-05
Completed 16 % :  mod = 5.813235212952521e-14,  Error =1.3247004972072318e-05
Completed 17 % :  mod = 8.617082534364699e-14,  Error =1.4074938007979654e-05
Completed 18 % :  mod = 1.2779936984259104e-13,  Error =1.4902868315402884e-05
Completed 19 % :  mod = 1.896356699755615e-13,  Error =1.5730808172520483e-05
Completed 20 % :  mod = 2.8154252949019715e-13,  Error =1.6558789866394363e-05
Completed 21 % :  mod = 4.181991248639323e-13,  Error =1.7386715171596734e-05
Completed 22 % :  mod = 6.215184245784225e-13,  Error =1.8214645479019964e-05
Completed 23 % :  mod = 9.242016507512825e-13,  Error =1.9042561689275317e-05
Completed 24 % :  mod = 1.3750987114378825e-12,  Error =1.9870466076099547e-05
Completed 25 % :  mod = 2.0472292785336117e-12,  Error =2.069834226858802e-05
Completed 26 % :  mod = 3.049743446870954e-12,  Error =2.1526134332816582e-05
Completed 27 % :  mod = 4.545523970086384e-12,  Error =2.2353757685777964e-05
Completed 28 % :  mod = 6.7761915962864116e-12,  Error =2.3181009510153672e-05
Completed 29 % :  mod = 1.0094349665095874e-11,  Error =2.4007433239603415e-05
Completed 30 % :  mod = 1.499338708360789e-11,  Error =2.4832019335008226e-05
Completed 31 % :  mod = 2.2090987521788328e-11,  Error =2.5652675049059326e-05
Completed 32 % :  mod = 3.192405223505233e-11,  Error =2.6465184419066645e-05
Completed 33 % :  mod = 4.42310421056585e-11,  Error =2.7262468393018935e-05
Completed 34 % :  mod = 5.653166373596926e-11,  Error =2.8036677122145193e-05
Completed 35 % :  mod = 6.378095335591285e-11,  Error =2.878806753869867e-05
Completed 36 % :  mod = 6.3185781481518e-11,  Error =2.953256989712827e-05
Completed 37 % :  mod = 6.083721371180244e-11,  Error =3.0287433219200466e-05
Completed 38 % :  mod = 6.839701982393187e-11,  Error =3.1049258723214734e-05
Completed 39 % :  mod = 9.227883402173748e-11,  Error =3.1789538297744e-05
Completed 40 % :  mod = 1.1200157040346442e-10,  Error =3.246560254410724e-05
Completed 41 % :  mod = 1.111076723548019e-10,  Error =3.308166242277366e-05
Completed 42 % :  mod = 1.1721939416586996e-10,  Error =3.366866712894989e-05
Completed 43 % :  mod = 1.1997287391264693e-10,  Error =3.4219389362988295e-05
Completed 44 % :  mod = 1.2107481288987034e-10,  Error =3.478559938230319e-05
Completed 45 % :  mod = 1.2177734638479354e-10,  Error =3.5377208405407146e-05
Completed 46 % :  mod = 1.2210164555735586e-10,  Error =3.598290959416772e-05
Completed 47 % :  mod = 1.2227701717736763e-10,  Error =3.6626672681450145e-05
Completed 48 % :  mod = 1.1049288395540471e-10,  Error =3.732582308657584e-05
Completed 49 % :  mod = 1.1974712149749564e-10,  Error =3.807081338891294e-05
Completed 50 % :  mod = 1.1474781809492105e-10,  Error =3.884359284711536e-05
Completed 51 % :  mod = 1.1786748619931634e-10,  Error =3.9634523091081064e-05
Completed 52 % :  mod = 1.0924114048332984e-10,  Error =4.0435978462483035e-05
Completed 53 % :  mod = 1.1906480279104514e-10,  Error =4.124124598092749e-05
Completed 54 % :  mod = 1.0320973532338415e-10,  Error =4.204883816782967e-05
Completed 55 % :  mod = 1.1159590489357522e-10,  Error =4.285357954358915e-05
Completed 56 % :  mod = 9.245227587878275e-11,  Error =4.364762844488723e-05
Completed 57 % :  mod = 6.252342336706602e-11,  Error =4.442483350430848e-05
Completed 58 % :  mod = 6.04490131090921e-11,  Error =4.518319155977224e-05
Completed 59 % :  mod = 6.7281900008222e-11,  Error =4.593168659994262e-05
Completed 60 % :  mod = 6.814539154211592e-11,  Error =4.668449992095702e-05
Completed 61 % :  mod = 7.102743841433538e-11,  Error =4.7444762458326295e-05
Completed 62 % :  mod = 8.55875521260981e-11,  Error =4.819351534024463e-05
Completed 63 % :  mod = 1.0871375790474487e-10,  Error =4.8893086841417244e-05
Completed 64 % :  mod = 1.1149541779915802e-10,  Error =4.9534135541762225e-05
Completed 65 % :  mod = 1.1275766804216636e-10,  Error =5.0154909786215285e-05
Completed 66 % :  mod = 1.193774603856086e-10,  Error =5.0743934934871504e-05
Completed 67 % :  mod = 1.215170919760691e-10,  Error =5.132910655447631e-05
Completed 68 % :  mod = 1.2043223775385703e-10,  Error =5.19380205332709e-05
Completed 69 % :  mod = 1.1744344956741563e-10,  Error =5.255500354905962e-05
Completed 70 % :  mod = 1.2235061629429028e-10,  Error =5.318633066053735e-05
Completed 71 % :  mod = 1.2130544998615761e-10,  Error =5.385984877648298e-05
Completed 72 % :  mod = 1.2163883778795387e-10,  Error =5.4575001740886364e-05
Completed 73 % :  mod = 1.1404698569277446e-10,  Error =5.531525630431133e-05
Completed 74 % :  mod = 1.2229336686198004e-10,  Error =5.6075842167047085e-05
Completed 75 % :  mod = 1.1027815874312494e-10,  Error =5.685562473445316e-05
Completed 76 % :  mod = 1.1164922642455296e-10,  Error =5.7649449445307255e-05
Completed 77 % :  mod = 1.051392164771709e-10,  Error =5.844672068633372e-05
Completed 78 % :  mod = 7.715807320215078e-11,  Error =5.924308334215311e-05
Completed 79 % :  mod = 6.168044720392349e-11,  Error =6.0030806253053015e-05
Completed 80 % :  mod = 6.073690087716014e-11,  Error =6.080235016270308e-05
Completed 81 % :  mod = 6.96072805659924e-11,  Error =6.155663277240819e-05
Completed 82 % :  mod = 9.996871492810589e-11,  Error =6.229867176443804e-05
Completed 83 % :  mod = 1.0489389222567269e-10,  Error =6.303707232291345e-05
Completed 84 % :  mod = 1.0396693239636646e-10,  Error =6.37683197055594e-05
Completed 85 % :  mod = 1.207081567268741e-10,  Error =6.445814324251842e-05
Completed 86 % :  mod = 1.1534573187015835e-10,  Error =6.508491514978232e-05
Completed 87 % :  mod = 1.1180704506463477e-10,  Error =6.569080233020941e-05
Completed 88 % :  mod = 1.193275816427289e-10,  Error =6.627959646721138e-05
Completed 89 % :  mod = 1.2271841845111605e-10,  Error =6.686430879199179e-05
Completed 90 % :  mod = 1.1831298865214007e-10,  Error =6.748179566784529e-05
Completed 91 % :  mod = 1.1879149319541781e-10,  Error =6.8118726630928e-05
Completed 92 % :  mod = 1.2312023007904975e-10,  Error =6.875961935293162e-05
Completed 93 % :  mod = 1.2167521960677823e-10,  Error =6.943713651708094e-05
Completed 94 % :  mod = 1.2124983748503208e-10,  Error =7.015878236416029e-05
Completed 95 % :  mod = 1.1888193037089685e-10,  Error =7.08996717548871e-05
Completed 96 % :  mod = 1.202683658499166e-10,  Error =7.165937995523564e-05
Completed 97 % :  mod = 1.1113869838838094e-10,  Error =7.243575237225741e-05
Completed 98 % :  mod = 1.2190823902448312e-10,  Error =7.322162537093391e-05
Completed 99 % :  mod = 1.0633147854266985e-10,  Error =7.401436641885084e-05
Completed 100 % :  mod = 1.106721896005451e-10,  Error =7.480864815079258e-05
Finished 15/21 frames
Finished all frames!
