/opt/local/miniconda_23_9/lib/python3.11/site-packages/conda/base/context.py:201: FutureWarning: Adding 'defaults' to channel list implicitly is deprecated and will be removed in 25.3. 

To remove this warning, please choose a default channel explicitly with conda's regular configuration system, e.g. by adding 'defaults' to the list of channels:

  conda config --add channels defaults

For more information see https://docs.conda.io/projects/conda/en/stable/user-guide/configuration/use-condarc.html

  deprecated.topic(
JOB 14182 ARRAY_ID 9  -> i=9 ; range=[1.515e-7, 1.53e-7] ; intervals=10 (frames=11)
Simulation name: run1
Analytic t0 extension enabled (--extend-time-using-t0).
Completed 0 % :  mod = 3.7159385847446077e-14,  Error =0.0
Completed 1 % :  mod = 3.7162785784756796e-14,  Error =3.220247890567407e-08
Completed 2 % :  mod = 3.7172986814298817e-14,  Error =6.440814104280435e-08
Completed 3 % :  mod = 3.718999269478084e-14,  Error =9.661880540079437e-08
Completed 4 % :  mod = 3.721380924955438e-14,  Error =1.2882401279057376e-07
Completed 5 % :  mod = 3.724444452543244e-14,  Error =1.6103649613796733e-07
Completed 6 % :  mod = 3.728191006323892e-14,  Error =1.9324625100125559e-07
Completed 7 % :  mod = 3.732621777437464e-14,  Error =2.2544827515957877e-07
Completed 8 % :  mod = 3.7377384758317225e-14,  Error =2.5765393729670905e-07
Completed 9 % :  mod = 3.7435427796906945e-14,  Error =2.8986551114940085e-07
Completed 10 % :  mod = 3.750036843654439e-14,  Error =3.2207026379182935e-07
Completed 11 % :  mod = 3.757222801187193e-14,  Error =3.542741069395561e-07
Completed 12 % :  mod = 3.765103304560871e-14,  Error =3.864843165501952e-07
Completed 13 % :  mod = 3.773681117220465e-14,  Error =4.186895239399746e-07
Completed 14 % :  mod = 3.782959092608215e-14,  Error =4.508979145612102e-07
Completed 15 % :  mod = 3.792940640031734e-14,  Error =4.83101302961586e-07
Completed 16 % :  mod = 3.8036292429140175e-14,  Error =5.15308329340769e-07
Completed 17 % :  mod = 3.815028675845637e-14,  Error =5.475158104673028e-07
Completed 18 % :  mod = 3.8271429728210034e-14,  Error =5.797191988676786e-07
Completed 19 % :  mod = 3.839976326653206e-14,  Error =6.119203135313001e-07
Completed 20 % :  mod = 3.853533216028953e-14,  Error =6.441287041525356e-07
Completed 21 % :  mod = 3.8678185113876916e-14,  Error =6.763384590158239e-07
Completed 22 % :  mod = 3.882837151990295e-14,  Error =7.085427569109015e-07
Completed 23 % :  mod = 3.8985945323778465e-14,  Error =7.4074750955333e-07
Completed 24 % :  mod = 3.915096327671092e-14,  Error =7.729563549219165e-07
Completed 25 % :  mod = 3.932348080641881e-14,  Error =8.051624718063977e-07
Completed 26 % :  mod = 3.950356054040067e-14,  Error =8.373699529329315e-07
Completed 27 % :  mod = 3.9691265370852825e-14,  Error =8.695819815329742e-07
Completed 28 % :  mod = 3.988666205455944e-14,  Error =9.017835509439465e-07
Completed 28 % :  mod = 4.0089819571766154e-14,  Error =9.33988303586375e-07
Completed 30 % :  mod = 4.0300811084943787e-14,  Error =9.66194875218207e-07
Completed 31 % :  mod = 4.0519709068348887e-14,  Error =9.98397808871232e-07
Completed 32 % :  mod = 4.074659414893012e-14,  Error =1.0306075637345202e-06
Completed 33 % :  mod = 4.098154393608128e-14,  Error =1.0628168638504576e-06
Completed 34 % :  mod = 4.122464228606415e-14,  Error =1.0950184332614299e-06
Completed 35 % :  mod = 4.1475977819700825e-14,  Error =1.127224550145911e-06
Completed 36 % :  mod = 4.1735637463747525e-14,  Error =1.1594374882406555e-06
Completed 37 % :  mod = 4.200371555649875e-14,  Error =1.1916413313883822e-06
Completed 38 % :  mod = 4.228030675388635e-14,  Error =1.2238469935255125e-06
Completed 39 % :  mod = 4.2565508782336624e-14,  Error =1.256052200915292e-06
Completed 40 % :  mod = 4.285942286228676e-14,  Error =1.288258317799773e-06
Completed 41 % :  mod = 4.3162156090465034e-14,  Error =1.3204662536736578e-06
Completed 42 % :  mod = 4.347381540478103e-14,  Error =1.3526769180316478e-06
Completed 43 % :  mod = 4.379451250770467e-14,  Error =1.3848862181475852e-06
Completed 44 % :  mod = 4.412436407802444e-14,  Error =1.417093244526768e-06
Completed 45 % :  mod = 4.446348388285307e-14,  Error =1.4493039088847581e-06
Completed 46 % :  mod = 4.481199685955027e-14,  Error =1.4815059330430813e-06
Completed 47 % :  mod = 4.51700246632231e-14,  Error =1.5137184163904749e-06
Completed 48 % :  mod = 4.5537700172165155e-14,  Error =1.5459308997378685e-06
Completed 49 % :  mod = 4.5915153829450314e-14,  Error =1.5781365618749987e-06
Completed 50 % :  mod = 4.630252026037763e-14,  Error =1.610342224012129e-06
Completed 51 % :  mod = 4.6699940972388856e-14,  Error =1.6425474314019084e-06
Completed 52 % :  mod = 4.7131686106400785e-14,  Error =1.6747535482863896e-06
Completed 53 % :  mod = 4.759243190152125e-14,  Error =1.7069555724447127e-06
Completed 54 % :  mod = 4.8064858439803026e-14,  Error =1.7391648725606501e-06
Completed 55 % :  mod = 4.854914698629683e-14,  Error =1.7713746274239384e-06
Completed 56 % :  mod = 4.904547716492704e-14,  Error =1.8035848370345775e-06
Completed 56 % :  mod = 4.9554036699370587e-14,  Error =1.8358000488660764e-06
Completed 57 % :  mod = 5.0075018183743855e-14,  Error =1.8680061657505576e-06
Completed 59 % :  mod = 5.06086174944159e-14,  Error =1.9002086446562316e-06
Completed 60 % :  mod = 5.115503696638199e-14,  Error =1.9324247659824323e-06
Completed 61 % :  mod = 5.171448306392302e-14,  Error =1.964628609130159e-06
Completed 62 % :  mod = 5.228716653942419e-14,  Error =1.996835635509342e-06
Completed 63 % :  mod = 5.2873305874446316e-14,  Error =2.0290362954256125e-06
Completed 64 % :  mod = 5.347312156225349e-14,  Error =2.0612433218047954e-06
Completed 65 % :  mod = 5.408684410168648e-14,  Error =2.093451712426031e-06
Completed 66 % :  mod = 5.4714706956201375e-14,  Error =2.125662831531372e-06
Completed 67 % :  mod = 5.535694501862236e-14,  Error =2.15787758861552e-06
Completed 68 % :  mod = 5.6013804828476644e-14,  Error =2.1900818865105975e-06
Completed 69 % :  mod = 5.66855393309781e-14,  Error =2.2222848201636225e-06
Completed 70 % :  mod = 5.73724017360384e-14,  Error =2.2544841158378404e-06
Completed 71 % :  mod = 5.807465324744266e-14,  Error =2.286687958985567e-06
Completed 72 % :  mod = 5.879256454515707e-14,  Error =2.3188972591015045e-06
Completed 73 % :  mod = 5.952641033255435e-14,  Error =2.351106559217442e-06
Completed 74 % :  mod = 6.027647034226533e-14,  Error =2.3833104023651686e-06
Completed 75 % :  mod = 6.104303425955796e-14,  Error =2.4155142455128953e-06
Completed 76 % :  mod = 6.182639510489245e-14,  Error =2.4477280931023415e-06
Completed 77 % :  mod = 6.262685214559696e-14,  Error =2.4799346647341736e-06
Completed 78 % :  mod = 6.344471348990606e-14,  Error =2.5121380531345494e-06
Completed 79 % :  mod = 6.428029211649376e-14,  Error =2.5443455342610832e-06
Completed 80 % :  mod = 6.513391365658871e-14,  Error =2.5765548343770206e-06
Completed 81 % :  mod = 6.600590681191403e-14,  Error =2.6087627702509053e-06
Completed 82 % :  mod = 6.689660504875312e-14,  Error =2.6409688871353865e-06
Completed 83 % :  mod = 6.780635596825171e-14,  Error =2.673173639777815e-06
Completed 84 % :  mod = 6.873550923619835e-14,  Error =2.705384304135805e-06
Completed 85 % :  mod = 6.971325800193883e-14,  Error =2.737587692536181e-06
Completed 86 % :  mod = 7.076308048352382e-14,  Error =2.7697965379047673e-06
Completed 87 % :  mod = 7.183542938282456e-14,  Error =2.802001290547196e-06
Completed 88 % :  mod = 7.293072980450147e-14,  Error =2.8342019504634663e-06
Completed 89 % :  mod = 7.404942612321448e-14,  Error =2.86641443381086e-06
Completed 90 % :  mod = 7.519196165483238e-14,  Error =2.8986141842324287e-06
Completed 91 % :  mod = 7.635880009695421e-14,  Error =2.930818936874857e-06
Completed 92 % :  mod = 7.7550405994212e-14,  Error =2.963019142043777e-06
Completed 93 % :  mod = 7.876725972016596e-14,  Error =2.9952261684229597e-06
Completed 94 % :  mod = 8.00098505951618e-14,  Error =3.027427737833932e-06
Completed 95 % :  mod = 8.127867910979222e-14,  Error =3.059635218960466e-06
Completed 96 % :  mod = 8.257425718959473e-14,  Error =3.0918467928131577e-06
Completed 97 % :  mod = 8.389710459516159e-14,  Error =3.1240492717188317e-06
Completed 98 % :  mod = 8.524775935123298e-14,  Error =3.156254933855962e-06
Completed 99 % :  mod = 8.662676112367542e-14,  Error =3.188461050740443e-06
Completed 100 % :  mod = 8.803467228942632e-14,  Error =3.220671715098433e-06
Finished 10/11 frames
Finished all frames!
