/opt/local/miniconda_23_9/lib/python3.11/site-packages/conda/base/context.py:201: FutureWarning: Adding 'defaults' to channel list implicitly is deprecated and will be removed in 25.3. 

To remove this warning, please choose a default channel explicitly with conda's regular configuration system, e.g. by adding 'defaults' to the list of channels:

  conda config --add channels defaults

For more information see https://docs.conda.io/projects/conda/en/stable/user-guide/configuration/use-condarc.html

  deprecated.topic(
JOB 14651 ARRAY_ID 0  -> i=0 ; range=[1.6e-10, 1.6e-10] ; intervals=0 (frames=1)
Simulation name: run1
Analytic t0 extension enabled (--extend-time-using-t0).
Completed 0 % :  mod = 1.8166808986469458e-16,  Error =0.0
Completed 0 % :  mod = 1.0461197521227101e-16,  Error =5.857646101503633e-08
Completed 0 % :  mod = 1.834871804898754e-16,  Error =1.1715155778802e-07
Completed 1 % :  mod = 1.8077278105422925e-16,  Error =1.757425707182847e-07
Completed 1 % :  mod = 2.197860706703238e-16,  Error =2.3434949980583042e-07
Completed 2 % :  mod = 3.1158987090091073e-16,  Error =2.929436959675513e-07
Completed 2 % :  mod = 4.1476051538037016e-16,  Error =3.515183379931841e-07
Completed 3 % :  mod = 5.864967712936421e-16,  Error =4.1010707718669437e-07
Completed 3 % :  mod = 8.323528638905773e-16,  Error =4.686935426434502e-07
Completed 4 % :  mod = 1.183410277465206e-15,  Error =5.272822818369605e-07
Completed 4 % :  mod = 1.6840277057065215e-15,  Error =5.858751137566287e-07
Completed 5 % :  mod = 2.3974958012096432e-15,  Error =6.444688551709987e-07
Completed 5 % :  mod = 3.4139565072761365e-15,  Error =7.030716915323865e-07
Completed 6 % :  mod = 4.86190556500492e-15,  Error =7.616486072947737e-07
Completed 6 % :  mod = 6.924294999221641e-15,  Error =8.202359822462313e-07
Completed 7 % :  mod = 9.861871587776972e-15,  Error =8.788142622506712e-07
Completed 7 % :  mod = 1.4045798631207861e-14,  Error =9.374198270961642e-07
Completed 8 % :  mod = 2.0004982196268532e-14,  Error =9.960035640688147e-07
Completed 8 % :  mod = 2.849233674252041e-14,  Error =1.0545877557888161e-06
Completed 9 % :  mod = 4.058089489096088e-14,  Error =1.1131751307402737e-06
Completed 9 % :  mod = 5.779812548400299e-14,  Error =1.171764324681135e-06
Completed 10 % :  mod = 8.232061953972822e-14,  Error =1.2303639778110664e-06
Completed 10 % :  mod = 1.1724660014866207e-13,  Error =1.2889527170045767e-06
Completed 11 % :  mod = 1.6699146285954802e-13,  Error =1.3475391824613325e-06
Completed 11 % :  mod = 2.3784095701228134e-13,  Error =1.406143383064773e-06
Completed 12 % :  mod = 3.387527262208656e-13,  Error =1.464708475396037e-06
Completed 12 % :  mod = 4.824775628386945e-13,  Error =1.5233040357998107e-06
Completed 13 % :  mod = 6.871876659581847e-13,  Error =1.5818854990357067e-06
Completed 13 % :  mod = 9.787578420511543e-13,  Error =1.640474692976568e-06
Completed 14 % :  mod = 1.3940770684512402e-12,  Error =1.6990420590445865e-06
Completed 14 % :  mod = 1.9856886007449377e-12,  Error =1.757613517838763e-06
Completed 15 % :  mod = 2.828529278773879e-12,  Error =1.8161786101700272e-06
Completed 15 % :  mod = 4.156228607981765e-12,  Error =1.8747150534181856e-06
Completed 16 % :  mod = 6.488210883449143e-12,  Error =1.9331973817315884e-06
Completed 16 % :  mod = 1.0716847884644629e-11,  Error =1.9915473785658833e-06
Completed 17 % :  mod = 1.8454743028395174e-11,  Error =2.049586328212172e-06
Completed 17 % :  mod = 3.2311578212733e-11,  Error =2.1068472051410936e-06
Completed 18 % :  mod = 5.374939469391173e-11,  Error =2.1621931409754325e-06
Completed 18 % :  mod = 7.383373169015567e-11,  Error =2.213371317338897e-06
Completed 19 % :  mod = 8.24185304919247e-11,  Error =2.2587005332752597e-06
Completed 19 % :  mod = 8.252163107688034e-11,  Error =2.2995195649855305e-06
Completed 20 % :  mod = 8.252141841598775e-11,  Error =2.340439095860347e-06
Completed 20 % :  mod = 8.250651811414676e-11,  Error =2.384798335697269e-06
Completed 21 % :  mod = 8.20299321792394e-11,  Error =2.4331448003067635e-06
Completed 21 % :  mod = 8.186493626696677e-11,  Error =2.4847859094734304e-06
Completed 22 % :  mod = 8.23742909220001e-11,  Error =2.538910848670639e-06
Completed 22 % :  mod = 7.756775008987811e-11,  Error =2.5947465474018827e-06
Completed 23 % :  mod = 8.207012430227372e-11,  Error =2.651632712513674e-06
Completed 23 % :  mod = 8.099649796707455e-11,  Error =2.709060481720371e-06
Completed 24 % :  mod = 8.221697850469117e-11,  Error =2.7668124857882503e-06
Completed 24 % :  mod = 7.578218906759721e-11,  Error =2.8248314265511e-06
Completed 25 % :  mod = 8.250031220481178e-11,  Error =2.883099568862235e-06
Completed 25 % :  mod = 7.092404355498281e-11,  Error =2.941513230325654e-06
Completed 26 % :  mod = 5.116837115246894e-11,  Error =2.9999655453138985e-06
Completed 26 % :  mod = 3.112896427880611e-11,  Error =3.0584146770706866e-06
Completed 27 % :  mod = 1.5789182670012222e-11,  Error =3.116850621154299e-06
Completed 27 % :  mod = 1.1902140659805269e-11,  Error =3.1751028473081533e-06
Completed 28 % :  mod = 1.8258722096729902e-11,  Error =3.2330426620319486e-06
Completed 28 % :  mod = 3.473227973248412e-11,  Error =3.290188942628447e-06
Completed 29 % :  mod = 5.786497259011881e-11,  Error =3.3450910450483207e-06
Completed 29 % :  mod = 7.451782449798222e-11,  Error =3.395532075955998e-06
Completed 30 % :  mod = 8.336709435478281e-11,  Error =3.440104137553135e-06
Completed 30 % :  mod = 8.33654759761457e-11,  Error =3.480681698420085e-06
Completed 31 % :  mod = 8.333845259611304e-11,  Error =3.52188772012596e-06
Completed 31 % :  mod = 8.313716959801151e-11,  Error =3.5667098927660845e-06
Completed 32 % :  mod = 8.318516947646063e-11,  Error =3.6155538509774487e-06
Completed 32 % :  mod = 8.168065725054482e-11,  Error =3.6675437513622455e-06
Completed 33 % :  mod = 8.32881197712088e-11,  Error =3.7218919715087395e-06
Completed 33 % :  mod = 7.868038085884174e-11,  Error =3.7778786463604774e-06
Completed 34 % :  mod = 8.085912126184947e-11,  Error =3.834840299532516e-06
Completed 34 % :  mod = 7.880422139831704e-11,  Error =3.892329004884232e-06
Completed 35 % :  mod = 8.124950381146799e-11,  Error =3.950104201067006e-06
Completed 35 % :  mod = 7.658108972406646e-11,  Error =4.008134965260979e-06
Completed 36 % :  mod = 8.235255326201282e-11,  Error =4.066411747771781e-06
Completed 36 % :  mod = 6.854609125935492e-11,  Error =4.124817223782884e-06
Completed 37 % :  mod = 4.9239474794333086e-11,  Error =4.183245437161531e-06
Completed 37 % :  mod = 2.7111086001341626e-11,  Error =4.2416741052875295e-06
Completed 38 % :  mod = 1.4500163083489845e-11,  Error =4.29998590334435e-06
Completed 38 % :  mod = 1.5649431561284368e-11,  Error =4.358053956821095e-06
Completed 39 % :  mod = 2.978174781644115e-11,  Error =4.415473540575476e-06
Completed 39 % :  mod = 5.250567956894765e-11,  Error =4.471110514714383e-06
Completed 40 % :  mod = 7.076535960176301e-11,  Error =4.522837571130367e-06
Completed 40 % :  mod = 8.317886003111626e-11,  Error =4.568909844238078e-06
Completed 41 % :  mod = 8.339491419601501e-11,  Error =4.610034920915496e-06
Completed 41 % :  mod = 8.339130726102839e-11,  Error =4.6507252591254655e-06
Completed 42 % :  mod = 8.339092225857274e-11,  Error =4.694505605584709e-06
Completed 42 % :  mod = 8.278726731987078e-11,  Error =4.7424273361684754e-06
Completed 43 % :  mod = 8.25943744062199e-11,  Error =4.793716925632907e-06
Completed 43 % :  mod = 8.323489002452011e-11,  Error =4.847558102483163e-06
Completed 44 % :  mod = 7.704250917185643e-11,  Error =4.903205081063788e-06
Completed 44 % :  mod = 8.283344498595122e-11,  Error =4.960028491041157e-06
Completed 45 % :  mod = 8.15376284577127e-11,  Error =5.0174244279332925e-06
Completed 45 % :  mod = 8.303778075860609e-11,  Error =5.0751327762554865e-06
Completed 46 % :  mod = 7.301119688379707e-11,  Error =5.1330980568309315e-06
Completed 46 % :  mod = 8.338431958067029e-11,  Error =5.191328909859294e-06
Completed 47 % :  mod = 7.238022210775811e-11,  Error =5.2497207434498705e-06
Completed 47 % :  mod = 5.47383074469552e-11,  Error =5.308151230565272e-06
Completed 48 % :  mod = 3.1664465250301244e-11,  Error =5.366590357880341e-06
Completed 48 % :  mod = 1.6733235376051238e-11,  Error =5.42498355571297e-06
Completed 49 % :  mod = 1.1428041145709965e-11,  Error =5.483247150550596e-06
Completed 49 % :  mod = 2.00170691508115e-11,  Error =5.541144219023408e-06
Completed 50 % :  mod = 3.834357221812408e-11,  Error =5.598116331384517e-06
Completed 50 % :  mod = 5.90451830821477e-11,  Error =5.652620529872365e-06
Completed 51 % :  mod = 7.692323545751532e-11,  Error =5.7025340538530145e-06
Completed 51 % :  mod = 8.283764914056536e-11,  Error =5.74644354855991e-06
Completed 52 % :  mod = 8.282585704527795e-11,  Error =5.786822384834522e-06
Completed 52 % :  mod = 8.287390648585411e-11,  Error =5.8282489590055775e-06
Completed 53 % :  mod = 8.28495757186647e-11,  Error =5.873594545846572e-06
Completed 53 % :  mod = 8.273053532034047e-11,  Error =5.9229073485767e-06
Completed 54 % :  mod = 8.258628575851197e-11,  Error =5.975267413305119e-06
Completed 54 % :  mod = 8.262819058553821e-11,  Error =6.029898031556513e-06
Completed 55 % :  mod = 8.10759000410284e-11,  Error =6.086074790800922e-06
Completed 55 % :  mod = 8.223897436926501e-11,  Error =6.143175596662331e-06
Completed 56 % :  mod = 8.039679711384402e-11,  Error =6.200723873917013e-06
Completed 56 % :  mod = 7.955033773336213e-11,  Error =6.2585604609921575e-06
Completed 57 % :  mod = 7.93183539561233e-11,  Error =6.316670351225184e-06
Completed 57 % :  mod = 8.040156443513045e-11,  Error =6.375021712301532e-06
Completed 58 % :  mod = 6.706748900663781e-11,  Error =6.433472208300373e-06
Completed 58 % :  mod = 4.4850215122178125e-11,  Error =6.492000466096215e-06
Completed 59 % :  mod = 2.5303796618206562e-11,  Error =6.550554189743707e-06
Completed 59 % :  mod = 1.4683861477545967e-11,  Error =6.609110641875304e-06
Completed 60 % :  mod = 9.390756864048055e-12,  Error =6.66768664814299e-06
Completed 60 % :  mod = 5.704020831123483e-12,  Error =6.726274477841798e-06
Completed 61 % :  mod = 3.568869854235267e-12,  Error =6.784841389162466e-06
Completed 61 % :  mod = 3.528669119135942e-12,  Error =6.843399660283467e-06
Completed 62 % :  mod = 4.3236853809322e-12,  Error =6.901922915858449e-06
Completed 62 % :  mod = 6.55214527768679e-12,  Error =6.960386144783115e-06
Completed 63 % :  mod = 1.1854904431720403e-11,  Error =7.018659744062461e-06
Completed 63 % :  mod = 2.0811608928455645e-11,  Error =7.076611382217379e-06
Completed 64 % :  mod = 3.5202303623782674e-11,  Error =7.133664894354297e-06
Completed 64 % :  mod = 5.7418254922724246e-11,  Error =7.188505605881801e-06
Completed 65 % :  mod = 7.629348518336337e-11,  Error =7.238613306981279e-06
Completed 65 % :  mod = 8.238138577541875e-11,  Error =7.28235136193689e-06
Completed 66 % :  mod = 8.238794467563618e-11,  Error =7.321642897295533e-06
Completed 66 % :  mod = 8.2141769968211e-11,  Error =7.362107680819463e-06
Completed 67 % :  mod = 8.217111917564655e-11,  Error =7.407265002257191e-06
Completed 67 % :  mod = 8.229594788749985e-11,  Error =7.457053470716346e-06
Completed 68 % :  mod = 8.072470372269047e-11,  Error =7.510010618716478e-06
Completed 68 % :  mod = 8.231855292161969e-11,  Error =7.564972293039318e-06
Completed 69 % :  mod = 8.213560145907255e-11,  Error =7.621223176101921e-06
Completed 69 % :  mod = 8.208930816902982e-11,  Error =7.678341262362665e-06
Completed 70 % :  mod = 7.811139106324177e-11,  Error =7.735945928288857e-06
Completed 70 % :  mod = 8.194766489555604e-11,  Error =7.793811619194457e-06
Completed 71 % :  mod = 8.170881200076802e-11,  Error =7.851900136301992e-06
Completed 71 % :  mod = 7.599118220604111e-11,  Error =7.910181011538953e-06
Completed 72 % :  mod = 5.600112377184189e-11,  Error =7.96857875684509e-06
Completed 72 % :  mod = 3.653268719756571e-11,  Error =8.026995146792615e-06
Completed 73 % :  mod = 1.957212183676282e-11,  Error =8.085357876552735e-06
Completed 73 % :  mod = 1.6839168642843828e-11,  Error =8.143531886162236e-06
Completed 74 % :  mod = 2.487246934163328e-11,  Error =8.201167474908289e-06
Completed 74 % :  mod = 4.205600003720154e-11,  Error =8.25764345790958e-06
Completed 75 % :  mod = 6.775400507319499e-11,  Error =8.311077181133442e-06
Completed 75 % :  mod = 7.86588091139101e-11,  Error =8.359149887837702e-06
Completed 76 % :  mod = 8.323852240122305e-11,  Error =8.401922514167381e-06
Completed 76 % :  mod = 8.333836674256303e-11,  Error =8.442800208285917e-06
Completed 77 % :  mod = 8.356626269856274e-11,  Error =8.485890703013865e-06
Completed 77 % :  mod = 8.351580223622524e-11,  Error =8.53236997500062e-06
Completed 78 % :  mod = 8.327462399453554e-11,  Error =8.58208386489423e-06
Completed 78 % :  mod = 8.295531028755888e-11,  Error =8.634668120066635e-06
Completed 79 % :  mod = 8.298244062701755e-11,  Error =8.689486548973946e-06
Completed 79 % :  mod = 7.776475130553587e-11,  Error =8.745796549192164e-06
Completed 80 % :  mod = 8.1977789167712e-11,  Error =8.802918728179066e-06
Completed 80 % :  mod = 8.085128382259956e-11,  Error =8.860391972120851e-06
Completed 81 % :  mod = 7.68107282699485e-11,  Error =8.91811805558973e-06
Completed 81 % :  mod = 7.678527942511378e-11,  Error =8.97599375093705e-06
Completed 82 % :  mod = 8.261040627783376e-11,  Error =9.033909464051249e-06
Completed 82 % :  mod = 6.666277107567155e-11,  Error =9.091630545299267e-06
Completed 83 % :  mod = 4.887816102040914e-11,  Error =9.148421213467373e-06
Completed 83 % :  mod = 6.191851055252424e-11,  Error =9.202487490256317e-06
Completed 84 % :  mod = 7.724974835462691e-11,  Error =9.252180916519137e-06
Completed 84 % :  mod = 8.440360797480723e-11,  Error =9.296647021983517e-06
Completed 85 % :  mod = 8.404726886018955e-11,  Error =9.339270945929457e-06
Completed 85 % :  mod = 8.30018716261468e-11,  Error =9.383618362335255e-06
Completed 86 % :  mod = 8.128145971706157e-11,  Error =9.430933005205588e-06
Completed 86 % :  mod = 8.382515639237507e-11,  Error =9.480008429818554e-06
Completed 87 % :  mod = 8.438570580576144e-11,  Error =9.530329862172948e-06
Completed 87 % :  mod = 8.380676680959868e-11,  Error =9.582677648722893e-06
Completed 88 % :  mod = 7.320154321568185e-11,  Error =9.637538369133836e-06
Completed 88 % :  mod = 7.229043415705709e-11,  Error =9.69406664808048e-06
Completed 89 % :  mod = 8.223233034105936e-11,  Error =9.751294328452786e-06
Completed 89 % :  mod = 8.206122924693753e-11,  Error =9.8088071354141e-06
Completed 90 % :  mod = 6.969257778092925e-11,  Error =9.866537766356487e-06
Completed 90 % :  mod = 6.597162627894854e-11,  Error =9.92454852166702e-06
Completed 91 % :  mod = 8.001560992565573e-11,  Error =9.982625670090783e-06
Completed 91 % :  mod = 8.086185740596644e-11,  Error =1.0040466804639436e-05
Completed 92 % :  mod = 6.168227349495898e-11,  Error =1.0097438462253194e-05
Completed 92 % :  mod = 5.2698734658903786e-11,  Error =1.015256702885381e-05
Completed 93 % :  mod = 7.676770823459791e-11,  Error =1.0203570582234534e-05
Completed 93 % :  mod = 8.072379135802887e-11,  Error =1.0250011200696463e-05
Completed 94 % :  mod = 8.165246966780288e-11,  Error =1.0294544154021423e-05
Completed 94 % :  mod = 8.320136960975938e-11,  Error =1.0340986136725405e-05
Completed 95 % :  mod = 8.367200573330272e-11,  Error =1.0389621365902713e-05
Completed 95 % :  mod = 8.480936102342547e-11,  Error =1.0438983281346736e-05
Completed 96 % :  mod = 8.348475317874515e-11,  Error =1.0488296084076865e-05
Completed 96 % :  mod = 8.208470082206433e-11,  Error =1.053829510055948e-05
Completed 97 % :  mod = 8.115475700564923e-11,  Error =1.0590299098112155e-05
Completed 97 % :  mod = 8.209701789171909e-11,  Error =1.0644690064509632e-05
Completed 98 % :  mod = 8.408247108348726e-11,  Error =1.0700776329031214e-05
Completed 98 % :  mod = 8.075362107230716e-11,  Error =1.0757826203189325e-05
Completed 99 % :  mod = 6.385714519376951e-11,  Error =1.0815368568728445e-05
Completed 99 % :  mod = 7.913482217292073e-11,  Error =1.087302052837913e-05
Finished 1/1 frames
Finished all frames!
