/opt/local/miniconda_23_9/lib/python3.11/site-packages/conda/base/context.py:201: FutureWarning: Adding 'defaults' to channel list implicitly is deprecated and will be removed in 25.3. 

To remove this warning, please choose a default channel explicitly with conda's regular configuration system, e.g. by adding 'defaults' to the list of channels:

  conda config --add channels defaults

For more information see https://docs.conda.io/projects/conda/en/stable/user-guide/configuration/use-condarc.html

  deprecated.topic(
JOB 15187 ARRAY_ID 0  -> i=1 ; range=[1.225e-10, 1.225e-10] ; intervals=0 (frames=1)
Simulation name: hysteresis_upsweep
Analytic t0 extension enabled (--extend-time-using-t0).
Restarting from complex psi index 0 (--restart-from-index).
Using final frame from existing outputs as initial condition: psi_not_squared0_1.2e-10.out
Completed 0 % :  mod = 1.0107466708664658e-16,  Error =0.0
Completed 0 % :  mod = 9.740119856984739e-17,  Error =-1.797833374439506e-05
Completed 0 % :  mod = 1.0788333163946741e-16,  Error =-1.7704923720884835e-05
Completed 1 % :  mod = 1.1278973147084068e-16,  Error =-1.7431495507480577e-05
Completed 1 % :  mod = 1.12636783242339e-16,  Error =-1.715809366942267e-05
Completed 2 % :  mod = 1.0892617555680709e-16,  Error =-1.6884667729755165e-05
Completed 2 % :  mod = 1.0119857853561187e-16,  Error =-1.66112627084658e-05
Completed 3 % :  mod = 9.328660393815556e-17,  Error =-1.6337839042535052e-05
Completed 3 % :  mod = 8.544975874361741e-17,  Error =-1.6064426290540723e-05
Completed 4 % :  mod = 9.84652294261079e-17,  Error =-1.5791008081578184e-05
Completed 4 % :  mod = 1.1251236245691153e-16,  Error =-1.551758668938419e-05
Completed 5 % :  mod = 1.2532380992019522e-16,  Error =-1.524417893961072e-05
Completed 5 % :  mod = 1.3301656144109876e-16,  Error =-1.4970781649026321e-05
Completed 6 % :  mod = 1.3810754564388626e-16,  Error =-1.4697352980874712e-05
Completed 6 % :  mod = 1.378961456279767e-16,  Error =-1.4423934771912172e-05
Completed 7 % :  mod = 1.319459781253147e-16,  Error =-1.4150522019917844e-05
Completed 7 % :  mod = 1.238200551752767e-16,  Error =-1.3877105629944708e-05
Completed 8 % :  mod = 1.1234001415470849e-16,  Error =-1.3603670140582835e-05
Completed 8 % :  mod = 1.027722980778965e-16,  Error =-1.3330262390809366e-05
Completed 9 % :  mod = 1.125205965229216e-16,  Error =-1.3056849184067687e-05
Completed 9 % :  mod = 1.2401042262484724e-16,  Error =-1.2783454167220043e-05
Completed 10 % :  mod = 1.3549620660531205e-16,  Error =-1.2510040960478364e-05
Completed 10 % :  mod = 1.4204113956077016e-16,  Error =-1.2236618658789666e-05
Completed 11 % :  mod = 1.4521324584329e-16,  Error =-1.196320226881653e-05
Completed 11 % :  mod = 1.438260395542105e-16,  Error =-1.168978315035929e-05
Completed 12 % :  mod = 1.3742032518004933e-16,  Error =-1.1416371307859663e-05
Completed 12 % :  mod = 1.2868568854753364e-16,  Error =-1.1142955372633878e-05
Completed 13 % :  mod = 1.1693411783947422e-16,  Error =-1.08695430753869e-05
Completed 13 % :  mod = 1.0449703598461493e-16,  Error =-1.0596127594908467e-05
Completed 14 % :  mod = 1.1003964451673806e-16,  Error =-1.0322714842914138e-05
Completed 14 % :  mod = 1.1876069088198224e-16,  Error =-1.004931255010888e-05
Completed 15 % :  mod = 1.2854847944643852e-16,  Error =-9.775890248420183e-06
Completed 15 % :  mod = 1.3497793266340904e-16,  Error =-9.502466127742082e-06
Completed 16 % :  mod = 1.3536627591812557e-16,  Error =-9.229049737768946e-06
Completed 16 % :  mod = 1.3253333002356958e-16,  Error =-8.955635621532565e-06
Completed 17 % :  mod = 1.2541778632317768e-16,  Error =-8.682217867317377e-06
Completed 17 % :  mod = 1.1290102577882633e-16,  Error =-8.408807389059803e-06
Completed 18 % :  mod = 9.931777392948243e-17,  Error =-8.135400094033685e-06
Completed 18 % :  mod = 8.3973524918064e-17,  Error =-7.862006896175444e-06
Completed 19 % :  mod = 8.586957208473852e-17,  Error =-7.588596872665221e-06
Completed 19 % :  mod = 9.474729261015605e-17,  Error =-7.315200491575524e-06
Completed 20 % :  mod = 1.0275829272105384e-16,  Error =-7.04179001331795e-06
Completed 20 % :  mod = 1.0953684970903534e-16,  Error =-6.7683854467759375e-06
Completed 21 % :  mod = 1.0962364902773419e-16,  Error =-6.494977242255118e-06
Completed 21 % :  mod = 1.0582822462033536e-16,  Error =-6.221558578545228e-06
Completed 22 % :  mod = 9.830475680086292e-17,  Error =-5.948154012003215e-06
Completed 22 % :  mod = 8.419779343446182e-17,  Error =-5.67473261980922e-06
Completed 23 % :  mod = 6.856504176486442e-17,  Error =-5.401300768426154e-06
Completed 23 % :  mod = 5.355236789519271e-17,  Error =-5.127896656631492e-06
Completed 24 % :  mod = 4.989352625806893e-17,  Error =-4.854475264437497e-06
Completed 24 % :  mod = 5.83398939626275e-17,  Error =-4.581058874464361e-06
Completed 25 % :  mod = 6.948410042998101e-17,  Error =-4.307643848733278e-06
Completed 25 % :  mod = 7.779923882549018e-17,  Error =-4.0342306419915985e-06
Completed 26 % :  mod = 8.387372402619582e-17,  Error =-3.7608033380820416e-06
Completed 26 % :  mod = 8.509501489329853e-17,  Error =-3.4873928598244675e-06
Completed 27 % :  mod = 7.551622814136086e-17,  Error =-3.2139773793460336e-06
Completed 27 % :  mod = 6.209878082009288e-17,  Error =-2.940567810583161e-06
Completed 28 % :  mod = 4.1687671811464174e-17,  Error =-2.6671314117265865e-06
Completed 28 % :  mod = 1.8809575569945774e-17,  Error =-2.393714112258749e-06
Completed 29 % :  mod = 1.6639239706545665e-17,  Error =-2.120303179253824e-06
Completed 29 % :  mod = 3.774400061167147e-17,  Error =-1.8469049791747238e-06
Completed 30 % :  mod = 5.908079643196637e-17,  Error =-1.5735099623270798e-06
Completed 30 % :  mod = 7.402588721574945e-17,  Error =-1.3000912986171898e-06
Completed 31 % :  mod = 8.282025833430914e-17,  Error =-1.0266803656122647e-06
Completed 31 % :  mod = 8.574660129522607e-17,  Error =-7.532712515967432e-07
Completed 32 % :  mod = 8.145431456777895e-17,  Error =-4.798494046553969e-07
Completed 32 % :  mod = 7.498229463648645e-17,  Error =-2.0642619347199798e-07
Completed 33 % :  mod = 6.629589829841545e-17,  Error =6.697018761769868e-08
Completed 33 % :  mod = 5.622617845706028e-17,  Error =3.403742994123604e-07
Completed 34 % :  mod = 5.5120615999616815e-17,  Error =6.137906893854961e-07
Completed 34 % :  mod = 7.169181994568363e-17,  Error =8.872048056218773e-07
Completed 35 % :  mod = 8.808068324774776e-17,  Error =1.1606166481215041e-06
Completed 35 % :  mod = 1.0115192839249724e-16,  Error =1.4340325833472889e-06
Completed 36 % :  mod = 1.0987897548779639e-16,  Error =1.7074457900889684e-06
Completed 36 % :  mod = 1.1436798696141181e-16,  Error =1.9808567230938934e-06
Completed 37 % :  mod = 1.1456774549587424e-16,  Error =2.254269475088222e-06
Completed 37 % :  mod = 1.0879364323149777e-16,  Error =2.5276895030401647e-06
Completed 38 % :  mod = 1.0226143717354682e-16,  Error =2.8011136237182654e-06
Completed 38 % :  mod = 9.386034799155091e-17,  Error =3.0745400181331206e-06
Completed 39 % :  mod = 8.791985876054972e-17,  Error =3.3479586818430107e-06
Completed 39 % :  mod = 1.0227844421373607e-16,  Error =3.621380528784357e-06
Completed 40 % :  mod = 1.1592567445095545e-16,  Error =3.894794190273387e-06
Completed 40 % :  mod = 1.262096480296347e-16,  Error =4.168213308730628e-06
Completed 41 % :  mod = 1.3576460980858174e-16,  Error =4.441637429408729e-06
Completed 41 % :  mod = 1.3715841425891363e-16,  Error =4.715057002613321e-06
Completed 42 % :  mod = 1.3766681424924217e-16,  Error =4.9884615691553336e-06
Completed 42 % :  mod = 1.3190127728501233e-16,  Error =5.261881597107276e-06
Completed 43 % :  mod = 1.2101677900852207e-16,  Error =5.535289801628096e-06
Completed 43 % :  mod = 1.129255561817831e-16,  Error =5.808708920085337e-06
Completed 44 % :  mod = 1.0211986691776838e-16,  Error =6.082116215111455e-06
Completed 44 % :  mod = 1.1521711246882072e-16,  Error =6.355526238621678e-06
Completed 45 % :  mod = 1.27025718417489e-16,  Error =6.628951268794481e-06
Completed 45 % :  mod = 1.3612084894295417e-16,  Error =6.902347649884177e-06
Completed 46 % :  mod = 1.4357754850114013e-16,  Error =7.175753580668243e-06
Completed 46 % :  mod = 1.4538047410429648e-16,  Error =7.4491454142844304e-06
Completed 47 % :  mod = 1.4294793801334143e-16,  Error =7.72255907577346e-06
Completed 47 % :  mod = 1.367892502206749e-16,  Error =7.99596682554693e-06
Completed 48 % :  mod = 1.2511662609556664e-16,  Error =8.269380032288609e-06
Completed 48 % :  mod = 1.1329937766046082e-16,  Error =8.542793239030289e-06
Completed 49 % :  mod = 1.0134674922738939e-16,  Error =8.81622827364481e-06
Completed 49 % :  mod = 1.1048358438988188e-16,  Error =9.08963147594477e-06
Completed 50 % :  mod = 1.2046521849158932e-16,  Error =9.36303467824473e-06
Completed 50 % :  mod = 1.289950036903099e-16,  Error =9.636446520744357e-06
Completed 51 % :  mod = 1.3364237206795854e-16,  Error =9.909871096169809e-06
Completed 51 % :  mod = 1.344298414453629e-16,  Error =1.0183272934227716e-05
Completed 52 % :  mod = 1.2979991582529117e-16,  Error =1.0456675681780325e-05
Completed 52 % :  mod = 1.219366777272495e-16,  Error =1.0730094800237566e-05
Completed 53 % :  mod = 1.089981601741327e-16,  Error =1.1003506187989842e-05
Completed 53 % :  mod = 9.483691954238134e-17,  Error =1.1276914847258013e-05
Completed 54 % :  mod = 8.132561317438031e-17,  Error =1.1550324416020885e-05
Completed 54 % :  mod = 8.681659069533032e-17,  Error =1.182372488983674e-05
Completed 55 % :  mod = 9.595041714344102e-17,  Error =1.2097152648493648e-05
Completed 55 % :  mod = 1.0475480495392963e-16,  Error =1.2370550393825397e-05
Completed 56 % :  mod = 1.0719992659790468e-16,  Error =1.2643961781577673e-05
Completed 56 % :  mod = 1.0886883126084185e-16,  Error =1.2917365893372335e-05
Completed 57 % :  mod = 1.0361949568579148e-16,  Error =1.3190779554861365e-05
Completed 57 % :  mod = 9.317662696699418e-17,  Error =1.3464188214129535e-05
Completed 58 % :  mod = 8.072628282197625e-17,  Error =1.3737593235418899e-05
Completed 58 % :  mod = 6.325489673086525e-17,  Error =1.4011006442160578e-05
Completed 59 % :  mod = 4.6274014525831416e-17,  Error =1.4284425105870469e-05
Completed 59 % :  mod = 4.922240190177167e-17,  Error =1.4557837857864797e-05
Completed 60 % :  mod = 5.956837292585571e-17,  Error =1.4831240605417406e-05
Completed 60 % :  mod = 7.000739918391255e-17,  Error =1.5104663816600805e-05
Completed 61 % :  mod = 7.777069080629824e-17,  Error =1.5378072475868976e-05
Completed 61 % :  mod = 8.431024300357048e-17,  Error =1.5651501144020585e-05
Completed 62 % :  mod = 8.112682347521034e-17,  Error =1.592493708812981e-05
Completed 62 % :  mod = 7.30113310142027e-17,  Error =1.6198353478102945e-05
Completed 63 % :  mod = 5.683710924207357e-17,  Error =1.6471770777570782e-05
Completed 63 % :  mod = 3.66830334256047e-17,  Error =1.674518898653332e-05
Completed 64 % :  mod = 1.4194737258957905e-17,  Error =1.701859719105414e-05
Completed 64 % :  mod = 2.2451821534138693e-17,  Error =1.729200494082761e-05
Completed 65 % :  mod = 4.3216815004128624e-17,  Error =1.7565425423526904e-05
Completed 65 % :  mod = 6.34670328341224e-17,  Error =1.7838844541984145e-05
Completed 66 % :  mod = 7.793708345978968e-17,  Error =1.811225047276821e-05
Completed 66 % :  mod = 8.58817040842889e-17,  Error =1.8385675502941012e-05
Completed 67 % :  mod = 8.626810356796351e-17,  Error =1.865908188847243e-05
Completed 67 % :  mod = 8.224645151858481e-17,  Error =1.893250146167702e-05
Completed 68 % :  mod = 7.578763292457956e-17,  Error =1.920591012094519e-05
Completed 68 % :  mod = 6.513128129739151e-17,  Error =1.94793128684978e-05
Completed 69 % :  mod = 5.553716771588384e-17,  Error =1.975272652998683e-05
Completed 69 % :  mod = 6.084758091149785e-17,  Error =2.0026141100970563e-05
Completed 70 % :  mod = 7.76601121646388e-17,  Error =2.0299554307712242e-05
Completed 70 % :  mod = 9.359986411206823e-17,  Error =2.057296615021187e-05
Completed 71 % :  mod = 1.0544081101322975e-16,  Error =2.084638481392176e-05
Completed 71 % :  mod = 1.1266625227544423e-16,  Error =2.1119816210557474e-05
Completed 72 % :  mod = 1.1639900627431117e-16,  Error =2.139323351002531e-05
Completed 72 % :  mod = 1.1379776225133014e-16,  Error =2.1666649899998447e-05
Completed 73 % :  mod = 1.0795231989842162e-16,  Error =2.194006947320304e-05
Completed 73 % :  mod = 9.940099589882715e-17,  Error =2.2213492229639087e-05
Completed 74 % :  mod = 9.033629900245904e-17,  Error =2.2486908619612223e-05
Completed 74 % :  mod = 9.175448837535747e-17,  Error =2.2760327283322113e-05
Completed 75 % :  mod = 1.0512007441904931e-16,  Error =2.3033732759358827e-05
Completed 75 % :  mod = 1.189359533414833e-16,  Error =2.3307144601858454e-05
Completed 76 % :  mod = 1.311423189104675e-16,  Error =2.3580559172842186e-05
Completed 76 % :  mod = 1.3690405156766263e-16,  Error =2.385395919191069e-05
Completed 77 % :  mod = 1.401303654255661e-16,  Error =2.4127380584104685e-05
Completed 77 % :  mod = 1.3625101258488065e-16,  Error =2.4400782422162592e-05
Completed 78 % :  mod = 1.2927482793139346e-16,  Error =2.4674191536178114e-05
Completed 78 % :  mod = 1.201073747819249e-16,  Error =2.4947595193225425e-05
Completed 79 % :  mod = 1.0809205205548139e-16,  Error =2.522099021007307e-05
Completed 79 % :  mod = 1.0667828210180067e-16,  Error =2.549438886489952e-05
Completed 80 % :  mod = 1.1952364293622327e-16,  Error =2.576779252194683e-05
Completed 80 % :  mod = 1.2941189403364019e-16,  Error =2.6041202545457054e-05
Completed 81 % :  mod = 1.401925825908211e-16,  Error =2.631462939461926e-05
Completed 81 % :  mod = 1.4462701425777723e-16,  Error =2.6588045784592396e-05
Completed 82 % :  mod = 1.4501858088024452e-16,  Error =2.6861449896387057e-05
Completed 82 % :  mod = 1.4175715056869996e-16,  Error =2.7134866286360193e-05
Completed 83 % :  mod = 1.3271905461175943e-16,  Error =2.7408287223806838e-05
Completed 83 % :  mod = 1.2179160911786542e-16,  Error =2.7681689971359447e-05
Completed 84 % :  mod = 1.0983642247365331e-16,  Error =2.7955103632848477e-05
Completed 84 % :  mod = 1.020732439165176e-16,  Error =2.8228504561411683e-05
Completed 85 % :  mod = 1.1299702743014105e-16,  Error =2.8501908218458993e-05
Completed 85 % :  mod = 1.2192202318872236e-16,  Error =2.877533052014769e-05
Completed 86 % :  mod = 1.3011949028240976e-16,  Error =2.9048740543657914e-05
Completed 86 % :  mod = 1.33402766640727e-16,  Error =2.932215238615754e-05
Completed 87 % :  mod = 1.3333925266306667e-16,  Error =2.9595548312499886e-05
Completed 87 % :  mod = 1.2873156305372764e-16,  Error =2.9868972433177987e-05
Completed 88 % :  mod = 1.1912381872479723e-16,  Error =3.0142400191834895e-05
Completed 88 % :  mod = 1.0622225908446141e-16,  Error =3.0415814308071276e-05
Completed 89 % :  mod = 9.168667217963247e-17,  Error =3.068922842430766e-05
Completed 89 % :  mod = 7.880664244797897e-17,  Error =3.0962655728217214e-05
Completed 90 % :  mod = 8.811122265256564e-17,  Error =3.1236069844453596e-05
Completed 90 % :  mod = 9.84207555951849e-17,  Error =3.15094698635221e-05
Completed 91 % :  mod = 1.041037330583431e-16,  Error =3.1782871246832656e-05
Completed 91 % :  mod = 1.0768483507242702e-16,  Error =3.205627626812202e-05
Completed 92 % :  mod = 1.0694969717307824e-16,  Error =3.232969493183191e-05
Completed 92 % :  mod = 1.0007824997365615e-16,  Error =3.260309904362657e-05
Completed 93 % :  mod = 8.920166404161648e-17,  Error =3.2876509521884145e-05
Completed 93 % :  mod = 7.495631697765044e-17,  Error =3.314992954983609e-05
Completed 94 % :  mod = 5.798086490314528e-17,  Error =3.342333775435691e-05
Completed 94 % :  mod = 4.2659932924122585e-17,  Error =3.3696744594635675e-05
Completed 95 % :  mod = 5.1278997846006325e-17,  Error =3.3970158256124705e-05
Completed 95 % :  mod = 5.996467029764377e-17,  Error =3.424356009418261e-05
Completed 96 % :  mod = 7.022443741797363e-17,  Error =3.451698239587131e-05
Completed 96 % :  mod = 7.947449602873661e-17,  Error =3.479038696241332e-05
Completed 97 % :  mod = 8.457215402810376e-17,  Error =3.506380880935467e-05
Completed 97 % :  mod = 8.040579376159411e-17,  Error =3.533721292114933e-05
Completed 98 % :  mod = 7.015955063068919e-17,  Error =3.561062203516485e-05
Completed 98 % :  mod = 5.276456945500091e-17,  Error =3.588403342291713e-05
Completed 99 % :  mod = 3.2057510732837214e-17,  Error =3.615744344642735e-05
Completed 99 % :  mod = 1.1487379249974908e-17,  Error =3.643087666205247e-05
Completed 100 % :  mod = 2.766992974859548e-17,  Error =3.670428623081534e-05
Finished 2/1 frames
Finished all frames!
