/opt/local/miniconda_23_9/lib/python3.11/site-packages/conda/base/context.py:201: FutureWarning: Adding 'defaults' to channel list implicitly is deprecated and will be removed in 25.3. 

To remove this warning, please choose a default channel explicitly with conda's regular configuration system, e.g. by adding 'defaults' to the list of channels:

  conda config --add channels defaults

For more information see https://docs.conda.io/projects/conda/en/stable/user-guide/configuration/use-condarc.html

  deprecated.topic(
JOB 14191 ARRAY_ID 0  -> i=0 ; range=[1.518e-7, 1.535e-7] ; intervals=10 (frames=11)
Simulation name: run1
Analytic t0 extension enabled (--extend-time-using-t0).
Completed 0 % :  mod = 3.6933775233813105e-14,  Error =0.0
Completed 1 % :  mod = 3.6936117226972704e-14,  Error =3.142667992506176e-08
Completed 2 % :  mod = 3.694314389466577e-14,  Error =6.286063580773771e-08
Completed 3 % :  mod = 3.695485888972189e-14,  Error =9.428777048015036e-08
Completed 4 % :  mod = 3.697126708258051e-14,  Error =1.257180883840192e-07
Completed 5 % :  mod = 3.699237683769198e-14,  Error =1.5714795154053718e-07
Completed 6 % :  mod = 3.701819842533079e-14,  Error =1.8858872863347642e-07
Completed 7 % :  mod = 3.7048743439260405e-14,  Error =2.2002632249495946e-07
Completed 8 % :  mod = 3.708402606728269e-14,  Error =2.5145800464088097e-07
Completed 9 % :  mod = 3.712406282654012e-14,  Error =2.828887772921007e-07
Completed 10 % :  mod = 3.7168872510576206e-14,  Error =3.1431636671186425e-07
Completed 11 % :  mod = 3.721847740694538e-14,  Error =3.4574895835248753e-07
Completed 12 % :  mod = 3.7272900173778974e-14,  Error =3.7717700251960196e-07
Completed 13 % :  mod = 3.7332166539702765e-14,  Error =4.0860595618141815e-07
Completed 14 % :  mod = 3.739630339801283e-14,  Error =4.4003490984323435e-07
Completed 15 % :  mod = 3.746534150659306e-14,  Error =4.7147341319941916e-07
Completed 16 % :  mod = 3.7539313105635014e-14,  Error =5.029023668612354e-07
Completed 17 % :  mod = 3.7618252552912615e-14,  Error =5.343299562809989e-07
Completed 18 % :  mod = 3.7702198282545845e-14,  Error =5.657625479216222e-07
Completed 19 % :  mod = 3.779118904629204e-14,  Error =5.971951395622455e-07
Completed 20 % :  mod = 3.788526656052385e-14,  Error =6.286209099926054e-07
Completed 21 % :  mod = 3.798447391804247e-14,  Error =6.600498636544216e-07
Completed 22 % :  mod = 3.8088858658572066e-14,  Error =6.91482000547694e-07
Completed 23 % :  mod = 3.8198469168869746e-14,  Error =7.229155016830191e-07
Completed 24 % :  mod = 3.831335722382441e-14,  Error =7.543503670603968e-07
Completed 25 % :  mod = 3.843357756294028e-14,  Error =7.85787506174529e-07
Completed 26 % :  mod = 3.855918481984245e-14,  Error =8.172160050889943e-07
Completed 27 % :  mod = 3.86902387103537e-14,  Error =8.486481419822667e-07
Completed 28 % :  mod = 3.8826800856120946e-14,  Error =8.800770956440829e-07
Completed 28 % :  mod = 3.8968933831703165e-14,  Error =9.115105967794079e-07
Completed 30 % :  mod = 3.911670534679658e-14,  Error =9.42940005188575e-07
Completed 31 % :  mod = 3.9270185122800656e-14,  Error =9.743748705659527e-07
Completed 32 % :  mod = 3.942944298699399e-14,  Error =1.0058111001853831e-06
Completed 33 % :  mod = 3.9594556125253894e-14,  Error =1.037245056068059e-06
Completed 34 % :  mod = 3.97655986000237e-14,  Error =1.068675373971928e-06
Completed 35 % :  mod = 3.9942651779405897e-14,  Error =1.1001102393493056e-06
Completed 36 % :  mod = 4.0125798249112846e-14,  Error =1.1315446499793325e-06
Completed 37 % :  mod = 4.0315123188895306e-14,  Error =1.1629808795987628e-06
Completed 38 % :  mod = 4.051071474311935e-14,  Error =1.1944157449761406e-06
Completed 39 % :  mod = 4.0712665820711376e-14,  Error =1.2258487913641147e-06
Completed 40 % :  mod = 4.092106864238352e-14,  Error =1.2572800187626854e-06
Completed 41 % :  mod = 4.113602045810604e-14,  Error =1.288715338887414e-06
Completed 42 % :  mod = 4.135762142952495e-14,  Error =1.3201479305280373e-06
Completed 43 % :  mod = 4.158597330647303e-14,  Error =1.3515755199478008e-06
Completed 44 % :  mod = 4.182118424446974e-14,  Error =1.383008111588424e-06
Completed 45 % :  mod = 4.206336409310043e-14,  Error =1.4144443412078544e-06
Completed 46 % :  mod = 4.232611874259684e-14,  Error =1.445876023353776e-06
Completed 47 % :  mod = 4.262815496853864e-14,  Error =1.4773067960049957e-06
Completed 48 % :  mod = 4.2938765709005493e-14,  Error =1.508739387645619e-06
Completed 49 % :  mod = 4.325809395374681e-14,  Error =1.5401697055494878e-06
Completed 50 % :  mod = 4.358628512773173e-14,  Error =1.5716000234533567e-06
Completed 51 % :  mod = 4.392348767348424e-14,  Error =1.6030262486310676e-06
Completed 52 % :  mod = 4.426985723330842e-14,  Error =1.6344602045137435e-06
Completed 53 % :  mod = 4.4625550031843463e-14,  Error =1.6658932509017177e-06
Completed 54 % :  mod = 4.499072801120098e-14,  Error =1.6973317542579025e-06
Completed 55 % :  mod = 4.536555607810789e-14,  Error =1.7287547962041572e-06
Completed 56 % :  mod = 4.575020522734041e-14,  Error =1.7601919353182893e-06
Completed 56 % :  mod = 4.6144847459526407e-14,  Error =1.7916204342327546e-06
Completed 57 % :  mod = 4.6549665839661596e-14,  Error =1.8230562091048341e-06
Completed 59 % :  mod = 4.6964840891642863e-14,  Error =1.8544874365034048e-06
Completed 60 % :  mod = 4.7390562880245986e-14,  Error =1.8859195733966772e-06
Completed 61 % :  mod = 4.782702482310382e-14,  Error =1.9173489818058442e-06
Completed 62 % :  mod = 4.8274422120129384e-14,  Error =1.948776116478257e-06
Completed 63 % :  mod = 4.873295869450473e-14,  Error =1.980213255592389e-06
Completed 64 % :  mod = 4.9202842863395324e-14,  Error =2.0116440282436088e-06
Completed 65 % :  mod = 4.9684286067400624e-14,  Error =2.0430748008948285e-06
Completed 66 % :  mod = 5.017750472343865e-14,  Error =2.0745042093039956e-06
Completed 67 % :  mod = 5.06827228187844e-14,  Error =2.105936346197268e-06
Completed 68 % :  mod = 5.120016809942156e-14,  Error =2.137369392585242e-06
Completed 69 % :  mod = 5.173007741693801e-14,  Error =2.1688056222046725e-06
Completed 70 % :  mod = 5.227268667000955e-14,  Error =2.2002363948558923e-06
Completed 71 % :  mod = 5.2828241815828256e-14,  Error =2.2316648937703576e-06
Completed 72 % :  mod = 5.3396991458564135e-14,  Error =2.263105670863297e-06
Completed 73 % :  mod = 5.404582012552903e-14,  Error =2.294535534019815e-06
Completed 74 % :  mod = 5.472488040423305e-14,  Error =2.325968125660438e-06
Completed 75 % :  mod = 5.541978353424296e-14,  Error =2.3573952603328507e-06
Completed 76 % :  mod = 5.613083825906803e-14,  Error =2.388827397226123e-06
Completed 77 % :  mod = 5.685836253370083e-14,  Error =2.4202518034144305e-06
Completed 78 % :  mod = 5.760267807184265e-14,  Error =2.4516884877812117e-06
Completed 79 % :  mod = 5.836411516340335e-14,  Error =2.4831183509377297e-06
Completed 80 % :  mod = 5.914301182746845e-14,  Error =2.514543666620739e-06
Completed 81 % :  mod = 5.993971074180467e-14,  Error =2.545975803514011e-06
Completed 82 % :  mod = 6.075456871904104e-14,  Error =2.5774093046493363e-06
Completed 83 % :  mod = 6.158794426587249e-14,  Error =2.6088418962899595e-06
Completed 84 % :  mod = 6.244020748275741e-14,  Error =2.6402685762150213e-06
Completed 85 % :  mod = 6.331173439938482e-14,  Error =2.671695710887434e-06
Completed 86 % :  mod = 6.420291475678957e-14,  Error =2.7031264835386537e-06
Completed 87 % :  mod = 6.515519223595449e-14,  Error =2.734566351136891e-06
Completed 88 % :  mod = 6.618743020767536e-14,  Error =2.7660071282298304e-06
Completed 89 % :  mod = 6.724266591800758e-14,  Error =2.7974401746178046e-06
Completed 90 % :  mod = 6.832135972935797e-14,  Error =2.8288704925216734e-06
Completed 91 % :  mod = 6.942398650957259e-14,  Error =2.8603071768884547e-06
Completed 92 % :  mod = 7.055102769100283e-14,  Error =2.89173567580292e-06
Completed 93 % :  mod = 7.170297873498329e-14,  Error =2.9231628104753327e-06
Completed 94 % :  mod = 7.288034304378242e-14,  Error =2.954591764137149e-06
Completed 95 % :  mod = 7.408362836071254e-14,  Error =2.986024810525123e-06
Completed 96 % :  mod = 7.533221527606288e-14,  Error =3.0174483072187286e-06
Completed 97 % :  mod = 7.668996065081485e-14,  Error =3.0488827178487554e-06
Completed 98 % :  mod = 7.807734106141329e-14,  Error =3.0803130357526243e-06
Completed 99 % :  mod = 7.949496070704738e-14,  Error =3.1117447178985458e-06
Completed 100 % :  mod = 8.094343024553255e-14,  Error =3.1431754905497655e-06
Finished 1/11 frames
Finished all frames!
