/opt/local/miniconda_23_9/lib/python3.11/site-packages/conda/base/context.py:201: FutureWarning: Adding 'defaults' to channel list implicitly is deprecated and will be removed in 25.3. 

To remove this warning, please choose a default channel explicitly with conda's regular configuration system, e.g. by adding 'defaults' to the list of channels:

  conda config --add channels defaults

For more information see https://docs.conda.io/projects/conda/en/stable/user-guide/configuration/use-condarc.html

  deprecated.topic(
JOB 15050 ARRAY_ID 0  -> i=0 ; range=[1.2e-10, 1.2e-10] ; intervals=0 (frames=1)
Simulation name: run1
Analytic t0 extension enabled (--extend-time-using-t0).
Completed 0 % :  mod = 1.3625106728219866e-16,  Error =0.0
Completed 0 % :  mod = 9.857322560989494e-17,  Error =8.678853191668168e-09
Completed 0 % :  mod = 7.655226234600648e-17,  Error =1.7338606994599104e-08
Completed 1 % :  mod = 1.2963325164976365e-16,  Error =2.6026555133285e-08
Completed 1 % :  mod = 1.1436164202082444e-16,  Error =3.4705863072304055e-08
Completed 2 % :  mod = 6.329027348790534e-17,  Error =4.33788045484107e-08
Completed 2 % :  mod = 1.1042364915744297e-16,  Error =5.204674380365759e-08
Completed 3 % :  mod = 1.1977011980450207e-16,  Error =6.071604730095714e-08
Completed 3 % :  mod = 5.782260994912256e-17,  Error =6.938307706150226e-08
Completed 4 % :  mod = 8.048828383119308e-17,  Error =7.80628397478722e-08
Completed 4 % :  mod = 1.1376871740678278e-16,  Error =8.67439666762948e-08
Completed 5 % :  mod = 7.009061515619782e-17,  Error =9.542100087855943e-08
Completed 5 % :  mod = 4.273867788179943e-17,  Error =1.0409985407022759e-07
Completed 6 % :  mod = 9.863281084153717e-17,  Error =1.1278780220891349e-07
Completed 6 % :  mod = 7.937062308180921e-17,  Error =1.2145937944296747e-07
Completed 7 % :  mod = 3.2734625841323308e-18,  Error =1.3012777344556525e-07
Completed 7 % :  mod = 8.390025113975373e-17,  Error =1.3879343896405771e-07
Completed 8 % :  mod = 9.928253091720763e-17,  Error =1.4746228771400638e-07
Completed 8 % :  mod = 4.112074899959266e-17,  Error =1.561429598950781e-07
Completed 9 % :  mod = 7.56191963077945e-17,  Error =1.648272700549569e-07
Completed 9 % :  mod = 1.1564357680735586e-16,  Error =1.7350384950987063e-07
Completed 10 % :  mod = 7.908329119438974e-17,  Error =1.8216724129160866e-07
Completed 10 % :  mod = 6.334692853562517e-17,  Error =1.9085291569354013e-07
Completed 11 % :  mod = 1.225933514967394e-16,  Error =1.9953040464315563e-07
Completed 11 % :  mod = 1.0935239034529118e-16,  Error =2.0819061319343746e-07
Completed 12 % :  mod = 6.525554905440566e-17,  Error =2.1687083062715828e-07
Completed 12 % :  mod = 1.1766929627067301e-16,  Error =2.2553740564035252e-07
Completed 13 % :  mod = 1.289895828655631e-16,  Error =2.342121661058627e-07
Completed 13 % :  mod = 7.485682033315132e-17,  Error =2.428764673823025e-07
Completed 14 % :  mod = 1.0170439751563409e-16,  Error =2.5154531613225117e-07
Completed 14 % :  mod = 1.3609164491783768e-16,  Error =2.6022007659776136e-07
Completed 15 % :  mod = 9.519115612418957e-17,  Error =2.68893018073868e-07
Completed 15 % :  mod = 7.858789670633843e-17,  Error =2.775814209599048e-07
Completed 16 % :  mod = 1.2997412750692035e-16,  Error =2.8624708647839725e-07
Completed 16 % :  mod = 1.1078498434477419e-16,  Error =2.9490774977602996e-07
Completed 17 % :  mod = 6.113166725238639e-17,  Error =3.035702320630662e-07
Completed 17 % :  mod = 1.1123556854618834e-16,  Error =3.122422640444711e-07
Completed 18 % :  mod = 1.1667581285712258e-16,  Error =3.20910203299718e-07
Completed 18 % :  mod = 5.214718350758362e-17,  Error =3.295667738711927e-07
Completed 19 % :  mod = 8.170677169339257e-17,  Error =3.382351678737905e-07
Completed 19 % :  mod = 1.1180674130864957e-16,  Error =3.4688991945586167e-07
Completed 20 % :  mod = 6.440981028291849e-17,  Error =3.5556467992137186e-07
Completed 20 % :  mod = 4.4258041576575607e-17,  Error =3.642353476607241e-07
Completed 21 % :  mod = 9.777977302832482e-17,  Error =3.7290010368451476e-07
Completed 21 % :  mod = 7.468217076278537e-17,  Error =3.8157077142386697e-07
Completed 22 % :  mod = 9.806483466685435e-18,  Error =3.902437128999736e-07
Completed 22 % :  mod = 8.825788730694164e-17,  Error =3.989125616499223e-07
Completed 23 % :  mod = 9.972556032299097e-17,  Error =4.075905053468887e-07
Completed 23 % :  mod = 3.9606205441342196e-17,  Error =4.1625980884418823e-07
Completed 24 % :  mod = 8.097175094349805e-17,  Error =4.249377525411546e-07
Completed 24 % :  mod = 1.1744823173498033e-16,  Error =4.3360842028050683e-07
Completed 25 % :  mod = 7.749165445474812e-17,  Error =4.422900019562803e-07
Completed 25 % :  mod = 6.870550763112752e-17,  Error =4.509579412115272e-07
Completed 26 % :  mod = 1.251356925052884e-16,  Error =4.5963406591909006e-07
Completed 26 % :  mod = 1.0802550118759965e-16,  Error =4.6831837607896887e-07
Completed 27 % :  mod = 6.70215239309126e-17,  Error =4.769776751345489e-07
Completed 27 % :  mod = 1.206967914263863e-16,  Error =4.856515261053573e-07
Completed 28 % :  mod = 1.2804515033175887e-16,  Error =4.943208296026569e-07
Completed 28 % :  mod = 7.362666927601362e-17,  Error =5.029937710787635e-07
Completed 29 % :  mod = 1.0458035954207862e-16,  Error =5.116617103340104e-07
Completed 29 % :  mod = 1.3561635345191203e-16,  Error =5.203282853472047e-07
Completed 30 % :  mod = 9.156969622651313e-17,  Error =5.29006229044171e-07
Completed 30 % :  mod = 8.054228755825452e-17,  Error =5.376878107199445e-07
Completed 31 % :  mod = 1.3001289384331553e-16,  Error =5.463512025016826e-07
Completed 31 % :  mod = 1.0694768810646671e-16,  Error =5.550214154936839e-07
Completed 32 % :  mod = 5.878645760097554e-17,  Error =5.636875357595272e-07
Completed 32 % :  mod = 1.1179268595907865e-16,  Error =5.723477443098091e-07
Completed 33 % :  mod = 1.1331782787232502e-16,  Error =5.810302354802843e-07
Completed 33 % :  mod = 4.6670909794105983e-17,  Error =5.897077244298998e-07
Completed 34 % :  mod = 8.273571933833288e-17,  Error =5.98394763073884e-07
Completed 34 % :  mod = 1.0960520465783306e-16,  Error =6.07065885560587e-07
Completed 35 % :  mod = 5.858516542195866e-17,  Error =6.157420102681499e-07
Completed 35 % :  mod = 4.5875979506070326e-17,  Error =6.244135875022039e-07
Completed 36 % :  mod = 9.672681424305727e-17,  Error =6.330774340312928e-07
Completed 36 % :  mod = 7.216552917019383e-17,  Error =6.417512850021012e-07
Completed 37 % :  mod = 1.6316082213206218e-17,  Error =6.50419679004699e-07
Completed 37 % :  mod = 9.243104746337557e-17,  Error =6.59083070786437e-07
Completed 38 % :  mod = 9.996003149185918e-17,  Error =6.677514647890348e-07
Completed 38 % :  mod = 3.859278097796979e-17,  Error =6.764175850548781e-07
Completed 39 % :  mod = 8.614100437171259e-17,  Error =6.851009857200552e-07
Completed 39 % :  mod = 1.189929894092728e-16,  Error =6.937684702279512e-07
Completed 40 % :  mod = 7.571799036576082e-17,  Error =7.024418664514087e-07
Completed 40 % :  mod = 7.388950446808627e-17,  Error =7.111088962119538e-07
Completed 41 % :  mod = 1.2739107494336816e-16,  Error =7.197750164777972e-07
Completed 41 % :  mod = 1.0644447862278316e-16,  Error =7.284506864380091e-07
Completed 42 % :  mod = 6.858265502504509e-17,  Error =7.371154424617998e-07
Completed 42 % :  mod = 1.2344258541650733e-16,  Error =7.457933861587662e-07
Completed 43 % :  mod = 1.268017362606795e-16,  Error =7.54465872887522e-07
Completed 43 % :  mod = 7.339305186093514e-17,  Error =7.631369953742251e-07
Completed 44 % :  mod = 1.0748415443837675e-16,  Error =7.718203960394021e-07
Completed 44 % :  mod = 1.3482364838312172e-16,  Error =7.804928827681579e-07
Completed 45 % :  mod = 8.771240315539112e-17,  Error =7.891612767707556e-07
Completed 45 % :  mod = 8.289733719513594e-17,  Error =7.978283065313008e-07
Completed 46 % :  mod = 1.2975114846169991e-16,  Error =8.065130714385305e-07
Completed 46 % :  mod = 1.0285649860190586e-16,  Error =8.1518237493583e-07
Completed 47 % :  mod = 5.62617558570977e-17,  Error =8.238575901486911e-07
Completed 47 % :  mod = 1.1209140285025657e-16,  Error =8.325196176883765e-07
Completed 48 % :  mod = 1.0970220399236409e-16,  Error =8.41197106637992e-07
Completed 48 % :  mod = 4.1123621539366116e-17,  Error =8.498759598296601e-07
Completed 49 % :  mod = 8.357817539186035e-17,  Error =8.585516297898721e-07
Completed 49 % :  mod = 1.0717136146641381e-16,  Error =8.672300282341894e-07
Completed 50 % :  mod = 5.2656478765828883e-17,  Error =8.75902969710296e-07
Completed 50 % :  mod = 4.773580650167269e-17,  Error =8.845599950291216e-07
Completed 51 % :  mod = 9.547886189724591e-17,  Error =8.932370292313863e-07
Completed 51 % :  mod = 7.124384389643965e-17,  Error =9.019213393912651e-07
Completed 52 % :  mod = 2.278995280602294e-17,  Error =9.105965546041261e-07
Completed 52 % :  mod = 9.641272052958109e-17,  Error =9.192594916385133e-07
Completed 53 % :  mod = 9.998260587116121e-17,  Error =9.279210644308478e-07
Completed 53 % :  mod = 3.821537920310701e-17,  Error =9.366017366119195e-07
Completed 54 % :  mod = 9.111596692931369e-17,  Error =9.452678568777628e-07
Completed 54 % :  mod = 1.2027153839046067e-16,  Error =9.53942617343273e-07
Completed 55 % :  mod = 7.420824921135169e-17,  Error =9.62602371146204e-07
Completed 55 % :  mod = 7.888299602650492e-17,  Error =9.712625796964858e-07
Completed 56 % :  mod = 1.2935564104739685e-16,  Error =9.79937340161996e-07
Completed 56 % :  mod = 1.0460929783542333e-16,  Error =9.886039151751902e-07
Completed 57 % :  mod = 6.993433669855e-17,  Error =9.972864063456655e-07
Completed 57 % :  mod = 1.258953258075143e-16,  Error =1.0059707165055443e-06
Completed 58 % :  mod = 1.252577328717081e-16,  Error =1.0146413842448965e-06
Completed 58 % :  mod = 7.347292597184691e-17,  Error =1.023298409563722e-06
Completed 59 % :  mod = 1.1019091677392114e-16,  Error =1.0319749890186358e-06
Completed 59 % :  mod = 1.337184074921414e-16,  Error =1.040653387462953e-06
Completed 60 % :  mod = 8.362729766763317e-17,  Error =1.0493181434867438e-06
Completed 60 % :  mod = 8.503866062912894e-17,  Error =1.0579974514257628e-06
Completed 61 % :  mod = 1.2918942080936433e-16,  Error =1.066659933712799e-06
Completed 61 % :  mod = 9.852337960278492e-17,  Error =1.0753346941783093e-06
Completed 62 % :  mod = 5.4584599240369696e-17,  Error =1.0840185495908372e-06
Completed 62 % :  mod = 1.1213678642475702e-16,  Error =1.0926983122772072e-06
Completed 63 % :  mod = 1.058418262613403e-16,  Error =1.1013803487003315e-06
Completed 63 % :  mod = 3.584898850643719e-17,  Error =1.110046014218824e-06
Completed 64 % :  mod = 8.423607281997015e-17,  Error =1.1187185009475797e-06
Completed 64 % :  mod = 1.0451094735306048e-16,  Error =1.1273896234342828e-06
Completed 65 % :  mod = 4.682850564027687e-17,  Error =1.1360580174368806e-06
Completed 65 % :  mod = 4.949331125550224e-17,  Error =1.1447264114394784e-06
Completed 66 % :  mod = 9.66565593120913e-17,  Error =1.1534061741258483e-06
Completed 66 % :  mod = 7.017735336692892e-17,  Error =1.162067292170832e-06
Completed 67 % :  mod = 2.920639871125864e-17,  Error =1.1707402336469386e-06
Completed 67 % :  mod = 1.0018975247266222e-16,  Error =1.1794118108809926e-06
Completed 68 % :  mod = 9.980836689257181e-17,  Error =1.188073383673327e-06
Completed 68 % :  mod = 3.957747373635547e-17,  Error =1.1967485988861881e-06
Completed 69 % :  mod = 9.588092756133682e-17,  Error =1.2054151738993824e-06
Completed 69 % :  mod = 1.2128090408536243e-16,  Error =1.2140885701228399e-06
Completed 70 % :  mod = 7.273552630220947e-17,  Error =1.2227615115989465e-06
Completed 70 % :  mod = 8.367531565728824e-17,  Error =1.2314303603488952e-06
Completed 71 % :  mod = 1.310212851194557e-16,  Error =1.240086476173019e-06
Completed 71 % :  mod = 1.0252449405002364e-16,  Error =1.2487616913858801e-06
Completed 72 % :  mod = 7.141833164959827e-17,  Error =1.2574387255881447e-06
Completed 72 % :  mod = 1.280533100549114e-16,  Error =1.2661057553486899e-06
Completed 73 % :  mod = 1.2342075053667293e-16,  Error =1.2747623259201646e-06
Completed 73 % :  mod = 7.332834607110849e-17,  Error =1.2834234439651482e-06
Completed 74 % :  mod = 1.1263305756916127e-16,  Error =1.2920900189783424e-06
Completed 74 % :  mod = 1.3230083312802839e-16,  Error =1.3007688721700106e-06
Completed 75 % :  mod = 7.932612071315507e-17,  Error =1.3094322639517486e-06
Completed 75 % :  mod = 8.696053242622616e-17,  Error =1.3181170288589783e-06
Completed 76 % :  mod = 1.2833201605120438e-16,  Error =1.3267926988191903e-06
Completed 76 % :  mod = 9.395800364219922e-17,  Error =1.3354670045373496e-06
Completed 77 % :  mod = 5.458664030853117e-17,  Error =1.3441313058137894e-06
Completed 77 % :  mod = 1.1192720770545994e-16,  Error =1.352804702037247e-06
Completed 78 % :  mod = 1.0174262499555898e-16,  Error =1.3614808267448097e-06
Completed 78 % :  mod = 3.142445762272665e-17,  Error =1.3701537682209164e-06
Completed 79 % :  mod = 8.512817914899519e-17,  Error =1.3788289834337775e-06
Completed 79 % :  mod = 1.016326564513001e-16,  Error =1.3874882824893575e-06
Completed 80 % :  mod = 4.089776116557822e-17,  Error =1.3961503100290429e-06
Completed 80 % :  mod = 5.114975821652285e-17,  Error =1.4048364391783252e-06
Completed 81 % :  mod = 9.90853517903891e-17,  Error =1.4135107448964845e-06
Completed 81 % :  mod = 6.896377875077284e-17,  Error =1.4221909623302054e-06
Completed 82 % :  mod = 3.5556425218631205e-17,  Error =1.4308566278486978e-06
Completed 82 % :  mod = 1.037542944859792e-16,  Error =1.4395286598301027e-06
Completed 83 % :  mod = 9.983459208520614e-17,  Error =1.4482047845376655e-06
Completed 83 % :  mod = 4.291211227214675e-17,  Error =1.4568790902558248e-06
Completed 84 % :  mod = 1.0042774665545809e-16,  Error =1.465542027290212e-06
Completed 84 % :  mod = 1.2201587292967352e-16,  Error =1.4742186067451257e-06
Completed 85 % :  mod = 7.107785433840046e-17,  Error =1.4828879102424253e-06
Completed 85 % :  mod = 8.82590591116769e-17,  Error =1.4915776773705147e-06
Completed 86 % :  mod = 1.3238615375798472e-16,  Error =1.500252437836025e-06
Completed 86 % :  mod = 1.0019333059749819e-16,  Error =1.5089185581018683e-06
Completed 87 % :  mod = 7.379022800872646e-17,  Error =1.5176087799773086e-06
Completed 87 % :  mod = 1.2991061244358546e-16,  Error =1.5262762644852046e-06
Completed 88 % :  mod = 1.212891174718572e-16,  Error =1.5349528439401183e-06
Completed 88 % :  mod = 7.295985106688895e-17,  Error =1.5436230569321197e-06
Completed 89 % :  mod = 1.1480446339068372e-16,  Error =1.552297362650279e-06
Completed 89 % :  mod = 1.3057571745826396e-16,  Error =1.5609507499902975e-06
Completed 90 % :  mod = 7.509011700894728e-17,  Error =1.569624146213755e-06
Completed 90 % :  mod = 8.866099439142375e-17,  Error =1.5782929949637037e-06
Completed 91 % :  mod = 1.2717992835491878e-16,  Error =1.5869563867454417e-06
Completed 91 % :  mod = 8.916719873421385e-17,  Error =1.595622507011285e-06
Completed 92 % :  mod = 5.521120375382237e-17,  Error =1.6042895367718302e-06
Completed 92 % :  mod = 1.1146729874869927e-16,  Error =1.6129642972373404e-06
Completed 93 % :  mod = 9.741889123936686e-17,  Error =1.6216395124502014e-06
Completed 93 % :  mod = 2.7707151480293082e-17,  Error =1.6303042684739921e-06
Completed 94 % :  mod = 8.58976305681042e-17,  Error =1.6389876691391692e-06
Completed 94 % :  mod = 9.854368197543821e-17,  Error =1.6476510609209072e-06
Completed 95 % :  mod = 3.488387206292213e-17,  Error =1.6563340068387333e-06
Completed 95 % :  mod = 5.561466135608905e-17,  Error =1.6650033103360329e-06
Completed 96 % :  mod = 1.013141384589201e-16,  Error =1.6736630641389638e-06
Completed 96 % :  mod = 6.760771152075653e-17,  Error =1.6823232726892456e-06
Completed 97 % :  mod = 4.181864738286067e-17,  Error =1.6909993973968085e-06
Completed 97 % :  mod = 1.070982379247823e-16,  Error =1.6996759768517222e-06
Completed 98 % :  mod = 9.96376071390364e-17,  Error =1.7083580132748466e-06
Completed 98 % :  mod = 4.614141514719369e-17,  Error =1.7170268620247953e-06
Completed 99 % :  mod = 1.047423391870021e-16,  Error =1.7257025319850072e-06
Completed 99 % :  mod = 1.2247366781958365e-16,  Error =1.7343677427561488e-06
Finished 1/1 frames
Finished all frames!
