/opt/local/miniconda_23_9/lib/python3.11/site-packages/conda/base/context.py:201: FutureWarning: Adding 'defaults' to channel list implicitly is deprecated and will be removed in 25.3. 

To remove this warning, please choose a default channel explicitly with conda's regular configuration system, e.g. by adding 'defaults' to the list of channels:

  conda config --add channels defaults

For more information see https://docs.conda.io/projects/conda/en/stable/user-guide/configuration/use-condarc.html

  deprecated.topic(
JOB 14184 ARRAY_ID 0  -> i=0 ; range=[1.53e-7, 1.53e-7] ; intervals=1 (frames=2)
Simulation name: run1
Analytic t0 extension enabled (--extend-time-using-t0).
The seed amp is 1.0000029999992548
Completed 0 % :  mod = 3.7225741985017505e-14,  Error =0.0
Completed 1 % :  mod = 3.7229455483337386e-14,  Error =3.243394530727528e-08
Completed 2 % :  mod = 3.7240597566483806e-14,  Error =6.487834980362095e-08
Completed 3 % :  mod = 3.7259171516709435e-14,  Error =9.731502359500155e-08
Completed 4 % :  mod = 3.728518405733829e-14,  Error =1.297535163757857e-07
Completed 5 % :  mod = 3.731864413515588e-14,  Error =1.621870069357101e-07
Completed 6 % :  mod = 3.735956233807405e-14,  Error =1.946295924426522e-07
Completed 7 % :  mod = 3.7407953383290245e-14,  Error =2.2707081370754167e-07
Completed 8 % :  mod = 3.746383241151841e-14,  Error =2.5950430426746607e-07
Completed 9 % :  mod = 3.7527218586878966e-14,  Error =2.919405233114958e-07
Completed 10 % :  mod = 3.759813377340987e-14,  Error =3.2438219932373613e-07
Completed 11 % :  mod = 3.767660152921497e-14,  Error =3.568156898836605e-07
Completed 12 % :  mod = 3.776264911816725e-14,  Error =3.8925782064325176e-07
Completed 13 % :  mod = 3.7856304651172655e-14,  Error =4.2170177039224654e-07
Completed 14 % :  mod = 3.7957600103724935e-14,  Error =4.541357156995218e-07
Completed 15 % :  mod = 3.806656840422992e-14,  Error =4.865737537329551e-07
Completed 16 % :  mod = 3.818324772210979e-14,  Error =5.190127012610901e-07
Completed 17 % :  mod = 3.830767728557792e-14,  Error =5.514466465683654e-07
Completed 18 % :  mod = 3.843989949922123e-14,  Error =5.838837751070969e-07
Completed 19 % :  mod = 3.8579958038176065e-14,  Error =6.163213583931793e-07
Completed 20 % :  mod = 3.872790086568306e-14,  Error =6.487571226898581e-07
Completed 21 % :  mod = 3.8883777374350953e-14,  Error =6.81192432239186e-07
Completed 22 % :  mod = 3.9047640768436745e-14,  Error =7.136295607779175e-07
Completed 23 % :  mod = 3.921954647565892e-14,  Error =7.460762390110176e-07
Completed 24 % :  mod = 3.939955225307657e-14,  Error =7.785174602759071e-07
Completed 25 % :  mod = 3.9587720251732197e-14,  Error =8.109545888146386e-07
Completed 26 % :  mod = 3.978411304618478e-14,  Error =8.433867151325103e-07
Completed 27 % :  mod = 3.998879871670746e-14,  Error =8.7582293417654e-07
Completed 28 % :  mod = 4.0201844920056897e-14,  Error =9.0825415099971e-07
Completed 28 % :  mod = 4.04233250834017e-14,  Error =9.406958270119503e-07
Completed 30 % :  mod = 4.065331480443242e-14,  Error =9.731297723192256e-07
Completed 31 % :  mod = 4.089189253957579e-14,  Error =1.0055641723738518e-06
Completed 32 % :  mod = 4.1139138333445326e-14,  Error =1.0379972081864253e-06
Completed 33 % :  mod = 4.139513784224782e-14,  Error =1.070433427230455e-06
Completed 34 % :  mod = 4.1659977569223015e-14,  Error =1.102860551327467e-06
Completed 35 % :  mod = 4.193374745868199e-14,  Error =1.1352922228979878e-06
Completed 36 % :  mod = 4.221654221949617e-14,  Error =1.1677325346681755e-06
Completed 37 % :  mod = 4.2508456666416074e-14,  Error =1.200169208459556e-06
Completed 38 % :  mod = 4.2809592919851417e-14,  Error =1.2326040632615332e-06
Completed 39 % :  mod = 4.312005294139322e-14,  Error =1.2650407370529138e-06
Completed 40 % :  mod = 4.3439942980736805e-14,  Error =1.2974837773072068e-06
Completed 41 % :  mod = 4.3769373152165316e-14,  Error =1.329917722614482e-06
Completed 42 % :  mod = 4.410845595224206e-14,  Error =1.3623516679217573e-06
Completed 43 % :  mod = 4.445730853621155e-14,  Error =1.3947887964604888e-06
Completed 44 % :  mod = 4.481605086511495e-14,  Error =1.4272318367147818e-06
Completed 45 % :  mod = 4.5184806288125194e-14,  Error =1.4596716937376186e-06
Completed 46 % :  mod = 4.556370138372834e-14,  Error =1.4921033653081395e-06
Completed 47 % :  mod = 4.595286786554769e-14,  Error =1.5245409485942218e-06
Completed 48 % :  mod = 4.6352438558937287e-14,  Error =1.556975348648848e-06
Completed 49 % :  mod = 4.676255475958064e-14,  Error =1.5894152056716848e-06
Completed 50 % :  mod = 4.7183355275001975e-14,  Error =1.6218518794630654e-06
Completed 51 % :  mod = 4.76149864830825e-14,  Error =1.6542940102226567e-06
Completed 52 % :  mod = 4.80575990498077e-14,  Error =1.6867343219928443e-06
Completed 53 % :  mod = 4.8511346288141035e-14,  Error =1.7191759980050847e-06
Completed 54 % :  mod = 4.8994824965258146e-14,  Error =1.7516185835120268e-06
Completed 55 % :  mod = 4.951303749892684e-14,  Error =1.7840502550825477e-06
Completed 56 % :  mod = 5.004403647139037e-14,  Error =1.816488293115981e-06
Completed 56 % :  mod = 5.058801341797394e-14,  Error =1.8489213289285544e-06
Completed 57 % :  mod = 5.114516998545854e-14,  Error =1.881362095446093e-06
Completed 59 % :  mod = 5.171570660301533e-14,  Error =1.913789674290456e-06
Completed 60 % :  mod = 5.229983545239759e-14,  Error =1.946232259797398e-06
Completed 61 % :  mod = 5.2897769191814645e-14,  Error =1.978672116820235e-06
Completed 62 % :  mod = 5.350972815571189e-14,  Error =2.011114702327177e-06
Completed 63 % :  mod = 5.4135937760732425e-14,  Error =2.043558197328821e-06
Completed 64 % :  mod = 5.4776627711623625e-14,  Error =2.0759935068781488e-06
Completed 65 % :  mod = 5.543203422469866e-14,  Error =2.1084374566271435e-06
Completed 66 % :  mod = 5.610239812201234e-14,  Error =2.1408759494079277e-06
Completed 67 % :  mod = 5.678796874888852e-14,  Error =2.173317625420168e-06
Completed 68 % :  mod = 5.748899656238179e-14,  Error =2.205757482443005e-06
Completed 69 % :  mod = 5.820574467210138e-14,  Error =2.2381927919923328e-06
Completed 70 % :  mod = 5.893847449359066e-14,  Error =2.2706244635628536e-06
Completed 71 % :  mod = 5.968745967143113e-14,  Error =2.303062501596287e-06
Completed 72 % :  mod = 6.045297824418773e-14,  Error =2.335500994377071e-06
Completed 73 % :  mod = 6.123531470905163e-14,  Error =2.36793675867375e-06
Completed 74 % :  mod = 6.203476076299403e-14,  Error =2.4003843464015517e-06
Completed 75 % :  mod = 6.285161043232676e-14,  Error =2.4328205654455815e-06
Completed 76 % :  mod = 6.368617230174039e-14,  Error =2.4652645151945762e-06
Completed 77 % :  mod = 6.453875373831568e-14,  Error =2.497699824743904e-06
Completed 78 % :  mod = 6.540967714396817e-14,  Error =2.5301451387349516e-06
Completed 79 % :  mod = 6.629926518531121e-14,  Error =2.562587269494543e-06
Completed 80 % :  mod = 6.72078535520897e-14,  Error =2.5950157578336075e-06
Completed 81 % :  mod = 6.813577973399356e-14,  Error =2.6274537958670408e-06
Completed 82 % :  mod = 6.908339360856957e-14,  Error =2.6598904696584214e-06
Completed 83 % :  mod = 7.005105294135883e-14,  Error =2.6923203222395387e-06
Completed 84 % :  mod = 7.103911634493538e-14,  Error =2.724750629568007e-06
Completed 85 % :  mod = 7.204796074896074e-14,  Error =2.757192760327598e-06
Completed 86 % :  mod = 7.307796340073381e-14,  Error =2.789632162603084e-06
Completed 87 % :  mod = 7.412951372365209e-14,  Error =2.822075202857377e-06
Completed 88 % :  mod = 7.520300765267884e-14,  Error =2.854515059880214e-06
Completed 89 % :  mod = 7.629885282241995e-14,  Error =2.8869521884189453e-06
Completed 90 % :  mod = 7.74553124110204e-14,  Error =2.919384769484168e-06
Completed 91 % :  mod = 7.867863736281226e-14,  Error =2.9518246265070047e-06
Completed 92 % :  mod = 7.992770782809636e-14,  Error =2.9842613002983853e-06
Completed 93 % :  mod = 8.120301333897664e-14,  Error =3.016701612068573e-06
Completed 94 % :  mod = 8.250505978588086e-14,  Error =3.0491437428281642e-06
Completed 95 % :  mod = 8.383435882964872e-14,  Error =3.08158814732451e-06
Completed 96 % :  mod = 8.519143653068002e-14,  Error =3.114023456873838e-06
Completed 97 % :  mod = 8.657683281953907e-14,  Error =3.1464601306652185e-06
Completed 98 % :  mod = 8.799109112080111e-14,  Error =3.178896349709248e-06
Completed 99 % :  mod = 8.943477757011225e-14,  Error =3.2113330235006288e-06
Completed 100 % :  mod = 9.090846042070097e-14,  Error =3.2437656045658514e-06
Finished 1/2 frames
Finished all frames!
