/opt/local/miniconda_23_9/lib/python3.11/site-packages/conda/base/context.py:201: FutureWarning: Adding 'defaults' to channel list implicitly is deprecated and will be removed in 25.3. 

To remove this warning, please choose a default channel explicitly with conda's regular configuration system, e.g. by adding 'defaults' to the list of channels:

  conda config --add channels defaults

For more information see https://docs.conda.io/projects/conda/en/stable/user-guide/configuration/use-condarc.html

  deprecated.topic(
JOB 15223 ARRAY_ID 0  -> i=3 ; range=[1.275e-10, 1.275e-10] ; intervals=0 (frames=1)
Simulation name: hysteresis_upsweep
Analytic t0 extension enabled (--extend-time-using-t0).
Restarting from complex psi index 3 (--restart-from-index).
Traceback (most recent call last):
  File "/home/users/seb25178/Projects/BEC_SMF_2D/patt2d_smf_BEC_sim/patt2d_q_sfm.py", line 494, in <module>
    main()
  File "/home/users/seb25178/Projects/BEC_SMF_2D/patt2d_smf_BEC_sim/patt2d_q_sfm.py", line 412, in main
    restart_state, restart_phase_path = load_restart_state(
                                        ^^^^^^^^^^^^^^^^^^^
  File "/home/users/seb25178/Projects/BEC_SMF_2D/patt2d_smf_BEC_sim/patt2d_q_sfm.py", line 323, in load_restart_state
    phase_path = find_phase_output(output_dir, restart_index)
                 ^^^^^^^^^^^^^^^^^^^^^^^^^^^^^^^^^^^^^^^^^^^^
  File "/home/users/seb25178/Projects/BEC_SMF_2D/patt2d_smf_BEC_sim/patt2d_q_sfm.py", line 308, in find_phase_output
    raise FileNotFoundError(
FileNotFoundError: Could not find complex psi output for index 3 in outputs/hysteresis_upsweep/psi_phase.
