/opt/local/miniconda_23_9/lib/python3.11/site-packages/conda/base/context.py:201: FutureWarning: Adding 'defaults' to channel list implicitly is deprecated and will be removed in 25.3. 

To remove this warning, please choose a default channel explicitly with conda's regular configuration system, e.g. by adding 'defaults' to the list of channels:

  conda config --add channels defaults

For more information see https://docs.conda.io/projects/conda/en/stable/user-guide/configuration/use-condarc.html

  deprecated.topic(
JOB 14652 ARRAY_ID 0  -> i=0 ; range=[1.7e-10, 1.7e-10] ; intervals=0 (frames=1)
Simulation name: run1
Analytic t0 extension enabled (--extend-time-using-t0).
Completed 0 % :  mod = 1.9302234545861977e-16,  Error =0.0
Completed 0 % :  mod = 1.257249688392384e-16,  Error =7.514790922868997e-08
Completed 0 % :  mod = 1.75871755105103e-16,  Error =1.5029900168883614e-07
Completed 1 % :  mod = 2.4338905945552147e-16,  Error =2.254541868751403e-07
Completed 1 % :  mod = 2.7789408564132766e-16,  Error =3.0059891287237406e-07
Completed 2 % :  mod = 4.122556955945993e-16,  Error =3.7575637179543264e-07
Completed 2 % :  mod = 6.118585451531612e-16,  Error =4.5090337152942084e-07
Completed 3 % :  mod = 9.17759686376934e-16,  Error =5.260526450001635e-07
Completed 3 % :  mod = 1.3797264938114287e-15,  Error =6.011860023136251e-07
Completed 4 % :  mod = 2.076334133232971e-15,  Error =6.763416422472801e-07
Completed 4 % :  mod = 3.1260190567500465e-15,  Error =7.51490006223321e-07
Completed 5 % :  mod = 4.7073318568579074e-15,  Error =8.266410986834671e-07
Completed 5 % :  mod = 7.089137690366682e-15,  Error =9.017817319545429e-07
Completed 6 % :  mod = 1.0676568629270353e-14,  Error =9.769323696673382e-07
Completed 6 % :  mod = 1.607954197135651e-14,  Error =1.0520711839490104e-06
Completed 7 % :  mod = 2.4217048872533423e-14,  Error =1.1272240953985602e-06
Completed 7 % :  mod = 3.647265042241632e-14,  Error =1.202368366648443e-06
Completed 8 % :  mod = 5.493102943087841e-14,  Error =1.2775290088029578e-06
Completed 8 % :  mod = 8.27305336700741e-14,  Error =1.352696017420385e-06
Completed 9 % :  mod = 1.245995444201589e-13,  Error =1.4278493836172856e-06
Completed 9 % :  mod = 1.8765621955391542e-13,  Error =1.5030018403194845e-06
Completed 10 % :  mod = 2.826254315147749e-13,  Error =1.578147930558771e-06
Completed 10 % :  mod = 4.256521689359393e-13,  Error =1.6532849258510396e-06
Completed 11 % :  mod = 6.410575224967441e-13,  Error =1.7284528439631686e-06
Completed 11 % :  mod = 9.654380137249564e-13,  Error =1.8035793800663669e-06
Completed 12 % :  mod = 1.4538739633372671e-12,  Error =1.8787013686960563e-06
Completed 12 % :  mod = 2.189074613323033e-12,  Error =1.953838363988325e-06
Completed 13 % :  mod = 3.3561495910184234e-12,  Error =2.0289435269660316e-06
Completed 13 % :  mod = 5.5681762300848824e-12,  Error =2.103981842083158e-06
Completed 14 % :  mod = 9.93151612310449e-12,  Error =2.17890510612051e-06
Completed 14 % :  mod = 1.8612888195788443e-11,  Error =2.2534941308549605e-06
Completed 15 % :  mod = 3.572710496517313e-11,  Error =2.327129550394602e-06
Completed 15 % :  mod = 6.190796422897356e-11,  Error =2.3978850549610797e-06
Completed 16 % :  mod = 8.190959297762709e-11,  Error =2.4623145691293757e-06
Completed 16 % :  mod = 9.044211135913337e-11,  Error =2.5185731828969438e-06
Completed 17 % :  mod = 9.043861537721885e-11,  Error =2.56945986620849e-06
Completed 17 % :  mod = 9.044012270896782e-11,  Error =2.6220977815683e-06
Completed 18 % :  mod = 9.04275151671666e-11,  Error =2.68025041805231e-06
Completed 18 % :  mod = 9.04397461751633e-11,  Error =2.74418425760814e-06
Completed 19 % :  mod = 9.043016320729316e-11,  Error =2.8124495656811632e-06
Completed 19 % :  mod = 8.590221968185026e-11,  Error =2.883524302887963e-06
Completed 20 % :  mod = 8.86613853770755e-11,  Error =2.956181106128497e-06
Completed 20 % :  mod = 8.835841500695185e-11,  Error =3.029667368537048e-06
Completed 21 % :  mod = 8.409119134346823e-11,  Error =3.103637027379591e-06
Completed 21 % :  mod = 8.970152893459794e-11,  Error =3.1780423341842834e-06
Completed 22 % :  mod = 8.082449770621319e-11,  Error =3.252691840316402e-06
Completed 22 % :  mod = 6.105437286326702e-11,  Error =3.3274395718763117e-06
Completed 23 % :  mod = 3.7794991062880175e-11,  Error =3.4020231396425515e-06
Completed 23 % :  mod = 2.3195569767391897e-11,  Error =3.476139681879431e-06
Completed 24 % :  mod = 4.56539219825706e-11,  Error =3.5488506000547204e-06
Completed 24 % :  mod = 7.563828006488529e-11,  Error =3.617006768763531e-06
Completed 25 % :  mod = 8.54822473223478e-11,  Error =3.6774563341168687e-06
Completed 25 % :  mod = 9.205549475484769e-11,  Error =3.7303902900021058e-06
Completed 26 % :  mod = 9.187112026103622e-11,  Error =3.7814997995155863e-06
Completed 26 % :  mod = 9.199529574879747e-11,  Error =3.83652513846755e-06
Completed 27 % :  mod = 9.071722713038714e-11,  Error =3.897318038070807e-06
Completed 27 % :  mod = 8.996079483666005e-11,  Error =3.963458311773138e-06
Completed 28 % :  mod = 9.178324608060833e-11,  Error =4.033062850794522e-06
Completed 28 % :  mod = 9.057731894402952e-11,  Error =4.104833806195529e-06
Completed 29 % :  mod = 9.196868148899863e-11,  Error =4.177655227977084e-06
Completed 29 % :  mod = 9.204364286984214e-11,  Error =4.251104201102862e-06
Completed 30 % :  mod = 8.27344955477239e-11,  Error =4.324865585658699e-06
Completed 30 % :  mod = 9.089179046903451e-11,  Error =4.398641976877116e-06
Completed 31 % :  mod = 6.938895905012754e-11,  Error =4.471171905606752e-06
Completed 31 % :  mod = 6.39729806685533e-11,  Error =4.540105692285579e-06
Completed 32 % :  mod = 8.80413188492353e-11,  Error =4.602730314218206e-06
Completed 32 % :  mod = 9.08189711999215e-11,  Error =4.656930286728311e-06
Completed 33 % :  mod = 9.08222941747905e-11,  Error =4.707690550276311e-06
Completed 33 % :  mod = 9.065373669824536e-11,  Error =4.7613038987037726e-06
Completed 34 % :  mod = 9.080028822522603e-11,  Error =4.821328730031382e-06
Completed 34 % :  mod = 9.083756148833642e-11,  Error =4.886558144789888e-06
Completed 35 % :  mod = 8.846320677603203e-11,  Error =4.95557196700247e-06
Completed 35 % :  mod = 9.082200366711977e-11,  Error =5.027148290537298e-06
Completed 36 % :  mod = 8.888747895044169e-11,  Error =5.1001179599552415e-06
Completed 36 % :  mod = 8.923553684589868e-11,  Error =5.1737365538429e-06
Completed 37 % :  mod = 8.280808547575282e-11,  Error =5.247802619123831e-06
Completed 37 % :  mod = 8.741404059137253e-11,  Error =5.3222411224851385e-06
Completed 38 % :  mod = 8.004709825550551e-11,  Error =5.396937467594398e-06
Completed 38 % :  mod = 5.1050782904019946e-11,  Error =5.471654731081799e-06
Completed 39 % :  mod = 2.9767540007748814e-11,  Error =5.546193278860301e-06
Completed 39 % :  mod = 3.730838594632832e-11,  Error =5.6197600315499585e-06
Completed 40 % :  mod = 5.7657260451612936e-11,  Error =5.6906942518253345e-06
Completed 40 % :  mod = 8.179044763051996e-11,  Error =5.756015525548719e-06
Completed 41 % :  mod = 8.885357548915642e-11,  Error =5.812838026031386e-06
Completed 41 % :  mod = 8.885465140847723e-11,  Error =5.864010290679289e-06
Completed 42 % :  mod = 8.88167015658076e-11,  Error =5.9161693570786156e-06
Completed 42 % :  mod = 8.884684319153401e-11,  Error =5.973996394459391e-06
Completed 43 % :  mod = 8.866537944296113e-11,  Error =6.037492767063668e-06
Completed 43 % :  mod = 8.872421775901507e-11,  Error =6.105409283918561e-06
Completed 44 % :  mod = 8.689187092979154e-11,  Error =6.176285296533024e-06
Completed 44 % :  mod = 8.860984276176352e-11,  Error =6.248880254133837e-06
Completed 45 % :  mod = 8.849557078228365e-11,  Error =6.322343779174844e-06
Completed 45 % :  mod = 8.626333933998329e-11,  Error =6.396301159838913e-06
Completed 46 % :  mod = 8.884084752024419e-11,  Error =6.470689640991623e-06
Completed 46 % :  mod = 8.428109577614368e-11,  Error =6.545371888933005e-06
Completed 47 % :  mod = 6.091109255341375e-11,  Error =6.620198746531969e-06
Completed 47 % :  mod = 3.90356224514158e-11,  Error =6.69499331706902e-06
Completed 48 % :  mod = 2.161691139362238e-11,  Error =6.769525043637259e-06
Completed 48 % :  mod = 2.950798188996773e-11,  Error =6.843338269391097e-06
Completed 49 % :  mod = 5.5483936406066836e-11,  Error =6.9150278250162955e-06
Completed 49 % :  mod = 8.066901882048741e-11,  Error =6.980880698392866e-06
Completed 50 % :  mod = 8.952408740233755e-11,  Error =7.038689545879606e-06
Completed 50 % :  mod = 9.133701198773604e-11,  Error =7.0900205173529685e-06
Completed 51 % :  mod = 9.126241426487183e-11,  Error =7.1421013672079425e-06
Completed 51 % :  mod = 9.122623367930015e-11,  Error =7.1990211836236995e-06
Completed 52 % :  mod = 9.121941760598853e-11,  Error =7.261733571795048e-06
Completed 52 % :  mod = 9.136502503373329e-11,  Error =7.329200343519915e-06
Completed 53 % :  mod = 8.737874581863098e-11,  Error =7.399669812002685e-06
Completed 53 % :  mod = 9.126126654927057e-11,  Error =7.471955996152246e-06
Completed 54 % :  mod = 8.815784200846724e-11,  Error =7.545027528976789e-06
Completed 54 % :  mod = 8.876325686656886e-11,  Error =7.6186261139810085e-06
Completed 55 % :  mod = 8.652370619238369e-11,  Error =7.6925175562792e-06
Completed 55 % :  mod = 8.524361788622773e-11,  Error =7.76624528953107e-06
Completed 56 % :  mod = 6.374539841489426e-11,  Error =7.838293640816119e-06
Completed 56 % :  mod = 6.808806649579265e-11,  Error =7.906236078270013e-06
Completed 57 % :  mod = 9.033244100143164e-11,  Error =7.967205419845413e-06
Completed 57 % :  mod = 9.095246164979594e-11,  Error =8.020263976504793e-06
Completed 58 % :  mod = 9.095514651422726e-11,  Error =8.071056527114706e-06
Completed 58 % :  mod = 9.090897708245752e-11,  Error =8.125811291392893e-06
Completed 59 % :  mod = 9.094814214153216e-11,  Error =8.186970717360964e-06
Completed 59 % :  mod = 9.053857512592025e-11,  Error =8.253035503003048e-06
Completed 60 % :  mod = 8.676672291943158e-11,  Error =8.322630947077414e-06
Completed 60 % :  mod = 9.011763435479313e-11,  Error =8.394542874157196e-06
Completed 61 % :  mod = 8.72079523333891e-11,  Error =8.467678526358213e-06
Completed 61 % :  mod = 8.759461486683642e-11,  Error =8.54142399475677e-06
Completed 62 % :  mod = 8.690681634296535e-11,  Error =8.615619208285352e-06
Completed 62 % :  mod = 8.580119291788342e-11,  Error =8.690151389600942e-06
Completed 63 % :  mod = 7.614463869075631e-11,  Error =8.764902759139659e-06
Completed 63 % :  mod = 4.5858170791130066e-11,  Error =8.839691417961149e-06
Completed 64 % :  mod = 2.6684492059249694e-11,  Error =8.914355476008495e-06
Completed 64 % :  mod = 3.0791636447274644e-11,  Error =8.98837743079639e-06
Completed 65 % :  mod = 4.9590567705019275e-11,  Error =9.060477168532088e-06
Completed 65 % :  mod = 7.521957939131022e-11,  Error =9.128102192335064e-06
Completed 66 % :  mod = 8.792342318650298e-11,  Error =9.187671366817085e-06
Completed 66 % :  mod = 8.884870672650071e-11,  Error =9.240101007890189e-06
Completed 67 % :  mod = 8.881962890964507e-11,  Error =9.291173228120897e-06
Completed 67 % :  mod = 8.883761465739725e-11,  Error =9.347057130071335e-06
Completed 68 % :  mod = 8.863213572985442e-11,  Error =9.408754067408154e-06
Completed 68 % :  mod = 8.850282546745246e-11,  Error =9.475344995735213e-06
Completed 69 % :  mod = 8.861319432387904e-11,  Error =9.545390639686957e-06
Completed 69 % :  mod = 8.860789441998819e-11,  Error =9.6175131147902e-06
Completed 70 % :  mod = 8.87282988048715e-11,  Error =9.690704700915376e-06
Completed 70 % :  mod = 8.879228226801156e-11,  Error =9.764463811734458e-06
Completed 71 % :  mod = 8.716947572555543e-11,  Error =9.838656751526287e-06
Completed 71 % :  mod = 8.813304071148905e-11,  Error =9.91316483123228e-06
Completed 72 % :  mod = 6.858006475747955e-11,  Error =9.987806151912082e-06
Completed 72 % :  mod = 4.656472748093422e-11,  Error =1.0062284673040267e-05
Completed 73 % :  mod = 3.28893594871863e-11,  Error =1.0135954653378576e-05
Completed 73 % :  mod = 5.2495987709331224e-11,  Error =1.0207570994680282e-05
Completed 74 % :  mod = 8.116154105457354e-11,  Error =1.0273878160660388e-05
Completed 74 % :  mod = 8.762926170947942e-11,  Error =1.0331781140848761e-05
Completed 75 % :  mod = 8.975710464916477e-11,  Error =1.0383314474893268e-05
Completed 75 % :  mod = 8.976950914191714e-11,  Error =1.0435125659569167e-05
Completed 76 % :  mod = 8.975222045907122e-11,  Error =1.0492162346054101e-05
Completed 76 % :  mod = 8.965566575209076e-11,  Error =1.0554742857493693e-05
Completed 77 % :  mod = 8.945081756241756e-11,  Error =1.0622078661981504e-05
Completed 77 % :  mod = 8.861998458467115e-11,  Error =1.0692498108255677e-05
Completed 78 % :  mod = 8.962304826212997e-11,  Error =1.0764785656647291e-05
Completed 78 % :  mod = 8.899753812901088e-11,  Error =1.0837928584805923e-05
Completed 79 % :  mod = 8.925410514438584e-11,  Error =1.091153626475716e-05
Completed 79 % :  mod = 8.636901737158853e-11,  Error =1.0985462267854018e-05
Completed 80 % :  mod = 8.73474399035867e-11,  Error =1.1059417829528684e-05
Completed 80 % :  mod = 6.23541541145608e-11,  Error =1.1132357485621469e-05
Completed 81 % :  mod = 6.442605253494838e-11,  Error =1.1201756478840252e-05
Completed 81 % :  mod = 8.435665696136403e-11,  Error =1.1265146895311773e-05
Completed 82 % :  mod = 9.169162469551618e-11,  Error =1.1320042631268734e-05
Completed 82 % :  mod = 9.162976718771944e-11,  Error =1.1370961146894842e-05
Completed 83 % :  mod = 9.16910696068295e-11,  Error =1.142393603004166e-05
Completed 83 % :  mod = 9.083367166251102e-11,  Error =1.1483235994091956e-05
Completed 84 % :  mod = 9.012682245579597e-11,  Error =1.1548066595423734e-05
Completed 84 % :  mod = 9.114180880908523e-11,  Error =1.1616783922363538e-05
Completed 85 % :  mod = 9.07131195586513e-11,  Error =1.1688166523526888e-05
Completed 85 % :  mod = 9.140874263853117e-11,  Error =1.1761031146306777e-05
Completed 86 % :  mod = 9.156880540229125e-11,  Error =1.1834640190500068e-05
Completed 86 % :  mod = 8.149916241431403e-11,  Error =1.1908723081432981e-05
Completed 87 % :  mod = 9.019090836943779e-11,  Error =1.1983196600340307e-05
Completed 87 % :  mod = 8.003933335866154e-11,  Error =1.2057948879373726e-05
Completed 88 % :  mod = 5.6555094223157647e-11,  Error =1.2132773008488584e-05
Completed 88 % :  mod = 2.923434046727408e-11,  Error =1.2207658073748462e-05
Completed 89 % :  mod = 1.7877782397031462e-11,  Error =1.2282364878046792e-05
Completed 89 % :  mod = 3.164377791485815e-11,  Error =1.235634181284695e-05
Completed 90 % :  mod = 5.156901068767117e-11,  Error =1.2428279660525732e-05
Completed 90 % :  mod = 7.704911851961985e-11,  Error =1.2495371720433468e-05
Completed 91 % :  mod = 8.831145211995511e-11,  Error =1.2554278782772599e-05
Completed 91 % :  mod = 8.892167607800303e-11,  Error =1.2606315976881888e-05
Completed 92 % :  mod = 8.892488172382058e-11,  Error =1.2657638762902934e-05
Completed 92 % :  mod = 8.891256280668377e-11,  Error =1.2713933301711222e-05
Completed 93 % :  mod = 8.886933688510177e-11,  Error =1.2776038147421787e-05
Completed 93 % :  mod = 8.879362021812743e-11,  Error =1.2842956948588835e-05
Completed 94 % :  mod = 8.829200488027491e-11,  Error =1.2913200862385565e-05
Completed 94 % :  mod = 8.88557297810243e-11,  Error =1.2985450666747056e-05
Completed 95 % :  mod = 8.85163693398383e-11,  Error =1.3058711829216918e-05
Completed 95 % :  mod = 8.86675982322359e-11,  Error =1.3132495041645598e-05
Completed 96 % :  mod = 8.751405273414552e-11,  Error =1.3206723906478146e-05
Completed 96 % :  mod = 8.753154244296311e-11,  Error =1.3281312931212597e-05
Completed 97 % :  mod = 6.688051302863814e-11,  Error =1.335602109975298e-05
Completed 97 % :  mod = 4.5192835535304753e-11,  Error =1.3430618764687097e-05
Completed 98 % :  mod = 2.7539688954820595e-11,  Error =1.3504626622307114e-05
Completed 98 % :  mod = 4.485203616106563e-11,  Error =1.3577144272858277e-05
Completed 99 % :  mod = 7.546088322310285e-11,  Error =1.3645387753058458e-05
Completed 99 % :  mod = 8.574625108185456e-11,  Error =1.370558811686351e-05
Finished 1/1 frames
Finished all frames!
