/opt/local/miniconda_23_9/lib/python3.11/site-packages/conda/base/context.py:201: FutureWarning: Adding 'defaults' to channel list implicitly is deprecated and will be removed in 25.3. 

To remove this warning, please choose a default channel explicitly with conda's regular configuration system, e.g. by adding 'defaults' to the list of channels:

  conda config --add channels defaults

For more information see https://docs.conda.io/projects/conda/en/stable/user-guide/configuration/use-condarc.html

  deprecated.topic(
JOB 15214 ARRAY_ID 0  -> i=3 ; range=[1.425e-10, 1.425e-10] ; intervals=0 (frames=1)
Simulation name: hysteresis_downsweep
Analytic t0 extension enabled (--extend-time-using-t0).
Restarting from complex psi index 2 (--restart-from-index).
Using final frame from existing outputs as initial condition: psi_not_squared2_1.45e-10.out
Completed 0 % :  mod = 6.86891632080531e-11,  Error =0.0
Completed 0 % :  mod = 6.756466364920519e-11,  Error =-1.6616594166407594e-05
Completed 0 % :  mod = 6.766858447105474e-11,  Error =-1.6404671896452783e-05
Completed 1 % :  mod = 6.743670210476237e-11,  Error =-1.6192234852496767e-05
Completed 1 % :  mod = 6.714508193939337e-11,  Error =-1.5977962448232574e-05
Completed 2 % :  mod = 6.516504986471256e-11,  Error =-1.5761245776957367e-05
Completed 2 % :  mod = 6.522792552041872e-11,  Error =-1.5542371784249553e-05
Completed 3 % :  mod = 6.742405061832264e-11,  Error =-1.532194301034906e-05
Completed 3 % :  mod = 5.872147569305554e-11,  Error =-1.5100830296432832e-05
Completed 4 % :  mod = 6.617293191027898e-11,  Error =-1.4880082744639367e-05
Completed 4 % :  mod = 6.68126570820049e-11,  Error =-1.4660246506537078e-05
Completed 5 % :  mod = 6.63751043621801e-11,  Error =-1.4441542589338496e-05
Completed 5 % :  mod = 6.614726705265576e-11,  Error =-1.4224624919734197e-05
Completed 6 % :  mod = 6.652263059344623e-11,  Error =-1.4010584436618956e-05
Completed 6 % :  mod = 6.69936037052838e-11,  Error =-1.3800917713524541e-05
Completed 7 % :  mod = 6.593424829745696e-11,  Error =-1.3597187717095949e-05
Completed 7 % :  mod = 6.820047000610093e-11,  Error =-1.3399922409007559e-05
Completed 8 % :  mod = 6.745863384334638e-11,  Error =-1.3208079053583788e-05
Completed 8 % :  mod = 6.761166317090784e-11,  Error =-1.3018672689213417e-05
Completed 9 % :  mod = 6.676097088441899e-11,  Error =-1.28282676996605e-05
Completed 9 % :  mod = 6.613139336070708e-11,  Error =-1.2634096947294893e-05
Completed 10 % :  mod = 6.708807873969837e-11,  Error =-1.2434985364961904e-05
Completed 10 % :  mod = 6.712178053850589e-11,  Error =-1.2231595519551774e-05
Completed 11 % :  mod = 6.531380246729404e-11,  Error =-1.202524254040327e-05
Completed 11 % :  mod = 6.625227418082707e-11,  Error =-1.1817128779512132e-05
Completed 12 % :  mod = 6.595997086997673e-11,  Error =-1.16083251668897e-05
Completed 12 % :  mod = 6.693810507820002e-11,  Error =-1.139923551818356e-05
Completed 13 % :  mod = 6.764621933335197e-11,  Error =-1.1189434189873282e-05
Completed 13 % :  mod = 6.661916262151125e-11,  Error =-1.097863514587516e-05
Completed 14 % :  mod = 6.623264876618402e-11,  Error =-1.076688295142958e-05
Completed 14 % :  mod = 6.58755244907551e-11,  Error =-1.0554840173426783e-05
Completed 15 % :  mod = 6.70005468937043e-11,  Error =-1.0343458143324824e-05
Completed 15 % :  mod = 6.716066165934519e-11,  Error =-1.013383280223934e-05
Completed 16 % :  mod = 6.705490756045556e-11,  Error =-9.925957783707418e-06
Completed 16 % :  mod = 6.872139478526128e-11,  Error =-9.718984983919654e-06
Completed 17 % :  mod = 6.744568538453592e-11,  Error =-9.511722055322025e-06
Completed 17 % :  mod = 6.64116275760518e-11,  Error =-9.302834314439679e-06
Completed 18 % :  mod = 6.649765268806992e-11,  Error =-9.092155778489541e-06
Completed 18 % :  mod = 6.60371745726194e-11,  Error =-8.879683264240157e-06
Completed 19 % :  mod = 6.678188587206118e-11,  Error =-8.665642781124916e-06
Completed 19 % :  mod = 6.616732622749179e-11,  Error =-8.450280347460648e-06
Completed 20 % :  mod = 6.675879064571613e-11,  Error =-8.233765584009234e-06
Completed 20 % :  mod = 6.767498854592431e-11,  Error =-8.01649139248184e-06
Completed 21 % :  mod = 6.5210545949154e-11,  Error =-7.798736078257207e-06
Completed 21 % :  mod = 6.624493697181912e-11,  Error =-7.581194950034842e-06
Completed 22 % :  mod = 6.520662670555568e-11,  Error =-7.36474294171785e-06
Completed 22 % :  mod = 6.81387830457125e-11,  Error =-7.150078090489842e-06
Completed 23 % :  mod = 6.701992084583865e-11,  Error =-6.937838861631462e-06
Completed 23 % :  mod = 6.783653463307454e-11,  Error =-6.727882464474533e-06
Completed 24 % :  mod = 6.81079170238536e-11,  Error =-6.519600901810918e-06
Completed 24 % :  mod = 6.591311661337836e-11,  Error =-6.312213372439146e-06
Completed 25 % :  mod = 6.844185470145202e-11,  Error =-6.104907242843183e-06
Completed 25 % :  mod = 6.742647165998309e-11,  Error =-5.89678074902622e-06
Completed 26 % :  mod = 6.57274351093726e-11,  Error =-5.68709583603777e-06
Completed 26 % :  mod = 6.471784981984554e-11,  Error =-5.475757461681496e-06
Completed 27 % :  mod = 6.479636701247435e-11,  Error =-5.2633627092291135e-06
Completed 27 % :  mod = 6.76766748634681e-11,  Error =-5.051146217738278e-06
Completed 28 % :  mod = 6.648282033941269e-11,  Error =-4.84002612211043e-06
Completed 28 % :  mod = 6.634334480037801e-11,  Error =-4.629974682757165e-06
Completed 29 % :  mod = 6.804468019987224e-11,  Error =-4.42103100795066e-06
Completed 29 % :  mod = 6.650536050605237e-11,  Error =-4.212443855067249e-06
Completed 30 % :  mod = 6.871782506152862e-11,  Error =-4.003387857665075e-06
Completed 30 % :  mod = 6.687796331343696e-11,  Error =-3.7940321817586664e-06
Completed 31 % :  mod = 6.639976981909571e-11,  Error =-3.5844382182403933e-06
Completed 31 % :  mod = 6.705072098221886e-11,  Error =-3.37526989824255e-06
Completed 32 % :  mod = 6.748872364065512e-11,  Error =-3.167358045175206e-06
Completed 32 % :  mod = 6.601536818343046e-11,  Error =-2.9611132958962116e-06
Completed 33 % :  mod = 6.750968514660567e-11,  Error =-2.756792127911467e-06
Completed 33 % :  mod = 6.798648773222295e-11,  Error =-2.5538975023664534e-06
Completed 34 % :  mod = 6.808317350269594e-11,  Error =-2.351302100578323e-06
Completed 34 % :  mod = 6.530494321053332e-11,  Error =-2.1477057998708915e-06
Completed 35 % :  mod = 6.615752255231306e-11,  Error =-1.9420808712311555e-06
Completed 35 % :  mod = 6.706218108406302e-11,  Error =-1.7342763385386206e-06
Completed 36 % :  mod = 6.699744789378965e-11,  Error =-1.524992512713652e-06
Completed 36 % :  mod = 6.659594216809861e-11,  Error =-1.314753717451822e-06
Completed 37 % :  mod = 6.781431084360099e-11,  Error =-1.1040242497983854e-06
Completed 37 % :  mod = 6.853555844253841e-11,  Error =-8.931492629926652e-07
Completed 38 % :  mod = 6.626787385354676e-11,  Error =-6.818304427724797e-07
Completed 38 % :  mod = 6.519343570788913e-11,  Error =-4.699736564361956e-07
Completed 39 % :  mod = 6.794185064774373e-11,  Error =-2.5808412829064764e-07
Completed 39 % :  mod = 6.762571372316819e-11,  Error =-4.622870619641617e-08
Completed 40 % :  mod = 6.652747088530978e-11,  Error =1.657913344388362e-07
Completed 40 % :  mod = 6.698973596202258e-11,  Error =3.7797281038365327e-07
Completed 41 % :  mod = 6.705907998657502e-11,  Error =5.902688826608937e-07
Completed 41 % :  mod = 6.634403938559878e-11,  Error =8.021606845431961e-07
Completed 42 % :  mod = 6.643509763120295e-11,  Error =1.013121618598234e-06
Completed 42 % :  mod = 6.83437159133552e-11,  Error =1.2230525499035139e-06
Completed 43 % :  mod = 6.684779722759566e-11,  Error =1.4323927643999923e-06
Completed 43 % :  mod = 6.66315693904695e-11,  Error =1.6418612176494207e-06
Completed 44 % :  mod = 6.715308059406156e-11,  Error =1.8513965187594295e-06
Completed 44 % :  mod = 6.851981556671446e-11,  Error =2.0606739781214856e-06
Completed 45 % :  mod = 6.843047340325551e-11,  Error =2.269765445817029e-06
Completed 45 % :  mod = 6.773607198137321e-11,  Error =2.4785249479464255e-06
Completed 46 % :  mod = 6.703802921738087e-11,  Error =2.687051164684817e-06
Completed 46 % :  mod = 6.764602920996684e-11,  Error =2.89586523649632e-06
Completed 47 % :  mod = 6.77744018287456e-11,  Error =3.105063569819322e-06
Completed 47 % :  mod = 6.755633095205677e-11,  Error =3.315125923109008e-06
Completed 48 % :  mod = 6.606892686876993e-11,  Error =3.5262405617686454e-06
Completed 48 % :  mod = 6.324008942353387e-11,  Error =3.737675797310658e-06
Completed 49 % :  mod = 6.800876546142015e-11,  Error =3.94839798900648e-06
Completed 49 % :  mod = 6.760380013444221e-11,  Error =4.158001502219122e-06
Completed 50 % :  mod = 6.712186914848588e-11,  Error =4.366458597360179e-06
Completed 50 % :  mod = 6.720100432854691e-11,  Error =4.574474132823525e-06
Completed 51 % :  mod = 6.795538227664407e-11,  Error =4.7834573706495576e-06
Completed 51 % :  mod = 6.635120996211492e-11,  Error =4.993898528482532e-06
Completed 52 % :  mod = 6.851218687837685e-11,  Error =5.205971774557838e-06
Completed 52 % :  mod = 6.748382583645841e-11,  Error =5.419865829026094e-06
Completed 53 % :  mod = 6.553976896108351e-11,  Error =5.63525327379466e-06
Completed 53 % :  mod = 6.736134893019644e-11,  Error =5.851257355971029e-06
Completed 54 % :  mod = 6.639839475538603e-11,  Error =6.0667734942398965e-06
Completed 54 % :  mod = 6.502894741414284e-11,  Error =6.2807739595882595e-06
Completed 55 % :  mod = 6.800431988892855e-11,  Error =6.492896773124812e-06
Completed 55 % :  mod = 6.91851525295163e-11,  Error =6.702941391267814e-06
Completed 56 % :  mod = 6.723441851533728e-11,  Error =6.911463970027398e-06
Completed 56 % :  mod = 6.74457156368461e-11,  Error =7.11938992026262e-06
Completed 57 % :  mod = 6.688676378003301e-11,  Error =7.326998456846923e-06
Completed 57 % :  mod = 6.6872504932572e-11,  Error =7.534597898484208e-06
Completed 58 % :  mod = 6.705232177714966e-11,  Error =7.7419954322977e-06
Completed 58 % :  mod = 6.521599902860714e-11,  Error =7.94836114437203e-06
Completed 59 % :  mod = 6.686557724419682e-11,  Error =8.15268049336737e-06
Completed 59 % :  mod = 6.872493236867639e-11,  Error =8.355471891263733e-06
Completed 60 % :  mod = 6.805779527295572e-11,  Error =8.558785793866264e-06
Completed 60 % :  mod = 6.60759405023729e-11,  Error =8.764568065089406e-06
Completed 61 % :  mod = 5.961433525935353e-11,  Error =8.974000138550764e-06
Completed 61 % :  mod = 6.038528173689296e-11,  Error =9.186313036479987e-06
Completed 62 % :  mod = 6.538037052470437e-11,  Error =9.399828286404954e-06
Completed 62 % :  mod = 6.678156345355099e-11,  Error =9.613330803404097e-06
Completed 63 % :  mod = 6.740056708034045e-11,  Error =9.826653695199639e-06
Completed 63 % :  mod = 6.414933696073534e-11,  Error =1.0040202596428571e-05
Completed 64 % :  mod = 6.198002848832397e-11,  Error =1.02537237580691e-05
Completed 64 % :  mod = 6.580376380745484e-11,  Error =1.0466720141266705e-05
Completed 65 % :  mod = 6.698914595949664e-11,  Error =1.0678225862648105e-05
Completed 65 % :  mod = 6.812762836584617e-11,  Error =1.0887686585192569e-05
Completed 66 % :  mod = 6.694032821293279e-11,  Error =1.1095751688117161e-05
Completed 66 % :  mod = 6.752936533394025e-11,  Error =1.1302931397949578e-05
Completed 67 % :  mod = 6.786629301662064e-11,  Error =1.1510014701343607e-05
Completed 67 % :  mod = 6.64222040340444e-11,  Error =1.1717488632712048e-05
Completed 68 % :  mod = 6.621912149290815e-11,  Error =1.1925336366402917e-05
Completed 68 % :  mod = 6.732491819489625e-11,  Error =1.2133424661442405e-05
Completed 69 % :  mod = 6.617206033646452e-11,  Error =1.2341678939264966e-05
Completed 69 % :  mod = 6.658424370508363e-11,  Error =1.25502779155795e-05
Completed 70 % :  mod = 6.734571637458302e-11,  Error =1.2759243418258848e-05
Completed 70 % :  mod = 6.759250914572631e-11,  Error =1.2968993814865826e-05
Completed 71 % :  mod = 6.656953978834886e-11,  Error =1.3180032055970514e-05
Completed 71 % :  mod = 6.522080897039878e-11,  Error =1.3392362689046422e-05
Completed 72 % :  mod = 6.215563793189811e-11,  Error =1.3605604181066155e-05
Completed 72 % :  mod = 6.667330298016968e-11,  Error =1.3818834304402117e-05
Completed 73 % :  mod = 6.705893346160328e-11,  Error =1.4031161754246568e-05
Completed 73 % :  mod = 6.742377666938693e-11,  Error =1.4242249562812503e-05
Completed 74 % :  mod = 6.714906804326043e-11,  Error =1.4452174127654871e-05
Completed 74 % :  mod = 6.725679382374139e-11,  Error =1.4661030036222655e-05
Completed 75 % :  mod = 6.644590755395956e-11,  Error =1.4868528523948044e-05
Completed 75 % :  mod = 6.702946088315949e-11,  Error =1.5074564998940332e-05
Completed 76 % :  mod = 6.754453065458366e-11,  Error =1.5279619674402056e-05
Completed 76 % :  mod = 6.831500293699512e-11,  Error =1.548417685626191e-05
Completed 77 % :  mod = 6.745912269036824e-11,  Error =1.5689817701058928e-05
Completed 77 % :  mod = 6.652045061394026e-11,  Error =1.589773364685243e-05
Completed 78 % :  mod = 6.62375835789183e-11,  Error =1.6108251656987704e-05
Completed 78 % :  mod = 6.768199606269497e-11,  Error =1.632125258765882e-05
Completed 79 % :  mod = 6.389857934779253e-11,  Error =1.6535766462766333e-05
Completed 79 % :  mod = 6.71762784870014e-11,  Error =1.6750392205722164e-05
Completed 80 % :  mod = 6.60120567489754e-11,  Error =1.6963879716058727e-05
Completed 80 % :  mod = 6.699867034048765e-11,  Error =1.7175184439111035e-05
Completed 81 % :  mod = 6.70754132309619e-11,  Error =1.738422452035593e-05
Completed 81 % :  mod = 6.708768564051464e-11,  Error =1.7591979940334568e-05
Completed 82 % :  mod = 6.75017655923833e-11,  Error =1.7799727629608242e-05
Completed 82 % :  mod = 6.658983144486335e-11,  Error =1.8008371625910513e-05
Completed 83 % :  mod = 6.684214753801252e-11,  Error =1.8218345303466776e-05
Completed 83 % :  mod = 6.567501555187097e-11,  Error =1.8429413103149273e-05
Completed 84 % :  mod = 6.710504971765468e-11,  Error =1.8640821963344933e-05
Completed 84 % :  mod = 6.706673316019004e-11,  Error =1.8851981167244958e-05
Completed 85 % :  mod = 6.69967244726747e-11,  Error =1.9062419596593827e-05
Completed 85 % :  mod = 6.784281748596847e-11,  Error =1.927197263285052e-05
Completed 86 % :  mod = 6.77623968602335e-11,  Error =1.9481452909531072e-05
Completed 86 % :  mod = 6.681780140603882e-11,  Error =1.9692004570970312e-05
Completed 87 % :  mod = 6.72791872341105e-11,  Error =1.9904031432815827e-05
Completed 87 % :  mod = 6.432655211170986e-11,  Error =2.0117088752158452e-05
Completed 88 % :  mod = 6.500731647735703e-11,  Error =2.0329878225311404e-05
Completed 88 % :  mod = 6.714691759298305e-11,  Error =2.0541044705169043e-05
Completed 89 % :  mod = 6.717144438841131e-11,  Error =2.0749923805851722e-05
Completed 89 % :  mod = 6.832078759877438e-11,  Error =2.0956974367436487e-05
Completed 90 % :  mod = 6.705315524093578e-11,  Error =2.116305995514267e-05
Completed 90 % :  mod = 6.689663310122619e-11,  Error =2.136917373718461e-05
Completed 91 % :  mod = 6.713575183500509e-11,  Error =2.157584140149993e-05
Completed 91 % :  mod = 6.590233555669577e-11,  Error =2.178289423682145e-05
Completed 92 % :  mod = 6.720618544306976e-11,  Error =2.19902708522568e-05
Completed 92 % :  mod = 6.763439797477835e-11,  Error =2.2197907128429506e-05
Completed 93 % :  mod = 6.698911665907738e-11,  Error =2.2405615254683653e-05
Completed 93 % :  mod = 6.704909766217078e-11,  Error =2.2613440251006978e-05
Completed 94 % :  mod = 6.770963949933882e-11,  Error =2.282166860823054e-05
Completed 94 % :  mod = 6.724144741266917e-11,  Error =2.3030463580653304e-05
Completed 95 % :  mod = 6.624776981507312e-11,  Error =2.324045863133506e-05
Completed 95 % :  mod = 6.74169604059269e-11,  Error =2.3451668766938383e-05
Completed 96 % :  mod = 6.606809003922778e-11,  Error =2.366344460824621e-05
Completed 96 % :  mod = 6.792269742433617e-11,  Error =2.387518634350272e-05
Completed 97 % :  mod = 6.77722898269404e-11,  Error =2.408648697382887e-05
Completed 97 % :  mod = 6.761352336223189e-11,  Error =2.4297457002830924e-05
Completed 98 % :  mod = 6.616079671406948e-11,  Error =2.4508562546543544e-05
Completed 98 % :  mod = 6.693768193977254e-11,  Error =2.472000460329582e-05
Completed 99 % :  mod = 6.735798229702489e-11,  Error =2.4931830466812244e-05
Completed 99 % :  mod = 6.629480160740049e-11,  Error =2.5143925995507743e-05
Completed 100 % :  mod = 6.595665783616051e-11,  Error =2.5356080641358858e-05
Finished 4/1 frames
Finished all frames!
