/opt/local/miniconda_23_9/lib/python3.11/site-packages/conda/base/context.py:201: FutureWarning: Adding 'defaults' to channel list implicitly is deprecated and will be removed in 25.3. 

To remove this warning, please choose a default channel explicitly with conda's regular configuration system, e.g. by adding 'defaults' to the list of channels:

  conda config --add channels defaults

For more information see https://docs.conda.io/projects/conda/en/stable/user-guide/configuration/use-condarc.html

  deprecated.topic(
JOB 14628 ARRAY_ID 0  -> i=0 ; range=[1.4e-10, 1.4e-10] ; intervals=0 (frames=1)
Simulation name: run1
Analytic t0 extension enabled (--extend-time-using-t0).
Completed 0 % :  mod = 1.589595786251454e-16,  Error =0.0
Completed 1 % :  mod = 1.4331356073628146e-16,  Error =9.418681656825356e-08
Completed 2 % :  mod = 1.0354391386677704e-16,  Error =1.8837272364180535e-07
Completed 3 % :  mod = 8.745107400071999e-17,  Error =2.8256226869416423e-07
Completed 4 % :  mod = 1.1694674588889818e-16,  Error =3.7673771657864563e-07
Completed 5 % :  mod = 1.532170572893756e-16,  Error =4.709168024419341e-07
Completed 6 % :  mod = 1.6200854558010298e-16,  Error =5.650995262840297e-07
Completed 7 % :  mod = 1.398562767514524e-16,  Error =6.592804311367217e-07
Completed 8 % :  mod = 1.020626918319372e-16,  Error =7.534631549788173e-07
Completed 9 % :  mod = 1.0171211702360438e-16,  Error =8.476458788209129e-07
Completed 10 % :  mod = 1.3920156422719487e-16,  Error =9.418249646842014e-07
Completed 11 % :  mod = 1.6987417366142825e-16,  Error =1.0359990483266301e-06
Completed 12 % :  mod = 1.71864358944895e-16,  Error =1.1301754057058133e-06
Completed 13 % :  mod = 1.470971158256732e-16,  Error =1.224358129547909e-06
Completed 14 % :  mod = 1.2609124586204296e-16,  Error =1.3185340321797412e-06
Completed 15 % :  mod = 1.3362740619932835e-16,  Error =1.4127163012744859e-06
Completed 16 % :  mod = 1.7197488232054974e-16,  Error =1.5068922039063182e-06
Completed 17 % :  mod = 1.9682081973263587e-16,  Error =1.6010690160328522e-06
Completed 18 % :  mod = 1.943326038399032e-16,  Error =1.6952540136117022e-06
Completed 19 % :  mod = 1.716745672130308e-16,  Error =1.7894335542223416e-06
Completed 20 % :  mod = 1.7446819855724064e-16,  Error =1.8836112758435775e-06
Completed 21 % :  mod = 1.862078269486039e-16,  Error =1.977793544938322e-06
Completed 22 % :  mod = 2.2009618755790876e-16,  Error =2.071974449791014e-06
Completed 23 % :  mod = 2.3981657573284216e-16,  Error =2.1661589926225133e-06
Completed 24 % :  mod = 2.3737772034389872e-16,  Error =2.2603353500016965e-06
Completed 25 % :  mod = 2.360536581276494e-16,  Error =2.3545208023278974e-06
Completed 26 % :  mod = 2.5129654618456437e-16,  Error =2.448707618896151e-06
Completed 27 % :  mod = 2.6767560574200853e-16,  Error =2.5428912522329483e-06
Completed 28 % :  mod = 2.9562793262528414e-16,  Error =2.6370707928435877e-06
Completed 28 % :  mod = 3.1466707294229476e-16,  Error =2.731251242948929e-06
Completed 30 % :  mod = 3.243414987302461e-16,  Error =2.825434876285726e-06
Completed 31 % :  mod = 3.4591057363908717e-16,  Error =2.919620328611927e-06
Completed 32 % :  mod = 3.691049552091147e-16,  Error =3.0138030524540227e-06
Completed 33 % :  mod = 3.9394967992272405e-16,  Error =3.1079857762961183e-06
Completed 34 % :  mod = 4.2066938759701047e-16,  Error =3.2021648621594068e-06
Completed 35 % :  mod = 4.490427369009688e-16,  Error =3.2963462217594497e-06
Completed 36 % :  mod = 4.795374434634871e-16,  Error =3.390526671864791e-06
Completed 37 % :  mod = 5.121764288212306e-16,  Error =3.4847053029807284e-06
Completed 38 % :  mod = 5.471055222278556e-16,  Error =3.5788871173281223e-06
Completed 39 % :  mod = 5.844808774952312e-16,  Error =3.673069841170218e-06
Completed 40 % :  mod = 6.244694918424791e-16,  Error =3.7672562029911205e-06
Completed 41 % :  mod = 6.672500875671087e-16,  Error =3.861432560370304e-06
Completed 42 % :  mod = 7.130139807914557e-16,  Error =3.955613010475645e-06
Completed 43 % :  mod = 7.619657712279149e-16,  Error =4.0497916415915824e-06
Completed 44 % :  mod = 8.143244638875501e-16,  Error =4.143977093917783e-06
Completed 45 % :  mod = 8.703243050495006e-16,  Error =4.238157089275774e-06
Completed 46 % :  mod = 9.302157615394285e-16,  Error =4.3323348108970094e-06
Completed 47 % :  mod = 9.942667618623295e-16,  Error =4.426517989486456e-06
Completed 48 % :  mod = 1.0627636623494882e-15,  Error =4.520701168075902e-06
Completed 49 % :  mod = 1.136012652228146e-15,  Error =4.614876615960384e-06
Completed 50 % :  mod = 1.2143411370293767e-15,  Error =4.7090629777812865e-06
Completed 51 % :  mod = 1.2980990933548342e-15,  Error =4.803242063644575e-06
Completed 52 % :  mod = 1.3876609020123865e-15,  Error =4.8974211495078634e-06
Completed 53 % :  mod = 1.483426923846882e-15,  Error =4.99159932587645e-06
Completed 54 % :  mod = 1.58582533861435e-15,  Error =5.085778411739739e-06
Completed 55 % :  mod = 1.6953142026971718e-15,  Error =5.1799561333609745e-06
Completed 56 % :  mod = 1.8123832670919707e-15,  Error =5.274134764476912e-06
Completed 56 % :  mod = 1.937556268441415e-15,  Error =5.368311121856095e-06
Completed 57 % :  mod = 2.071393151151536e-15,  Error =5.46249339095084e-06
Completed 59 % :  mod = 2.214492371555023e-15,  Error =5.556677933782339e-06
Completed 60 % :  mod = 2.3674937307463274e-15,  Error =5.6508611123717856e-06
Completed 61 % :  mod = 2.5310810678300384e-15,  Error =5.745038833993021e-06
Completed 62 % :  mod = 2.7059854120994023e-15,  Error =5.839218374603661e-06
Completed 63 % :  mod = 2.8929884666557733e-15,  Error =5.933397460466949e-06
Completed 64 % :  mod = 3.0929260295242296e-15,  Error =6.0275815485510975e-06
Completed 65 % :  mod = 3.3066920190763257e-15,  Error =6.121766091382597e-06
Completed 66 % :  mod = 3.5352424619712228e-15,  Error =6.215956091182306e-06
Completed 67 % :  mod = 3.779599652219809e-15,  Error =6.3101369960349984e-06
Completed 68 % :  mod = 4.0408568195335826e-15,  Error =6.404324267350603e-06
Completed 69 % :  mod = 4.320182655243373e-15,  Error =6.4985028984665405e-06
Completed 70 % :  mod = 4.618826435545864e-15,  Error =6.59268243907718e-06
Completed 71 % :  mod = 4.938123543244373e-15,  Error =6.68686243443517e-06
Completed 72 % :  mod = 5.2795011958711956e-15,  Error =6.781036518077599e-06
Completed 73 % :  mod = 5.64448509508236e-15,  Error =6.8752192419196945e-06
Completed 74 % :  mod = 6.0347063257058235e-15,  Error =6.96940196576179e-06
Completed 75 % :  mod = 6.451908849480837e-15,  Error =7.063586508593289e-06
Completed 76 % :  mod = 6.897957749722205e-15,  Error =7.157771506172139e-06
Completed 77 % :  mod = 7.374847538023095e-15,  Error =7.251953320519533e-06
Completed 78 % :  mod = 7.8847112307528e-15,  Error =7.346141046582488e-06
Completed 79 % :  mod = 8.429829769506545e-15,  Error =7.440322860929882e-06
Completed 80 % :  mod = 9.012641748439296e-15,  Error =7.534507858508732e-06
Completed 81 % :  mod = 9.63575414688251e-15,  Error =7.628690582350828e-06
Completed 82 % :  mod = 1.0301953482013539e-14,  Error =7.722874670434976e-06
Completed 83 % :  mod = 1.1014218037738708e-14,  Error =7.817055120540317e-06
Completed 84 % :  mod = 1.1775731361282385e-14,  Error =7.911240118119167e-06
Completed 85 % :  mod = 1.2589896560176685e-14,  Error =8.00542102297186e-06
Completed 86 % :  mod = 1.3460352166138057e-14,  Error =8.099609658529516e-06
Completed 87 % :  mod = 1.4390988971449768e-14,  Error =8.193797839339823e-06
Completed 88 % :  mod = 1.5385967775708358e-14,  Error =8.287982382171322e-06
Completed 89 % :  mod = 1.6449738449028038e-14,  Error =8.38216146803461e-06
Completed 90 % :  mod = 1.758705951642057e-14,  Error =8.476349194097565e-06
Completed 91 % :  mod = 1.8803018966764342e-14,  Error =8.570531917939661e-06
Completed 92 % :  mod = 2.0103056360860612e-14,  Error =8.6647114585503e-06
Completed 93 % :  mod = 2.1492986092837995e-14,  Error =8.758892363402992e-06
Completed 94 % :  mod = 2.2979022935144147e-14,  Error =8.853070085024228e-06
Completed 95 % :  mod = 2.4567809556104705e-14,  Error =8.947253718361026e-06
Completed 96 % :  mod = 2.626644646194861e-14,  Error =9.041432804224314e-06
Completed 97 % :  mod = 2.8082524827141326e-14,  Error =9.135611435340252e-06
Completed 98 % :  mod = 3.002416143992229e-14,  Error =9.229791430698242e-06
Completed 99 % :  mod = 3.210003626504182e-14,  Error =9.323976428277092e-06
Completed 100 % :  mod = 3.4319432158977056e-14,  Error =9.418153240403626e-06
Finished 1/1 frames
Finished all frames!
