/opt/local/miniconda_23_9/lib/python3.11/site-packages/conda/base/context.py:201: FutureWarning: Adding 'defaults' to channel list implicitly is deprecated and will be removed in 25.3. 

To remove this warning, please choose a default channel explicitly with conda's regular configuration system, e.g. by adding 'defaults' to the list of channels:

  conda config --add channels defaults

For more information see https://docs.conda.io/projects/conda/en/stable/user-guide/configuration/use-condarc.html

  deprecated.topic(
JOB 15185 ARRAY_ID 0  -> i=1 ; range=[1.475e-10, 1.475e-10] ; intervals=0 (frames=1)
Simulation name: hysteresis_downsweep
Analytic t0 extension enabled (--extend-time-using-t0).
Restarting from complex psi index 0 (--restart-from-index).
Using final frame from existing outputs as initial condition: psi_not_squared0_1.5e-10.out
Completed 0 % :  mod = 5.830541288862999e-11,  Error =0.0
Completed 0 % :  mod = 4.631968840438883e-11,  Error =-1.0621663022902794e-05
Completed 0 % :  mod = 3.585243528941398e-11,  Error =-1.0399311122455401e-05
Completed 1 % :  mod = 2.6685294791902624e-11,  Error =-1.0176874184253393e-05
Completed 1 % :  mod = 1.8252032294538025e-11,  Error =-9.954534561984474e-06
Completed 2 % :  mod = 1.1313769006691253e-11,  Error =-9.732485978020122e-06
Completed 2 % :  mod = 1.3315454064381934e-11,  Error =-9.510963991488097e-06
Completed 3 % :  mod = 1.5897768121085304e-11,  Error =-9.290221896662842e-06
Completed 3 % :  mod = 2.1022867781150315e-11,  Error =-9.070734904526034e-06
Completed 4 % :  mod = 2.957380191767081e-11,  Error =-8.85339886735892e-06
Completed 4 % :  mod = 4.01567903230248e-11,  Error =-8.639928182674339e-06
Completed 5 % :  mod = 5.02865412013498e-11,  Error =-8.432504273514496e-06
Completed 5 % :  mod = 5.959359571818032e-11,  Error =-8.233172593463678e-06
Completed 6 % :  mod = 6.849203134252342e-11,  Error =-8.043713023653254e-06
Completed 6 % :  mod = 7.209015045365232e-11,  Error =-7.8647804002685e-06
Completed 7 % :  mod = 7.204386616731097e-11,  Error =-7.693506631767377e-06
Completed 7 % :  mod = 7.189495511018221e-11,  Error =-7.525135060859611e-06
Completed 8 % :  mod = 7.185851641579195e-11,  Error =-7.35564253773191e-06
Completed 8 % :  mod = 7.168179128336541e-11,  Error =-7.181494765973184e-06
Completed 9 % :  mod = 7.167092853686647e-11,  Error =-7.000713139859727e-06
Completed 9 % :  mod = 7.158460559197415e-11,  Error =-6.813226718804799e-06
Completed 10 % :  mod = 7.146367500422179e-11,  Error =-6.619782197958557e-06
Completed 10 % :  mod = 7.100599158790504e-11,  Error =-6.4212840698019136e-06
Completed 11 % :  mod = 7.105846326565868e-11,  Error =-6.218521775736008e-06
Completed 11 % :  mod = 7.082341519034975e-11,  Error =-6.0121419664938e-06
Completed 12 % :  mod = 7.251461936895223e-11,  Error =-5.802916348329745e-06
Completed 12 % :  mod = 7.01109475636237e-11,  Error =-5.591537046711892e-06
Completed 13 % :  mod = 7.068085919787749e-11,  Error =-5.378313744586194e-06
Completed 13 % :  mod = 7.11078088657918e-11,  Error =-5.163590685697272e-06
Completed 14 % :  mod = 7.107835259435084e-11,  Error =-4.947572506353026e-06
Completed 14 % :  mod = 7.173675470121923e-11,  Error =-4.730307409772649e-06
Completed 15 % :  mod = 6.984517476644321e-11,  Error =-4.511767656367738e-06
Completed 15 % :  mod = 6.465292584945657e-11,  Error =-4.292039193387609e-06
Completed 16 % :  mod = 5.57272073629282e-11,  Error =-4.071353487233864e-06
Completed 16 % :  mod = 4.368630514207164e-11,  Error =-3.849929726129631e-06
Completed 17 % :  mod = 3.2843999074297416e-11,  Error =-3.628033027780475e-06
Completed 17 % :  mod = 4.110486985123521e-11,  Error =-3.4060008147207554e-06
Completed 18 % :  mod = 5.320261919368995e-11,  Error =-3.1841586860537063e-06
Completed 18 % :  mod = 6.33010348520105e-11,  Error =-2.962701728392858e-06
Completed 19 % :  mod = 6.995570995636307e-11,  Error =-2.7416535886004567e-06
Completed 19 % :  mod = 7.227712378983145e-11,  Error =-2.5208983061020263e-06
Completed 20 % :  mod = 7.099722928728147e-11,  Error =-2.3001812223810703e-06
Completed 20 % :  mod = 6.44861659510148e-11,  Error =-2.079072601191001e-06
Completed 21 % :  mod = 5.669645030817738e-11,  Error =-1.8574519344838336e-06
Completed 21 % :  mod = 4.613629495678296e-11,  Error =-1.6353087630704977e-06
Completed 22 % :  mod = 3.422267476299547e-11,  Error =-1.4127367649052758e-06
Completed 22 % :  mod = 2.485891991371007e-11,  Error =-1.1898741831828374e-06
Completed 23 % :  mod = 1.927923764307818e-11,  Error =-9.668656275607646e-07
Completed 23 % :  mod = 1.5882038007020955e-11,  Error =-7.438129614456557e-07
Completed 24 % :  mod = 1.2849112282570653e-11,  Error =-5.207789399719331e-07
Completed 24 % :  mod = 1.8169935731220548e-11,  Error =-2.97819497063756e-07
Completed 25 % :  mod = 2.6497527307663043e-11,  Error =-7.505332177970558e-08
Completed 25 % :  mod = 3.5792516556451964e-11,  Error =1.473940756113734e-07
Completed 26 % :  mod = 4.479408808718591e-11,  Error =3.6935671232640743e-07
Completed 26 % :  mod = 5.4854851663966206e-11,  Error =5.906254045839887e-07
Completed 27 % :  mod = 6.587305743849832e-11,  Error =8.108977453957777e-07
Completed 27 % :  mod = 7.132696083827063e-11,  Error =1.0298545021214522e-06
Completed 28 % :  mod = 6.998244916738983e-11,  Error =1.2470432011468802e-06
Completed 28 % :  mod = 6.627388664614035e-11,  Error =1.46145248436369e-06
Completed 29 % :  mod = 6.354946347801621e-11,  Error =1.671243353484897e-06
Completed 29 % :  mod = 7.007019393022917e-11,  Error =1.874056124506751e-06
Completed 30 % :  mod = 7.150908691411615e-11,  Error =2.0669585865107365e-06
Completed 30 % :  mod = 6.87282517507168e-11,  Error =2.2468943825515453e-06
Completed 31 % :  mod = 7.069191323247079e-11,  Error =2.4130454221449327e-06
Completed 31 % :  mod = 7.206429449073908e-11,  Error =2.5695057956909295e-06
Completed 32 % :  mod = 7.194411834621425e-11,  Error =2.7227733880863525e-06
Completed 32 % :  mod = 7.210334173665528e-11,  Error =2.8794615900551435e-06
Completed 33 % :  mod = 7.212089116831475e-11,  Error =3.0456371860054787e-06
Completed 33 % :  mod = 7.218642495821713e-11,  Error =3.223900421289727e-06
Completed 34 % :  mod = 6.817880195733463e-11,  Error =3.413765170989791e-06
Completed 34 % :  mod = 5.884085930451329e-11,  Error =3.6136752896709368e-06
Completed 35 % :  mod = 4.919607617253078e-11,  Error =3.821483460342279e-06
Completed 35 % :  mod = 3.865800771108234e-11,  Error =4.034900939586805e-06
Completed 36 % :  mod = 2.925138194377903e-11,  Error =4.251960945111932e-06
Completed 36 % :  mod = 2.12041934764178e-11,  Error =4.47131424152758e-06
Completed 37 % :  mod = 1.5941694315887255e-11,  Error =4.692003585660132e-06
Completed 37 % :  mod = 2.062593383872036e-11,  Error =4.9134982873511035e-06
Completed 38 % :  mod = 3.0189964520283144e-11,  Error =5.135463652550243e-06
Completed 38 % :  mod = 4.059532835409543e-11,  Error =5.357629561331123e-06
Completed 39 % :  mod = 5.124129833836209e-11,  Error =5.579786375164986e-06
Completed 39 % :  mod = 6.213158377816506e-11,  Error =5.801762654300546e-06
Completed 40 % :  mod = 7.036091918629185e-11,  Error =6.023460628057364e-06
Completed 40 % :  mod = 7.177830145752637e-11,  Error =6.244960331969196e-06
Completed 41 % :  mod = 6.82497867957655e-11,  Error =6.4663722696423065e-06
Completed 41 % :  mod = 6.059757586891744e-11,  Error =6.6876982600660995e-06
Completed 42 % :  mod = 5.6278939514888886e-11,  Error =6.908885552547872e-06
Completed 42 % :  mod = 6.516841311990068e-11,  Error =7.1298609327641316e-06
Completed 43 % :  mod = 7.002545734214545e-11,  Error =7.350691703322809e-06
Completed 43 % :  mod = 7.20614749849856e-11,  Error =7.571437890874222e-06
Completed 44 % :  mod = 6.686293291260379e-11,  Error =7.792369615344796e-06
Completed 44 % :  mod = 5.658088239683256e-11,  Error =8.013826573005645e-06
Completed 45 % :  mod = 4.7491666021699094e-11,  Error =8.23584105091868e-06
Completed 45 % :  mod = 3.720711977834549e-11,  Error =8.458274351141881e-06
Completed 46 % :  mod = 2.7417951827793147e-11,  Error =8.681053714099107e-06
Completed 46 % :  mod = 1.8786062171479513e-11,  Error =8.90405181053211e-06
Completed 47 % :  mod = 1.500264542504029e-11,  Error =9.127139492193237e-06
Completed 47 % :  mod = 1.4096592616800542e-11,  Error =9.350213531433837e-06
Completed 48 % :  mod = 2.035979298111164e-11,  Error =9.573212537361542e-06
Completed 48 % :  mod = 2.8916043713214833e-11,  Error =9.796042377274716e-06
Completed 49 % :  mod = 3.9943987054378725e-11,  Error =1.001859482130385e-05
Completed 49 % :  mod = 5.1944308040026503e-11,  Error =1.0240654319204623e-05
Completed 50 % :  mod = 6.225021518114412e-11,  Error =1.0462018963153241e-05
Completed 50 % :  mod = 6.946218996339759e-11,  Error =1.068246592694777e-05
Completed 51 % :  mod = 7.237105808193995e-11,  Error =1.0901821042352822e-05
Completed 51 % :  mod = 6.850971685464112e-11,  Error =1.1119925147795584e-05
Completed 52 % :  mod = 7.001049960553535e-11,  Error =1.1336550414853264e-05
Completed 52 % :  mod = 7.214614380172869e-11,  Error =1.1551438092283206e-05
Completed 53 % :  mod = 7.043767694165077e-11,  Error =1.1764501778088743e-05
Completed 53 % :  mod = 6.944262928262317e-11,  Error =1.1975168490607757e-05
Completed 54 % :  mod = 7.195142370902561e-11,  Error =1.2182611953903688e-05
Completed 54 % :  mod = 7.141262161441114e-11,  Error =1.238586946783471e-05
Completed 55 % :  mod = 7.145965104593625e-11,  Error =1.2583845546032535e-05
Completed 55 % :  mod = 7.208754521908776e-11,  Error =1.2775767572748009e-05
Completed 56 % :  mod = 7.203960911954881e-11,  Error =1.2961781067133415e-05
Completed 56 % :  mod = 7.208817991184857e-11,  Error =1.3143148862582166e-05
Completed 57 % :  mod = 7.165871011197035e-11,  Error =1.33222001750255e-05
Completed 57 % :  mod = 7.184183014385112e-11,  Error =1.3501006833394058e-05
Completed 58 % :  mod = 7.194590383753915e-11,  Error =1.3681923519470729e-05
Completed 58 % :  mod = 7.167329269265611e-11,  Error =1.386698022542987e-05
Completed 59 % :  mod = 7.210504135208932e-11,  Error =1.4056805866857758e-05
Completed 59 % :  mod = 7.16658579967332e-11,  Error =1.4251515494834166e-05
Completed 60 % :  mod = 7.168901969580398e-11,  Error =1.4450830349233001e-05
Completed 60 % :  mod = 7.152437352483425e-11,  Error =1.4654081951448461e-05
Completed 61 % :  mod = 7.151642709954706e-11,  Error =1.4860644569125725e-05
Completed 61 % :  mod = 7.157690793170711e-11,  Error =1.5069988876348361e-05
Completed 62 % :  mod = 7.122303605636177e-11,  Error =1.5281629657692974e-05
Completed 62 % :  mod = 7.05628561335145e-11,  Error =1.5495414572797017e-05
Completed 63 % :  mod = 7.186455209674553e-11,  Error =1.5711043033661554e-05
Completed 63 % :  mod = 7.18760012499388e-11,  Error =1.5928111224638997e-05
Completed 64 % :  mod = 6.667003894556011e-11,  Error =1.6146325833688024e-05
Completed 64 % :  mod = 5.832067112025479e-11,  Error =1.6365256215067348e-05
Completed 65 % :  mod = 6.331767751139275e-11,  Error =1.6584419427090324e-05
Completed 65 % :  mod = 6.909784543390598e-11,  Error =1.6803493508632528e-05
Completed 66 % :  mod = 7.178835683324863e-11,  Error =1.702235249467776e-05
Completed 66 % :  mod = 6.969326653288123e-11,  Error =1.724105550238164e-05
Completed 67 % :  mod = 7.179858915294433e-11,  Error =1.74598753801547e-05
Completed 67 % :  mod = 6.735708367432882e-11,  Error =1.7679074062471045e-05
Completed 68 % :  mod = 7.190187878332798e-11,  Error =1.7898722035170067e-05
Completed 68 % :  mod = 7.010614609583747e-11,  Error =1.8118843399861362e-05
Completed 69 % :  mod = 6.480723241587902e-11,  Error =1.8339414964430034e-05
Completed 69 % :  mod = 5.6922536441806276e-11,  Error =1.8560161606728798e-05
Completed 70 % :  mod = 5.4626585141747256e-11,  Error =1.878074408523389e-05
Completed 70 % :  mod = 6.517050628262354e-11,  Error =1.900076495076064e-05
Completed 71 % :  mod = 7.060332414443217e-11,  Error =1.9219861769670388e-05
Completed 71 % :  mod = 7.064876716444576e-11,  Error =1.9437875380390324e-05
Completed 72 % :  mod = 7.182733346425468e-11,  Error =1.9654774860100588e-05
Completed 72 % :  mod = 7.17272438135703e-11,  Error =1.987068253583857e-05
Completed 73 % :  mod = 7.051247489109176e-11,  Error =2.0085876258235658e-05
Completed 73 % :  mod = 7.132467216037794e-11,  Error =2.0300443793530576e-05
Completed 74 % :  mod = 7.076182469122644e-11,  Error =2.0514385141723324e-05
Completed 74 % :  mod = 7.087703430694253e-11,  Error =2.0727759874716867e-05
Completed 75 % :  mod = 7.063576481505258e-11,  Error =2.0940259219059953e-05
Completed 75 % :  mod = 6.726483343992161e-11,  Error =2.1151321107026888e-05
Completed 76 % :  mod = 6.968937328529409e-11,  Error =2.1360802747949492e-05
Completed 76 % :  mod = 7.218603109314977e-11,  Error =2.1568930606008507e-05
Completed 77 % :  mod = 7.18219649293997e-11,  Error =2.177609712816775e-05
Completed 77 % :  mod = 7.204991261637692e-11,  Error =2.1983395072311396e-05
Completed 78 % :  mod = 7.184543734717906e-11,  Error =2.2191679818206467e-05
Completed 78 % :  mod = 6.992070756928382e-11,  Error =2.240095091110561e-05
Completed 79 % :  mod = 7.15731123044848e-11,  Error =2.2610643100051675e-05
Completed 79 % :  mod = 7.071518548767012e-11,  Error =2.2819835976406466e-05
Completed 80 % :  mod = 7.158141491027838e-11,  Error =2.3027425413602032e-05
Completed 80 % :  mod = 7.188692330761938e-11,  Error =2.323232865819591e-05
Completed 81 % :  mod = 7.209896344899192e-11,  Error =2.343389678571839e-05
Completed 81 % :  mod = 7.219334048187761e-11,  Error =2.3632047486898955e-05
Completed 82 % :  mod = 7.188945102504147e-11,  Error =2.3827799395803595e-05
Completed 82 % :  mod = 7.240366139358633e-11,  Error =2.4023075638979208e-05
Completed 83 % :  mod = 7.172627146525011e-11,  Error =2.4219288661697647e-05
Completed 83 % :  mod = 7.097518313358586e-11,  Error =2.4417449367319932e-05
Completed 84 % :  mod = 7.200920980654881e-11,  Error =2.4618070256110514e-05
Completed 84 % :  mod = 7.0996358447351e-11,  Error =2.4820949874992948e-05
Completed 85 % :  mod = 7.169603791670676e-11,  Error =2.50256857725617e-05
Completed 85 % :  mod = 7.128636686525202e-11,  Error =2.5232171992684016e-05
Completed 86 % :  mod = 7.165377606680958e-11,  Error =2.5440496756345965e-05
Completed 86 % :  mod = 7.001176694253694e-11,  Error =2.565065005910583e-05
Completed 87 % :  mod = 7.134463186708662e-11,  Error =2.5862518668873236e-05
Completed 87 % :  mod = 6.919316093496293e-11,  Error =2.6075545065396e-05
Completed 88 % :  mod = 7.178913826374491e-11,  Error =2.628904121593223e-05
Completed 88 % :  mod = 7.154888833793224e-11,  Error =2.6502406399231404e-05
Completed 89 % :  mod = 7.191395858741558e-11,  Error =2.6715227249951568e-05
Completed 89 % :  mod = 7.097185606291443e-11,  Error =2.6927572434942704e-05
Completed 90 % :  mod = 7.179426244714774e-11,  Error =2.71395902018412e-05
Completed 90 % :  mod = 7.24512006308066e-11,  Error =2.735142288656789e-05
Completed 91 % :  mod = 7.183222657602307e-11,  Error =2.7563433832256123e-05
Completed 91 % :  mod = 7.021272809496662e-11,  Error =2.7775939543062123e-05
Completed 92 % :  mod = 7.070637033087278e-11,  Error =2.7988877718598815e-05
Completed 92 % :  mod = 6.961312422532105e-11,  Error =2.8202118301123846e-05
Completed 93 % :  mod = 7.159016485473423e-11,  Error =2.8415553060767706e-05
Completed 93 % :  mod = 7.076841728527176e-11,  Error =2.8628664040297735e-05
Completed 94 % :  mod = 6.885604856065061e-11,  Error =2.8841035145887872e-05
Completed 94 % :  mod = 7.058086072036883e-11,  Error =2.90524017145799e-05
Completed 95 % :  mod = 7.19022688302061e-11,  Error =2.926244997070171e-05
Completed 95 % :  mod = 7.219240803301457e-11,  Error =2.947130315078539e-05
Completed 96 % :  mod = 7.141785201726432e-11,  Error =2.9679980798391625e-05
Completed 96 % :  mod = 6.858635519415125e-11,  Error =2.9889489269407932e-05
Completed 97 % :  mod = 7.209288153811e-11,  Error =3.010044611073681e-05
Completed 97 % :  mod = 7.091967203502951e-11,  Error =3.031316191481892e-05
Completed 98 % :  mod = 6.501871063095418e-11,  Error =3.052756574106752e-05
Completed 98 % :  mod = 7.023475558352584e-11,  Error =3.074305141126388e-05
Completed 99 % :  mod = 7.067480309473724e-11,  Error =3.09588781419734e-05
Completed 99 % :  mod = 6.798834869738475e-11,  Error =3.1174571631709114e-05
Completed 100 % :  mod = 7.210037860189026e-11,  Error =3.13898913191224e-05
Finished 2/1 frames
Finished all frames!
