/opt/local/miniconda_23_9/lib/python3.11/site-packages/conda/base/context.py:201: FutureWarning: Adding 'defaults' to channel list implicitly is deprecated and will be removed in 25.3. 

To remove this warning, please choose a default channel explicitly with conda's regular configuration system, e.g. by adding 'defaults' to the list of channels:

  conda config --add channels defaults

For more information see https://docs.conda.io/projects/conda/en/stable/user-guide/configuration/use-condarc.html

  deprecated.topic(
JOB 15341 ARRAY_ID 0  -> i=6 ; range=[1.35e-10, 1.35e-10] ; intervals=0 (frames=1)
Simulation name: hysteresis_downsweep
Analytic t0 extension enabled (--extend-time-using-t0).
Restarting from complex psi index 5 (--restart-from-index).
Using final frame from existing outputs as initial condition: psi_not_squared5_1.375e-10.out
Completed 0 % :  mod = 5.983221201678608e-11,  Error =0.0
Completed 0 % :  mod = 6.07931280465727e-11,  Error =-1.4048436241864692e-05
Completed 0 % :  mod = 6.041024160687592e-11,  Error =-1.380031744702137e-05
Completed 1 % :  mod = 6.143165362785656e-11,  Error =-1.3551053143601166e-05
Completed 1 % :  mod = 5.889199726254715e-11,  Error =-1.3301688795763766e-05
Completed 2 % :  mod = 5.94649490540881e-11,  Error =-1.3053687780484324e-05
Completed 2 % :  mod = 6.1104695940419e-11,  Error =-1.2808624433091609e-05
Completed 3 % :  mod = 5.98741419990462e-11,  Error =-1.2566710665851133e-05
Completed 3 % :  mod = 5.7915345544465e-11,  Error =-1.2326371233939426e-05
Completed 4 % :  mod = 6.207104060588783e-11,  Error =-1.2087341929145623e-05
Completed 4 % :  mod = 6.175107438675326e-11,  Error =-1.1849064321722835e-05
Completed 5 % :  mod = 6.063064902480501e-11,  Error =-1.161037243946339e-05
Completed 5 % :  mod = 5.985585651746162e-11,  Error =-1.1369648746040184e-05
Completed 6 % :  mod = 6.027653719298934e-11,  Error =-1.1126495792268543e-05
Completed 6 % :  mod = 5.951074097364056e-11,  Error =-1.0879892215598375e-05
Completed 7 % :  mod = 5.944283238856916e-11,  Error =-1.0630752512952313e-05
Completed 7 % :  mod = 6.015670083175447e-11,  Error =-1.0381759238953236e-05
Completed 8 % :  mod = 5.961150821437268e-11,  Error =-1.0134909643966239e-05
Completed 8 % :  mod = 6.165518640014575e-11,  Error =-9.890632554743206e-06
Completed 9 % :  mod = 6.281095116249027e-11,  Error =-9.648495051806094e-06
Completed 9 % :  mod = 6.062808343804651e-11,  Error =-9.407676316186553e-06
Completed 10 % :  mod = 6.102877818561638e-11,  Error =-9.168484666588483e-06
Completed 10 % :  mod = 6.188212687532692e-11,  Error =-8.929831437853863e-06
Completed 11 % :  mod = 5.974702140565788e-11,  Error =-8.690384674991947e-06
Completed 11 % :  mod = 6.13369112371699e-11,  Error =-8.4482808233588e-06
Completed 12 % :  mod = 5.991604239021787e-11,  Error =-8.204084679164225e-06
Completed 12 % :  mod = 5.977982606143761e-11,  Error =-7.959078629937721e-06
Completed 13 % :  mod = 6.057989615298504e-11,  Error =-7.714251296420116e-06
Completed 13 % :  mod = 6.161715765427476e-11,  Error =-7.4707700150611345e-06
Completed 14 % :  mod = 5.996649515273787e-11,  Error =-7.228110916912556e-06
Completed 14 % :  mod = 5.95986216741664e-11,  Error =-6.9851812440901995e-06
Completed 15 % :  mod = 6.199484138136062e-11,  Error =-6.7420983214105945e-06
Completed 15 % :  mod = 5.999403349440907e-11,  Error =-6.499479695776245e-06
Completed 16 % :  mod = 5.941626268337512e-11,  Error =-6.257470431592083e-06
Completed 16 % :  mod = 6.017313836062288e-11,  Error =-6.014561677147867e-06
Completed 17 % :  mod = 5.902385889055822e-11,  Error =-5.768863957200665e-06
Completed 17 % :  mod = 6.047340679761916e-11,  Error =-5.52094843442319e-06
Completed 18 % :  mod = 5.985248824573111e-11,  Error =-5.272886028251378e-06
Completed 18 % :  mod = 6.169547172746211e-11,  Error =-5.026806320529431e-06
Completed 19 % :  mod = 5.959354298968442e-11,  Error =-4.781978987011826e-06
Completed 19 % :  mod = 5.920909667209861e-11,  Error =-4.5386163947114255e-06
Completed 20 % :  mod = 6.18572487892047e-11,  Error =-4.2976848817488644e-06
Completed 20 % :  mod = 6.122421537323773e-11,  Error =-4.058256763528334e-06
Completed 21 % :  mod = 6.047092117494204e-11,  Error =-3.81876543542603e-06
Completed 21 % :  mod = 6.027454926788275e-11,  Error =-3.5774005482380744e-06
Completed 22 % :  mod = 6.003836786681071e-11,  Error =-3.3347068892908283e-06
Completed 22 % :  mod = 6.018784045255684e-11,  Error =-3.0911674002709333e-06
Completed 23 % :  mod = 6.388442679111057e-11,  Error =-2.8461581678129733e-06
Completed 23 % :  mod = 6.018063594499841e-11,  Error =-2.5988879315264057e-06
Completed 24 % :  mod = 5.948892110292713e-11,  Error =-2.349699570913799e-06
Completed 24 % :  mod = 5.890152530409578e-11,  Error =-2.100171968777431e-06
Completed 25 % :  mod = 6.01704735154342e-11,  Error =-1.8536902643973008e-06
Completed 25 % :  mod = 6.095344702605248e-11,  Error =-1.6104472706501838e-06
Completed 26 % :  mod = 6.00864973311833e-11,  Error =-1.3691010281036142e-06
Completed 26 % :  mod = 6.05317243268664e-11,  Error =-1.1265929060755298e-06
Completed 27 % :  mod = 5.92779275530352e-11,  Error =-8.834658729028888e-07
Completed 27 % :  mod = 6.106303610121073e-11,  Error =-6.416394171537831e-07
Completed 28 % :  mod = 5.989069065034988e-11,  Error =-4.0166924009099603e-07
Completed 28 % :  mod = 6.007700577230846e-11,  Error =-1.6227613741648383e-07
Completed 29 % :  mod = 6.087447829018181e-11,  Error =7.932339940452948e-08
Completed 29 % :  mod = 6.175251429154323e-11,  Error =3.238997123844456e-07
Completed 30 % :  mod = 6.038048507039296e-11,  Error =5.705078365281224e-07
Completed 30 % :  mod = 6.179947111699451e-11,  Error =8.165270628524013e-07
Completed 31 % :  mod = 6.128981237640344e-11,  Error =1.05953495221911e-06
Completed 31 % :  mod = 6.06165255611501e-11,  Error =1.2995919860259164e-06
Completed 32 % :  mod = 5.986083971721048e-11,  Error =1.5380892364191823e-06
Completed 32 % :  mod = 6.271650010590061e-11,  Error =1.7772576939023566e-06
Completed 33 % :  mod = 5.880258520308099e-11,  Error =2.0181701074761804e-06
Completed 33 % :  mod = 6.136327031421895e-11,  Error =2.2608951439906377e-06
Completed 34 % :  mod = 6.054896630587541e-11,  Error =2.505033990019001e-06
Completed 34 % :  mod = 6.035437312628775e-11,  Error =2.7504452191351447e-06
Completed 35 % :  mod = 6.016812866341836e-11,  Error =2.997596766363131e-06
Completed 35 % :  mod = 6.086205076070509e-11,  Error =3.245834705012385e-06
Completed 36 % :  mod = 6.073722322996634e-11,  Error =3.4930121728393715e-06
Completed 36 % :  mod = 5.994565635979338e-11,  Error =3.73719467461342e-06
Completed 37 % :  mod = 6.358435297178086e-11,  Error =3.978251243097475e-06
Completed 37 % :  mod = 6.050380864531738e-11,  Error =4.219120910420315e-06
Completed 38 % :  mod = 6.011153695587132e-11,  Error =4.462366177904187e-06
Completed 38 % :  mod = 6.084955120559254e-11,  Error =4.707744665211067e-06
Completed 39 % :  mod = 5.878588400877472e-11,  Error =4.953469669999322e-06
Completed 39 % :  mod = 6.081327801479574e-11,  Error =5.19745708515984e-06
Completed 40 % :  mod = 6.093860645313945e-11,  Error =5.440879249363206e-06
Completed 40 % :  mod = 5.848568949405028e-11,  Error =5.684988082066411e-06
Completed 41 % :  mod = 6.046264001386297e-11,  Error =5.929312465013936e-06
Completed 41 % :  mod = 5.96776607828319e-11,  Error =6.171734639792703e-06
Completed 42 % :  mod = 6.046564429207095e-11,  Error =6.412044513126602e-06
Completed 42 % :  mod = 6.010515724028374e-11,  Error =6.652361207670765e-06
Completed 43 % :  mod = 6.164064333136979e-11,  Error =6.894870239193551e-06
Completed 43 % :  mod = 5.928783449966697e-11,  Error =7.140769866964547e-06
Completed 44 % :  mod = 5.974240364623807e-11,  Error =7.388537596852984e-06
Completed 44 % :  mod = 6.043375397711496e-11,  Error =7.636312602699036e-06
Completed 45 % :  mod = 6.198332057573645e-11,  Error =7.88318129707477e-06
Completed 45 % :  mod = 5.909094394262032e-11,  Error =8.129081834340468e-06
Completed 46 % :  mod = 5.929661173828153e-11,  Error =8.37210700410651e-06
Completed 46 % :  mod = 6.30527557004713e-11,  Error =8.61210946823121e-06
Completed 47 % :  mod = 6.072989493126667e-11,  Error =8.84974133441574e-06
Completed 47 % :  mod = 6.131294338015155e-11,  Error =9.087367743632058e-06
Completed 48 % :  mod = 6.167541541033745e-11,  Error =9.32663760977448e-06
Completed 48 % :  mod = 5.91881609790607e-11,  Error =9.569532721798168e-06
Completed 49 % :  mod = 6.026029752255705e-11,  Error =9.815713838179363e-06
Completed 49 % :  mod = 6.152418754659783e-11,  Error =1.0064126399811357e-05
Completed 50 % :  mod = 6.091321706610868e-11,  Error =1.0313226994185243e-05
Completed 50 % :  mod = 6.025389288460253e-11,  Error =1.0563132946117548e-05
Completed 51 % :  mod = 6.274481985474377e-11,  Error =1.0812607342813862e-05
Completed 51 % :  mod = 5.950191863896583e-11,  Error =1.1060095403081505e-05
Completed 52 % :  mod = 6.037557742301942e-11,  Error =1.1302082384645473e-05
Completed 52 % :  mod = 6.086489626729397e-11,  Error =1.1538418220879976e-05
Completed 53 % :  mod = 6.018665910277977e-11,  Error =1.1771053777920315e-05
Completed 53 % :  mod = 6.084233298414987e-11,  Error =1.2003320534859085e-05
Completed 54 % :  mod = 6.08255596001713e-11,  Error =1.2237859209562885e-05
Completed 54 % :  mod = 6.184742765766157e-11,  Error =1.2476120900828391e-05
Completed 55 % :  mod = 5.958401232892266e-11,  Error =1.2718762718577636e-05
Completed 55 % :  mod = 6.044777376053504e-11,  Error =1.2964977486262796e-05
Completed 56 % :  mod = 6.097641308253561e-11,  Error =1.3213809779699659e-05
Completed 56 % :  mod = 5.868140764804942e-11,  Error =1.3465104984788923e-05
Completed 57 % :  mod = 6.00201704090024e-11,  Error =1.3716854027734371e-05
Completed 57 % :  mod = 6.200788248630929e-11,  Error =1.396743891746155e-05
Completed 58 % :  mod = 6.127671284137284e-11,  Error =1.4215282135410234e-05
Completed 58 % :  mod = 6.029562646894806e-11,  Error =1.4461502814810956e-05
Completed 59 % :  mod = 6.063532732868234e-11,  Error =1.4707028185512172e-05
Completed 59 % :  mod = 5.94926697519954e-11,  Error =1.4952021501812851e-05
Completed 60 % :  mod = 6.022387938177363e-11,  Error =1.5195033938653069e-05
Completed 60 % :  mod = 6.109196877403172e-11,  Error =1.543613461763016e-05
Completed 61 % :  mod = 6.004529740129425e-11,  Error =1.5675285794714e-05
Completed 61 % :  mod = 5.937029458183507e-11,  Error =1.591405134604429e-05
Completed 62 % :  mod = 6.159486379027601e-11,  Error =1.61526490956021e-05
Completed 62 % :  mod = 6.143935884976838e-11,  Error =1.639175297896145e-05
Completed 63 % :  mod = 5.909117837256038e-11,  Error =1.6630506252113264e-05
Completed 63 % :  mod = 6.144170941383864e-11,  Error =1.6868473267095396e-05
Completed 64 % :  mod = 6.190374775253623e-11,  Error =1.7106955056078732e-05
Completed 64 % :  mod = 5.936220119576368e-11,  Error =1.7349379504594253e-05
Completed 65 % :  mod = 6.158110217226588e-11,  Error =1.7597545593162067e-05
Completed 65 % :  mod = 5.960356233681234e-11,  Error =1.7850228232418885e-05
Completed 66 % :  mod = 6.001679076241086e-11,  Error =1.8103990441886708e-05
Completed 66 % :  mod = 5.950699386659773e-11,  Error =1.8356436157773715e-05
Completed 67 % :  mod = 6.205794889974924e-11,  Error =1.860518750618212e-05
Completed 67 % :  mod = 6.083218757926863e-11,  Error =1.88493872883555e-05
Completed 68 % :  mod = 6.029126930845294e-11,  Error =1.908992726384895e-05
Completed 68 % :  mod = 6.026297790047146e-11,  Error =1.9327658719703322e-05
Completed 69 % :  mod = 6.051633058436428e-11,  Error =1.956346432052669e-05
Completed 69 % :  mod = 6.211346759753203e-11,  Error =1.9799271285592113e-05
Completed 70 % :  mod = 5.944456647477289e-11,  Error =2.003902545766323e-05
Completed 70 % :  mod = 5.933671525609085e-11,  Error =2.0284875063225627e-05
Completed 71 % :  mod = 6.035698322445257e-11,  Error =2.0535268959065434e-05
Completed 71 % :  mod = 5.996879355964835e-11,  Error =2.0787249468412483e-05
Completed 72 % :  mod = 6.076510115941308e-11,  Error =2.103757742588641e-05
Completed 72 % :  mod = 6.119146413526884e-11,  Error =2.128447931681876e-05
Completed 73 % :  mod = 6.003689504663852e-11,  Error =2.1527921944652917e-05
Completed 73 % :  mod = 6.220671381038026e-11,  Error =2.1768308670289116e-05
Completed 74 % :  mod = 6.222158824875077e-11,  Error =2.2005931896273978e-05
Completed 74 % :  mod = 6.121839488306914e-11,  Error =2.224117952209781e-05
Completed 75 % :  mod = 5.956970600318207e-11,  Error =2.247625798190711e-05
Completed 75 % :  mod = 5.919302593111018e-11,  Error =2.271281209687004e-05
Completed 76 % :  mod = 5.952562082328131e-11,  Error =2.295171179866884e-05
Completed 76 % :  mod = 6.234967633664146e-11,  Error =2.319359782632091e-05
Completed 77 % :  mod = 5.837648745038144e-11,  Error =2.3438942662323825e-05
Completed 77 % :  mod = 6.112779204006774e-11,  Error =2.368686364206951e-05
Completed 78 % :  mod = 6.05631903130102e-11,  Error =2.3936830984894186e-05
Completed 78 % :  mod = 5.972783364131659e-11,  Error =2.4188077532016905e-05
Completed 79 % :  mod = 5.965088399503657e-11,  Error =2.443948187647038e-05
Completed 79 % :  mod = 6.197688105534379e-11,  Error =2.4688745725143235e-05
Completed 80 % :  mod = 6.04984746171371e-11,  Error =2.4935242436185945e-05
Completed 80 % :  mod = 6.055124063984339e-11,  Error =2.5179078420478618e-05
Completed 81 % :  mod = 6.013244918147137e-11,  Error =2.5420130441489164e-05
Completed 81 % :  mod = 6.116269172609522e-11,  Error =2.5657446258264827e-05
Completed 82 % :  mod = 5.926629384210005e-11,  Error =2.58928184848628e-05
Completed 82 % :  mod = 5.99405329562538e-11,  Error =2.6129033813049318e-05
Completed 83 % :  mod = 6.147228240962471e-11,  Error =2.63682577497093e-05
Completed 83 % :  mod = 6.284240019555806e-11,  Error =2.6610596705722855e-05
Completed 84 % :  mod = 6.054745594992051e-11,  Error =2.6856007025344297e-05
Completed 84 % :  mod = 5.869556995775772e-11,  Error =2.7103262709715636e-05
Completed 85 % :  mod = 6.020244471855727e-11,  Error =2.735051521085552e-05
Completed 85 % :  mod = 6.191147243347968e-11,  Error =2.759707376753795e-05
Completed 86 % :  mod = 6.101823927674003e-11,  Error =2.78427191915398e-05
Completed 86 % :  mod = 6.018136265389531e-11,  Error =2.808760063999216e-05
Completed 87 % :  mod = 5.9914752561064e-11,  Error =2.8331181965768337e-05
Completed 87 % :  mod = 6.121635375832515e-11,  Error =2.8573562303790823e-05
Completed 88 % :  mod = 6.329768124591157e-11,  Error =2.881499494833406e-05
Completed 88 % :  mod = 6.015717106846303e-11,  Error =2.9057611754979007e-05
Completed 89 % :  mod = 5.964548203559556e-11,  Error =2.930298114733887e-05
Completed 89 % :  mod = 5.881205547835274e-11,  Error =2.955060153908562e-05
Completed 90 % :  mod = 6.110926464003637e-11,  Error =2.979844748551841e-05
Completed 90 % :  mod = 6.215162534934276e-11,  Error =3.0044936920603504e-05
Completed 91 % :  mod = 6.128974794226857e-11,  Error =3.0288762445707107e-05
Completed 91 % :  mod = 6.025724212141166e-11,  Error =3.0530359708791366e-05
Completed 92 % :  mod = 6.072350256614386e-11,  Error =3.076985240113572e-05
Completed 92 % :  mod = 6.155181798964852e-11,  Error =3.100893127339077e-05
Completed 93 % :  mod = 6.103801905950112e-11,  Error =3.124884096905589e-05
Completed 93 % :  mod = 6.060748003749533e-11,  Error =3.149162830595742e-05
Completed 94 % :  mod = 5.943823741203623e-11,  Error =3.173674895151635e-05
Completed 94 % :  mod = 5.994572661463729e-11,  Error =3.198357217115699e-05
Completed 95 % :  mod = 6.120981579951167e-11,  Error =3.2229911539616296e-05
Completed 95 % :  mod = 6.069613211924307e-11,  Error =3.247516451665433e-05
Completed 96 % :  mod = 5.918287292868762e-11,  Error =3.271938885518466e-05
Completed 96 % :  mod = 6.030440488939367e-11,  Error =3.296378099548747e-05
Completed 97 % :  mod = 6.188166783160004e-11,  Error =3.320714813526138e-05
Completed 97 % :  mod = 6.373903878447054e-11,  Error =3.34482410835335e-05
Completed 98 % :  mod = 6.029933180692352e-11,  Error =3.368709667483927e-05
Completed 98 % :  mod = 6.095922802512577e-11,  Error =3.392668895685347e-05
Completed 99 % :  mod = 5.980461056012634e-11,  Error =3.416896106500644e-05
Completed 99 % :  mod = 6.047565563449495e-11,  Error =3.441377475610352e-05
Completed 100 % :  mod = 6.022601802383818e-11,  Error =3.465894224063959e-05
Finished 7/1 frames
Finished all frames!
