/opt/local/miniconda_23_9/lib/python3.11/site-packages/conda/base/context.py:201: FutureWarning: Adding 'defaults' to channel list implicitly is deprecated and will be removed in 25.3. 

To remove this warning, please choose a default channel explicitly with conda's regular configuration system, e.g. by adding 'defaults' to the list of channels:

  conda config --add channels defaults

For more information see https://docs.conda.io/projects/conda/en/stable/user-guide/configuration/use-condarc.html

  deprecated.topic(
JOB 14629 ARRAY_ID 0  -> i=0 ; range=[1.65e-10, 1.65e-10] ; intervals=0 (frames=1)
Simulation name: run1
Analytic t0 extension enabled (--extend-time-using-t0).
Completed 0 % :  mod = 1.8734521760995839e-16,  Error =0.0
Completed 1 % :  mod = 1.768925491790466e-16,  Error =1.8227501641376875e-07
Completed 2 % :  mod = 1.476352985056555e-16,  Error =3.645532160589937e-07
Completed 3 % :  mod = 1.1318612722542284e-16,  Error =5.468305062095169e-07
Completed 4 % :  mod = 1.14599900487826e-16,  Error =7.291077963600401e-07
Completed 5 % :  mod = 1.407509966093216e-16,  Error =9.113864507526159e-07
Completed 6 % :  mod = 1.824682059030867e-16,  Error =1.0936664693872444e-06
Completed 7 % :  mod = 2.1043834906768457e-16,  Error =1.275941940548364e-06
Completed 8 % :  mod = 2.2020200768799812e-16,  Error =1.4582169569621328e-06
Completed 9 % :  mod = 2.1317889671646928e-16,  Error =1.640494701860007e-06
Completed 10 % :  mod = 2.0062310446584249e-16,  Error =1.8227747204946354e-06
Completed 11 % :  mod = 2.1921929390752918e-16,  Error =2.00505792236072e-06
Completed 12 % :  mod = 2.460270389830963e-16,  Error =2.18732839130098e-06
Completed 13 % :  mod = 2.805982088054289e-16,  Error =2.369606590946205e-06
Completed 14 % :  mod = 3.266482509455218e-16,  Error =2.5518816073599737e-06
Completed 15 % :  mod = 3.6717101665633794e-16,  Error =2.7341643544787075e-06
Completed 16 % :  mod = 4.0292339175969864e-16,  Error =2.916440280387178e-06
Completed 17 % :  mod = 4.521119266124457e-16,  Error =3.0987253012426663e-06
Completed 18 % :  mod = 5.124693057655851e-16,  Error =3.281003955635242e-06
Completed 19 % :  mod = 5.812573716053146e-16,  Error =3.463275334070204e-06
Completed 20 % :  mod = 6.596077447946257e-16,  Error =3.645556262199534e-06
Completed 21 % :  mod = 7.488093267385664e-16,  Error =3.827832188108005e-06
Completed 22 % :  mod = 8.503294156441229e-16,  Error =4.010108114016475e-06
Completed 23 % :  mod = 9.658381042640861e-16,  Error =4.192392225377262e-06
Completed 24 % :  mod = 1.0972355020491187e-15,  Error =4.374669515527785e-06
Completed 25 % :  mod = 1.2466831711129599e-15,  Error =4.55694771517301e-06
Completed 26 % :  mod = 1.4166397405453973e-15,  Error =4.739220003102673e-06
Completed 27 % :  mod = 1.6099011554699104e-15,  Error =4.92149411002174e-06
Completed 28 % :  mod = 1.8296469496822332e-15,  Error =5.103769126435509e-06
Completed 28 % :  mod = 2.079492348206175e-15,  Error =5.28604005012312e-06
Completed 30 % :  mod = 2.3635477299991346e-15,  Error =5.468318249768345e-06
Completed 31 % :  mod = 2.686486382833062e-15,  Error =5.650595994666219e-06
Completed 32 % :  mod = 3.0536210604628136e-15,  Error =5.832877832290251e-06
Completed 33 % :  mod = 3.470991554945132e-15,  Error =6.015150574967265e-06
Completed 34 % :  mod = 3.945463949988649e-15,  Error =6.1974310483492445e-06
Completed 35 % :  mod = 4.484843425021585e-15,  Error =6.379711521731224e-06
Completed 36 % :  mod = 5.0980029224122466e-15,  Error =6.5619910856185015e-06
Completed 37 % :  mod = 5.7950289086870815e-15,  Error =6.744264737790218e-06
Completed 38 % :  mod = 6.587387506622273e-15,  Error =6.9265433921827935e-06
Completed 39 % :  mod = 7.488113331892192e-15,  Error =7.10882250132272e-06
Completed 40 % :  mod = 8.512023820632589e-15,  Error =7.291097517736489e-06
Completed 41 % :  mod = 9.675963389686171e-15,  Error =7.4733770816237666e-06
Completed 42 % :  mod = 1.0999080470608383e-14,  Error =7.65564936955343e-06
Completed 43 % :  mod = 1.2503142519638505e-14,  Error =7.837925750209251e-06
Completed 44 % :  mod = 1.421289424946043e-14,  Error =8.02020622359123e-06
Completed 45 % :  mod = 1.6156464248134125e-14,  Error =8.202478966268245e-06
Completed 46 % :  mod = 1.836582765445456e-14,  Error =8.384757620660821e-06
Completed 47 % :  mod = 2.0877331809672586e-14,  Error =8.567041277274257e-06
Completed 48 % :  mod = 2.3732293686986298e-14,  Error =8.749314929445973e-06
Completed 49 % :  mod = 2.6977679560311162e-14,  Error =8.931589945859741e-06
Completed 50 % :  mod = 3.0666877246089524e-14,  Error =9.113871783483773e-06
Completed 51 % :  mod = 3.4860574511870586e-14,  Error =9.296156804339262e-06
Completed 52 % :  mod = 3.962775787213634e-14,  Error =9.478439096710645e-06
Completed 53 % :  mod = 4.5046847811646327e-14,  Error =9.660719115345273e-06
Completed 54 % :  mod = 5.120698994013436e-14,  Error =9.84299276751699e-06
Completed 55 % :  mod = 5.820952232324085e-14,  Error =1.0025272331404267e-05
Completed 56 % :  mod = 6.616964338096224e-14,  Error =1.020754461933393e-05
Completed 56 % :  mod = 7.521830783421181e-14,  Error =1.0389822364231804e-05
Completed 57 % :  mod = 8.550438089168771e-14,  Error =1.0572097835392924e-05
Completed 59 % :  mod = 9.719708685084534e-14,  Error =1.0754383310995763e-05
Completed 60 % :  mod = 1.1048879171951936e-13,  Error =1.0936659236904234e-05
Completed 61 % :  mod = 1.2559816559042628e-13,  Error =1.1118937436549459e-05
Completed 62 % :  mod = 1.4277377763650407e-13,  Error =1.1301222912152298e-05
Completed 63 % :  mod = 1.6229818227829313e-13,  Error =1.148349974755547e-05
Completed 64 % :  mod = 1.844925648638831e-13,  Error =1.1665778401948046e-05
Completed 65 % :  mod = 2.0972202365222107e-13,  Error =1.1848058875330025e-05
Completed 66 % :  mod = 2.384015748562414e-13,  Error =1.2030336165480549e-05
Completed 67 % :  mod = 2.7100298058749927e-13,  Error =1.221261754835723e-05
Completed 68 % :  mod = 3.0806251103383937e-13,  Error =1.2394887562550139e-05
Completed 69 % :  mod = 3.5018976811131217e-13,  Error =1.257716940017417e-05
Completed 70 % :  mod = 3.980777147708141e-13,  Error =1.275944487133529e-05
Completed 71 % :  mod = 4.525140720482322e-13,  Error =1.2941718068759656e-05
Completed 72 % :  mod = 5.143942693795059e-13,  Error =1.3123989901941968e-05
Completed 73 % :  mod = 5.847361572315312e-13,  Error =1.330626173512428e-05
Completed 74 % :  mod = 6.64696719388378e-13,  Error =1.3488533113559242e-05
Completed 75 % :  mod = 7.555910549505906e-13,  Error =1.3670796306541888e-05
Completed 76 % :  mod = 8.589139337924289e-13,  Error =1.3853064046998043e-05
Completed 77 % :  mod = 9.763642695904409e-13,  Error =1.403532314725453e-05
Completed 78 % :  mod = 1.1098728956343452e-12,  Error =1.4217578609532211e-05
Completed 79 % :  mod = 1.2616340706249946e-12,  Error =1.4399832252820488e-05
Completed 80 % :  mod = 1.4341411839343056e-12,  Error =1.4582084077119362e-05
Completed 81 % :  mod = 1.6302271605573405e-12,  Error =1.4764327261218568e-05
Completed 82 % :  mod = 1.853110079579115e-12,  Error =1.4946566807338968e-05
Completed 83 % :  mod = 2.1064444919831907e-12,  Error =1.51287977132597e-05
Completed 84 % :  mod = 2.394378812934609e-12,  Error =1.5311013612517854e-05
Completed 85 % :  mod = 2.7219472482097446e-12,  Error =1.549321541460813e-05
Completed 86 % :  mod = 3.1099216754909934e-12,  Error =1.5675382201152388e-05
Completed 87 % :  mod = 3.5805179079391444e-12,  Error =1.585752033861354e-05
Completed 88 % :  mod = 4.16339492868084e-12,  Error =1.603961618457106e-05
Completed 89 % :  mod = 4.870769261674583e-12,  Error =1.6221657460846473e-05
Completed 90 % :  mod = 5.752178226309077e-12,  Error =1.6403615063609323e-05
Completed 91 % :  mod = 6.819359188685152e-12,  Error =1.6585480352659943e-05
Completed 92 % :  mod = 8.169347871826756e-12,  Error =1.6767208308010595e-05
Completed 93 % :  mod = 9.85514260307609e-12,  Error =1.6948753909673542e-05
Completed 94 % :  mod = 1.1939263423815145e-11,  Error =1.7130054857261712e-05
Completed 95 % :  mod = 1.4522162815690311e-11,  Error =1.731102111079963e-05
Completed 96 % :  mod = 1.772586378046517e-11,  Error =1.7491515336587327e-05
Completed 97 % :  mod = 2.1692295685290126e-11,  Error =1.7671344267000677e-05
Completed 98 % :  mod = 2.6623210455036694e-11,  Error =1.785023505362915e-05
Completed 99 % :  mod = 3.262630351079443e-11,  Error =1.8027789792540716e-05
Completed 100 % :  mod = 3.9700303180977815e-11,  Error =1.8203441868536174e-05
Finished 1/1 frames
Finished all frames!
