/opt/local/miniconda_23_9/lib/python3.11/site-packages/conda/base/context.py:201: FutureWarning: Adding 'defaults' to channel list implicitly is deprecated and will be removed in 25.3. 

To remove this warning, please choose a default channel explicitly with conda's regular configuration system, e.g. by adding 'defaults' to the list of channels:

  conda config --add channels defaults

For more information see https://docs.conda.io/projects/conda/en/stable/user-guide/configuration/use-condarc.html

  deprecated.topic(
JOB 15186 ARRAY_ID 0  -> i=2 ; range=[1.45e-10, 1.45e-10] ; intervals=0 (frames=1)
Simulation name: hysteresis_downsweep
Analytic t0 extension enabled (--extend-time-using-t0).
Restarting from complex psi index 1 (--restart-from-index).
Using final frame from existing outputs as initial condition: psi_not_squared1_1.475e-10.out
Completed 0 % :  mod = 7.087833582184467e-11,  Error =0.0
Completed 0 % :  mod = 6.887750403441323e-11,  Error =-1.5870316019572783e-05
Completed 0 % :  mod = 6.846447072624059e-11,  Error =-1.5654696198907914e-05
Completed 1 % :  mod = 6.971429827840831e-11,  Error =-1.54397212099866e-05
Completed 1 % :  mod = 6.970426337743513e-11,  Error =-1.5225630704662763e-05
Completed 2 % :  mod = 6.747067256123641e-11,  Error =-1.501260476288735e-05
Completed 2 % :  mod = 6.933468095168533e-11,  Error =-1.4800805729464628e-05
Completed 3 % :  mod = 6.899592800751074e-11,  Error =-1.4589823422284098e-05
Completed 3 % :  mod = 6.82823552171164e-11,  Error =-1.4379199910763418e-05
Completed 4 % :  mod = 6.89887425711146e-11,  Error =-1.416845407220535e-05
Completed 4 % :  mod = 6.921623312219545e-11,  Error =-1.395741992382682e-05
Completed 5 % :  mod = 6.908087048531532e-11,  Error =-1.3746491276833694e-05
Completed 5 % :  mod = 6.909202314931143e-11,  Error =-1.353606057818979e-05
Completed 6 % :  mod = 6.835647264365926e-11,  Error =-1.3326563930604607e-05
Completed 6 % :  mod = 6.685056561455566e-11,  Error =-1.3118649349053157e-05
Completed 7 % :  mod = 6.968819918790291e-11,  Error =-1.291280841542175e-05
Completed 7 % :  mod = 6.961241712686994e-11,  Error =-1.2709395832644077e-05
Completed 8 % :  mod = 6.871556799654225e-11,  Error =-1.2508275631262222e-05
Completed 8 % :  mod = 6.985554697610989e-11,  Error =-1.230856742040487e-05
Completed 9 % :  mod = 6.956690425769599e-11,  Error =-1.21088241940015e-05
Completed 9 % :  mod = 6.91755669852465e-11,  Error =-1.1907861789950402e-05
Completed 10 % :  mod = 6.924502830532001e-11,  Error =-1.1704953976732213e-05
Completed 10 % :  mod = 6.839903728769427e-11,  Error =-1.1500024356791982e-05
Completed 11 % :  mod = 6.918312087930727e-11,  Error =-1.1293988791294396e-05
Completed 11 % :  mod = 6.916802317041573e-11,  Error =-1.1087523489550222e-05
Completed 12 % :  mod = 6.902283399182953e-11,  Error =-1.0881237813009648e-05
Completed 12 % :  mod = 6.947868286852957e-11,  Error =-1.0675711109797703e-05
Completed 13 % :  mod = 6.846811723246028e-11,  Error =-1.0470741017343244e-05
Completed 13 % :  mod = 6.936819870438151e-11,  Error =-1.02659328149457e-05
Completed 14 % :  mod = 6.998059914534819e-11,  Error =-1.0060775821330026e-05
Completed 14 % :  mod = 7.000846440140872e-11,  Error =-9.854601557890419e-06
Completed 15 % :  mod = 6.782311599955688e-11,  Error =-9.646986200095853e-06
Completed 15 % :  mod = 6.808043389706788e-11,  Error =-9.438000233785715e-06
Completed 16 % :  mod = 6.950509730367626e-11,  Error =-9.228181625076104e-06
Completed 16 % :  mod = 6.887249516712553e-11,  Error =-9.018034234031802e-06
Completed 17 % :  mod = 6.828738804214955e-11,  Error =-8.807857739157043e-06
Completed 17 % :  mod = 6.897794887580274e-11,  Error =-8.598042313678889e-06
Completed 18 % :  mod = 7.106621673998014e-11,  Error =-8.388721653318498e-06
Completed 18 % :  mod = 6.996307430559111e-11,  Error =-8.179638825822622e-06
Completed 19 % :  mod = 6.9348391189216e-11,  Error =-7.970094884512946e-06
Completed 19 % :  mod = 6.983091904529277e-11,  Error =-7.75950411480153e-06
Completed 20 % :  mod = 6.827954258944591e-11,  Error =-7.547561381215928e-06
Completed 20 % :  mod = 6.990469223642386e-11,  Error =-7.3339961090823635e-06
Completed 21 % :  mod = 6.694298478541874e-11,  Error =-7.119000656530261e-06
Completed 21 % :  mod = 6.939010536225683e-11,  Error =-6.903048415551893e-06
Completed 22 % :  mod = 6.86042494064822e-11,  Error =-6.6866214183392e-06
Completed 22 % :  mod = 6.976083358381465e-11,  Error =-6.47003162157489e-06
Completed 23 % :  mod = 6.751129708855235e-11,  Error =-6.253797437238973e-06
Completed 23 % :  mod = 6.619669397773344e-11,  Error =-6.038369065208826e-06
Completed 24 % :  mod = 6.916895377724557e-11,  Error =-5.82396160098142e-06
Completed 24 % :  mod = 6.960464952374935e-11,  Error =-5.610714197246125e-06
Completed 25 % :  mod = 6.842875885664997e-11,  Error =-5.398157099989476e-06
Completed 25 % :  mod = 6.903729178876818e-11,  Error =-5.185614099900704e-06
Completed 26 % :  mod = 6.946168749620738e-11,  Error =-4.972971510142088e-06
Completed 26 % :  mod = 6.731463715432192e-11,  Error =-4.760454430652317e-06
Completed 27 % :  mod = 6.97486556843822e-11,  Error =-4.548036486085039e-06
Completed 27 % :  mod = 6.943133424378599e-11,  Error =-4.335693120083306e-06
Completed 28 % :  mod = 6.80751309860224e-11,  Error =-4.123483904550085e-06
Completed 28 % :  mod = 6.952979401943806e-11,  Error =-3.911049134330824e-06
Completed 29 % :  mod = 6.8842638252667e-11,  Error =-3.698327418533154e-06
Completed 29 % :  mod = 6.756336979343769e-11,  Error =-3.4857494028983638e-06
Completed 30 % :  mod = 6.814904538587087e-11,  Error =-3.2738817026256584e-06
Completed 30 % :  mod = 6.9858103745001e-11,  Error =-3.063447366002947e-06
Completed 31 % :  mod = 6.968658299403566e-11,  Error =-2.8551244213304017e-06
Completed 31 % :  mod = 6.860528722613465e-11,  Error =-2.649117959663272e-06
Completed 32 % :  mod = 6.94069305705105e-11,  Error =-2.445214249746641e-06
Completed 32 % :  mod = 6.952936137900165e-11,  Error =-2.2430131139117293e-06
Completed 33 % :  mod = 6.996313650267645e-11,  Error =-2.041743755398784e-06
Completed 33 % :  mod = 6.892963109734658e-11,  Error =-1.8404816728434525e-06
Completed 34 % :  mod = 6.947172600864962e-11,  Error =-1.6390631571994163e-06
Completed 34 % :  mod = 6.983516027164961e-11,  Error =-1.4378460946318228e-06
Completed 35 % :  mod = 6.874278967938457e-11,  Error =-1.2368573152343743e-06
Completed 35 % :  mod = 7.014719986595445e-11,  Error =-1.0358212421124335e-06
Completed 36 % :  mod = 6.980147871205247e-11,  Error =-8.345164133061189e-07
Completed 36 % :  mod = 7.083214116347924e-11,  Error =-6.323789421003312e-07
Completed 37 % :  mod = 6.875868757549695e-11,  Error =-4.287085175747052e-07
Completed 37 % :  mod = 6.958776807988473e-11,  Error =-2.2364747565006837e-07
Completed 38 % :  mod = 6.944469316491082e-11,  Error =-1.758326106937602e-08
Completed 38 % :  mod = 6.949507508726166e-11,  Error =1.896041794680059e-07
Completed 39 % :  mod = 6.867461112335355e-11,  Error =3.9783526517567225e-07
Completed 39 % :  mod = 6.862985915384469e-11,  Error =6.069963092159014e-07
Completed 40 % :  mod = 6.797976894376834e-11,  Error =8.172473826562054e-07
Completed 40 % :  mod = 6.926964379293052e-11,  Error =1.0282301445840858e-06
Completed 41 % :  mod = 6.933536413363912e-11,  Error =1.239417997567216e-06
Completed 41 % :  mod = 6.868203161752316e-11,  Error =1.4503598322335165e-06
Completed 42 % :  mod = 6.908019354847956e-11,  Error =1.6609842532488983e-06
Completed 42 % :  mod = 6.910194903495102e-11,  Error =1.8716559679887723e-06
Completed 43 % :  mod = 6.895462407019252e-11,  Error =2.082769697153708e-06
Completed 43 % :  mod = 6.919784560418176e-11,  Error =2.2948720470594708e-06
Completed 44 % :  mod = 6.583963363309503e-11,  Error =2.5082404135901015e-06
Completed 44 % :  mod = 6.287802788344712e-11,  Error =2.7224132281844504e-06
Completed 45 % :  mod = 6.889781113302925e-11,  Error =2.9365537557168864e-06
Completed 45 % :  mod = 6.94841872629567e-11,  Error =3.150223619741155e-06
Completed 46 % :  mod = 6.922366469153213e-11,  Error =3.3633036764513236e-06
Completed 46 % :  mod = 6.963287158752597e-11,  Error =3.5759298953053076e-06
Completed 47 % :  mod = 6.910938487916828e-11,  Error =3.788679350691382e-06
Completed 47 % :  mod = 6.798868707926155e-11,  Error =4.0018999243329745e-06
Completed 48 % :  mod = 6.951111947614923e-11,  Error =4.215518401906593e-06
Completed 48 % :  mod = 6.907143874099322e-11,  Error =4.429302862263285e-06
Completed 49 % :  mod = 6.896113224842606e-11,  Error =4.642958174372325e-06
Completed 49 % :  mod = 6.954792368108031e-11,  Error =4.856085524806986e-06
Completed 50 % :  mod = 6.898208132147373e-11,  Error =5.068405698693823e-06
Completed 50 % :  mod = 6.927858751044735e-11,  Error =5.2797286116401665e-06
Completed 51 % :  mod = 6.912313103022983e-11,  Error =5.490043349709595e-06
Completed 51 % :  mod = 6.673400085777939e-11,  Error =5.699154826288577e-06
Completed 52 % :  mod = 6.997779402190354e-11,  Error =5.90679428569274e-06
Completed 52 % :  mod = 6.953114641375848e-11,  Error =6.11324185229023e-06
Completed 53 % :  mod = 6.890719591806195e-11,  Error =6.319102340057725e-06
Completed 53 % :  mod = 6.999916913193975e-11,  Error =6.524764557980234e-06
Completed 54 % :  mod = 6.865552587564489e-11,  Error =6.73065642331494e-06
Completed 54 % :  mod = 6.900043934885559e-11,  Error =6.937169018783607e-06
Completed 55 % :  mod = 7.021702893440127e-11,  Error =7.144429673644481e-06
Completed 55 % :  mod = 6.903339823782624e-11,  Error =7.352707598329289e-06
Completed 56 % :  mod = 6.622430530578768e-11,  Error =7.562460723420372e-06
Completed 56 % :  mod = 6.822245152893614e-11,  Error =7.773615834594239e-06
Completed 57 % :  mod = 6.895940059784107e-11,  Error =7.985612683114596e-06
Completed 57 % :  mod = 6.620898986572374e-11,  Error =8.19800789031433e-06
Completed 58 % :  mod = 7.000349455982093e-11,  Error =8.410507234657416e-06
Completed 58 % :  mod = 6.958368217039727e-11,  Error =8.622648692835355e-06
Completed 59 % :  mod = 6.846983753097018e-11,  Error =8.834254913381301e-06
Completed 59 % :  mod = 6.894100768815858e-11,  Error =9.0451189862506e-06
Completed 60 % :  mod = 6.834009377225304e-11,  Error =9.254826181859244e-06
Completed 60 % :  mod = 6.928929239882617e-11,  Error =9.463086826144718e-06
Completed 61 % :  mod = 6.900354086896789e-11,  Error =9.669834525993792e-06
Completed 61 % :  mod = 6.916058965008966e-11,  Error =9.875207524601137e-06
Completed 62 % :  mod = 6.988924069031829e-11,  Error =1.0079389994643861e-05
Completed 62 % :  mod = 6.92472179860517e-11,  Error =1.0282679795636795e-05
Completed 63 % :  mod = 6.919462640227754e-11,  Error =1.0485387974767946e-05
Completed 63 % :  mod = 6.866120434857163e-11,  Error =1.0688023394322954e-05
Completed 64 % :  mod = 7.11472087883802e-11,  Error =1.089108309315634e-05
Completed 64 % :  mod = 6.91220712277351e-11,  Error =1.109509912566864e-05
Completed 65 % :  mod = 6.995098264947767e-11,  Error =1.1300297501293244e-05
Completed 65 % :  mod = 6.916101821153263e-11,  Error =1.1506482678669272e-05
Completed 66 % :  mod = 6.917519856000179e-11,  Error =1.1713507774402387e-05
Completed 66 % :  mod = 7.01262809935342e-11,  Error =1.192120362247806e-05
Completed 67 % :  mod = 6.835586190478651e-11,  Error =1.2129402421123814e-05
Completed 67 % :  mod = 6.851247937508572e-11,  Error =1.2338154647295596e-05
Completed 68 % :  mod = 6.958350500928622e-11,  Error =1.2547291589726228e-05
Completed 68 % :  mod = 6.961581660003695e-11,  Error =1.2756560408888618e-05
Completed 69 % :  mod = 6.86683854461509e-11,  Error =1.296612799706054e-05
Completed 69 % :  mod = 7.049521840030504e-11,  Error =1.3175971162127098e-05
Completed 70 % :  mod = 6.873216284711569e-11,  Error =1.33862213260727e-05
Completed 70 % :  mod = 6.54569457156874e-11,  Error =1.35970603878377e-05
Completed 71 % :  mod = 6.963670532571031e-11,  Error =1.3807997220283141e-05
Completed 71 % :  mod = 6.920977745784781e-11,  Error =1.4018678484717384e-05
Completed 72 % :  mod = 6.981990497882983e-11,  Error =1.42291155498242e-05
Completed 72 % :  mod = 6.948128529292656e-11,  Error =1.443912833565264e-05
Completed 73 % :  mod = 7.015222370367377e-11,  Error =1.464879733248381e-05
Completed 73 % :  mod = 6.968204049932101e-11,  Error =1.4858390841254732e-05
Completed 74 % :  mod = 6.869200678203478e-11,  Error =1.5068152151798131e-05
Completed 74 % :  mod = 7.043272930164222e-11,  Error =1.5278346836566925e-05
Completed 75 % :  mod = 6.878303228924912e-11,  Error =1.548928003103356e-05
Completed 75 % :  mod = 6.733185157622506e-11,  Error =1.570129506944795e-05
Completed 76 % :  mod = 6.913817219422117e-11,  Error =1.5914373761916067e-05
Completed 76 % :  mod = 6.806929107446439e-11,  Error =1.6128447441587923e-05
Completed 77 % :  mod = 6.7404065828385e-11,  Error =1.634315731280367e-05
Completed 77 % :  mod = 6.904293321199487e-11,  Error =1.6558115021325648e-05
Completed 78 % :  mod = 6.95372596946563e-11,  Error =1.6773375136835966e-05
Completed 78 % :  mod = 6.79623558247857e-11,  Error =1.6988901279546553e-05
Completed 79 % :  mod = 5.883478481772683e-11,  Error =1.720451882647467e-05
Completed 79 % :  mod = 6.2880111284217e-11,  Error =1.7419866253476357e-05
Completed 80 % :  mod = 6.837338079444893e-11,  Error =1.763407271937467e-05
Completed 80 % :  mod = 7.062166830726179e-11,  Error =1.784648657121579e-05
Completed 81 % :  mod = 6.84096567288176e-11,  Error =1.8057269699056633e-05
Completed 81 % :  mod = 6.937946951789793e-11,  Error =1.8266674032929586e-05
Completed 82 % :  mod = 6.906671130507576e-11,  Error =1.8475130673323292e-05
Completed 82 % :  mod = 6.89559289406346e-11,  Error =1.868336312327301e-05
Completed 83 % :  mod = 6.899720056663325e-11,  Error =1.889146187750157e-05
Completed 83 % :  mod = 6.889977774181672e-11,  Error =1.9098924440186238e-05
Completed 84 % :  mod = 6.692131445508172e-11,  Error =1.930515236381325e-05
Completed 84 % :  mod = 6.959856364471788e-11,  Error =1.9509335743350675e-05
Completed 85 % :  mod = 6.932318221974577e-11,  Error =1.9711483673745533e-05
Completed 85 % :  mod = 7.139683145589131e-11,  Error =1.9912472453142982e-05
Completed 86 % :  mod = 6.886199827096497e-11,  Error =2.0114003291382687e-05
Completed 86 % :  mod = 6.862224784022512e-11,  Error =2.031744634223287e-05
Completed 87 % :  mod = 6.71543951826542e-11,  Error =2.0523225884971907e-05
Completed 87 % :  mod = 6.821309371627468e-11,  Error =2.0731076801894233e-05
Completed 88 % :  mod = 6.88948184417666e-11,  Error =2.094018645948381e-05
Completed 88 % :  mod = 6.943466074687038e-11,  Error =2.114951166731771e-05
Completed 89 % :  mod = 6.82890396822259e-11,  Error =2.1358433968998725e-05
Completed 89 % :  mod = 6.919430256566804e-11,  Error =2.1566701434494462e-05
Completed 90 % :  mod = 6.995568532202125e-11,  Error =2.1773865228169598e-05
Completed 90 % :  mod = 6.929715931108482e-11,  Error =2.197968751715962e-05
Completed 91 % :  mod = 6.907305219806171e-11,  Error =2.2184287445270456e-05
Completed 91 % :  mod = 7.083653476307537e-11,  Error =2.2387973331206013e-05
Completed 92 % :  mod = 6.986883440486849e-11,  Error =2.2591666038351832e-05
Completed 92 % :  mod = 6.984039630275073e-11,  Error =2.279662430737517e-05
Completed 93 % :  mod = 6.849904868536116e-11,  Error =2.3003582555247704e-05
Completed 93 % :  mod = 6.717979689066665e-11,  Error =2.321269039384788e-05
Completed 94 % :  mod = 6.895017855735077e-11,  Error =2.342342168049072e-05
Completed 94 % :  mod = 6.916946545105515e-11,  Error =2.3635079287487315e-05
Completed 95 % :  mod = 6.819114478653558e-11,  Error =2.3847185275371885e-05
Completed 95 % :  mod = 6.856042082436575e-11,  Error =2.4059179395408137e-05
Completed 96 % :  mod = 7.076606324581979e-11,  Error =2.4270392714242917e-05
Completed 96 % :  mod = 6.873260915752877e-11,  Error =2.448047871439485e-05
Completed 97 % :  mod = 6.954012240867009e-11,  Error =2.46894451265689e-05
Completed 97 % :  mod = 6.941300665729965e-11,  Error =2.4897647108446108e-05
Completed 98 % :  mod = 6.95795149757196e-11,  Error =2.510570675440249e-05
Completed 98 % :  mod = 6.92023415695838e-11,  Error =2.5314081995020388e-05
Completed 99 % :  mod = 6.87676373612045e-11,  Error =2.5522997020743787e-05
Completed 99 % :  mod = 6.785020683616302e-11,  Error =2.5732270842127036e-05
Completed 100 % :  mod = 6.989423201438712e-11,  Error =2.5941222247638507e-05
Finished 3/1 frames
Finished all frames!
