/opt/local/miniconda_23_9/lib/python3.11/site-packages/conda/base/context.py:201: FutureWarning: Adding 'defaults' to channel list implicitly is deprecated and will be removed in 25.3. 

To remove this warning, please choose a default channel explicitly with conda's regular configuration system, e.g. by adding 'defaults' to the list of channels:

  conda config --add channels defaults

For more information see https://docs.conda.io/projects/conda/en/stable/user-guide/configuration/use-condarc.html

  deprecated.topic(
JOB 14248 ARRAY_ID 18  -> i=18 ; range=[1.98e-10, 2.18e-10] ; intervals=20 (frames=21)
Simulation name: run1
Analytic t0 extension enabled (--extend-time-using-t0).
Extending simulation time for p0=2.151e-10 from 1.000e+10 to 1.471e+10
Completed 0 % :  mod = 2.442786993904538e-16,  Error =0.0
Completed 1 % :  mod = 2.614946747524777e-16,  Error =7.767180250084493e-07
Completed 2 % :  mod = 3.157315824259372e-16,  Error =1.5534328667854425e-06
Completed 3 % :  mod = 4.151624736660778e-16,  Error =2.3301477085624356e-06
Completed 4 % :  mod = 5.748150933665367e-16,  Error =3.106809799646726e-06
Completed 5 % :  mod = 8.189870580753364e-16,  Error =3.883524641423719e-06
Completed 6 % :  mod = 1.1850179879785108e-15,  Error =4.660230843001045e-06
Completed 7 % :  mod = 1.7333558916526283e-15,  Error =5.43687974641216e-06
Completed 8 % :  mod = 2.5504717013843557e-15,  Error =6.213595952431206e-06
Completed 9 % :  mod = 3.763602195584161e-15,  Error =6.990308975218795e-06
Completed 10 % :  mod = 5.56489512893111e-15,  Error =7.767018814774929e-06
Completed 11 % :  mod = 8.240722557775078e-15,  Error =8.543683179595973e-06
Completed 12 % :  mod = 1.2218955050181515e-14,  Error =9.320401204604423e-06
Completed 13 % :  mod = 1.813744350231484e-14,  Error =1.0097113772644661e-05
Completed 14 % :  mod = 2.6947925376697178e-14,  Error =1.0873779046960408e-05
Completed 15 % :  mod = 4.007398252561381e-14,  Error =1.1650491615000647e-05
Completed 16 % :  mod = 5.964032390040163e-14,  Error =1.2427214187482605e-05
Completed 17 % :  mod = 8.882079662054157e-14,  Error =1.320387400483014e-05
Completed 18 % :  mod = 1.3236771110572413e-13,  Error =1.3980591120343888e-05
Completed 19 % :  mod = 1.9738093887250655e-13,  Error =1.4757308235857636e-05
Completed 20 % :  mod = 2.944836787390089e-13,  Error =1.5534029898844892e-05
Completed 21 % :  mod = 4.395591229721963e-13,  Error =1.6310689716192428e-05
Completed 22 % :  mod = 6.564132542773282e-13,  Error =1.70873945535277e-05
Completed 23 % :  mod = 9.80640518472091e-13,  Error =1.786408211046364e-05
Completed 24 % :  mod = 1.4654823692711697e-12,  Error =1.864071191448602e-05
Completed 25 % :  mod = 2.190698828463101e-12,  Error =1.9417362636886537e-05
Completed 26 % :  mod = 3.2753091132571174e-12,  Error =2.0193926047795685e-05
Completed 27 % :  mod = 4.896386180678242e-12,  Error =2.0970244349882705e-05
Completed 28 % :  mod = 7.315774673978527e-12,  Error =2.1746198399341665e-05
Completed 29 % :  mod = 1.0912415017459581e-11,  Error =2.2521212940773694e-05
Completed 30 % :  mod = 1.621110071624719e-11,  Error =2.329414292034926e-05
Completed 31 % :  mod = 2.385823494340198e-11,  Error =2.4062511329248082e-05
Completed 32 % :  mod = 3.4400248045786095e-11,  Error =2.482165882611298e-05
Completed 33 % :  mod = 4.752229229932276e-11,  Error =2.5563497274561087e-05
Completed 34 % :  mod = 6.052905281727853e-11,  Error =2.627920821396401e-05
Completed 35 % :  mod = 6.770931514307626e-11,  Error =2.6969741611537756e-05
Completed 36 % :  mod = 6.464442936603661e-11,  Error =2.765500676105148e-05
Completed 37 % :  mod = 5.3954626055289243e-11,  Error =2.835969098669011e-05
Completed 38 % :  mod = 4.229555976395566e-11,  Error =2.9091118904034374e-05
Completed 39 % :  mod = 3.470560807971227e-11,  Error =2.9841694413335063e-05
Completed 40 % :  mod = 3.502653116425535e-11,  Error =3.060056315007387e-05
Completed 41 % :  mod = 4.632065966392406e-11,  Error =3.1357355055661174e-05
Completed 42 % :  mod = 7.18518558522838e-11,  Error =3.209718261132366e-05
Completed 43 % :  mod = 1.0335548182698215e-10,  Error =3.279166685388191e-05
Completed 44 % :  mod = 1.1178357030217076e-10,  Error =3.3419996270822594e-05
Completed 45 % :  mod = 1.1037650653216951e-10,  Error =3.4015080473182024e-05
Completed 46 % :  mod = 1.1771798611326144e-10,  Error =3.459138179096044e-05
Completed 47 % :  mod = 1.253859333968453e-10,  Error =3.512119155857363e-05
Completed 48 % :  mod = 1.2544664199215355e-10,  Error =3.564627422747435e-05
Completed 49 % :  mod = 1.252115503482753e-10,  Error =3.618841901698033e-05
Completed 50 % :  mod = 1.2517490618951428e-10,  Error =3.672382035802002e-05
Completed 51 % :  mod = 1.2472595692087708e-10,  Error =3.728166711880476e-05
Completed 52 % :  mod = 1.2469784270202692e-10,  Error =3.789397214859491e-05
Completed 53 % :  mod = 1.2305535895844514e-10,  Error =3.855434806609992e-05
Completed 54 % :  mod = 1.1854144497813323e-10,  Error =3.9249775909411255e-05
Completed 55 % :  mod = 1.1966824738479428e-10,  Error =3.996387613369734e-05
Completed 56 % :  mod = 1.1602151862900581e-10,  Error =4.068471298523946e-05
Completed 57 % :  mod = 1.2217392502339284e-10,  Error =4.1402144233870786e-05
Completed 58 % :  mod = 1.1631984063512125e-10,  Error =4.210493261780357e-05
Completed 59 % :  mod = 1.2218221858605277e-10,  Error =4.2790044517460046e-05
Completed 60 % :  mod = 1.1217422490365397e-10,  Error =4.347128106019227e-05
Completed 61 % :  mod = 1.1024530114643144e-10,  Error =4.4169310513098026e-05
Completed 62 % :  mod = 1.1490817784203853e-10,  Error =4.489020102482755e-05
Completed 63 % :  mod = 9.16243070226471e-11,  Error =4.56305001534929e-05
Completed 64 % :  mod = 7.131316641291607e-11,  Error =4.638340033125132e-05
Completed 65 % :  mod = 7.201557186000819e-11,  Error =4.714138367489795e-05
Completed 66 % :  mod = 6.856001484713644e-11,  Error =4.789715421793517e-05
Completed 67 % :  mod = 7.24870532639069e-11,  Error =4.8638387397659244e-05
Completed 68 % :  mod = 8.740761804550436e-11,  Error =4.933674381391029e-05
Completed 69 % :  mod = 1.0909658574893088e-10,  Error =4.995587141820579e-05
Completed 70 % :  mod = 1.1122771660267215e-10,  Error =5.052328060628497e-05
Completed 71 % :  mod = 1.1125429471023352e-10,  Error =5.1093932597723324e-05
Completed 72 % :  mod = 1.2556548992075205e-10,  Error =5.1623733725136844e-05
Completed 73 % :  mod = 1.2593059999656935e-10,  Error =5.2105605391261633e-05
Completed 74 % :  mod = 1.2480362364661252e-10,  Error =5.2637648877862375e-05
Completed 75 % :  mod = 1.2271839161955505e-10,  Error =5.316744773153914e-05
Completed 76 % :  mod = 1.2501410857108145e-10,  Error =5.3703576213592896e-05
Completed 77 % :  mod = 1.1342319794665518e-10,  Error =5.431190356830484e-05
Completed 78 % :  mod = 1.2574460000221564e-10,  Error =5.498991504282458e-05
Completed 79 % :  mod = 1.26240010241858e-10,  Error =5.5701091696391813e-05
Completed 80 % :  mod = 1.2067711932380697e-10,  Error =5.64251186006004e-05
Completed 81 % :  mod = 1.1601737447716857e-10,  Error =5.714794406230794e-05
Completed 82 % :  mod = 1.0928802891351238e-10,  Error =5.785867369922926e-05
Completed 83 % :  mod = 1.271317995351611e-10,  Error =5.8552296195557574e-05
Completed 84 % :  mod = 1.0500961159007347e-10,  Error =5.92397427681135e-05
Completed 85 % :  mod = 1.0476041090559178e-10,  Error =5.993945160298608e-05
Completed 86 % :  mod = 1.1132549659848022e-10,  Error =6.065738489269279e-05
Completed 87 % :  mod = 9.107877792920721e-11,  Error =6.139076504041441e-05
Completed 88 % :  mod = 7.003859219365995e-11,  Error =6.213165215740446e-05
Completed 89 % :  mod = 7.230599809690034e-11,  Error =6.28670431979117e-05
Completed 90 % :  mod = 1.0032200568885457e-10,  Error =6.35723813502409e-05
Completed 91 % :  mod = 1.1608525250291835e-10,  Error =6.422444948839257e-05
Completed 92 % :  mod = 1.1449706342229394e-10,  Error =6.483422657765914e-05
Completed 93 % :  mod = 1.187923706167324e-10,  Error =6.541309448948596e-05
Completed 94 % :  mod = 1.26394047085929e-10,  Error =6.594779051738442e-05
Completed 95 % :  mod = 1.2586332489351884e-10,  Error =6.646561951129115e-05
Completed 96 % :  mod = 1.2676524364308815e-10,  Error =6.699995947201387e-05
Completed 97 % :  mod = 1.2556755997975884e-10,  Error =6.752316949132364e-05
Completed 98 % :  mod = 1.207340315312835e-10,  Error =6.806472765674698e-05
Completed 99 % :  mod = 1.2463129136835548e-10,  Error =6.864777924420196e-05
Completed 100 % :  mod = 1.1702906235329003e-10,  Error =6.92741609782388e-05
Finished 19/21 frames
Finished all frames!
