/opt/local/miniconda_23_9/lib/python3.11/site-packages/conda/base/context.py:201: FutureWarning: Adding 'defaults' to channel list implicitly is deprecated and will be removed in 25.3. 

To remove this warning, please choose a default channel explicitly with conda's regular configuration system, e.g. by adding 'defaults' to the list of channels:

  conda config --add channels defaults

For more information see https://docs.conda.io/projects/conda/en/stable/user-guide/configuration/use-condarc.html

  deprecated.topic(
JOB 14180 ARRAY_ID 7  -> i=7 ; range=[1.515e-7, 1.53e-7] ; intervals=10 (frames=11)
Simulation name: run1
Analytic t0 extension enabled (--extend-time-using-t0).
Completed 0 % :  mod = 3.7093029868693326e-14,  Error =0.0
Completed 1 % :  mod = 3.709611730378607e-14,  Error =3.197510523023084e-08
Completed 2 % :  mod = 3.710538066785548e-14,  Error =6.395475793397054e-08
Completed 3 % :  mod = 3.712082350785202e-14,  Error =9.59325916483067e-08
Completed 4 % :  mod = 3.7142451594187654e-14,  Error =1.27905877889134e-07
Completed 5 % :  mod = 3.717027313249405e-14,  Error =1.5988052837201394e-07
Completed 6 % :  mod = 3.7204298604803934e-14,  Error =1.9184744814992882e-07
Completed 7 % :  mod = 3.7244539816639005e-14,  Error =2.238275556010194e-07
Completed 8 % :  mod = 3.729101264986703e-14,  Error =2.558003870944958e-07
Completed 9 % :  mod = 3.73437343627843e-14,  Error =2.8777867555618286e-07
Completed 10 % :  mod = 3.740272411951125e-14,  Error =3.1975605452316813e-07
Completed 11 % :  mod = 3.746800484287702e-14,  Error =3.517407094477676e-07
Completed 12 % :  mod = 3.753959993216678e-14,  Error =3.8371899790945463e-07
Completed 13 % :  mod = 3.761753585716012e-14,  Error =4.156936483923346e-07
Completed 14 % :  mod = 3.7701842634587117e-14,  Error =4.4766738938051276e-07
Completed 15 % :  mod = 3.7792550969392106e-14,  Error =4.796434041054454e-07
Completed 16 % :  mod = 3.7889694848772097e-14,  Error =5.116226020618342e-07
Completed 17 % :  mod = 3.799331080102294e-14,  Error =5.435963430500124e-07
Completed 18 % :  mod = 3.8103437842599766e-14,  Error =5.755737220169976e-07
Completed 19 % :  mod = 3.8220115942869776e-14,  Error =6.075533747207373e-07
Completed 20 % :  mod = 3.8343388724029753e-14,  Error =6.395271157089155e-07
Completed 21 % :  mod = 3.847330197879841e-14,  Error =6.714990377076901e-07
Completed 22 % :  mod = 3.86099061056361e-14,  Error =7.034668669803068e-07
Completed 23 % :  mod = 3.875325182064055e-14,  Error =7.354437911999412e-07
Completed 24 % :  mod = 3.8903391269277574e-14,  Error =7.674175321881194e-07
Completed 25 % :  mod = 3.906038146745243e-14,  Error =7.993903636815958e-07
Completed 26 % :  mod = 3.922428027810333e-14,  Error =8.31367742648581e-07
Completed 27 % :  mod = 3.939515001109145e-14,  Error =8.633428478788119e-07
Completed 28 % :  mod = 3.9573054140948285e-14,  Error =8.953184078563936e-07
Completed 28 % :  mod = 3.9758060112672253e-14,  Error =9.272921488445718e-07
Completed 30 % :  mod = 3.995023743590459e-14,  Error =9.592713468009606e-07
Completed 31 % :  mod = 4.014965837314361e-14,  Error =9.912500900099985e-07
Completed 32 % :  mod = 4.0356396033920574e-14,  Error =1.0232256499875803e-06
Completed 33 % :  mod = 4.057052855702486e-14,  Error =1.055197117239004e-06
Completed 34 % :  mod = 4.079213731055897e-14,  Error =1.0871831364056561e-06
Completed 35 % :  mod = 4.1021305144933057e-14,  Error =1.1191559678991325e-06
Completed 36 % :  mod = 4.1258119780996716e-14,  Error =1.1511351658555213e-06
Completed 37 % :  mod = 4.150266899253911e-14,  Error =1.1831134543172084e-06
Completed 38 % :  mod = 4.1755044682635016e-14,  Error =1.2150958355050534e-06
Completed 39 % :  mod = 4.2015342142491e-14,  Error =1.247075942956144e-06
Completed 40 % :  mod = 4.228365835737952e-14,  Error =1.2790551409125328e-06
Completed 41 % :  mod = 4.2560096612380584e-14,  Error =1.3110270629113074e-06
Completed 42 % :  mod = 4.284476061609067e-14,  Error =1.3430039871309418e-06
Completed 43 % :  mod = 4.3137758576968795e-14,  Error =1.3749804566032253e-06
Completed 44 % :  mod = 4.34392003446003e-14,  Error =1.4069578355702106e-06
Completed 45 % :  mod = 4.3749200956647336e-14,  Error =1.4389361240318976e-06
Completed 46 % :  mod = 4.406787492137646e-14,  Error =1.4709157767356373e-06
Completed 47 % :  mod = 4.439534537620238e-14,  Error =1.5028927009552717e-06
Completed 48 % :  mod = 4.4731737205545255e-14,  Error =1.5348714441643097e-06
Completed 49 % :  mod = 4.5077176193797754e-14,  Error =1.5668492778786458e-06
Completed 50 % :  mod = 4.5452009289962786e-14,  Error =1.5988257473509293e-06
Completed 51 % :  mod = 4.585953065811178e-14,  Error =1.6307990335917566e-06
Completed 52 % :  mod = 4.6277711777083295e-14,  Error =1.662783688516356e-06
Completed 53 % :  mod = 4.670671453604937e-14,  Error =1.6947556105151307e-06
Completed 54 % :  mod = 4.7146709241571965e-14,  Error =1.7267307157453615e-06
Completed 55 % :  mod = 4.759786646491083e-14,  Error =1.7587121874385048e-06
Completed 56 % :  mod = 4.8060365300594757e-14,  Error =1.790690021152841e-06
Completed 56 % :  mod = 4.85343875960096e-14,  Error =1.8226637621410191e-06
Completed 57 % :  mod = 4.9020117633760956e-14,  Error =1.8546434148447588e-06
Completed 59 % :  mod = 4.9517748854998147e-14,  Error =1.886625341285253e-06
Completed 60 % :  mod = 5.002747422441447e-14,  Error =1.9186013560101856e-06
Completed 61 % :  mod = 5.05494989357414e-14,  Error =1.950582827703329e-06
Completed 62 % :  mod = 5.108402357696876e-14,  Error =1.9825633899017703e-06
Completed 63 % :  mod = 5.163126334740471e-14,  Error =2.014547135331668e-06
Completed 64 % :  mod = 5.219143079937945e-14,  Error =2.0465245142986532e-06
Completed 65 % :  mod = 5.276474902019546e-14,  Error =2.0785014385182876e-06
Completed 66 % :  mod = 5.335144602053424e-14,  Error =2.1104792722326238e-06
Completed 67 % :  mod = 5.395175214041787e-14,  Error =2.1424557417049073e-06
Completed 68 % :  mod = 5.4565904602011154e-14,  Error =2.174434939661296e-06
Completed 69 % :  mod = 5.519414729786333e-14,  Error =2.206413228122983e-06
Completed 70 % :  mod = 5.583673015563341e-14,  Error =2.2383942450687755e-06
Completed 71 % :  mod = 5.6493906120535256e-14,  Error =2.2703693502990063e-06
Completed 72 % :  mod = 5.716593729632649e-14,  Error =2.3023430912871845e-06
Completed 73 % :  mod = 5.785309012780858e-14,  Error =2.334319106012117e-06
Completed 74 % :  mod = 5.855563773016746e-14,  Error =2.3662923922529444e-06
Completed 75 % :  mod = 5.92738623771328e-14,  Error =2.3982784114195965e-06
Completed 76 % :  mod = 6.000804517776397e-14,  Error =2.430254426144529e-06
Completed 77 % :  mod = 6.075848307004854e-14,  Error =2.4622227101644967e-06
Completed 78 % :  mod = 6.152546997441921e-14,  Error =2.4942009986261837e-06
Completed 79 % :  mod = 6.230931648726982e-14,  Error =2.52617383011966e-06
Completed 80 % :  mod = 6.311033458142277e-14,  Error =2.5581584850442596e-06
Completed 81 % :  mod = 6.397729117296459e-14,  Error =2.5901372282532975e-06
Completed 82 % :  mod = 6.489491356964202e-14,  Error =2.6221146072202828e-06
Completed 83 % :  mod = 6.583264855189376e-14,  Error =2.6540942599240225e-06
Completed 84 % :  mod = 6.679087940212846e-14,  Error =2.686067091417499e-06
Completed 85 % :  mod = 6.776999570256228e-14,  Error =2.718053110584151e-06
Completed 86 % :  mod = 6.877040561719668e-14,  Error =2.7500336727825925e-06
Completed 87 % :  mod = 6.979250921028058e-14,  Error =2.782009687507525e-06
Completed 88 % :  mod = 7.083673746276543e-14,  Error =2.8139866117271595e-06
Completed 89 % :  mod = 7.190350737955908e-14,  Error =2.8459694476623554e-06
Completed 90 % :  mod = 7.299326635287637e-14,  Error =2.8779422791558318e-06
Completed 91 % :  mod = 7.410645716919047e-14,  Error =2.9099142011546064e-06
Completed 92 % :  mod = 7.524353992621041e-14,  Error =2.9418893063848373e-06
Completed 93 % :  mod = 7.640498197436485e-14,  Error =2.973868959088577e-06
Completed 94 % :  mod = 7.759125775798337e-14,  Error =3.0058381526032463e-06
Completed 95 % :  mod = 7.880286480304335e-14,  Error =3.0378155315702315e-06
Completed 96 % :  mod = 8.004029100052242e-14,  Error =3.069797003263375e-06
Completed 97 % :  mod = 8.130405521104034e-14,  Error =3.1017730179883074e-06
Completed 98 % :  mod = 8.259467190123342e-14,  Error =3.1337558539235033e-06
Completed 99 % :  mod = 8.39951579761687e-14,  Error =3.165727775922278e-06
Completed 100 % :  mod = 8.544427935944633e-14,  Error =3.1977033358998597e-06
Finished 8/11 frames
Finished all frames!
