/opt/local/miniconda_23_9/lib/python3.11/site-packages/conda/base/context.py:201: FutureWarning: Adding 'defaults' to channel list implicitly is deprecated and will be removed in 25.3. 

To remove this warning, please choose a default channel explicitly with conda's regular configuration system, e.g. by adding 'defaults' to the list of channels:

  conda config --add channels defaults

For more information see https://docs.conda.io/projects/conda/en/stable/user-guide/configuration/use-condarc.html

  deprecated.topic(
JOB 14226 ARRAY_ID 0  -> i=0 ; range=[2.05e-10, 2.05e-10] ; intervals=0 (frames=1)
Simulation name: run2
Analytic t0 extension enabled (--extend-time-using-t0).
Extending simulation time for p0=2.050e-10 from 1.000e+10 to 2.464e+10
Completed 0 % :  mod = 2.3276224008905673e-16,  Error =0.0
Completed 1 % :  mod = 2.53131688197833e-16,  Error =1.0722305887611583e-06
Completed 2 % :  mod = 3.179129537058894e-16,  Error =2.1444225239974912e-06
Completed 3 % :  mod = 4.388259183422112e-16,  Error =3.2166581149795093e-06
Completed 4 % :  mod = 6.378005922611445e-16,  Error =4.288865511625772e-06
Completed 5 % :  mod = 9.51118835752084e-16,  Error =5.361061539588263e-06
Completed 6 % :  mod = 1.4393496337969549e-15,  Error =6.433307135012001e-06
Completed 7 % :  mod = 2.1986460323386873e-15,  Error =7.505499070248334e-06
Completed 8 % :  mod = 3.3705461678359307e-15,  Error =8.577743301430019e-06
Completed 9 % :  mod = 5.179415664743595e-15,  Error =9.649935236666352e-06
Completed 10 % :  mod = 7.974403351582897e-15,  Error =1.0722130809881492e-05
Completed 11 % :  mod = 1.2299695509431624e-14,  Error =1.1794364581874106e-05
Completed 12 % :  mod = 1.90048807180526e-14,  Error =1.2866556517110439e-05
Completed 13 % :  mod = 2.9575969416818904e-14,  Error =1.393879392708186e-05
Completed 14 % :  mod = 4.6122899719789606e-14,  Error =1.5010984498076141e-05
Completed 15 % :  mod = 7.20985971213041e-14,  Error =1.608319553270121e-05
Completed 16 % :  mod = 1.1305233413489512e-13,  Error =1.7155437944893492e-05
Completed 17 % :  mod = 1.780115591166714e-13,  Error =1.8227634882350685e-05
Completed 18 % :  mod = 2.823374177991786e-13,  Error =1.9299866380606545e-05
Completed 19 % :  mod = 4.507114996684131e-13,  Error =2.037205968008493e-05
Completed 20 % :  mod = 7.29488294523779e-13,  Error =2.144423888239544e-05
Completed 21 % :  mod = 1.2036821511067685e-12,  Error =2.2516441731568193e-05
Completed 22 % :  mod = 2.05196074625371e-12,  Error =2.3588531803397927e-05
Completed 23 % :  mod = 3.685912717914843e-12,  Error =2.4660453163960483e-05
Completed 24 % :  mod = 7.028508463775941e-12,  Error =2.573191386545659e-05
Completed 25 % :  mod = 1.4329096398263256e-11,  Error =2.6801788862940157e-05
Completed 26 % :  mod = 3.0274297877541367e-11,  Error =2.7866087748407153e-05
Completed 27 % :  mod = 6.10780037007877e-11,  Error =2.890827181545319e-05
Completed 28 % :  mod = 9.16466520736095e-11,  Error =2.9883064144087257e-05
Completed 29 % :  mod = 9.51500999375199e-11,  Error =3.0771387628192315e-05
Completed 30 % :  mod = 1.1557681959630963e-10,  Error =3.1583260806655744e-05
Completed 31 % :  mod = 1.1540874887880448e-10,  Error =3.2323511277354555e-05
Completed 32 % :  mod = 1.1515489614447815e-10,  Error =3.305931568320375e-05
Completed 33 % :  mod = 1.143005838429674e-10,  Error =3.3839088700915454e-05
Completed 34 % :  mod = 1.1427286895470615e-10,  Error =3.47122995663085e-05
Completed 35 % :  mod = 1.076807298178744e-10,  Error =3.5647286495077424e-05
Completed 36 % :  mod = 1.1216586263752975e-10,  Error =3.661365690277307e-05
Completed 37 % :  mod = 1.1106503511233358e-10,  Error =3.759708170036902e-05
Completed 38 % :  mod = 1.0852553013546838e-10,  Error =3.859779462800361e-05
Completed 39 % :  mod = 1.1035265765320474e-10,  Error =3.9618410482944455e-05
Completed 40 % :  mod = 9.603173208765888e-11,  Error =4.065670054842485e-05
Completed 41 % :  mod = 7.961017019788417e-11,  Error =4.170594866081956e-05
Completed 42 % :  mod = 6.049376031947743e-11,  Error =4.2754400510602864e-05
Completed 43 % :  mod = 8.270085963474402e-11,  Error =4.3768422983703203e-05
Completed 44 % :  mod = 1.0125902381369419e-10,  Error =4.468244560484891e-05
Completed 45 % :  mod = 1.0740543931161585e-10,  Error =4.552308701022412e-05
Completed 46 % :  mod = 1.1867834106398055e-10,  Error =4.628162696462823e-05
Completed 47 % :  mod = 1.1867920223902468e-10,  Error =4.7035472562129144e-05
Completed 48 % :  mod = 1.181473935825512e-10,  Error =4.780306699103676e-05
Completed 49 % :  mod = 1.1778638593533276e-10,  Error =4.8651381803210825e-05
Completed 50 % :  mod = 1.1749721801845956e-10,  Error =4.958915269526187e-05
Completed 51 % :  mod = 1.1548719987339868e-10,  Error =5.057682028564159e-05
Completed 52 % :  mod = 1.0648164391677557e-10,  Error =5.1595427521533566e-05
Completed 53 % :  mod = 1.0494872366661137e-10,  Error =5.262412241791026e-05
Completed 54 % :  mod = 1.0868890832871659e-10,  Error =5.365110610000556e-05
Completed 55 % :  mod = 1.0304548768088933e-10,  Error =5.4667684707965236e-05
Completed 56 % :  mod = 1.1196969467049417e-10,  Error =5.567004291151534e-05
Completed 57 % :  mod = 1.02697309437593e-10,  Error =5.665985827363329e-05
Completed 58 % :  mod = 1.1458878155917834e-10,  Error =5.7606758218753384e-05
Completed 59 % :  mod = 1.0665911743334886e-10,  Error =5.8466867812967394e-05
Completed 60 % :  mod = 1.1439772668687872e-10,  Error =5.926011181145441e-05
Completed 61 % :  mod = 1.140632238583258e-10,  Error =6.00099956500344e-05
Completed 62 % :  mod = 1.1358557160623961e-10,  Error =6.0781511365348706e-05
Completed 63 % :  mod = 1.1510688472338745e-10,  Error =6.158697487990139e-05
Completed 64 % :  mod = 1.148933826649843e-10,  Error =6.245995791687164e-05
Completed 65 % :  mod = 1.1607674168455345e-10,  Error =6.340130903481622e-05
Completed 66 % :  mod = 1.0164678566379099e-10,  Error =6.438970831368351e-05
Completed 67 % :  mod = 1.1450536505079239e-10,  Error =6.540946515087853e-05
Completed 68 % :  mod = 1.170759859088624e-10,  Error =6.64491544739576e-05
Completed 69 % :  mod = 1.0268718141657206e-10,  Error =6.749943895556498e-05
Completed 70 % :  mod = 1.0785727847170525e-10,  Error =6.855498622826417e-05
Completed 71 % :  mod = 1.0321997060157687e-10,  Error =6.961266717553372e-05
Completed 72 % :  mod = 9.801257335639796e-11,  Error =7.067242540870211e-05
Completed 73 % :  mod = 9.610875675755979e-11,  Error =7.172528421506286e-05
Completed 74 % :  mod = 1.1334352692758568e-10,  Error =7.274968038473162e-05
Completed 75 % :  mod = 9.929361717841318e-11,  Error =7.369440345428302e-05
Completed 76 % :  mod = 1.0610606810078507e-10,  Error =7.456484900103533e-05
Completed 77 % :  mod = 1.1757183888991883e-10,  Error =7.534926226071548e-05
Completed 78 % :  mod = 1.1838431661117294e-10,  Error =7.610747115904815e-05
Completed 79 % :  mod = 1.1385133330026851e-10,  Error =7.68533368500357e-05
Completed 80 % :  mod = 1.1354925794635802e-10,  Error =7.76690158090787e-05
Completed 81 % :  mod = 1.1123426974096775e-10,  Error =7.856486217860947e-05
Completed 82 % :  mod = 1.1298384431111915e-10,  Error =7.952961050250451e-05
Completed 83 % :  mod = 1.02757452651922e-10,  Error =8.052056909946259e-05
Completed 84 % :  mod = 1.0962972708579385e-10,  Error =8.151638166964403e-05
Completed 85 % :  mod = 1.0910250994010735e-10,  Error =8.251145163740148e-05
Completed 86 % :  mod = 1.0753303801779958e-10,  Error =8.351534688699758e-05
Completed 87 % :  mod = 1.0745545756253034e-10,  Error =8.453062628177577e-05
Completed 88 % :  mod = 1.0923253648620416e-10,  Error =8.553921361453831e-05
Completed 89 % :  mod = 1.1444401055776297e-10,  Error =8.64826461111079e-05
Completed 90 % :  mod = 1.0557917271838824e-10,  Error =8.733025424589869e-05
Completed 91 % :  mod = 1.182530872016851e-10,  Error =8.812464056973113e-05
Completed 92 % :  mod = 1.1596481183781174e-10,  Error =8.888779666449409e-05
Completed 93 % :  mod = 1.1883795350786773e-10,  Error =8.967694566308637e-05
Completed 94 % :  mod = 1.1828310174344598e-10,  Error =9.05010761016456e-05
Completed 95 % :  mod = 1.1670339151772156e-10,  Error =9.140762222159537e-05
Completed 96 % :  mod = 1.1610917893892734e-10,  Error =9.23720335777034e-05
Completed 97 % :  mod = 1.138551946324407e-10,  Error =9.337112851426355e-05
Completed 98 % :  mod = 1.0586850106306658e-10,  Error =9.439610130357323e-05
Completed 99 % :  mod = 1.0250590625990593e-10,  Error =9.543916030452237e-05
Completed 100 % :  mod = 1.1335930273581855e-10,  Error =9.649035200709477e-05
Finished 1/1 frames
Finished all frames!
