/opt/local/miniconda_23_9/lib/python3.11/site-packages/conda/base/context.py:201: FutureWarning: Adding 'defaults' to channel list implicitly is deprecated and will be removed in 25.3. 

To remove this warning, please choose a default channel explicitly with conda's regular configuration system, e.g. by adding 'defaults' to the list of channels:

  conda config --add channels defaults

For more information see https://docs.conda.io/projects/conda/en/stable/user-guide/configuration/use-condarc.html

  deprecated.topic(
JOB 14236 ARRAY_ID 6  -> i=6 ; range=[1.98e-10, 2.18e-10] ; intervals=20 (frames=21)
Simulation name: run1
Analytic t0 extension enabled (--extend-time-using-t0).
Extending simulation time for p0=2.037e-10 from 1.000e+10 to 2.827e+10
Completed 0 % :  mod = 2.313024072387975e-16,  Error =0.0
Completed 1 % :  mod = 2.53743350882592e-16,  Error =1.1998085938103031e-06
Completed 2 % :  mod = 3.2588242872965157e-16,  Error =2.3995648916752543e-06
Completed 3 % :  mod = 4.633162162741702e-16,  Error =3.5993243727716617e-06
Completed 4 % :  mod = 7.02142896696164e-16,  Error =4.799092039320385e-06
Completed 5 % :  mod = 1.096801881616008e-15,  Error =5.998884262226056e-06
Completed 6 % :  mod = 1.7390432661494289e-15,  Error =7.19864692655392e-06
Completed 7 % :  mod = 2.803706530474274e-15,  Error =8.398389581998345e-06
Completed 8 % :  mod = 4.562986281290974e-15,  Error =9.598152701073559e-06
Completed 9 % :  mod = 7.510157164166777e-15,  Error =1.079794992620009e-05
Completed 10 % :  mod = 1.2474342175152854e-14,  Error =1.199771077153855e-05
Completed 11 % :  mod = 2.0939954708310513e-14,  Error =1.3197468433645554e-05
Completed 12 % :  mod = 3.545078726214707e-14,  Error =1.4397230643226067e-05
Completed 13 % :  mod = 6.014475350299246e-14,  Error =1.5597026958857896e-05
Completed 14 % :  mod = 1.0203929832116206e-13,  Error =1.6796771433291724e-05
Completed 15 % :  mod = 1.7311869864854685e-13,  Error =1.7996523183683166e-05
Completed 16 % :  mod = 2.9371520766220526e-13,  Error =1.9196267658116994e-05
Completed 17 % :  mod = 4.98327188312961e-13,  Error =2.0396068975969683e-05
Completed 18 % :  mod = 8.45507675232678e-13,  Error =2.1595805264951196e-05
Completed 19 % :  mod = 1.4761631527013338e-12,  Error =2.279550108141848e-05
Completed 20 % :  mod = 2.775755099920498e-12,  Error =2.3995055926206987e-05
Completed 21 % :  mod = 5.768343425270978e-12,  Error =2.5194204681611154e-05
Completed 22 % :  mod = 1.3146212522298342e-11,  Error =2.639174681462464e-05
Completed 23 % :  mod = 3.1477340543641936e-11,  Error =2.7582593702391023e-05
Completed 24 % :  mod = 6.895648382155476e-11,  Error =2.874141682696063e-05
Completed 25 % :  mod = 9.393178166254315e-11,  Error =2.9802120025124168e-05
Completed 26 % :  mod = 1.0559418079153528e-10,  Error =3.076200755458558e-05
Completed 27 % :  mod = 1.1495555865491205e-10,  Error =3.161333052048576e-05
Completed 28 % :  mod = 1.1488844435528665e-10,  Error =3.244128720325534e-05
Completed 29 % :  mod = 1.139285419658291e-10,  Error =3.330944628032739e-05
Completed 30 % :  mod = 1.1466942997018202e-10,  Error =3.429418757150415e-05
Completed 31 % :  mod = 1.0500864683826115e-10,  Error =3.535564292178606e-05
Completed 32 % :  mod = 1.1422742478978956e-10,  Error =3.645398692242452e-05
Completed 33 % :  mod = 1.1181810279800542e-10,  Error =3.7570979657175485e-05
Completed 34 % :  mod = 1.1274401000463184e-10,  Error =3.870623504553805e-05
Completed 35 % :  mod = 1.0298523085188976e-10,  Error =3.986085312135401e-05
Completed 36 % :  mod = 8.917930998087685e-11,  Error =4.1030375086847926e-05
Completed 37 % :  mod = 5.547038120540125e-11,  Error =4.2200048937957035e-05
Completed 38 % :  mod = 9.052023615715632e-11,  Error =4.331851823735633e-05
Completed 39 % :  mod = 1.004001894837496e-10,  Error =4.4307478674454615e-05
Completed 40 % :  mod = 1.1760092163869417e-10,  Error =4.520274114838685e-05
Completed 41 % :  mod = 1.1760195601837236e-10,  Error =4.6030777411942836e-05
Completed 42 % :  mod = 1.1754792597528144e-10,  Error =4.687976661443827e-05
Completed 43 % :  mod = 1.1742236457322555e-10,  Error =4.7811586682655616e-05
Completed 44 % :  mod = 1.164904369031858e-10,  Error =4.8857936690183124e-05
Completed 45 % :  mod = 1.1253621139838985e-10,  Error =4.996985762772965e-05
Completed 46 % :  mod = 1.1528015785864408e-10,  Error =5.1114432153553935e-05
Completed 47 % :  mod = 1.1230027732593748e-10,  Error =5.2272995617386186e-05
Completed 48 % :  mod = 1.0465197444036274e-10,  Error =5.3433367611432914e-05
Completed 49 % :  mod = 1.0033421560176083e-10,  Error =5.45853818039177e-05
Completed 50 % :  mod = 9.935488721536377e-11,  Error =5.572496866079746e-05
Completed 51 % :  mod = 7.228248474332491e-11,  Error =5.6835287523426814e-05
Completed 52 % :  mod = 1.0094901741719691e-10,  Error =5.786471820101724e-05
Completed 53 % :  mod = 1.0744226045086775e-10,  Error =5.878041201867745e-05
Completed 54 % :  mod = 1.1292428611787506e-10,  Error =5.961676879451261e-05
Completed 55 % :  mod = 1.1310048139127283e-10,  Error =6.046370117473998e-05
Completed 56 % :  mod = 1.1311864738132909e-10,  Error =6.137038690212648e-05
Completed 57 % :  mod = 1.1089405883949172e-10,  Error =6.236869285203284e-05
Completed 58 % :  mod = 1.1313713849569912e-10,  Error =6.344459143292625e-05
Completed 59 % :  mod = 1.128346041059254e-10,  Error =6.456773962781881e-05
Completed 60 % :  mod = 1.1238139485623031e-10,  Error =6.571601443283726e-05
Completed 61 % :  mod = 1.0906602180296057e-10,  Error =6.688186249448336e-05
Completed 62 % :  mod = 1.0047308276463689e-10,  Error =6.805852035540738e-05
Completed 63 % :  mod = 9.209782984205728e-11,  Error =6.924494527993375e-05
Completed 64 % :  mod = 6.057970166150064e-11,  Error =7.043463392619742e-05
Completed 65 % :  mod = 5.685345547291932e-11,  Error =7.161202847782988e-05
Completed 66 % :  mod = 9.630910895297496e-11,  Error =7.271719414347899e-05
Completed 67 % :  mod = 9.754463255572526e-11,  Error =7.372679738182342e-05
Completed 68 % :  mod = 1.1796793868444728e-10,  Error =7.464833379344782e-05
Completed 69 % :  mod = 1.1641353979205973e-10,  Error =7.553389150416479e-05
Completed 70 % :  mod = 1.1789604195944086e-10,  Error =7.642906211913214e-05
Completed 71 % :  mod = 1.168362340921136e-10,  Error =7.741483068457455e-05
Completed 72 % :  mod = 1.166231484952234e-10,  Error =7.84765393291309e-05
Completed 73 % :  mod = 1.0322215863203056e-10,  Error =7.956853414725629e-05
Completed 74 % :  mod = 1.1666835327848663e-10,  Error =8.066566533670994e-05
Completed 75 % :  mod = 1.1367553579343379e-10,  Error =8.176522214853321e-05
Completed 76 % :  mod = 1.0517309200916977e-10,  Error =8.286769843834918e-05
Completed 77 % :  mod = 1.0687077507683464e-10,  Error =8.397994042752543e-05
Completed 78 % :  mod = 1.0355283274772257e-10,  Error =8.506493804816273e-05
Completed 79 % :  mod = 1.0276295415066485e-10,  Error =8.607551762906951e-05
Completed 80 % :  mod = 1.1437153005704127e-10,  Error =8.700483704160433e-05
Completed 81 % :  mod = 1.1609573158936711e-10,  Error =8.78959381225286e-05
Completed 82 % :  mod = 1.143591261741731e-10,  Error =8.878918470145436e-05
Completed 83 % :  mod = 1.0971360432176149e-10,  Error =8.975000127975363e-05
Completed 84 % :  mod = 1.1282489243489536e-10,  Error =9.077618187802727e-05
Completed 85 % :  mod = 1.1637633804752231e-10,  Error =9.186692477669567e-05
Completed 86 % :  mod = 1.1689519125171365e-10,  Error =9.298630311604938e-05
Completed 87 % :  mod = 1.1608260790068273e-10,  Error =9.411781411472475e-05
Completed 88 % :  mod = 1.1640002440215287e-10,  Error =9.526266285320162e-05
Completed 89 % :  mod = 9.597356921000892e-11,  Error =9.641026917961426e-05
Completed 90 % :  mod = 1.1518555230955746e-10,  Error =9.754773691383889e-05
Completed 91 % :  mod = 1.1308303717163651e-10,  Error =9.864150797511684e-05
Completed 92 % :  mod = 1.1061023679849099e-10,  Error =9.969909751816886e-05
Completed 93 % :  mod = 1.1533965278188412e-10,  Error =0.00010070777625514893
Completed 94 % :  mod = 1.1624546884904112e-10,  Error =0.00010170901396122645
Completed 95 % :  mod = 1.1649300699722255e-10,  Error =0.00010271831388308783
Completed 96 % :  mod = 1.147701317370639e-10,  Error =0.00010375778356319643
Completed 97 % :  mod = 1.1564395231942813e-10,  Error =0.00010480207538421382
Completed 98 % :  mod = 1.1545785193583504e-10,  Error =0.00010585067047941266
Completed 99 % :  mod = 1.1582671192355772e-10,  Error =0.00010691801207940443
Completed 100 % :  mod = 1.170296517256534e-10,  Error =0.00010800346262840321
Finished 7/21 frames
Finished all frames!
