/opt/local/miniconda_23_9/lib/python3.11/site-packages/conda/base/context.py:201: FutureWarning: Adding 'defaults' to channel list implicitly is deprecated and will be removed in 25.3. 

To remove this warning, please choose a default channel explicitly with conda's regular configuration system, e.g. by adding 'defaults' to the list of channels:

  conda config --add channels defaults

For more information see https://docs.conda.io/projects/conda/en/stable/user-guide/configuration/use-condarc.html

  deprecated.topic(
JOB 14242 ARRAY_ID 12  -> i=12 ; range=[1.98e-10, 2.18e-10] ; intervals=20 (frames=21)
Simulation name: run1
Analytic t0 extension enabled (--extend-time-using-t0).
Extending simulation time for p0=2.094e-10 from 1.000e+10 to 1.835e+10
Completed 0 % :  mod = 2.3779055336632445e-16,  Error =0.0
Completed 1 % :  mod = 2.5566963517126933e-16,  Error =8.699803402123507e-07
Completed 2 % :  mod = 3.1202324457570495e-16,  Error =1.739966137392912e-06
Completed 3 % :  mod = 4.1540983871953933e-16,  Error =2.609905095596332e-06
Completed 4 % :  mod = 5.815686734808258e-16,  Error =3.479888619040139e-06
Completed 5 % :  mod = 8.357852701599898e-16,  Error =4.349814389570383e-06
Completed 6 % :  mod = 1.216859636986612e-15,  Error =5.219802005740348e-06
Completed 7 % :  mod = 1.782952070778915e-15,  Error =6.089739599701716e-06
Completed 8 % :  mod = 2.6207353033744907e-15,  Error =6.959731763345189e-06
Completed 9 % :  mod = 3.858495318688744e-15,  Error =7.829667083569802e-06
Completed 10 % :  mod = 5.6863835098181345e-15,  Error =8.699654699739767e-06
Completed 11 % :  mod = 8.385443709322467e-15,  Error =9.569642770657083e-06
Completed 12 % :  mod = 1.237123083802405e-14,  Error =1.043958036461845e-05
Completed 13 % :  mod = 1.8259384733929857e-14,  Error =1.1309572983009275e-05
Completed 14 % :  mod = 2.6959785317629757e-14,  Error =1.2179518307675608e-05
Completed 15 % :  mod = 3.982184309474106e-14,  Error =1.3049503195361467e-05
Completed 16 % :  mod = 5.884625593662573e-14,  Error =1.391943851558608e-05
Completed 17 % :  mod = 8.710722206616125e-14,  Error =1.4789419310545782e-05
Completed 18 % :  mod = 1.2899312263175931e-13,  Error =1.565936190672801e-05
Completed 19 % :  mod = 1.9111836696168334e-13,  Error =1.652934224694036e-05
Completed 20 % :  mod = 2.8332958397103054e-13,  Error =1.739933213684708e-05
Completed 21 % :  mod = 4.203205986513542e-13,  Error =1.8269267457071692e-05
Completed 22 % :  mod = 6.241126736569658e-13,  Error =1.9139244614052586e-05
Completed 23 % :  mod = 9.277330455116003e-13,  Error =2.0009171294077532e-05
Completed 24 % :  mod = 1.3810743691015204e-12,  Error =2.0879136627627304e-05
Completed 25 % :  mod = 2.059709076643244e-12,  Error =2.174901646867511e-05
Completed 26 % :  mod = 3.0791683168894177e-12,  Error =2.2618860839429544e-05
Completed 27 % :  mod = 4.616795892917661e-12,  Error =2.3488491024181712e-05
Completed 28 % :  mod = 6.946932852187238e-12,  Error =2.4357793790841242e-05
Completed 29 % :  mod = 1.049222548548116e-11,  Error =2.522621753087151e-05
Completed 30 % :  mod = 1.5889029749533283e-11,  Error =2.6092678126587998e-05
Completed 31 % :  mod = 2.4019675796434087e-11,  Error =2.6954873646900523e-05
Completed 32 % :  mod = 3.579050540562266e-11,  Error =2.7807725928141735e-05
Completed 33 % :  mod = 5.104776023040061e-11,  Error =2.8642318739002803e-05
Completed 34 % :  mod = 6.622031100525573e-11,  Error =2.9447668111970415e-05
Completed 35 % :  mod = 7.563113121523652e-11,  Error =3.02221988022211e-05
Completed 36 % :  mod = 8.145814515322296e-11,  Error =3.097815579167218e-05
Completed 37 % :  mod = 9.719146328333405e-11,  Error =3.1712698728370015e-05
Completed 38 % :  mod = 1.1315506378636969e-10,  Error =3.23907606798457e-05
Completed 39 % :  mod = 1.1179672922265048e-10,  Error =3.3012031963153277e-05
Completed 40 % :  mod = 1.1431869266040861e-10,  Error =3.360439950483851e-05
Completed 41 % :  mod = 1.159567912206892e-10,  Error =3.4185772619821364e-05
Completed 42 % :  mod = 1.1741528471861795e-10,  Error =3.480482200757251e-05
Completed 43 % :  mod = 1.1891187377706024e-10,  Error =3.5462164760247106e-05
Completed 44 % :  mod = 1.1979112645291576e-10,  Error =3.614755314629292e-05
Completed 45 % :  mod = 1.1126979918739447e-10,  Error =3.6871373140456853e-05
Completed 46 % :  mod = 1.1877141540313556e-10,  Error =3.764015764318174e-05
Completed 47 % :  mod = 1.1893542870431315e-10,  Error =3.844479033432435e-05
Completed 48 % :  mod = 1.049216682675192e-10,  Error =3.927488023691694e-05
Completed 49 % :  mod = 1.203549670100558e-10,  Error =4.011878809251357e-05
Completed 50 % :  mod = 1.0211560378673813e-10,  Error =4.09709077757725e-05
Completed 51 % :  mod = 1.0801210216827279e-10,  Error =4.182989869150333e-05
Completed 52 % :  mod = 9.2987756506555e-11,  Error =4.2691970975283766e-05
Completed 53 % :  mod = 5.865926751215136e-11,  Error =4.355622331786435e-05
Completed 54 % :  mod = 4.144720281478192e-11,  Error =4.442003091753577e-05
Completed 55 % :  mod = 4.641758338502144e-11,  Error =4.5280144149728585e-05
Completed 56 % :  mod = 5.278908962817938e-11,  Error =4.6133072828524746e-05
Completed 57 % :  mod = 5.6408805936792866e-11,  Error =4.6975123041193e-05
Completed 58 % :  mod = 6.80912516018137e-11,  Error =4.7802409426367376e-05
Completed 59 % :  mod = 7.979004487199942e-11,  Error =4.8610075737087755e-05
Completed 60 % :  mod = 8.642085974987992e-11,  Error =4.9392827349947765e-05
Completed 61 % :  mod = 1.0098647777933021e-10,  Error =5.013894360672566e-05
Completed 62 % :  mod = 1.1401167805013557e-10,  Error =5.082887764729094e-05
Completed 63 % :  mod = 1.1580952555847987e-10,  Error =5.1470211019477574e-05
Completed 64 % :  mod = 1.1719942009512243e-10,  Error =5.207851381783257e-05
Completed 65 % :  mod = 1.1870877460713834e-10,  Error =5.267278766041272e-05
Completed 66 % :  mod = 1.1622701175516666e-10,  Error =5.328244924385217e-05
Completed 67 % :  mod = 1.1651275929491056e-10,  Error =5.3913382998871384e-05
Completed 68 % :  mod = 1.2112526932168305e-10,  Error =5.4578044000663795e-05
Completed 69 % :  mod = 1.2058684390683646e-10,  Error =5.5282477205764735e-05
Completed 70 % :  mod = 1.0886995000966415e-10,  Error =5.603033196166507e-05
Completed 71 % :  mod = 1.0565965072060523e-10,  Error =5.6815179505065316e-05
Completed 72 % :  mod = 9.971533344052223e-11,  Error =5.762537284681457e-05
Completed 73 % :  mod = 6.84976766506185e-11,  Error =5.8455583257455146e-05
Completed 74 % :  mod = 5.5735259649399843e-11,  Error =5.9300349676050246e-05
Completed 75 % :  mod = 4.3506163204961115e-11,  Error =6.0154256971145514e-05
Completed 76 % :  mod = 4.7091984129550543e-11,  Error =6.101196049712598e-05
Completed 77 % :  mod = 5.290269940840805e-11,  Error =6.186872678881628e-05
Completed 78 % :  mod = 5.913335357355985e-11,  Error =6.272127757256385e-05
Completed 79 % :  mod = 7.280576212974669e-11,  Error =6.356717176458915e-05
Completed 80 % :  mod = 8.489965095451486e-11,  Error =6.440452989409096e-05
Completed 81 % :  mod = 9.034292057584235e-11,  Error =6.523157435367466e-05
Completed 82 % :  mod = 1.0727888196352767e-10,  Error =6.604206146221259e-05
Completed 83 % :  mod = 1.1582647787245263e-10,  Error =6.682521052425727e-05
Completed 84 % :  mod = 1.166312663285447e-10,  Error =6.757411711078021e-05
Completed 85 % :  mod = 1.1694154730259648e-10,  Error =6.826817116234452e-05
Completed 86 % :  mod = 1.1578936178671241e-10,  Error =6.892514693390694e-05
Completed 87 % :  mod = 1.2032761275227758e-10,  Error =6.956752758924267e-05
Completed 88 % :  mod = 1.2124589453486692e-10,  Error =7.018833048277884e-05
Completed 89 % :  mod = 1.218215051567702e-10,  Error =7.081240300976788e-05
Completed 90 % :  mod = 1.1173133979613499e-10,  Error =7.14538559805078e-05
Completed 91 % :  mod = 1.1551782087360699e-10,  Error =7.212787022581324e-05
Completed 92 % :  mod = 1.1300854399348196e-10,  Error =7.285622950803372e-05
Completed 93 % :  mod = 1.1150305057803393e-10,  Error =7.363810027527506e-05
Completed 94 % :  mod = 1.161889871749699e-10,  Error =7.444841685355641e-05
Completed 95 % :  mod = 1.0838236823352747e-10,  Error =7.526580111516523e-05
Completed 96 % :  mod = 1.1634443439401518e-10,  Error =7.608167652506381e-05
Completed 97 % :  mod = 1.090760406221901e-10,  Error =7.689405811106553e-05
Completed 98 % :  mod = 1.1556526628954226e-10,  Error =7.770437014187337e-05
Completed 99 % :  mod = 9.572051540800107e-11,  Error =7.851936106817448e-05
Completed 100 % :  mod = 1.0871889327458443e-10,  Error =7.93369767961849e-05
Finished 13/21 frames
Finished all frames!
