/opt/local/miniconda_23_9/lib/python3.11/site-packages/conda/base/context.py:201: FutureWarning: Adding 'defaults' to channel list implicitly is deprecated and will be removed in 25.3. 

To remove this warning, please choose a default channel explicitly with conda's regular configuration system, e.g. by adding 'defaults' to the list of channels:

  conda config --add channels defaults

For more information see https://docs.conda.io/projects/conda/en/stable/user-guide/configuration/use-condarc.html

  deprecated.topic(
JOB 15172 ARRAY_ID 0  -> i=0 ; range=[1.5e-10, 1.5e-10] ; intervals=0 (frames=1)
Simulation name: hysteresis_downsweep
Analytic t0 extension enabled (--extend-time-using-t0).
Completed 0 % :  mod = 1.7031383427076939e-16,  Error =0.0
Completed 0 % :  mod = 1.280256112917146e-16,  Error =2.240526555397082e-07
Completed 0 % :  mod = 9.774718128500962e-17,  Error =4.4809166865888983e-07
Completed 1 % :  mod = 1.6700895996816445e-16,  Error =6.721334102621768e-07
Completed 1 % :  mod = 1.7188619346283788e-16,  Error =8.961751518654637e-07
Completed 2 % :  mod = 1.285700285353713e-16,  Error =1.120219167205505e-06
Completed 2 % :  mod = 1.6681291288971298e-16,  Error =1.3442718227452133e-06
Completed 3 % :  mod = 2.1868151571886642e-16,  Error =1.5683094716223422e-06
Completed 3 % :  mod = 2.0274064340699608e-16,  Error =1.7923534869623836e-06
Completed 4 % :  mod = 2.282662470042762e-16,  Error =2.0163925000815652e-06
Completed 4 % :  mod = 2.845212110364606e-16,  Error =2.2404283299692906e-06
Completed 5 % :  mod = 3.227495663769331e-16,  Error =2.4644755285407882e-06
Completed 5 % :  mod = 3.7350578685128773e-16,  Error =2.6885286388278473e-06
Completed 6 % :  mod = 4.4221789176478824e-16,  Error =2.9125772016413976e-06
Completed 6 % :  mod = 5.242516439218175e-16,  Error =3.136628492939053e-06
Completed 7 % :  mod = 6.220886647244699e-16,  Error =3.360677965247305e-06
Completed 7 % :  mod = 7.386731598921951e-16,  Error =3.584731075534364e-06
Completed 8 % :  mod = 8.775096290342832e-16,  Error =3.808765995927388e-06
Completed 8 % :  mod = 1.0427968469371127e-15,  Error =4.0328204704565e-06
Completed 9 % :  mod = 1.2395084525142084e-15,  Error =4.2568744902382605e-06
Completed 9 % :  mod = 1.473558647041608e-15,  Error =4.480920324567705e-06
Completed 10 % :  mod = 1.7520278012592869e-15,  Error =4.704978891822975e-06
Completed 10 % :  mod = 2.0832968821468648e-15,  Error =4.929022452415666e-06
Completed 11 % :  mod = 2.477325025423966e-15,  Error =5.153063284524251e-06
Completed 11 % :  mod = 2.9460289342941766e-15,  Error =5.3771136663272046e-06
Completed 12 % :  mod = 3.5035111844477364e-15,  Error =5.601168140856316e-06
Completed 12 % :  mod = 4.1665706761318695e-15,  Error =5.825219886901323e-06
Completed 13 % :  mod = 4.955142808335889e-15,  Error =6.049253443052294e-06
Completed 13 % :  mod = 5.8930829888169005e-15,  Error =6.273297003644984e-06
Completed 14 % :  mod = 7.0086198317783614e-15,  Error =6.4973492044373415e-06
Completed 14 % :  mod = 8.335290410508544e-15,  Error =6.721384579577716e-06
Completed 15 % :  mod = 9.913217501536004e-15,  Error =6.945434506633319e-06
Completed 15 % :  mod = 1.1789878398912826e-14,  Error =7.1694817052048165e-06
Completed 16 % :  mod = 1.4021689016631351e-14,  Error =7.393513897113735e-06
Completed 16 % :  mod = 1.667615946717186e-14,  Error =7.6175565482117236e-06
Completed 17 % :  mod = 1.983318250909566e-14,  Error =7.841612841730239e-06
Completed 17 % :  mod = 2.3587908049614733e-14,  Error =8.06565685707028e-06
Completed 18 % :  mod = 2.805321670072436e-14,  Error =8.289693141705357e-06
Completed 18 % :  mod = 3.336415380234626e-14,  Error =8.513739885529503e-06
Completed 19 % :  mod = 3.9680518050761555e-14,  Error =8.737783900869545e-06
Completed 19 % :  mod = 4.7192193404595325e-14,  Error =8.96181973075727e-06
Completed 20 % :  mod = 5.612640395706163e-14,  Error =9.18586783882347e-06
Completed 20 % :  mod = 6.675205103613123e-14,  Error =9.409917311131721e-06
Completed 21 % :  mod = 7.938862523195928e-14,  Error =9.633952686272096e-06
Completed 21 % :  mod = 9.441835223397832e-14,  Error =9.85800807029591e-06
Completed 22 % :  mod = 1.1229348480715685e-13,  Error =1.0082055723614758e-05
Completed 22 % :  mod = 1.335513750629396e-13,  Error =1.0306097010470694e-05
Completed 23 % :  mod = 1.5883503540411428e-13,  Error =1.053014830176835e-05
Completed 23 % :  mod = 1.8890548998876843e-13,  Error =1.0754197774076601e-05
Completed 24 % :  mod = 2.2466924715706996e-13,  Error =1.0978251339111011e-05
Completed 24 % :  mod = 2.6720192030628217e-13,  Error =1.1202292171219597e-05
Completed 25 % :  mod = 3.1779047893957396e-13,  Error =1.1426330729591427e-05
Completed 25 % :  mod = 3.7795793859587593e-13,  Error =1.1650383839878486e-05
Completed 26 % :  mod = 4.495143340678502e-13,  Error =1.1874414667545352e-05
Completed 26 % :  mod = 5.346263291422148e-13,  Error =1.2098463230358902e-05
Completed 27 % :  mod = 6.358594610648168e-13,  Error =1.2322509974183049e-05
Completed 27 % :  mod = 7.562644606225238e-13,  Error =1.2546528978418792e-05
Completed 28 % :  mod = 8.994950324889054e-13,  Error =1.277057162951678e-05
Completed 28 % :  mod = 1.0698804866093237e-12,  Error =1.2994607914151857e-05
Completed 29 % :  mod = 1.2725746204847586e-12,  Error =1.3218616459198529e-05
Completed 29 % :  mod = 1.5137608680786215e-12,  Error =1.3442628642224008e-05
Completed 30 % :  mod = 1.8007856935629394e-12,  Error =1.3666628547071014e-05
Completed 30 % :  mod = 2.142446259422641e-12,  Error =1.389061390000279e-05
Completed 31 % :  mod = 2.549256275783558e-12,  Error =1.411454422850511e-05
Completed 31 % :  mod = 3.0339114681984218e-12,  Error =1.4338441815198166e-05
Completed 32 % :  mod = 3.6249310813509055e-12,  Error =1.4562283922714414e-05
Completed 32 % :  mod = 4.397296644875843e-12,  Error =1.4786008250666782e-05
Completed 33 % :  mod = 5.413474451517015e-12,  Error =1.5009625712991692e-05
Completed 33 % :  mod = 6.785575164482611e-12,  Error =1.5233051726681879e-05
Completed 34 % :  mod = 8.5900847926485e-12,  Error =1.5456183973583393e-05
Completed 34 % :  mod = 1.1091063289867051e-11,  Error =1.5678874660807196e-05
Completed 35 % :  mod = 1.448631136351772e-11,  Error =1.5900905054877512e-05
Completed 35 % :  mod = 1.9092814649809222e-11,  Error =1.6121911812660983e-05
Completed 36 % :  mod = 2.5318591361565444e-11,  Error =1.634124419069849e-05
Completed 36 % :  mod = 3.3541827834614196e-11,  Error =1.655786991250352e-05
Completed 37 % :  mod = 4.3765911121858095e-11,  Error =1.677012505751918e-05
Completed 37 % :  mod = 5.4987396540093575e-11,  Error =1.697570496617118e-05
Completed 38 % :  mod = 6.494430353947638e-11,  Error =1.717222630759352e-05
Completed 38 % :  mod = 7.152220285212424e-11,  Error =1.7358301647618646e-05
Completed 39 % :  mod = 7.390470456095222e-11,  Error =1.753459855535766e-05
Completed 39 % :  mod = 7.390344842247231e-11,  Error =1.7703942376101622e-05
Completed 40 % :  mod = 7.389661321155124e-11,  Error =1.787091878213687e-05
Completed 40 % :  mod = 7.39015549256842e-11,  Error =1.8040116628981195e-05
Completed 41 % :  mod = 7.38710158358766e-11,  Error =1.821461319195805e-05
Completed 41 % :  mod = 7.374343966797261e-11,  Error =1.8395725874142954e-05
Completed 42 % :  mod = 7.388605243547674e-11,  Error =1.858356063166866e-05
Completed 42 % :  mod = 7.38602569982355e-11,  Error =1.877744989542407e-05
Completed 43 % :  mod = 7.326376828785649e-11,  Error =1.8976563296746463e-05
Completed 43 % :  mod = 7.390292506112505e-11,  Error =1.918003408718505e-05
Completed 44 % :  mod = 7.319549086373888e-11,  Error =1.9387054180697305e-05
Completed 44 % :  mod = 7.388274717046768e-11,  Error =1.9597014215833042e-05
Completed 45 % :  mod = 7.37838341949276e-11,  Error =1.980943807211588e-05
Completed 45 % :  mod = 7.343550488865254e-11,  Error =2.002386690946878e-05
Completed 46 % :  mod = 6.829965962910022e-11,  Error =2.0239952846168308e-05
Completed 46 % :  mod = 7.268336253579437e-11,  Error =2.045729752353509e-05
Completed 47 % :  mod = 7.365333877959451e-11,  Error =2.0675485757237766e-05
Completed 47 % :  mod = 7.347461501660957e-11,  Error =2.089430927298963e-05
Completed 48 % :  mod = 7.29140188558406e-11,  Error =2.1113618458912242e-05
Completed 48 % :  mod = 7.212782571486243e-11,  Error =2.133341786247911e-05
Completed 49 % :  mod = 7.384280453027904e-11,  Error =2.1553677925112424e-05
Completed 49 % :  mod = 7.013561769922784e-11,  Error =2.17743790926761e-05
Completed 50 % :  mod = 6.334687037503419e-11,  Error =2.1995449969836045e-05
Completed 50 % :  mod = 7.06230097928466e-11,  Error =2.2216829620447243e-05
Completed 51 % :  mod = 7.382561302702121e-11,  Error =2.2438504856836516e-05
Completed 51 % :  mod = 7.195191781119114e-11,  Error =2.2660485228698235e-05
Completed 52 % :  mod = 6.478203070427693e-11,  Error =2.2882831672177417e-05
Completed 52 % :  mod = 5.478613535177864e-11,  Error =2.310561467311345e-05
Completed 53 % :  mod = 4.421776451825068e-11,  Error =2.3328761017182842e-05
Completed 53 % :  mod = 3.414036341124218e-11,  Error =2.3552209313493222e-05
Completed 54 % :  mod = 2.538658505132396e-11,  Error =2.377583587076515e-05
Completed 54 % :  mod = 1.8639750006503524e-11,  Error =2.3999601125979098e-05
Completed 55 % :  mod = 1.4057757712202526e-11,  Error =2.422344505248475e-05
Completed 55 % :  mod = 1.1170329488482671e-11,  Error =2.4447313080599997e-05
Completed 56 % :  mod = 9.165204436433496e-12,  Error =2.467120884830365e-05
Completed 56 % :  mod = 7.354161461104333e-12,  Error =2.4895090064092074e-05
Completed 57 % :  mod = 5.608107942911316e-12,  Error =2.511893671908183e-05
Completed 57 % :  mod = 4.3726069717135954e-12,  Error =2.5342737444589147e-05
Completed 58 % :  mod = 4.940198828024397e-12,  Error =2.5566452677594498e-05
Completed 58 % :  mod = 5.727632211902805e-12,  Error =2.5790031941141933e-05
Completed 59 % :  mod = 6.619346071621533e-12,  Error =2.601343749120133e-05
Completed 59 % :  mod = 8.00587577464072e-12,  Error =2.623657746880781e-05
Completed 60 % :  mod = 1.0357437596668114e-11,  Error =2.6459321816219017e-05
Completed 60 % :  mod = 1.4168167748551146e-11,  Error =2.6681429062591633e-05
Completed 61 % :  mod = 1.919295658072555e-11,  Error =2.690251676540356e-05
Completed 61 % :  mod = 2.5306165420777695e-11,  Error =2.712194691412151e-05
Completed 62 % :  mod = 3.282869863463462e-11,  Error =2.733872270255233e-05
Completed 62 % :  mod = 4.246388870206039e-11,  Error =2.7551390303415246e-05
Completed 63 % :  mod = 5.402635091921758e-11,  Error =2.7757683710660785e-05
Completed 63 % :  mod = 6.472420012281989e-11,  Error =2.7954942197538912e-05
Completed 64 % :  mod = 7.111148647957959e-11,  Error =2.8141675556980772e-05
Completed 64 % :  mod = 7.357385351973247e-11,  Error =2.8318673230387503e-05
Completed 65 % :  mod = 7.365601069066892e-11,  Error =2.8488445423136e-05
Completed 65 % :  mod = 7.365658347670686e-11,  Error =2.865530132112326e-05
Completed 66 % :  mod = 7.365291253667755e-11,  Error =2.8824221317336196e-05
Completed 66 % :  mod = 7.365045617051119e-11,  Error =2.899837272707373e-05
Completed 67 % :  mod = 7.364919131719373e-11,  Error =2.9178990644140868e-05
Completed 67 % :  mod = 7.365272928231578e-11,  Error =2.9366265152930282e-05
Completed 68 % :  mod = 7.36425961113173e-11,  Error =2.9559684207924874e-05
Completed 68 % :  mod = 7.345808286363218e-11,  Error =2.9758410619251663e-05
Completed 69 % :  mod = 7.357338012911896e-11,  Error =2.9961608561279718e-05
Completed 69 % :  mod = 7.341838756498852e-11,  Error =3.0168412649800302e-05
Completed 70 % :  mod = 7.347612086519548e-11,  Error =3.037813667106093e-05
Completed 70 % :  mod = 7.365356514630505e-11,  Error =3.059036043850938e-05
Completed 71 % :  mod = 7.354123428531327e-11,  Error =3.0804614652879536e-05
Completed 71 % :  mod = 6.921439713473504e-11,  Error =3.102054415649036e-05
Completed 72 % :  mod = 7.215321908609899e-11,  Error =3.1237762414093595e-05
Completed 72 % :  mod = 7.363041451726838e-11,  Error =3.1455911994271446e-05
Completed 73 % :  mod = 7.292993343753931e-11,  Error =3.167466365994187e-05
Completed 73 % :  mod = 7.324381022168716e-11,  Error =3.189387371094199e-05
Completed 74 % :  mod = 7.165908369258319e-11,  Error =3.211357761756517e-05
Completed 74 % :  mod = 7.364890108847137e-11,  Error =3.233377447031671e-05
Completed 75 % :  mod = 7.097874917526413e-11,  Error =3.25544060615357e-05
Completed 75 % :  mod = 6.305255507757482e-11,  Error =3.2775388262962224e-05
Completed 76 % :  mod = 7.030913015968586e-11,  Error =3.299670152046019e-05
Completed 76 % :  mod = 7.336512382122319e-11,  Error =3.321829171909485e-05
Completed 77 % :  mod = 7.254672562711634e-11,  Error =3.3440157494624145e-05
Completed 77 % :  mod = 6.560429224572629e-11,  Error =3.366239070601296e-05
Completed 78 % :  mod = 5.510192689130193e-11,  Error =3.388504092072253e-05
Completed 78 % :  mod = 4.4800053482228915e-11,  Error =3.410803856240818e-05
Completed 79 % :  mod = 3.528055124690785e-11,  Error =3.433130450503086e-05
Completed 79 % :  mod = 2.644817729708106e-11,  Error =3.4554740523162764e-05
Completed 80 % :  mod = 1.9023455393822176e-11,  Error =3.477822292552446e-05
Completed 80 % :  mod = 1.3818690962797149e-11,  Error =3.500168531900272e-05
Completed 81 % :  mod = 1.0872758304803635e-11,  Error =3.522502311170683e-05
Completed 81 % :  mod = 9.342347475784913e-12,  Error =3.54481567228504e-05
Completed 82 % :  mod = 8.962376520797582e-12,  Error =3.56710011146788e-05
Completed 82 % :  mod = 1.2170868457807122e-11,  Error =3.5893348467652686e-05
Completed 83 % :  mod = 1.7179199152017232e-11,  Error =3.611485362853273e-05
Completed 83 % :  mod = 2.3230243124769285e-11,  Error =3.6334981359686935e-05
Completed 84 % :  mod = 3.001727491014831e-11,  Error =3.6552837627823465e-05
Completed 84 % :  mod = 3.824705650115048e-11,  Error =3.6767246456292924e-05
Completed 85 % :  mod = 4.8996587713713055e-11,  Error =3.697634565469343e-05
Completed 85 % :  mod = 6.099406562026787e-11,  Error =3.7177511785557726e-05
Completed 86 % :  mod = 6.946782126287068e-11,  Error =3.736834742085193e-05
Completed 86 % :  mod = 7.271393762442654e-11,  Error =3.75488530153234e-05
Completed 87 % :  mod = 7.340313901871352e-11,  Error =3.772114541789051e-05
Completed 87 % :  mod = 7.339363190162498e-11,  Error =3.7888531551288906e-05
Completed 88 % :  mod = 7.340225687923197e-11,  Error =3.8056052744650515e-05
Completed 88 % :  mod = 7.335556935240811e-11,  Error =3.822798862529453e-05
Completed 89 % :  mod = 7.339357308822394e-11,  Error =3.840610588667914e-05
Completed 89 % :  mod = 7.339811819625422e-11,  Error =3.859080652546254e-05
Completed 90 % :  mod = 7.332549864627344e-11,  Error =3.8781840885349084e-05
Completed 90 % :  mod = 7.33747035581561e-11,  Error =3.897852093359688e-05
Completed 91 % :  mod = 7.326712442469429e-11,  Error =3.9180029943963746e-05
Completed 91 % :  mod = 7.33356305288357e-11,  Error =3.938549662052537e-05
Completed 92 % :  mod = 7.252164732664049e-11,  Error =3.9594114696228644e-05
Completed 92 % :  mod = 7.328798089037438e-11,  Error =3.980537758252467e-05
Completed 93 % :  mod = 7.326116820107087e-11,  Error =4.00188487219566e-05
Completed 93 % :  mod = 7.193007324973654e-11,  Error =4.023411747766659e-05
Completed 94 % :  mod = 7.082837684550023e-11,  Error =4.045081550430041e-05
Completed 94 % :  mod = 7.314728926804424e-11,  Error =4.0668577639735304e-05
Completed 95 % :  mod = 7.236429102887214e-11,  Error =4.088708283234155e-05
Completed 95 % :  mod = 7.338279171270654e-11,  Error =4.110607369511854e-05
Completed 96 % :  mod = 7.09793642567969e-11,  Error =4.132552112423582e-05
Completed 96 % :  mod = 7.294111129839433e-11,  Error =4.1545457406755304e-05
Completed 97 % :  mod = 7.284801346637862e-11,  Error =4.1765885271161096e-05
Completed 97 % :  mod = 6.65686461102025e-11,  Error =4.1986675114458194e-05
Completed 98 % :  mod = 6.835872542257263e-11,  Error =4.220776281727012e-05
Completed 98 % :  mod = 7.235476274064399e-11,  Error =4.2429160203028005e-05
Completed 99 % :  mod = 7.335712563069033e-11,  Error =4.2650839077396085e-05
Completed 99 % :  mod = 6.937303975202577e-11,  Error =4.287275578462868e-05
Completed 100 % :  mod = 5.929364410333483e-11,  Error =4.309504993216251e-05
Finished 1/1 frames
Finished all frames!
