/opt/local/miniconda_23_9/lib/python3.11/site-packages/conda/base/context.py:201: FutureWarning: Adding 'defaults' to channel list implicitly is deprecated and will be removed in 25.3. 

To remove this warning, please choose a default channel explicitly with conda's regular configuration system, e.g. by adding 'defaults' to the list of channels:

  conda config --add channels defaults

For more information see https://docs.conda.io/projects/conda/en/stable/user-guide/configuration/use-condarc.html

  deprecated.topic(
JOB 15173 ARRAY_ID 0  -> i=0 ; range=[1.2e-10, 1.2e-10] ; intervals=0 (frames=1)
Simulation name: hysteresis_upsweep
Analytic t0 extension enabled (--extend-time-using-t0).
Completed 0 % :  mod = 1.3625106728219866e-16,  Error =0.0
Completed 0 % :  mod = 1.3350850384595995e-16,  Error =2.5152985472232103e-07
Completed 0 % :  mod = 1.2562535106447834e-16,  Error =5.030597094446421e-07
Completed 1 % :  mod = 1.137687300729859e-16,  Error =7.545886546722613e-07
Completed 1 % :  mod = 1.0146986704825572e-16,  Error =1.0061166904051788e-06
Completed 2 % :  mod = 1.0345773327917638e-16,  Error =1.257641997653991e-06
Completed 2 % :  mod = 1.156436057586773e-16,  Error =1.5091577552084345e-06
Completed 3 % :  mod = 1.2710511865730736e-16,  Error =1.760709892550949e-06
Completed 3 % :  mod = 1.3421847131135299e-16,  Error =2.0122470232308842e-06
Completed 4 % :  mod = 1.3609150962210874e-16,  Error =2.2637832444161177e-06
Completed 4 % :  mod = 1.324903900439962e-16,  Error =2.515312189643737e-06
Completed 5 % :  mod = 1.2385993939457096e-16,  Error =2.766818397503812e-06
Completed 5 % :  mod = 1.1180678463223415e-16,  Error =3.0183346098056063e-06
Completed 6 % :  mod = 9.927415845354131e-17,  Error =3.269869921496138e-06
Completed 6 % :  mod = 1.0523187263512437e-16,  Error =3.5213984119764064e-06
Completed 7 % :  mod = 1.17448191771817e-16,  Error =3.7729359974036925e-06
Completed 7 % :  mod = 1.28295841840355e-16,  Error =4.024451754958136e-06
Completed 8 % :  mod = 1.3461557001435945e-16,  Error =4.275984338164562e-06
Completed 8 % :  mod = 1.3561610260939128e-16,  Error =4.527511009655427e-06
Completed 9 % :  mod = 1.3116526733050277e-16,  Error =4.779032678925432e-06
Completed 9 % :  mod = 1.2181544779103495e-16,  Error =5.030567081121262e-06
Completed 10 % :  mod = 1.0960486075749339e-16,  Error =5.282096026348881e-06
Completed 10 % :  mod = 9.687808102016879e-17,  Error =5.533613148145378e-06
Completed 11 % :  mod = 1.0678697177313376e-16,  Error =5.785148005088558e-06
Completed 11 % :  mod = 1.18992939054653e-16,  Error =6.0366619436535984e-06
Completed 12 % :  mod = 1.2919179430073447e-16,  Error =6.288194072112674e-06
Completed 12 % :  mod = 1.347011429861014e-16,  Error =6.539726200571749e-06
Completed 13 % :  mod = 1.3482370819861977e-16,  Error =6.791245141357649e-06
Completed 13 % :  mod = 1.2953878131655792e-16,  Error =7.042765901132952e-06
Completed 14 % :  mod = 1.1949554035379118e-16,  Error =7.294287115655607e-06
Completed 14 % :  mod = 1.0717093546839834e-16,  Error =7.545802418462699e-06
Completed 15 % :  mod = 9.545282095909303e-17,  Error =7.797323178238003e-06
Completed 15 % :  mod = 1.0811796509083205e-16,  Error =8.048836662055692e-06
Completed 16 % :  mod = 1.20271125627335e-16,  Error =8.300360605062451e-06
Completed 16 % :  mod = 1.2979229935300593e-16,  Error =8.551892733521527e-06
Completed 17 % :  mod = 1.3447212454013236e-16,  Error =8.803401215118356e-06
Completed 17 % :  mod = 1.3371851605959679e-16,  Error =9.054938800545642e-06
Completed 18 % :  mod = 1.2761233490048055e-16,  Error =9.306474566983525e-06
Completed 18 % :  mod = 1.1690969781343043e-16,  Error =9.558002147969091e-06
Completed 19 % :  mod = 1.0451115973168275e-16,  Error =9.809523362491746e-06
Completed 19 % :  mod = 9.673301370325442e-17,  Error =1.0061053217214067e-05
Completed 20 % :  mod = 1.0922002459347771e-16,  Error =1.0312598078598967e-05
Completed 20 % :  mod = 1.2128037634413162e-16,  Error =1.0564126114331884e-05
Completed 21 % :  mod = 1.3009283350829084e-16,  Error =1.0815641417138977e-05
Completed 21 % :  mod = 1.3393079604058173e-16,  Error =1.1067179002566263e-05
Completed 22 % :  mod = 1.3230099866754847e-16,  Error =1.1318709312035935e-05
Completed 22 % :  mod = 1.2539501305863711e-16,  Error =1.1570231436053291e-05
Completed 23 % :  mod = 1.1406333510103762e-16,  Error =1.1821742191386875e-05
Completed 23 % :  mod = 1.0163295780353701e-16,  Error =1.2073278412572108e-05
Completed 24 % :  mod = 9.781840153575044e-17,  Error =1.2324815997999394e-05
Completed 24 % :  mod = 1.1008787462652146e-16,  Error =1.2576347671711119e-05
Completed 25 % :  mod = 1.2201523677608367e-16,  Error =1.2827867976739071e-05
Completed 25 % :  mod = 1.3009349794111787e-16,  Error =1.3079410564387217e-05
Completed 26 % :  mod = 1.330756797292852e-16,  Error =1.3330942692846293e-05
Completed 26 % :  mod = 1.3057513775975092e-16,  Error =1.358247618554742e-05
Completed 27 % :  mod = 1.228901294765615e-16,  Error =1.3834004676027689e-05
Completed 27 % :  mod = 1.1096507521260709e-16,  Error =1.4085533621255308e-05
Completed 28 % :  mod = 9.85440747828316e-17,  Error =1.4337051197799155e-05
Completed 28 % :  mod = 9.870322665913227e-17,  Error =1.458858832847909e-05
Completed 29 % :  mod = 1.108865114074844e-16,  Error =1.484012727814843e-05
Completed 29 % :  mod = 1.2247369118743596e-16,  Error =1.5091647583176382e-05
Completed 30 % :  mod = 1.2979132100513643e-16,  Error =1.5343187442340422e-05
Completed 30 % :  mod = 1.3190885379413422e-16,  Error =1.559473048473592e-05
Completed 31 % :  mod = 1.2854603760927026e-16,  Error =1.5846253063500626e-05
Completed 31 % :  mod = 1.2010573153593927e-16,  Error =1.6097776551760035e-05
Completed 32 % :  mod = 1.0782071494597655e-16,  Error =1.63493032232509e-05
Completed 32 % :  mod = 9.52506327366776e-17,  Error =1.6600831258983817e-05
Completed 33 % :  mod = 9.938620068789708e-17,  Error =1.685236247794819e-05
Completed 33 % :  mod = 1.1166388690666893e-16,  Error =1.7103887785197003e-05
Completed 34 % :  mod = 1.2265180018221997e-16,  Error =1.735541536618257e-05
Completed 34 % :  mod = 1.2918615163648715e-16,  Error =1.7606941128178732e-05
Completed 35 % :  mod = 1.304336433460949e-16,  Error =1.785847371138516e-05
Completed 35 % :  mod = 1.262193219068985e-16,  Error =1.8109996290149866e-05
Completed 36 % :  mod = 1.1704767060902608e-16,  Error =1.836151250245166e-05
Completed 36 % :  mod = 1.0454335391131605e-16,  Error =1.861304735939484e-05
Completed 37 % :  mod = 9.176538994374668e-17,  Error =1.886456630018074e-05
Completed 37 % :  mod = 9.986270149187828e-17,  Error =1.9116097064397763e-05
Completed 38 % :  mod = 1.1219303098409787e-16,  Error =1.9367632830835646e-05
Completed 38 % :  mod = 1.2254707286111737e-16,  Error =1.9619161321315914e-05
Completed 39 % :  mod = 1.2827984835491007e-16,  Error =1.9870682081091218e-05
Completed 39 % :  mod = 1.286539199523255e-16,  Error =2.012220147662447e-05
Completed 40 % :  mod = 1.2359867910268582e-16,  Error =2.0373718598420965e-05
Completed 40 % :  mod = 1.1372509567528828e-16,  Error =2.0625236629712163e-05
Completed 41 % :  mod = 1.0104462492077442e-16,  Error =2.0876746020803694e-05
Completed 41 % :  mod = 8.809556825947308e-17,  Error =2.1128265871084295e-05
Completed 42 % :  mod = 1.0012964446287287e-16,  Error =2.1379798909038072e-05
Completed 42 % :  mod = 1.1247160623415527e-16,  Error =2.163133694921271e-05
Completed 43 % :  mod = 1.221604839013837e-16,  Error =2.1882864075450925e-05
Completed 43 % :  mod = 1.2707414643023396e-16,  Error =2.213439574916265e-05
Completed 44 % :  mod = 1.265712074863095e-16,  Error =2.2385923784895567e-05
Completed 44 % :  mod = 1.2069236316667578e-16,  Error =2.263746910102782e-05
Completed 45 % :  mod = 1.1014256351762404e-16,  Error =2.288900441271835e-05
Completed 45 % :  mod = 9.733144516882657e-17,  Error =2.3140519260778092e-05
Completed 46 % :  mod = 8.774286883773691e-17,  Error =2.3392049115500413e-05
Completed 46 % :  mod = 1.0018448751976211e-16,  Error =2.364357169426512e-05
Completed 47 % :  mod = 1.1249367200077816e-16,  Error =2.3895098365755985e-05
Completed 47 % :  mod = 1.2149138949800844e-16,  Error =2.4146629584720358e-05
Completed 48 % :  mod = 1.255687146283223e-16,  Error =2.4398162622674135e-05
Completed 48 % :  mod = 1.241923560891934e-16,  Error =2.4649692477396457e-05
Completed 49 % :  mod = 1.1750273239079477e-16,  Error =2.4901230517571094e-05
Completed 49 % :  mod = 1.0631553931156083e-16,  Error =2.5152774469461292e-05
Completed 50 % :  mod = 9.341310001634235e-17,  Error =2.540431751185679e-05
Completed 50 % :  mod = 8.778154144422893e-17,  Error =2.565584236435825e-05
Completed 51 % :  mod = 1.0002228469116961e-16,  Error =2.5907374947564676e-05
Completed 51 % :  mod = 1.1226290375762083e-16,  Error =2.615890116430819e-05
Completed 52 % :  mod = 1.205380906737122e-16,  Error =2.6410422833578195e-05
Completed 52 % :  mod = 1.2376849416426292e-16,  Error =2.6661945867090253e-05
Completed 53 % :  mod = 1.2151739445380467e-16,  Error =2.6913487090496346e-05
Completed 53 % :  mod = 1.1404482740012084e-16,  Error =2.716502331168158e-05
Completed 54 % :  mod = 1.0225026217026638e-16,  Error =2.7416551347414497e-05
Completed 54 % :  mod = 8.929959162789116e-17,  Error =2.7668078473652713e-05
Completed 55 % :  mod = 8.763900090559197e-17,  Error =2.7919613785343245e-05
Completed 55 % :  mod = 1.000602143343752e-16,  Error =2.817115091602318e-05
Completed 56 % :  mod = 1.1177458047473472e-16,  Error =2.842269122993457e-05
Completed 56 % :  mod = 1.1930332844655102e-16,  Error =2.8674207442236366e-05
Completed 57 % :  mod = 1.216713905133473e-16,  Error =2.8925761398568284e-05
Completed 57 % :  mod = 1.1856036516011355e-16,  Error =2.917729852924822e-05
Completed 58 % :  mod = 1.1032281061919514e-16,  Error =2.94288333861914e-05
Completed 58 % :  mod = 9.795775825620968e-17,  Error =2.9680371426366037e-05
Completed 59 % :  mod = 8.49974555574928e-17,  Error =2.9931889002909884e-05
Completed 59 % :  mod = 8.731900877396282e-17,  Error =3.0183430226315977e-05
Completed 60 % :  mod = 9.989571215047495e-17,  Error =3.0434958716796245e-05
Completed 60 % :  mod = 1.1102924085349375e-16,  Error =3.068649175475002e-05
Completed 61 % :  mod = 1.1778658081385962e-16,  Error =3.093801979048294e-05
Completed 61 % :  mod = 1.1928993272181982e-16,  Error =3.1189536457532085e-05
Completed 62 % :  mod = 1.153230996893938e-16,  Error =3.144105630781269e-05
Completed 62 % :  mod = 1.0634716888872726e-16,  Error =3.169256706314627e-05
Completed 63 % :  mod = 9.344811912116508e-17,  Error =3.1944097827363294e-05
Completed 63 % :  mod = 8.052448502880995e-17,  Error =3.2195628591580316e-05
Completed 64 % :  mod = 8.681735868083029e-17,  Error =3.244715844630264e-05
Completed 64 % :  mod = 9.950800225761369e-17,  Error =3.2698665563657414e-05
Completed 65 % :  mod = 1.1002531294054134e-16,  Error =3.295019314464298e-05
Completed 65 % :  mod = 1.1598867092374506e-16,  Error =3.320172800158616e-05
Completed 66 % :  mod = 1.166236724060897e-16,  Error =3.345324557813001e-05
Completed 66 % :  mod = 1.1181502428171337e-16,  Error =3.3704762245179154e-05
Completed 67 % :  mod = 1.0212623781114748e-16,  Error =3.395629437363823e-05
Completed 67 % :  mod = 8.88835135759224e-17,  Error =3.420784423724399e-05
Completed 68 % :  mod = 7.588826042837361e-17,  Error =3.445936727075605e-05
Completed 68 % :  mod = 8.613299922793703e-17,  Error =3.4710885756794596e-05
Completed 69 % :  mod = 9.889494453275158e-17,  Error =3.496241197353811e-05
Completed 69 % :  mod = 1.0876127415486371e-16,  Error =3.521393728078692e-05
Completed 70 % :  mod = 1.139170482614064e-16,  Error =3.5465457131067524e-05
Completed 70 % :  mod = 1.136804619917119e-16,  Error =3.571700153770507e-05
Completed 71 % :  mod = 1.0804230008846726e-16,  Error =3.5968536849395605e-05
Completed 71 % :  mod = 9.766736590392135e-17,  Error =3.62200798917911e-05
Completed 72 % :  mod = 8.424089590332679e-17,  Error =3.647160428954521e-05
Completed 72 % :  mod = 7.286149939545397e-17,  Error =3.672312141134171e-05
Completed 73 % :  mod = 8.526508679445582e-17,  Error =3.697463534990675e-05
Completed 73 % :  mod = 9.805290237972312e-17,  Error =3.7226178392302245e-05
Completed 74 % :  mod = 1.0724347801904711e-16,  Error =3.747769505935139e-05
Completed 74 % :  mod = 1.1157426690208128e-16,  Error =3.772922264033696e-05
Completed 75 % :  mod = 1.10464241339944e-16,  Error =3.7980751585564576e-05
Completed 75 % :  mod = 1.0401130994545466e-16,  Error =3.823229735644418e-05
Completed 76 % :  mod = 9.29882459916647e-17,  Error =3.848381629723008e-05
Completed 76 % :  mod = 7.941834762914197e-17,  Error =3.8735344787710346e-05
Completed 77 % :  mod = 7.198832278455447e-17,  Error =3.8986879189906176e-05
Completed 77 % :  mod = 8.460974137363211e-17,  Error =3.923840949937585e-05
Completed 78 % :  mod = 9.698768513966905e-17,  Error =3.948992070945678e-05
Completed 78 % :  mod = 1.0547213039766649e-16,  Error =3.974144465246354e-05
Completed 79 % :  mod = 1.0896228974536327e-16,  Error =3.999297359769116e-05
Completed 79 % :  mod = 1.069799021901335e-16,  Error =4.024451118311845e-05
Completed 80 % :  mod = 9.973785393295352e-17,  Error =4.049605695399805e-05
Completed 80 % :  mod = 8.809728455584655e-17,  Error =4.074759181094123e-05
Completed 81 % :  mod = 7.442742198498346e-17,  Error =4.099912166566355e-05
Completed 81 % :  mod = 7.096914962271998e-17,  Error =4.125065015614382e-05
Completed 82 % :  mod = 8.384480429271611e-17,  Error =4.150219001530786e-05
Completed 82 % :  mod = 9.569723907822477e-17,  Error =4.175371532255667e-05
Completed 83 % :  mod = 1.0344770345575523e-16,  Error =4.200524745101575e-05
Completed 83 % :  mod = 1.0608836795989961e-16,  Error =4.2256779579474824e-05
Completed 84 % :  mod = 1.0324112461034716e-16,  Error =4.250830806995509e-05
Completed 84 % :  mod = 9.52295153843258e-17,  Error =4.2759833377203904e-05
Completed 85 % :  mod = 8.300551277371833e-17,  Error =4.301136641515768e-05
Completed 85 % :  mod = 6.928019787574606e-17,  Error =4.326287807998597e-05
Completed 86 % :  mod = 6.979948511389945e-17,  Error =4.351440838945564e-05
Completed 86 % :  mod = 8.289165865192955e-17,  Error =4.3765936425188556e-05
Completed 87 % :  mod = 9.418105811595176e-17,  Error =4.401746127769002e-05
Completed 87 % :  mod = 1.0117521316484909e-16,  Error =4.426898249221267e-05
Completed 88 % :  mod = 1.0318055115636688e-16,  Error =4.452051007319824e-05
Completed 88 % :  mod = 9.925421037268414e-17,  Error =4.477202537600533e-05
Completed 89 % :  mod = 9.049541220806608e-17,  Error =4.502356523516937e-05
Completed 89 % :  mod = 7.772595770595198e-17,  Error =4.5275086449692026e-05
Completed 90 % :  mod = 6.398394042874983e-17,  Error =4.5526614940172294e-05
Completed 90 % :  mod = 6.848805735772382e-17,  Error =4.5778165258525405e-05
Completed 91 % :  mod = 8.174929813435848e-17,  Error =4.602969556799508e-05
Completed 91 % :  mod = 9.244189381745888e-17,  Error =4.628122678695945e-05
Completed 92 % :  mod = 9.897655256932363e-17,  Error =4.653276255339733e-05
Completed 92 % :  mod = 1.0013475814511846e-16,  Error =4.678429468185641e-05
Completed 93 % :  mod = 9.502596851775425e-17,  Error =4.7035826810315484e-05
Completed 93 % :  mod = 8.554798706174354e-17,  Error =4.728737440018449e-05
Completed 94 % :  mod = 7.226579509266262e-17,  Error =4.7538906528643565e-05
Completed 94 % :  mod = 5.856125530106372e-17,  Error =4.779043729286059e-05
Completed 95 % :  mod = 6.703110087294838e-17,  Error =4.804196760233026e-05
Completed 95 % :  mod = 8.041856811858892e-17,  Error =4.829349336432642e-05
Completed 96 % :  mod = 9.047552931938093e-17,  Error =4.8545017762080533e-05
Completed 96 % :  mod = 9.667893170422751e-17,  Error =4.879655944023398e-05
Completed 97 % :  mod = 9.683510138762478e-17,  Error =4.904808383798809e-05
Completed 97 % :  mod = 9.07207318642273e-17,  Error =4.929959914079518e-05
Completed 98 % :  mod = 8.039257314065883e-17,  Error =4.955114445692743e-05
Completed 98 % :  mod = 6.664853635368992e-17,  Error =4.980266112397658e-05
Completed 99 % :  mod = 5.3049378906841185e-17,  Error =5.005419643566711e-05
Completed 99 % :  mod = 6.592133499382465e-17,  Error =5.0305723561905324e-05
Completed 100 % :  mod = 7.889912558316061e-17,  Error =5.05572547808697e-05
Finished 1/1 frames
Finished all frames!
