/opt/local/miniconda_23_9/lib/python3.11/site-packages/conda/base/context.py:201: FutureWarning: Adding 'defaults' to channel list implicitly is deprecated and will be removed in 25.3. 

To remove this warning, please choose a default channel explicitly with conda's regular configuration system, e.g. by adding 'defaults' to the list of channels:

  conda config --add channels defaults

For more information see https://docs.conda.io/projects/conda/en/stable/user-guide/configuration/use-condarc.html

  deprecated.topic(
JOB 14247 ARRAY_ID 17  -> i=17 ; range=[1.98e-10, 2.18e-10] ; intervals=20 (frames=21)
Simulation name: run1
Analytic t0 extension enabled (--extend-time-using-t0).
Extending simulation time for p0=2.142e-10 from 1.000e+10 to 1.516e+10
Completed 0 % :  mod = 2.4319734168529973e-16,  Error =0.0
Completed 1 % :  mod = 2.604558065236559e-16,  Error =7.865878615120891e-07
Completed 2 % :  mod = 3.1482149319039527e-16,  Error =1.5731707208033185e-06
Completed 3 % :  mod = 4.144691258101546e-16,  Error =2.359753580094548e-06
Completed 4 % :  mod = 5.744213951513297e-16,  Error =3.1462805054616183e-06
Completed 5 % :  mod = 8.189474341077424e-16,  Error =3.932870185963111e-06
Completed 6 % :  mod = 1.185308219185676e-15,  Error =4.719457592727849e-06
Completed 7 % :  mod = 1.7308182835647491e-15,  Error =5.506046818481991e-06
Completed 8 % :  mod = 2.5456977887452496e-15,  Error =6.29258829576429e-06
Completed 9 % :  mod = 3.754482525298259e-15,  Error =7.079170245560817e-06
Completed 10 % :  mod = 5.5475704848357626e-15,  Error =7.865751285862643e-06
Completed 11 % :  mod = 8.208449164896484e-15,  Error =8.652295491629047e-06
Completed 12 % :  mod = 1.21601409212177e-14,  Error =9.438877896172926e-06
Completed 13 % :  mod = 1.8032507019030086e-14,  Error =1.0225460300716804e-05
Completed 14 % :  mod = 2.6764922132227617e-14,  Error =1.1012049071723595e-05
Completed 15 % :  mod = 3.975758109522296e-14,  Error =1.1798580544564174e-05
Completed 16 % :  mod = 5.910304918333541e-14,  Error =1.2585163403855404e-05
Completed 17 % :  mod = 8.792201267894591e-14,  Error =1.3371743989409879e-05
Completed 18 % :  mod = 1.3087232411357495e-13,  Error =1.4158275916997809e-05
Completed 19 % :  mod = 1.949223666481289e-13,  Error =1.4944862414267845e-05
Completed 20 % :  mod = 2.9047466250214423e-13,  Error =1.5731450275779935e-05
Completed 21 % :  mod = 4.33081532541806e-13,  Error =1.651803540880792e-05
Completed 22 % :  mod = 6.459779149911498e-13,  Error =1.730457324811141e-05
Completed 23 % :  mod = 9.639585665081225e-13,  Error =1.8091142919729464e-05
Completed 24 % :  mod = 1.4390004196563204e-12,  Error =1.8877691672969377e-05
Completed 25 % :  mod = 2.148751352336803e-12,  Error =1.9664156297949376e-05
Completed 26 % :  mod = 3.2092846659360288e-12,  Error =2.0450600914045935e-05
Completed 27 % :  mod = 4.793103861715537e-12,  Error =2.1236860447970685e-05
Completed 28 % :  mod = 7.154816163906779e-12,  Error =2.202270843554288e-05
Completed 29 % :  mod = 1.066276637693907e-11,  Error =2.2807584173278883e-05
Completed 30 % :  mod = 1.5827353649601636e-11,  Error =2.3590509499626933e-05
Completed 31 % :  mod = 2.3276154280693852e-11,  Error =2.436910426695249e-05
Completed 32 % :  mod = 3.3535824582622326e-11,  Error =2.5138761429843726e-05
Completed 33 % :  mod = 4.6293509863699686e-11,  Error =2.5891748464346165e-05
Completed 34 % :  mod = 5.893373114379422e-11,  Error =2.6619749405654147e-05
Completed 35 % :  mod = 6.595050841132499e-11,  Error =2.7323515496391337e-05
Completed 36 % :  mod = 6.317006106106139e-11,  Error =2.8022034712194e-05
Completed 37 % :  mod = 5.332099621527826e-11,  Error =2.873885068765958e-05
Completed 38 % :  mod = 4.326024661394179e-11,  Error =2.948055771412328e-05
Completed 39 % :  mod = 3.91107845463037e-11,  Error =3.0238878025556915e-05
Completed 40 % :  mod = 4.574359260110522e-11,  Error =3.1001186471257824e-05
Completed 41 % :  mod = 6.7308597054711e-11,  Error =3.175150459355791e-05
Completed 42 % :  mod = 9.923970061271384e-11,  Error =3.246142250645789e-05
Completed 43 % :  mod = 1.120081000046283e-10,  Error =3.310278680146439e-05
Completed 44 % :  mod = 1.1059577543356047e-10,  Error =3.370235435795621e-05
Completed 45 % :  mod = 1.1677180595747798e-10,  Error =3.428235459068674e-05
Completed 46 % :  mod = 1.2437936509156548e-10,  Error =3.481677413219586e-05
Completed 47 % :  mod = 1.2450619798295776e-10,  Error =3.5347963148524286e-05
Completed 48 % :  mod = 1.2461306985709666e-10,  Error =3.5898252917831996e-05
Completed 49 % :  mod = 1.245437152018737e-10,  Error =3.644509797595674e-05
Completed 50 % :  mod = 1.2426746468913012e-10,  Error =3.7017401155026164e-05
Completed 51 % :  mod = 1.2386205547236405e-10,  Error =3.764519624382956e-05
Completed 52 % :  mod = 1.1715669226317332e-10,  Error =3.83221317861171e-05
Completed 53 % :  mod = 1.232513590987333e-10,  Error =3.9033878238114994e-05
Completed 54 % :  mod = 1.2340185114500008e-10,  Error =3.9763811855664244e-05
Completed 55 % :  mod = 1.2013310755536352e-10,  Error =4.0503052332496736e-05
Completed 56 % :  mod = 1.1359626984820598e-10,  Error =4.1242163206334226e-05
Completed 57 % :  mod = 1.1177703767390789e-10,  Error =4.196981990389759e-05
Completed 58 % :  mod = 1.205254565508031e-10,  Error =4.267784925104934e-05
Completed 59 % :  mod = 1.0558863235067147e-10,  Error =4.337412701715948e-05
Completed 60 % :  mod = 1.1566769475627728e-10,  Error =4.407683491081116e-05
Completed 61 % :  mod = 1.0205228625140207e-10,  Error =4.4799856368626934e-05
Completed 62 % :  mod = 7.380971002512238e-11,  Error =4.554561519398703e-05
Completed 63 % :  mod = 6.861726541692166e-11,  Error =4.6307258344313595e-05
Completed 64 % :  mod = 6.896726344607426e-11,  Error =4.707723701358191e-05
Completed 65 % :  mod = 6.703627048104791e-11,  Error =4.78497436233738e-05
Completed 66 % :  mod = 6.975558536005167e-11,  Error =4.8618735945638036e-05
Completed 67 % :  mod = 6.881702794497961e-11,  Error =4.937226412948803e-05
Completed 68 % :  mod = 9.886425327045575e-11,  Error =5.008482776247547e-05
Completed 69 % :  mod = 1.0918040335598057e-10,  Error =5.073411284683971e-05
Completed 70 % :  mod = 1.1020986620579337e-10,  Error =5.1341490689083e-05
Completed 71 % :  mod = 1.1685820241364845e-10,  Error =5.191893251321744e-05
Completed 72 % :  mod = 1.261348442788659e-10,  Error =5.244986004981911e-05
Completed 73 % :  mod = 1.2533304067057022e-10,  Error =5.2972667617723346e-05
Completed 74 % :  mod = 1.2504416353045446e-10,  Error =5.349985349312192e-05
Completed 75 % :  mod = 1.209831347664154e-10,  Error =5.401797352533322e-05
Completed 76 % :  mod = 1.2529539422579124e-10,  Error =5.45740449524601e-05
Completed 77 % :  mod = 1.2541189957659573e-10,  Error =5.518566968021332e-05
Completed 78 % :  mod = 1.2218503540658308e-10,  Error =5.5847864587121876e-05
Completed 79 % :  mod = 1.1142076355516922e-10,  Error =5.6555375067546265e-05
Completed 80 % :  mod = 1.0793472214440959e-10,  Error =5.728364749302273e-05
Completed 81 % :  mod = 1.2612439869697188e-10,  Error =5.800848248327384e-05
Completed 82 % :  mod = 9.926783552345166e-11,  Error =5.871997063877643e-05
Completed 83 % :  mod = 1.0883457325140909e-10,  Error =5.9421106925583445e-05
Completed 84 % :  mod = 1.0706801088719407e-10,  Error =6.012591757098562e-05
Completed 85 % :  mod = 7.755384624377966e-11,  Error =6.0849446072097635e-05
Completed 86 % :  mod = 6.738438295197894e-11,  Error =6.159386794024613e-05
Completed 87 % :  mod = 6.792359216165075e-11,  Error =6.235111186470021e-05
Completed 88 % :  mod = 7.009288214852928e-11,  Error =6.311048309726175e-05
Completed 89 % :  mod = 9.62515386733882e-11,  Error =6.385781534845592e-05
Completed 90 % :  mod = 1.1367646915741264e-10,  Error =6.457420704464312e-05
Completed 91 % :  mod = 1.1488721674612306e-10,  Error =6.525307026095106e-05
Completed 92 % :  mod = 1.1611761229633539e-10,  Error =6.590087150470936e-05
Completed 93 % :  mod = 1.2526173077406765e-10,  Error =6.651133298873901e-05
Completed 94 % :  mod = 1.2598821446954614e-10,  Error =6.70920853735879e-05
Completed 95 % :  mod = 1.2567453904274793e-10,  Error =6.766410433556302e-05
Completed 96 % :  mod = 1.255638053359466e-10,  Error =6.821470242357464e-05
Completed 97 % :  mod = 1.2522418224213826e-10,  Error =6.87622518853459e-05
Completed 98 % :  mod = 1.2350533674632915e-10,  Error =6.932946780580096e-05
Completed 99 % :  mod = 1.2478056629604327e-10,  Error =6.991760619712295e-05
Completed 100 % :  mod = 1.2462533740406222e-10,  Error =7.054144907669979e-05
Finished 18/21 frames
Finished all frames!
