/opt/local/miniconda_23_9/lib/python3.11/site-packages/conda/base/context.py:201: FutureWarning: Adding 'defaults' to channel list implicitly is deprecated and will be removed in 25.3. 

To remove this warning, please choose a default channel explicitly with conda's regular configuration system, e.g. by adding 'defaults' to the list of channels:

  conda config --add channels defaults

For more information see https://docs.conda.io/projects/conda/en/stable/user-guide/configuration/use-condarc.html

  deprecated.topic(
JOB 14650 ARRAY_ID 0  -> i=0 ; range=[1.5e-10, 1.5e-10] ; intervals=0 (frames=1)
Simulation name: run1
Analytic t0 extension enabled (--extend-time-using-t0).
Completed 0 % :  mod = 1.7031383427076939e-16,  Error =0.0
Completed 0 % :  mod = 9.565659990152519e-17,  Error =4.4859461922897026e-08
Completed 0 % :  mod = 1.782030062387734e-16,  Error =8.970755516202189e-08
Completed 1 % :  mod = 1.2808163065113368e-16,  Error =1.3458520697895437e-07
Completed 1 % :  mod = 2.076399700686502e-16,  Error =1.7942875274457037e-07
Completed 2 % :  mod = 2.0392254202047384e-16,  Error =2.2430913304560818e-07
Completed 2 % :  mod = 2.8039329760783453e-16,  Error =2.6919087758869864e-07
Completed 3 % :  mod = 3.488878742344598e-16,  Error =3.140494300168939e-07
Completed 3 % :  mod = 4.613495489762893e-16,  Error =3.5891071092919447e-07
Completed 4 % :  mod = 6.121152590536046e-16,  Error =4.037774488097057e-07
Completed 4 % :  mod = 8.136967887438908e-16,  Error =4.4864191295346245e-07
Completed 5 % :  mod = 1.0828345029617225e-15,  Error =4.935041033604648e-07
Completed 5 % :  mod = 1.4418613643665509e-15,  Error =5.383567440730985e-07
Completed 6 % :  mod = 1.9205995477167847e-15,  Error =5.832171154906973e-07
Completed 6 % :  mod = 2.5587801080289436e-15,  Error =6.280793058976997e-07
Completed 7 % :  mod = 3.409402018459978e-15,  Error =6.729592314513866e-07
Completed 7 % :  mod = 4.543047336488568e-15,  Error =7.178073246905115e-07
Completed 8 % :  mod = 6.053878578873837e-15,  Error =7.626722435816191e-07
Completed 8 % :  mod = 8.067284908129348e-15,  Error =8.075271580310073e-07
Completed 9 % :  mod = 1.0750478972744515e-14,  Error =8.524034456058871e-07
Completed 9 % :  mod = 1.4326099213191063e-14,  Error =8.972638170234859e-07
Completed 10 % :  mod = 1.90911327691468e-14,  Error =9.421332833881024e-07
Completed 10 % :  mod = 2.5441053920282503e-14,  Error =9.869995665212628e-07
Completed 11 % :  mod = 3.390324256413253e-14,  Error =1.0318722161173355e-06
Completed 11 % :  mod = 4.51798458017453e-14,  Error =1.0767403182398994e-06
Completed 12 % :  mod = 6.020745850468286e-14,  Error =1.1216006896574982e-06
Completed 12 % :  mod = 8.023332661938644e-14,  Error =1.1664747034956235e-06
Completed 13 % :  mod = 1.0692077530909146e-13,  Error =1.211340531881433e-06
Completed 13 % :  mod = 1.4248430789701745e-13,  Error =1.2561845323943999e-06
Completed 14 % :  mod = 1.8987787189290563e-13,  Error =1.301039901591139e-06
Completed 14 % :  mod = 2.530356315196205e-13,  Error =1.345882992609404e-06
Completed 15 % :  mod = 3.3720518640828313e-13,  Error =1.3907356333220378e-06
Completed 15 % :  mod = 4.493747032164272e-13,  Error =1.4355910025187768e-06
Completed 16 % :  mod = 5.988696331464423e-13,  Error =1.4804681995883584e-06
Completed 16 % :  mod = 7.981203075909755e-13,  Error =1.5253194760589395e-06
Completed 17 % :  mod = 1.0637316819054238e-12,  Error =1.5701903066656087e-06
Completed 17 % :  mod = 1.4178719907008285e-12,  Error =1.6150502233358566e-06
Completed 18 % :  mod = 1.890250795663178e-12,  Error =1.659888312133262e-06
Completed 18 % :  mod = 2.5207594138314683e-12,  Error =1.7047386791091412e-06
Completed 19 % :  mod = 3.3656025795039104e-12,  Error =1.7495735846750904e-06
Completed 19 % :  mod = 4.627250131679415e-12,  Error =1.7943639250006527e-06
Completed 20 % :  mod = 6.636664296422682e-12,  Error =1.8391087905911263e-06
Completed 20 % :  mod = 9.892481910565053e-12,  Error =1.8837558855011594e-06
Completed 21 % :  mod = 1.5367022807144095e-11,  Error =1.9281860659248196e-06
Completed 21 % :  mod = 2.442024788730568e-11,  Error =1.9722092474694364e-06
Completed 22 % :  mod = 3.873005804801499e-11,  Error =2.0153529476374388e-06
Completed 22 % :  mod = 5.7003045209548557e-11,  Error =2.0565762497426476e-06
Completed 23 % :  mod = 7.074207060384818e-11,  Error =2.094461251544999e-06
Completed 23 % :  mod = 7.390435275426304e-11,  Error =2.1285727598296944e-06
Completed 24 % :  mod = 7.388979773909704e-11,  Error =2.1605278561764862e-06
Completed 24 % :  mod = 7.389120329538366e-11,  Error =2.193060026911553e-06
Completed 25 % :  mod = 7.387459560900653e-11,  Error =2.2277877178566996e-06
Completed 25 % :  mod = 7.389287763813279e-11,  Error =2.2649373931926675e-06
Completed 26 % :  mod = 7.380207906596125e-11,  Error =2.3040288397169206e-06
Completed 26 % :  mod = 7.282614874133087e-11,  Error =2.344737822568277e-06
Completed 27 % :  mod = 7.365485585964705e-11,  Error =2.386793312325608e-06
Completed 27 % :  mod = 7.009466924914017e-11,  Error =2.429846063023433e-06
Completed 28 % :  mod = 7.367533772291991e-11,  Error =2.4735345505177975e-06
Completed 28 % :  mod = 7.358821394364994e-11,  Error =2.5176100280077662e-06
Completed 29 % :  mod = 7.082183020473605e-11,  Error =2.5618869585741777e-06
Completed 29 % :  mod = 7.313786553209641e-11,  Error =2.6063066798087675e-06
Completed 30 % :  mod = 6.359909997202691e-11,  Error =2.6508496375754476e-06
Completed 30 % :  mod = 7.329462656736451e-11,  Error =2.695558578125201e-06
Completed 31 % :  mod = 7.001984519361792e-11,  Error =2.7403698368289042e-06
Completed 31 % :  mod = 5.4823847967897866e-11,  Error =2.7851888262375724e-06
Completed 32 % :  mod = 3.7533829507539754e-11,  Error =2.829998265951872e-06
Completed 32 % :  mod = 2.3068632725349706e-11,  Error =2.874833626265172e-06
Completed 33 % :  mod = 1.4185431544672465e-11,  Error =2.9196753530413844e-06
Completed 33 % :  mod = 9.872678184790283e-12,  Error =2.9645020731550176e-06
Completed 34 % :  mod = 6.848750060509603e-12,  Error =3.009323791047791e-06
Completed 34 % :  mod = 4.4209483803020516e-12,  Error =3.0541455089405645e-06
Completed 35 % :  mod = 5.387202449930568e-12,  Error =3.098918568866793e-06
Completed 35 % :  mod = 6.893699313921205e-12,  Error =3.143646608805284e-06
Completed 36 % :  mod = 1.0076067415850439e-11,  Error =3.1882714210951235e-06
Completed 36 % :  mod = 1.683758568133705e-11,  Error =3.2326661312254146e-06
Completed 37 % :  mod = 2.6778468852475903e-11,  Error =3.27657062371145e-06
Completed 37 % :  mod = 4.108442825826758e-11,  Error =3.319467850815272e-06
Completed 38 % :  mod = 6.004320822430059e-11,  Error =3.3602550502109807e-06
Completed 38 % :  mod = 7.180056258536057e-11,  Error =3.3974934012803715e-06
Completed 39 % :  mod = 7.365384338730688e-11,  Error =3.4310869523324072e-06
Completed 39 % :  mod = 7.365525535279345e-11,  Error =3.462941549514653e-06
Completed 40 % :  mod = 7.364394270426714e-11,  Error =3.4957711250171997e-06
Completed 40 % :  mod = 7.365252020484901e-11,  Error =3.53091627403046e-06
Completed 41 % :  mod = 7.364082945304377e-11,  Error =3.568394731701119e-06
Completed 41 % :  mod = 7.36306454055449e-11,  Error =3.6077840377402026e-06
Completed 42 % :  mod = 7.312689560451115e-11,  Error =3.648748133855406e-06
Completed 42 % :  mod = 7.338708307594986e-11,  Error =3.6909718801325653e-06
Completed 43 % :  mod = 6.851890094463214e-11,  Error =3.734151050593937e-06
Completed 43 % :  mod = 7.36011028399935e-11,  Error =3.7779459489684086e-06
Completed 44 % :  mod = 7.3561220135733e-11,  Error =3.822055532509694e-06
Completed 44 % :  mod = 7.185896232893722e-11,  Error =3.866350652970141e-06
Completed 45 % :  mod = 7.240605632323603e-11,  Error =3.91078037864645e-06
Completed 45 % :  mod = 6.631692733896954e-11,  Error =3.9553337956022006e-06
Completed 46 % :  mod = 7.34022994578654e-11,  Error =4.00005092160427e-06
Completed 46 % :  mod = 6.843107370169983e-11,  Error =4.044837623951025e-06
Completed 47 % :  mod = 5.151235467912967e-11,  Error =4.089648882654728e-06
Completed 47 % :  mod = 3.5330789224370446e-11,  Error =4.134466053073993e-06
Completed 48 % :  mod = 2.139547597874642e-11,  Error =4.17924866269459e-06
Completed 48 % :  mod = 1.2699324462368439e-11,  Error =4.22401717514731e-06
Completed 49 % :  mod = 9.387608864645505e-12,  Error =4.26873475589673e-06
Completed 49 % :  mod = 1.0712962779074888e-11,  Error =4.313311364967376e-06
Completed 50 % :  mod = 1.8770127870731884e-11,  Error =4.357655598141719e-06
Completed 50 % :  mod = 2.952352484704195e-11,  Error =4.401400929054944e-06
Completed 51 % :  mod = 4.4251125825701794e-11,  Error =4.4439871089707594e-06
Completed 51 % :  mod = 6.358061203173041e-11,  Error =4.484183136810316e-06
Completed 52 % :  mod = 7.25288351458598e-11,  Error =4.520656148088165e-06
Completed 52 % :  mod = 7.340160478882662e-11,  Error =4.553721737465821e-06
Completed 53 % :  mod = 7.340357284213019e-11,  Error =4.5855676944484e-06
Completed 53 % :  mod = 7.332992021446017e-11,  Error =4.618790171662113e-06
Completed 54 % :  mod = 7.340058401760732e-11,  Error =4.6544059841835406e-06
Completed 54 % :  mod = 7.339733893619539e-11,  Error =4.692281436291523e-06
Completed 55 % :  mod = 7.336170356570231e-11,  Error =4.73199543193914e-06
Completed 55 % :  mod = 7.325527497055501e-11,  Error =4.773235559696332e-06
Completed 56 % :  mod = 7.336899023923818e-11,  Error =4.81568486065953e-06
Completed 56 % :  mod = 6.997746879543348e-11,  Error =4.858989541389747e-06
Completed 57 % :  mod = 7.33853498326896e-11,  Error =4.902849923382746e-06
Completed 57 % :  mod = 7.340004925075137e-11,  Error =4.946978151565418e-06
Completed 58 % :  mod = 7.25540911433644e-11,  Error =4.991295554646058e-06
Completed 58 % :  mod = 7.103783811143757e-11,  Error =5.03573164678528e-06
Completed 59 % :  mod = 6.89097682001715e-11,  Error =5.080298706161557e-06
Completed 59 % :  mod = 7.33740994011675e-11,  Error =5.125018560647732e-06
Completed 60 % :  mod = 6.581877379905236e-11,  Error =5.169768883206416e-06
Completed 60 % :  mod = 4.7816781522701134e-11,  Error =5.214536031417083e-06
Completed 61 % :  mod = 3.275755435333637e-11,  Error =5.259270892565837e-06
Completed 61 % :  mod = 1.9398790806789672e-11,  Error =5.303947546053678e-06
Completed 62 % :  mod = 1.39188296955311e-11,  Error =5.348458216758445e-06
Completed 62 % :  mod = 1.909226643999431e-11,  Error =5.392664206738118e-06
Completed 63 % :  mod = 3.1588976862080365e-11,  Error =5.436259471025551e-06
Completed 63 % :  mod = 5.0341734857713746e-11,  Error =5.478423645399744e-06
Completed 64 % :  mod = 6.512374727843861e-11,  Error =5.517847057490144e-06
Completed 64 % :  mod = 7.469165331445454e-11,  Error =5.553495611820836e-06
Completed 65 % :  mod = 7.473663468805297e-11,  Error =5.586012321145972e-06
Completed 65 % :  mod = 7.473408032521664e-11,  Error =5.618014256469905e-06
Completed 66 % :  mod = 7.469184938754911e-11,  Error =5.651676929119276e-06
Completed 66 % :  mod = 7.472238064024894e-11,  Error =5.68785526411375e-06
Completed 67 % :  mod = 7.396968887557479e-11,  Error =5.7261895562987775e-06
Completed 67 % :  mod = 7.425954487248225e-11,  Error =5.7662264225655235e-06
Completed 68 % :  mod = 7.432906627987429e-11,  Error =5.807747584185563e-06
Completed 68 % :  mod = 7.343152537188313e-11,  Error =5.8504183471086435e-06
Completed 69 % :  mod = 7.14311077792463e-11,  Error =5.8938840084010735e-06
Completed 69 % :  mod = 7.241862231350738e-11,  Error =5.937818059464917e-06
Completed 70 % :  mod = 7.268234704917169e-11,  Error =5.982010861771414e-06
Completed 70 % :  mod = 7.470842187394737e-11,  Error =6.02632098889444e-06
Completed 71 % :  mod = 6.677832295854661e-11,  Error =6.070794370316435e-06
Completed 71 % :  mod = 7.015318185478741e-11,  Error =6.1154141803854145e-06
Completed 72 % :  mod = 7.338321531257337e-11,  Error =6.160128577903379e-06
Completed 72 % :  mod = 6.182212671992677e-11,  Error =6.204923920449801e-06
Completed 73 % :  mod = 4.53992254165914e-11,  Error =6.249698344618082e-06
Completed 73 % :  mod = 2.7318433064951084e-11,  Error =6.29444048172445e-06
Completed 74 % :  mod = 1.7476344972695315e-11,  Error =6.339093488350045e-06
Completed 74 % :  mod = 1.287923608922426e-11,  Error =6.3836341723799706e-06
Completed 75 % :  mod = 2.0542444876208076e-11,  Error =6.427879725379171e-06
Completed 75 % :  mod = 3.3218008017088314e-11,  Error =6.471434517152375e-06
Completed 76 % :  mod = 4.8369948725727795e-11,  Error =6.513560492749093e-06
Completed 76 % :  mod = 6.693821220550558e-11,  Error =6.55299254503916e-06
Completed 77 % :  mod = 7.306516768584682e-11,  Error =6.588549695152324e-06
Completed 77 % :  mod = 7.305513376913224e-11,  Error =6.621069132961566e-06
Completed 78 % :  mod = 7.305766661638143e-11,  Error =6.653017408098094e-06
Completed 78 % :  mod = 7.30126336873418e-11,  Error =6.686765573249431e-06
Completed 79 % :  mod = 7.305668649136184e-11,  Error =6.722986654494889e-06
Completed 79 % :  mod = 7.29652625783126e-11,  Error =6.761313670722302e-06
Completed 80 % :  mod = 7.284747659467718e-11,  Error =6.8014028329344e-06
Completed 80 % :  mod = 7.307632649658328e-11,  Error =6.842945367679931e-06
Completed 81 % :  mod = 7.254256004274091e-11,  Error =6.885628408781486e-06
Completed 81 % :  mod = 7.209286007134953e-11,  Error =6.929089522600407e-06
Completed 82 % :  mod = 7.227015902899278e-11,  Error =6.97304403729504e-06
Completed 82 % :  mod = 7.22651501942321e-11,  Error =7.017236839601537e-06
Completed 83 % :  mod = 7.306386463969207e-11,  Error =7.061584710754687e-06
Completed 83 % :  mod = 6.829812744745371e-11,  Error =7.1060658228816465e-06
Completed 84 % :  mod = 7.154663917487219e-11,  Error =7.1506979111291e-06
Completed 84 % :  mod = 7.253447651086616e-11,  Error =7.195454600150697e-06
Completed 85 % :  mod = 6.21532331236245e-11,  Error =7.2402276600769255e-06
Completed 85 % :  mod = 4.312258912913118e-11,  Error =7.285017090907786e-06
Completed 86 % :  mod = 2.915808626050743e-11,  Error =7.3297746894240845e-06
Completed 86 % :  mod = 1.7683089352048537e-11,  Error =7.374481356237084e-06
Completed 87 % :  mod = 1.187156382474181e-11,  Error =7.419091616611695e-06
Completed 87 % :  mod = 1.5931763924074462e-11,  Error =7.463478596037021e-06
Completed 88 % :  mod = 2.5019186468207352e-11,  Error =7.5074185588164255e-06
Completed 88 % :  mod = 4.196662019320235e-11,  Error =7.5503558036871254e-06
Completed 89 % :  mod = 5.888372179860346e-11,  Error =7.591160283482168e-06
Completed 89 % :  mod = 7.203772241842027e-11,  Error =7.6285791692498606e-06
Completed 90 % :  mod = 7.460232113981443e-11,  Error =7.662304142286303e-06
Completed 90 % :  mod = 7.457375871787897e-11,  Error =7.694343366893008e-06
Completed 91 % :  mod = 7.442755442454672e-11,  Error =7.727132924628677e-06
Completed 91 % :  mod = 7.452741907768016e-11,  Error =7.76216666054097e-06
Completed 92 % :  mod = 7.45983752528982e-11,  Error =7.799512786732521e-06
Completed 92 % :  mod = 7.454084839714943e-11,  Error =7.838769761292497e-06
Completed 93 % :  mod = 7.381817856415437e-11,  Error =7.879647910158383e-06
Completed 93 % :  mod = 7.432417251628872e-11,  Error =7.921841188363032e-06
Completed 94 % :  mod = 6.847891534358232e-11,  Error =7.964978067320772e-06
Completed 94 % :  mod = 7.457567786596346e-11,  Error =8.008700206119101e-06
Completed 95 % :  mod = 7.451996063237539e-11,  Error =8.052793873503106e-06
Completed 95 % :  mod = 7.169768339932517e-11,  Error =8.097099907899974e-06
Completed 96 % :  mod = 7.221480480657488e-11,  Error =8.141505077219335e-06
Completed 96 % :  mod = 6.380483086079675e-11,  Error =8.186063041648595e-06
Completed 97 % :  mod = 7.436979414936803e-11,  Error =8.23076288725133e-06
Completed 97 % :  mod = 6.83144941145925e-11,  Error =8.275555501313647e-06
Completed 98 % :  mod = 5.449420606688158e-11,  Error =8.320372216985561e-06
Completed 98 % :  mod = 3.550897137736333e-11,  Error =8.365167559531983e-06
Completed 99 % :  mod = 2.1742500744677143e-11,  Error =8.409956080868142e-06
Completed 99 % :  mod = 1.5035096895579447e-11,  Error =8.454748240183108e-06
Finished 1/1 frames
Finished all frames!
