/opt/local/miniconda_23_9/lib/python3.11/site-packages/conda/base/context.py:201: FutureWarning: Adding 'defaults' to channel list implicitly is deprecated and will be removed in 25.3. 

To remove this warning, please choose a default channel explicitly with conda's regular configuration system, e.g. by adding 'defaults' to the list of channels:

  conda config --add channels defaults

For more information see https://docs.conda.io/projects/conda/en/stable/user-guide/configuration/use-condarc.html

  deprecated.topic(
JOB 14245 ARRAY_ID 15  -> i=15 ; range=[1.98e-10, 2.18e-10] ; intervals=20 (frames=21)
Simulation name: run1
Analytic t0 extension enabled (--extend-time-using-t0).
Extending simulation time for p0=2.123e-10 from 1.000e+10 to 1.622e+10
Completed 0 % :  mod = 2.410346265851843e-16,  Error =0.0
Completed 1 % :  mod = 2.584405648020616e-16,  Error =8.118436198856216e-07
Completed 2 % :  mod = 3.132630512087354e-16,  Error =1.6236372175626457e-06
Completed 3 % :  mod = 4.1373858424327704e-16,  Error =2.4354831111850217e-06
Completed 4 % :  mod = 5.749742093121795e-16,  Error =3.247283075324958e-06
Completed 5 % :  mod = 8.213399621091065e-16,  Error =4.059127149957931e-06
Completed 6 % :  mod = 1.1901573999872481e-15,  Error =4.870935299550183e-06
Completed 7 % :  mod = 1.7376409235408142e-15,  Error =5.682791197614279e-06
Completed 8 % :  mod = 2.547461305240976e-15,  Error =6.494588888017461e-06
Completed 9 % :  mod = 3.750775752370348e-15,  Error =7.3063797572103795e-06
Completed 10 % :  mod = 5.535699078818001e-15,  Error =8.118227015074808e-06
Completed 11 % :  mod = 8.179125937315158e-15,  Error =8.93001470103627e-06
Completed 12 % :  mod = 1.209637078376454e-14,  Error =9.741856501932489e-06
Completed 13 % :  mod = 1.790376189796913e-14,  Error =1.0553650554356864e-05
Completed 14 % :  mod = 2.6519313135385155e-14,  Error =1.1365505542926257e-05
Completed 15 % :  mod = 3.9306477501363624e-14,  Error =1.2177305961813545e-05
Completed 16 % :  mod = 5.82978010055582e-14,  Error =1.2989159586140886e-05
Completed 17 % :  mod = 8.651466570264024e-14,  Error =1.3800965916743735e-05
Completed 18 % :  mod = 1.2846184143421467e-13,  Error =1.4612758604926057e-05
Completed 19 % :  mod = 1.908555797805693e-13,  Error =1.542460768177989e-05
Completed 20 % :  mod = 2.836949072769744e-13,  Error =1.6236405826930422e-05
Completed 21 % :  mod = 4.2191816894323173e-13,  Error =1.7048248537321342e-05
Completed 22 % :  mod = 6.277811798495449e-13,  Error =1.7860037132777506e-05
Completed 23 % :  mod = 9.345633147892634e-13,  Error =1.867187711468432e-05
Completed 24 % :  mod = 1.3918839751827817e-12,  Error =1.948364297277294e-05
Completed 25 % :  mod = 2.0739644602652257e-12,  Error =2.0295417016313877e-05
Completed 26 % :  mod = 3.091382275757119e-12,  Error =2.1107069187564775e-05
Completed 27 % :  mod = 4.608841854900256e-12,  Error =2.1918558559264056e-05
Completed 28 % :  mod = 6.8697658747227e-12,  Error =2.272971005368163e-05
Completed 29 % :  mod = 1.0226760101994178e-11,  Error =2.3539955691376235e-05
Completed 30 % :  mod = 1.5169853353747715e-11,  Error =2.434837961118319e-05
Completed 31 % :  mod = 2.2303414369733587e-11,  Error =2.5152718535537133e-05
Completed 32 % :  mod = 3.2139259344960395e-11,  Error =2.594880015749368e-05
Completed 33 % :  mod = 4.438328663096603e-11,  Error =2.672934169822838e-05
Completed 34 % :  mod = 5.6544388125073294e-11,  Error =2.7486605631565908e-05
Completed 35 % :  mod = 6.34829527833612e-11,  Error =2.822109490807634e-05
Completed 36 % :  mod = 6.173413325352603e-11,  Error =2.8949935767741408e-05
Completed 37 % :  mod = 5.512242129248329e-11,  Error =2.96933826575696e-05
Completed 38 % :  mod = 5.327158901847308e-11,  Error =3.0454139960056636e-05
Completed 39 % :  mod = 6.51574044083743e-11,  Error =3.121693816865445e-05
Completed 40 % :  mod = 9.301327438279638e-11,  Error =3.195111730747158e-05
Completed 41 % :  mod = 1.1215725087549975e-10,  Error =3.261783604102675e-05
Completed 42 % :  mod = 1.1097863108118556e-10,  Error =3.32283966599789e-05
Completed 43 % :  mod = 1.1689985580059788e-10,  Error =3.381377655387041e-05
Completed 44 % :  mod = 1.2171497529687142e-10,  Error =3.43576425620995e-05
Completed 45 % :  mod = 1.224927509134463e-10,  Error =3.490852259346866e-05
Completed 46 % :  mod = 1.2261256854229158e-10,  Error =3.5482073599268915e-05
Completed 47 % :  mod = 1.2307486924707353e-10,  Error =3.6062285744264955e-05
Completed 48 % :  mod = 1.2267229799697435e-10,  Error =3.667672626761487e-05
Completed 49 % :  mod = 1.2141716388874557e-10,  Error =3.734731762961019e-05
Completed 50 % :  mod = 1.2059979748944823e-10,  Error =3.8067040350142634e-05
Completed 51 % :  mod = 1.2227197325365416e-10,  Error =3.88168346034945e-05
Completed 52 % :  mod = 1.19751567810066e-10,  Error =3.958499837608542e-05
Completed 53 % :  mod = 1.103807604365195e-10,  Error =4.036436894239159e-05
Completed 54 % :  mod = 1.1561777570748652e-10,  Error =4.114766670682002e-05
Completed 55 % :  mod = 1.1471773776780179e-10,  Error =4.192795768176438e-05
Completed 56 % :  mod = 1.0580934167307942e-10,  Error =4.2700265566963935e-05
Completed 57 % :  mod = 1.1166319199990626e-10,  Error =4.3455561808514176e-05
Completed 58 % :  mod = 8.816418771614449e-11,  Error =4.419278593559284e-05
Completed 59 % :  mod = 6.349100961495312e-11,  Error =4.492563994062948e-05
Completed 60 % :  mod = 6.341011002632349e-11,  Error =4.5671310090256156e-05
Completed 61 % :  mod = 6.405569914918023e-11,  Error =4.6436156935669715e-05
Completed 62 % :  mod = 6.257541305488422e-11,  Error =4.721345430880319e-05
Completed 63 % :  mod = 6.646405383766169e-11,  Error =4.798996133104083e-05
Completed 64 % :  mod = 9.322736213650218e-11,  Error =4.874370233665104e-05
Completed 65 % :  mod = 1.1060382715020502e-10,  Error =4.944715874444228e-05
Completed 66 % :  mod = 1.0894442532099664e-10,  Error =5.011092343920609e-05
Completed 67 % :  mod = 1.1608715206087436e-10,  Error =5.074297314422438e-05
Completed 68 % :  mod = 1.2279188413783023e-10,  Error =5.132228989168652e-05
Completed 69 % :  mod = 1.216532861456757e-10,  Error =5.189746298128739e-05
Completed 70 % :  mod = 1.229268282682078e-10,  Error =5.247672652330948e-05
Completed 71 % :  mod = 1.2360003204669723e-10,  Error =5.303892294250545e-05
Completed 72 % :  mod = 1.2460356494042575e-10,  Error =5.363043237593956e-05
Completed 73 % :  mod = 1.231614684882259e-10,  Error =5.426545521913795e-05
Completed 74 % :  mod = 1.2477372943871643e-10,  Error =5.493107209986192e-05
Completed 75 % :  mod = 1.1602623013695166e-10,  Error =5.563649438045104e-05
Completed 76 % :  mod = 1.2283260477683598e-10,  Error =5.6372083236055914e-05
Completed 77 % :  mod = 1.1182971442309336e-10,  Error =5.7123661008517956e-05
Completed 78 % :  mod = 1.1304033331509058e-10,  Error =5.788368480352801e-05
Completed 79 % :  mod = 1.0692616912215185e-10,  Error =5.863994283572538e-05
Completed 80 % :  mod = 8.110584143973822e-11,  Error =5.93853560530988e-05
Completed 81 % :  mod = 6.671106664970095e-11,  Error =6.012174117131508e-05
Completed 82 % :  mod = 6.79060727534847e-11,  Error =6.0861199926876e-05
Completed 83 % :  mod = 6.794183810152982e-11,  Error =6.16156539763324e-05
Completed 84 % :  mod = 6.340509013905634e-11,  Error =6.238723881324404e-05
Completed 85 % :  mod = 6.286308428738708e-11,  Error =6.316957615126739e-05
Completed 86 % :  mod = 6.799731589877196e-11,  Error =6.395198261088808e-05
Completed 87 % :  mod = 9.952009974533008e-11,  Error =6.471691358456155e-05
Completed 88 % :  mod = 1.0909091753200795e-10,  Error =6.543498557221028e-05
Completed 89 % :  mod = 1.086016055369223e-10,  Error =6.609161346204928e-05
Completed 90 % :  mod = 1.187560402058893e-10,  Error =6.671779328826233e-05
Completed 91 % :  mod = 1.245603519123988e-10,  Error =6.730834729751223e-05
Completed 92 % :  mod = 1.23180654798152e-10,  Error =6.786175754314172e-05
Completed 93 % :  mod = 1.2070385888769963e-10,  Error =6.843283654234256e-05
Completed 94 % :  mod = 1.2375034629217285e-10,  Error =6.900130711073871e-05
Completed 95 % :  mod = 1.2272170478105389e-10,  Error =6.958510448384914e-05
Completed 96 % :  mod = 1.2145997128573758e-10,  Error =7.022198315098649e-05
Completed 97 % :  mod = 1.1778929124714776e-10,  Error =7.090503913786961e-05
Completed 98 % :  mod = 1.2122910282234534e-10,  Error =7.162150677686441e-05
Completed 99 % :  mod = 1.1112095398294901e-10,  Error =7.236204783112044e-05
Completed 100 % :  mod = 1.2238557720055563e-10,  Error =7.310962746487348e-05
Finished 16/21 frames
Finished all frames!
