/opt/local/miniconda_23_9/lib/python3.11/site-packages/conda/base/context.py:201: FutureWarning: Adding 'defaults' to channel list implicitly is deprecated and will be removed in 25.3. 

To remove this warning, please choose a default channel explicitly with conda's regular configuration system, e.g. by adding 'defaults' to the list of channels:

  conda config --add channels defaults

For more information see https://docs.conda.io/projects/conda/en/stable/user-guide/configuration/use-condarc.html

  deprecated.topic(
JOB 15225 ARRAY_ID 0  -> i=5 ; range=[1.375e-10, 1.375e-10] ; intervals=0 (frames=1)
Simulation name: hysteresis_downsweep
Analytic t0 extension enabled (--extend-time-using-t0).
Restarting from complex psi index 4 (--restart-from-index).
Using final frame from existing outputs as initial condition: psi_not_squared4_1.4e-10.out
Completed 0 % :  mod = 6.246439860328761e-11,  Error =0.0
Completed 0 % :  mod = 6.321919328246797e-11,  Error =-1.5344834991992684e-05
Completed 0 % :  mod = 6.21484065653077e-11,  Error =-1.5119596355361864e-05
Completed 1 % :  mod = 6.165730015716451e-11,  Error =-1.4892130366206402e-05
Completed 1 % :  mod = 6.27480600521644e-11,  Error =-1.466181174691883e-05
Completed 2 % :  mod = 6.26214935685538e-11,  Error =-1.442914526705863e-05
Completed 2 % :  mod = 6.170943442173463e-11,  Error =-1.41948735290498e-05
Completed 3 % :  mod = 6.128921383870027e-11,  Error =-1.3960873275209451e-05
Completed 3 % :  mod = 6.31735183672022e-11,  Error =-1.3729530564887682e-05
Completed 4 % :  mod = 6.45621515611588e-11,  Error =-1.3502576166501967e-05
Completed 4 % :  mod = 6.363885936371053e-11,  Error =-1.3280310668051243e-05
Completed 5 % :  mod = 6.15206469878642e-11,  Error =-1.3061187019047793e-05
Completed 5 % :  mod = 6.372663452396748e-11,  Error =-1.2843507647630759e-05
Completed 6 % :  mod = 6.107082930762703e-11,  Error =-1.2626823263417464e-05
Completed 6 % :  mod = 6.221386172521707e-11,  Error =-1.2411235729814507e-05
Completed 7 % :  mod = 6.353474046463501e-11,  Error =-1.2196028819744242e-05
Completed 7 % :  mod = 6.22338802380489e-11,  Error =-1.1979025657637976e-05
Completed 8 % :  mod = 6.39818394966792e-11,  Error =-1.1758764230762608e-05
Completed 8 % :  mod = 6.083697611702624e-11,  Error =-1.1536161309777526e-05
Completed 9 % :  mod = 6.246627209241175e-11,  Error =-1.1311772595945513e-05
Completed 9 % :  mod = 6.343902497744805e-11,  Error =-1.1087337497883709e-05
Completed 10 % :  mod = 6.30853818660893e-11,  Error =-1.0863004263228504e-05
Completed 10 % :  mod = 6.313685994362007e-11,  Error =-1.0638906587701058e-05
Completed 11 % :  mod = 6.270369480390988e-11,  Error =-1.041460245687631e-05
Completed 11 % :  mod = 6.403003326461818e-11,  Error =-1.0189397471549455e-05
Completed 12 % :  mod = 6.227670310993766e-11,  Error =-9.963188858819194e-06
Completed 12 % :  mod = 5.997208826252652e-11,  Error =-9.736544598126784e-06
Completed 13 % :  mod = 6.284754388926391e-11,  Error =-9.510936251899693e-06
Completed 13 % :  mod = 6.260918752309577e-11,  Error =-9.287643933930667e-06
Completed 14 % :  mod = 6.208782158204522e-11,  Error =-9.066052825801307e-06
Completed 14 % :  mod = 6.152917264312807e-11,  Error =-8.844918284012238e-06
Completed 15 % :  mod = 6.135667821005258e-11,  Error =-8.622252153145382e-06
Completed 15 % :  mod = 6.427101852395267e-11,  Error =-8.398978934565093e-06
Completed 16 % :  mod = 6.281993592805189e-11,  Error =-8.176239134627394e-06
Completed 16 % :  mod = 6.264225675415169e-11,  Error =-7.954716238600668e-06
Completed 17 % :  mod = 6.292543121477555e-11,  Error =-7.734037808404537e-06
Completed 17 % :  mod = 6.348436044524925e-11,  Error =-7.513729542552028e-06
Completed 18 % :  mod = 6.252128291723485e-11,  Error =-7.2927014116430655e-06
Completed 18 % :  mod = 6.153652170262229e-11,  Error =-7.069771527312696e-06
Completed 19 % :  mod = 6.038396870930615e-11,  Error =-6.844653853477212e-06
Completed 19 % :  mod = 6.319059977032043e-11,  Error =-6.619213763769949e-06
Completed 20 % :  mod = 6.23265455406058e-11,  Error =-6.3951974880183116e-06
Completed 20 % :  mod = 6.25921315771383e-11,  Error =-6.173084329930134e-06
Completed 21 % :  mod = 6.37164083557827e-11,  Error =-5.953349500487093e-06
Completed 21 % :  mod = 6.478587090645817e-11,  Error =-5.734438673243858e-06
Completed 22 % :  mod = 6.250581181829898e-11,  Error =-5.514895747182891e-06
Completed 22 % :  mod = 6.2654684370833e-11,  Error =-5.2928062359569594e-06
Completed 23 % :  mod = 6.42897556382587e-11,  Error =-5.067893198429374e-06
Completed 23 % :  mod = 6.152132268976108e-11,  Error =-4.8409660848847125e-06
Completed 24 % :  mod = 6.305860758190783e-11,  Error =-4.6119221224216744e-06
Completed 24 % :  mod = 6.364561807603679e-11,  Error =-4.381457074487116e-06
Completed 25 % :  mod = 5.926563106006227e-11,  Error =-4.150241238676244e-06
Completed 25 % :  mod = 6.349369013570508e-11,  Error =-3.9199508137244266e-06
Completed 26 % :  mod = 6.343513050529125e-11,  Error =-3.6913079384248704e-06
Completed 26 % :  mod = 6.202668707612708e-11,  Error =-3.4644931474758778e-06
Completed 27 % :  mod = 6.452106277694982e-11,  Error =-3.2400234886154067e-06
Completed 27 % :  mod = 6.288429681232589e-11,  Error =-3.017747076228261e-06
Completed 28 % :  mod = 6.277130821479439e-11,  Error =-2.797574779833667e-06
Completed 28 % :  mod = 6.332575803449475e-11,  Error =-2.578831754362909e-06
Completed 29 % :  mod = 6.431362971735502e-11,  Error =-2.3616062208020594e-06
Completed 29 % :  mod = 6.315682990970725e-11,  Error =-2.1456639842654113e-06
Completed 30 % :  mod = 6.391712645184413e-11,  Error =-1.929701738845324e-06
Completed 30 % :  mod = 6.186534420028433e-11,  Error =-1.7120269149017986e-06
Completed 31 % :  mod = 6.112998219638946e-11,  Error =-1.49092375067994e-06
Completed 31 % :  mod = 6.304459242975004e-11,  Error =-1.266084836970549e-06
Completed 32 % :  mod = 6.30513344349871e-11,  Error =-1.0380749699834269e-06
Completed 32 % :  mod = 6.319296435445397e-11,  Error =-8.083738975983579e-07
Completed 33 % :  mod = 6.27008178082783e-11,  Error =-5.787278496427462e-07
Completed 33 % :  mod = 6.37646739324746e-11,  Error =-3.4983031582669355e-07
Completed 34 % :  mod = 6.262847341061164e-11,  Error =-1.2295504348003305e-07
Completed 34 % :  mod = 6.362519192645013e-11,  Error =1.006528691505082e-07
Completed 35 % :  mod = 6.294456902036719e-11,  Error =3.2051093512563966e-07
Completed 35 % :  mod = 6.269843300477699e-11,  Error =5.380557013268117e-07
Completed 36 % :  mod = 6.443879520533704e-11,  Error =7.542571438534651e-07
Completed 36 % :  mod = 6.201770053851588e-11,  Error =9.713367035146803e-07
Completed 37 % :  mod = 6.287398406116151e-11,  Error =1.1901138350367546e-06
Completed 37 % :  mod = 6.327530029273205e-11,  Error =1.4112306416791398e-06
Completed 38 % :  mod = 6.185627031026931e-11,  Error =1.6349799807358067e-06
Completed 38 % :  mod = 6.471777346259733e-11,  Error =1.8596510926727206e-06
Completed 39 % :  mod = 6.270364066397548e-11,  Error =2.085721916955663e-06
Completed 39 % :  mod = 6.235814089033044e-11,  Error =2.3127399799705017e-06
Completed 40 % :  mod = 6.202923896056357e-11,  Error =2.5420054043934215e-06
Completed 40 % :  mod = 6.32579494750088e-11,  Error =2.772842435661005e-06
Completed 41 % :  mod = 6.271287342099759e-11,  Error =3.0035862437216565e-06
Completed 41 % :  mod = 6.264913549333838e-11,  Error =3.2324574021913577e-06
Completed 42 % :  mod = 6.252103599591079e-11,  Error =3.456777903920738e-06
Completed 42 % :  mod = 6.250406538485881e-11,  Error =3.6763444768439513e-06
Completed 43 % :  mod = 6.441305368491988e-11,  Error =3.892856966558611e-06
Completed 43 % :  mod = 6.289568517533879e-11,  Error =4.108799203095259e-06
Completed 44 % :  mod = 6.189421082021443e-11,  Error =4.326464477344416e-06
Completed 44 % :  mod = 6.182319163332772e-11,  Error =4.546196123556001e-06
Completed 45 % :  mod = 6.426931273807376e-11,  Error =4.768420239997795e-06
Completed 45 % :  mod = 6.3436033887167e-11,  Error =4.99348698212998e-06
Completed 46 % :  mod = 6.300233110213026e-11,  Error =5.220947514317231e-06
Completed 46 % :  mod = 6.2624829763372e-11,  Error =5.449395757750608e-06
Completed 47 % :  mod = 6.129950402578514e-11,  Error =5.677897661371389e-06
Completed 47 % :  mod = 6.33507616291631e-11,  Error =5.9057556427433155e-06
Completed 48 % :  mod = 6.181678107975859e-11,  Error =6.133104307082249e-06
Completed 48 % :  mod = 6.304170797074686e-11,  Error =6.360152383422246e-06
Completed 49 % :  mod = 6.285710374289253e-11,  Error =6.5859671849466395e-06
Completed 49 % :  mod = 6.322124922588075e-11,  Error =6.809074420743855e-06
Completed 50 % :  mod = 6.337198177213317e-11,  Error =7.028727395663736e-06
Completed 50 % :  mod = 6.320722218318736e-11,  Error =7.246292170748347e-06
Completed 51 % :  mod = 6.36674325179846e-11,  Error =7.46309842725168e-06
Completed 51 % :  mod = 6.100008175927352e-11,  Error =7.6818223533337e-06
Completed 52 % :  mod = 6.180756452529255e-11,  Error =7.902726792963222e-06
Completed 52 % :  mod = 6.252443726598525e-11,  Error =8.12618463896797e-06
Completed 53 % :  mod = 6.128278003544763e-11,  Error =8.351959422725486e-06
Completed 53 % :  mod = 6.283967351083513e-11,  Error =8.578563210903667e-06
Completed 54 % :  mod = 6.122446863294526e-11,  Error =8.804939170659054e-06
Completed 54 % :  mod = 6.393743798354466e-11,  Error =9.029853117681341e-06
Completed 55 % :  mod = 6.122115474900093e-11,  Error =9.253286862076493e-06
Completed 55 % :  mod = 6.357408567768909e-11,  Error =9.475464139541145e-06
Completed 56 % :  mod = 6.223809488201724e-11,  Error =9.696730103314621e-06
Completed 56 % :  mod = 6.402878010244805e-11,  Error =9.917800070979865e-06
Completed 57 % :  mod = 6.331723762769228e-11,  Error =1.0138457582797855e-05
Completed 57 % :  mod = 6.315910267787702e-11,  Error =1.0359606676502153e-05
Completed 58 % :  mod = 6.230043512468001e-11,  Error =1.0581110018392792e-05
Completed 58 % :  mod = 6.34742969812021e-11,  Error =1.0803506484080572e-05
Completed 59 % :  mod = 6.323317095539248e-11,  Error =1.102690748666646e-05
Completed 59 % :  mod = 6.182575279157381e-11,  Error =1.1251534033362987e-05
Completed 60 % :  mod = 6.154655944932083e-11,  Error =1.1477449788799277e-05
Completed 60 % :  mod = 6.361951280070123e-11,  Error =1.1704501503118081e-05
Completed 61 % :  mod = 6.192974368389807e-11,  Error =1.1931716471735854e-05
Completed 61 % :  mod = 6.329260728336624e-11,  Error =1.2158368008385878e-05
Completed 62 % :  mod = 6.440260781589473e-11,  Error =1.2383623925416032e-05
Completed 62 % :  mod = 6.285263935038717e-11,  Error =1.2606919426616514e-05
Completed 63 % :  mod = 6.256837345691527e-11,  Error =1.2828774288209388e-05
Completed 63 % :  mod = 6.190743980560425e-11,  Error =1.304925854128669e-05
Completed 64 % :  mod = 6.437622651522968e-11,  Error =1.3268826933199307e-05
Completed 64 % :  mod = 6.356516166438197e-11,  Error =1.3489026059687603e-05
Completed 65 % :  mod = 6.15433248184107e-11,  Error =1.3710558505408699e-05
Completed 65 % :  mod = 6.217621870389582e-11,  Error =1.3934227354184259e-05
Completed 66 % :  mod = 6.171998942357193e-11,  Error =1.4159416878101183e-05
Completed 66 % :  mod = 6.186553387826702e-11,  Error =1.4384238966158591e-05
Completed 67 % :  mod = 6.206749700306509e-11,  Error =1.4607498542318353e-05
Completed 67 % :  mod = 6.265739656662098e-11,  Error =1.4828408893663436e-05
Completed 68 % :  mod = 6.478386079474752e-11,  Error =1.5048506156745134e-05
Completed 68 % :  mod = 6.184649079875773e-11,  Error =1.5269496543623973e-05
Completed 69 % :  mod = 6.174219781092768e-11,  Error =1.5492493275814923e-05
Completed 69 % :  mod = 6.346189015054206e-11,  Error =1.5716814232291654e-05
Completed 70 % :  mod = 6.464143642258406e-11,  Error =1.594145533090341e-05
Completed 70 % :  mod = 6.335706158958405e-11,  Error =1.6166030491149286e-05
Completed 71 % :  mod = 6.284802594137614e-11,  Error =1.6390828477597097e-05
Completed 71 % :  mod = 6.323513924408099e-11,  Error =1.6616096672805725e-05
Completed 72 % :  mod = 6.330833180460071e-11,  Error =1.684201561147347e-05
Completed 72 % :  mod = 6.23044247576262e-11,  Error =1.70678226822929e-05
Completed 73 % :  mod = 6.330720823736713e-11,  Error =1.7293357814196497e-05
Completed 73 % :  mod = 6.410724219053056e-11,  Error =1.751876743583125e-05
Completed 74 % :  mod = 6.100169341032812e-11,  Error =1.7744244814821286e-05
Completed 74 % :  mod = 6.340185194644659e-11,  Error =1.7970391581911827e-05
Completed 75 % :  mod = 6.328248125014111e-11,  Error =1.819564795368933e-05
Completed 75 % :  mod = 6.210555532458919e-11,  Error =1.8419309071759926e-05
Completed 76 % :  mod = 6.204322301217716e-11,  Error =1.8640854705154197e-05
Completed 76 % :  mod = 6.351680785103477e-11,  Error =1.886083100544056e-05
Completed 77 % :  mod = 6.323211361048077e-11,  Error =1.9080233414570102e-05
Completed 77 % :  mod = 6.374419471997346e-11,  Error =1.929939662659308e-05
Completed 78 % :  mod = 6.235097381835796e-11,  Error =1.9519102806953015e-05
Completed 78 % :  mod = 6.284874395137077e-11,  Error =1.973979442482232e-05
Completed 79 % :  mod = 6.432185358222834e-11,  Error =1.9961464204243384e-05
Completed 79 % :  mod = 6.398643414648376e-11,  Error =2.0183982996968552e-05
Completed 80 % :  mod = 6.212151477930053e-11,  Error =2.0407667307154043e-05
Completed 80 % :  mod = 6.367071103458354e-11,  Error =2.063278225250542e-05
Completed 81 % :  mod = 6.302900098734944e-11,  Error =2.085955429720343e-05
Completed 81 % :  mod = 5.943567013713677e-11,  Error =2.108739863615483e-05
Completed 82 % :  mod = 6.097972579626375e-11,  Error =2.1314579043973936e-05
Completed 82 % :  mod = 6.271540541581022e-11,  Error =2.1539074168686057e-05
Completed 83 % :  mod = 6.266794148239263e-11,  Error =2.1760001345683122e-05
Completed 83 % :  mod = 6.41472936284822e-11,  Error =2.197821095251129e-05
Completed 84 % :  mod = 6.276165809720899e-11,  Error =2.2195835299498867e-05
Completed 84 % :  mod = 6.341258923171723e-11,  Error =2.241391848656349e-05
Completed 85 % :  mod = 6.447602766290061e-11,  Error =2.263271426272695e-05
Completed 85 % :  mod = 6.361157806166468e-11,  Error =2.2853303107694956e-05
Completed 86 % :  mod = 6.252372327186937e-11,  Error =2.3076431716617662e-05
Completed 86 % :  mod = 6.198751496689748e-11,  Error =2.3302160570892738e-05
Completed 87 % :  mod = 6.139182137968977e-11,  Error =2.3530321868747706e-05
Completed 87 % :  mod = 6.241957181913046e-11,  Error =2.3759653231536504e-05
Completed 88 % :  mod = 6.06217951765989e-11,  Error =2.398920332780108e-05
Completed 88 % :  mod = 6.284417867063511e-11,  Error =2.4218070393544622e-05
Completed 89 % :  mod = 6.211662624100992e-11,  Error =2.4445056169497548e-05
Completed 89 % :  mod = 6.286837746083328e-11,  Error =2.4669979211466853e-05
Completed 90 % :  mod = 6.326205215681092e-11,  Error =2.4892068267945433e-05
Completed 90 % :  mod = 6.33999488783739e-11,  Error =2.5110329715971602e-05
Completed 91 % :  mod = 6.311989256164612e-11,  Error =2.5325142814836e-05
Completed 91 % :  mod = 6.34699220767792e-11,  Error =2.553933745730319e-05
Completed 92 % :  mod = 6.423185011609569e-11,  Error =2.5755678962013917e-05
Completed 92 % :  mod = 6.102621834350874e-11,  Error =2.5976402412197785e-05
Completed 93 % :  mod = 6.302254481227045e-11,  Error =2.6202173103229143e-05
Completed 93 % :  mod = 6.329665385361521e-11,  Error =2.643169455041061e-05
Completed 94 % :  mod = 6.069760376366415e-11,  Error =2.6663937660487136e-05
Completed 94 % :  mod = 6.342931757149127e-11,  Error =2.689702796487836e-05
Completed 95 % :  mod = 5.980249033185454e-11,  Error =2.7129414320370415e-05
Completed 95 % :  mod = 6.323076632352377e-11,  Error =2.7359218620404135e-05
Completed 96 % :  mod = 6.452914149147616e-11,  Error =2.7585266707319533e-05
Completed 96 % :  mod = 6.256504884569721e-11,  Error =2.7807319838757394e-05
Completed 97 % :  mod = 6.178634837939449e-11,  Error =2.8026232939737383e-05
Completed 97 % :  mod = 6.340173368497301e-11,  Error =2.8243006454431452e-05
Completed 98 % :  mod = 6.460137751211882e-11,  Error =2.8458637189032743e-05
Completed 98 % :  mod = 6.24224398283626e-11,  Error =2.867489774871501e-05
Completed 99 % :  mod = 6.196657567624759e-11,  Error =2.889312872866867e-05
Completed 99 % :  mod = 6.416533675130152e-11,  Error =2.9113240543665597e-05
Completed 100 % :  mod = 6.094021221134314e-11,  Error =2.9335152248677332e-05
Finished 6/1 frames
Finished all frames!
