/opt/local/miniconda_23_9/lib/python3.11/site-packages/conda/base/context.py:201: FutureWarning: Adding 'defaults' to channel list implicitly is deprecated and will be removed in 25.3. 

To remove this warning, please choose a default channel explicitly with conda's regular configuration system, e.g. by adding 'defaults' to the list of channels:

  conda config --add channels defaults

For more information see https://docs.conda.io/projects/conda/en/stable/user-guide/configuration/use-condarc.html

  deprecated.topic(
JOB 14649 ARRAY_ID 0  -> i=0 ; range=[1.4e-10, 1.4e-10] ; intervals=0 (frames=1)
Simulation name: run1
Analytic t0 extension enabled (--extend-time-using-t0).
Completed 0 % :  mod = 1.589595786251454e-16,  Error =0.0
Completed 0 % :  mod = 8.7433875209725e-17,  Error =3.3617652661632746e-08
Completed 0 % :  mod = 1.6220634617805549e-16,  Error =6.724258128087968e-08
Completed 1 % :  mod = 1.0154876792947803e-16,  Error =1.0086841939482838e-07
Completed 1 % :  mod = 1.726329503029621e-16,  Error =1.344869815511629e-07
Completed 2 % :  mod = 1.322059760361875e-16,  Error =1.681160028965678e-07
Completed 2 % :  mod = 1.9566430832613313e-16,  Error =2.0173456505290233e-07
Completed 3 % :  mod = 1.8401119904603621e-16,  Error =2.3535312720923685e-07
Completed 3 % :  mod = 2.3874266053355073e-16,  Error =2.689776010811329e-07
Completed 4 % :  mod = 2.653968795949583e-16,  Error =3.026157173735555e-07
Completed 4 % :  mod = 3.2207039768917876e-16,  Error =3.3621381589910015e-07
Completed 5 % :  mod = 3.8975319503077493e-16,  Error =3.698319233080838e-07
Completed 5 % :  mod = 4.739216959834935e-16,  Error =4.034400262753479e-07
Completed 6 % :  mod = 5.770303371238863e-16,  Error =4.3707768782041967e-07
Completed 6 % :  mod = 7.031941668439098e-16,  Error =4.706926119979471e-07
Completed 7 % :  mod = 8.574585040651539e-16,  Error =5.043207238486502e-07
Completed 7 % :  mod = 1.045984820560034e-15,  Error =5.379492904467043e-07
Completed 8 % :  mod = 1.2763132835804218e-15,  Error =5.715728548238985e-07
Completed 8 % :  mod = 1.5576361510959105e-15,  Error =6.052150638424791e-07
Completed 9 % :  mod = 1.9012047547881547e-15,  Error =6.388631845766213e-07
Completed 9 % :  mod = 2.320741580959323e-15,  Error =6.724735612806398e-07
Completed 10 % :  mod = 2.833024449417223e-15,  Error =7.060989446472377e-07
Completed 10 % :  mod = 3.4584984276746644e-15,  Error =7.397052286250982e-07
Completed 11 % :  mod = 4.222181444414104e-15,  Error =7.733397069387138e-07
Completed 11 % :  mod = 5.1545751127942845e-15,  Error =8.069537216215394e-07
Completed 12 % :  mod = 6.292963414144901e-15,  Error =8.405645530729089e-07
Completed 12 % :  mod = 7.682780790593272e-15,  Error =8.741844794712961e-07
Completed 13 % :  mod = 9.379622848924786e-15,  Error =9.078030416276306e-07
Completed 13 % :  mod = 1.1451258624816187e-14,  Error =9.414266060048249e-07
Completed 14 % :  mod = 1.3980520362242064e-14,  Error =9.750492608873174e-07
Completed 14 % :  mod = 1.706836011478988e-14,  Error =1.0086610018333886e-06
Completed 15 % :  mod = 2.0838308257071535e-14,  Error =1.0422622835903894e-06
Completed 15 % :  mod = 2.5440920856183458e-14,  Error =1.075880390999373e-06
Completed 16 % :  mod = 3.106021748927052e-14,  Error =1.1095198715338483e-06
Completed 16 % :  mod = 3.7920505378062367e-14,  Error =1.1431370694481302e-06
Completed 17 % :  mod = 4.6296255916753624e-14,  Error =1.176750629383605e-06
Completed 17 % :  mod = 5.652194387547857e-14,  Error =1.2103691915399395e-06
Completed 18 % :  mod = 6.900640717359569e-14,  Error =1.2439945749065373e-06
Completed 18 % :  mod = 8.424807317424302e-14,  Error =1.277616775041679e-06
Completed 19 % :  mod = 1.0285682907508793e-13,  Error =1.3112521628499962e-06
Completed 19 % :  mod = 1.2557583675126218e-13,  Error =1.3448852769215591e-06
Completed 20 % :  mod = 1.533136251461298e-13,  Error =1.3785152077616658e-06
Completed 20 % :  mod = 1.8717809118558695e-13,  Error =1.4121205822448246e-06
Completed 21 % :  mod = 2.2852502660952504e-13,  Error =1.4457536963163875e-06
Completed 21 % :  mod = 2.790067846509979e-13,  Error =1.4793877198826522e-06
Completed 22 % :  mod = 3.406444583377845e-13,  Error =1.5130153769860044e-06
Completed 22 % :  mod = 4.1590446707507864e-13,  Error =1.5466303011635318e-06
Completed 23 % :  mod = 5.078075977935679e-13,  Error =1.5802488633198664e-06
Completed 23 % :  mod = 6.200402789108437e-13,  Error =1.6138451428560074e-06
Completed 24 % :  mod = 7.57121545211949e-13,  Error =1.647439148655394e-06
Completed 24 % :  mod = 9.245836422189929e-13,  Error =1.681059984548483e-06
Completed 25 % :  mod = 1.129232213732403e-12,  Error =1.7146785467048176e-06
Completed 25 % :  mod = 1.3794282895539583e-12,  Error =1.7483039300714154e-06
Completed 26 % :  mod = 1.6855233075130813e-12,  Error =1.7819088498072233e-06
Completed 26 % :  mod = 2.060371301518686e-12,  Error =1.8155174075218383e-06
Completed 27 % :  mod = 2.5201037967808682e-12,  Error =1.8491123228159267e-06
Completed 27 % :  mod = 3.085107521217398e-12,  Error =1.882712240330875e-06
Completed 28 % :  mod = 3.786333856018782e-12,  Error =1.9162948774464894e-06
Completed 28 % :  mod = 4.7273975989189424e-12,  Error =1.9498233996273484e-06
Completed 29 % :  mod = 6.047955026607179e-12,  Error =1.983341917366488e-06
Completed 29 % :  mod = 7.949500508624574e-12,  Error =2.016813141381135e-06
Completed 30 % :  mod = 1.0673633158909923e-11,  Error =2.0502002371358685e-06
Completed 30 % :  mod = 1.4808843051374026e-11,  Error =2.083441813738318e-06
Completed 31 % :  mod = 2.0975561669210394e-11,  Error =2.1164173631404992e-06
Completed 31 % :  mod = 3.0061973969702817e-11,  Error =2.1489231585292146e-06
Completed 32 % :  mod = 4.23180876875105e-11,  Error =2.1806094991916325e-06
Completed 32 % :  mod = 5.5173123267267744e-11,  Error =2.210855654993793e-06
Completed 33 % :  mod = 6.294954998130219e-11,  Error =2.2391036509361584e-06
Completed 33 % :  mod = 6.361699431176209e-11,  Error =2.265483544761082e-06
Completed 34 % :  mod = 6.361763631381644e-11,  Error =2.2909148356120568e-06
Completed 34 % :  mod = 6.361834368173379e-11,  Error =2.316563495696755e-06
Completed 35 % :  mod = 6.346268262033163e-11,  Error =2.3431121007888578e-06
Completed 35 % :  mod = 6.361541064246912e-11,  Error =2.370879428781336e-06
Completed 36 % :  mod = 6.35793334292553e-11,  Error =2.3997113203222398e-06
Completed 36 % :  mod = 6.357876391679151e-11,  Error =2.429373125778511e-06
Completed 37 % :  mod = 6.347984277573677e-11,  Error =2.4597370611445513e-06
Completed 37 % :  mod = 6.291314560947908e-11,  Error =2.4908003979362547e-06
Completed 38 % :  mod = 6.36182535960183e-11,  Error =2.5224912860721815e-06
Completed 38 % :  mod = 6.313015131373783e-11,  Error =2.5547296900185756e-06
Completed 39 % :  mod = 6.124632800693453e-11,  Error =2.5873769118334167e-06
Completed 39 % :  mod = 5.878711766928716e-11,  Error =2.620346549520036e-06
Completed 40 % :  mod = 6.361772746773199e-11,  Error =2.65350308836787e-06
Completed 40 % :  mod = 6.239741558859585e-11,  Error =2.686779680516338e-06
Completed 41 % :  mod = 6.23470977904777e-11,  Error =2.7201417651667725e-06
Completed 41 % :  mod = 6.174819592402262e-11,  Error =2.753523403953295e-06
Completed 42 % :  mod = 6.28877699860778e-11,  Error =2.7869500627275556e-06
Completed 42 % :  mod = 5.4682089610049084e-11,  Error =2.8204317459312733e-06
Completed 43 % :  mod = 5.508461288326168e-11,  Error =2.85397436528001e-06
Completed 43 % :  mod = 6.292103498286783e-11,  Error =2.8875970201625023e-06
Completed 44 % :  mod = 6.164981888875452e-11,  Error =2.9212528716016095e-06
Completed 44 % :  mod = 5.1723639308487074e-11,  Error =2.9549091777880676e-06
Completed 45 % :  mod = 3.870721080943381e-11,  Error =2.9885623007430695e-06
Completed 45 % :  mod = 2.7153224393738907e-11,  Error =3.022184955625562e-06
Completed 46 % :  mod = 1.8891622690786276e-11,  Error =3.0558053367713e-06
Completed 46 % :  mod = 1.3559462960506168e-11,  Error =3.0894361771061085e-06
Completed 47 % :  mod = 9.844211241471517e-12,  Error =3.12305837724125e-06
Completed 47 % :  mod = 7.261019736101393e-12,  Error =3.1566814868710935e-06
Completed 48 % :  mod = 5.617290359245266e-12,  Error =3.1903068702376913e-06
Completed 48 % :  mod = 4.489831081608051e-12,  Error =3.2239313441095874e-06
Completed 49 % :  mod = 3.575817426702474e-12,  Error =3.2575521800026763e-06
Completed 49 % :  mod = 2.923818417663132e-12,  Error =3.2911639209487475e-06
Completed 50 % :  mod = 2.3886745007377917e-12,  Error =3.324787485325942e-06
Completed 50 % :  mod = 1.9544848451165837e-12,  Error =3.358423782628961e-06
Completed 51 % :  mod = 1.6057838740330629e-12,  Error =3.39203961630119e-06
Completed 51 % :  mod = 1.33252188189813e-12,  Error =3.4256459002790507e-06
Completed 52 % :  mod = 1.332207564619241e-12,  Error =3.459257641225122e-06
Completed 52 % :  mod = 1.6232279552396728e-12,  Error =3.492873474897351e-06
Completed 53 % :  mod = 1.9758821182532397e-12,  Error =3.526493856043089e-06
Completed 53 % :  mod = 2.4098727589557105e-12,  Error =3.5601060517365113e-06
Completed 54 % :  mod = 2.95085186283275e-12,  Error =3.5936927815782838e-06
Completed 54 % :  mod = 3.615688035239214e-12,  Error =3.6272667784942314e-06
Completed 55 % :  mod = 4.510691066080962e-12,  Error =3.660829406726407e-06
Completed 55 % :  mod = 5.7651295051247646e-12,  Error =3.694353836181108e-06
Completed 56 % :  mod = 7.384484114872286e-12,  Error =3.7278077797964215e-06
Completed 56 % :  mod = 9.880118476862436e-12,  Error =3.7612076084769797e-06
Completed 57 % :  mod = 1.3803721032536648e-11,  Error =3.7944814721413422e-06
Completed 57 % :  mod = 1.934315878249361e-11,  Error =3.827533873845823e-06
Completed 58 % :  mod = 2.7560134106828818e-11,  Error =3.860170181724243e-06
Completed 58 % :  mod = 3.933579216421235e-11,  Error =3.892091626767069e-06
Completed 59 % :  mod = 5.241262590147119e-11,  Error =3.9227224988280796e-06
Completed 59 % :  mod = 6.18683301619107e-11,  Error =3.951463440898806e-06
Completed 60 % :  mod = 6.369404585067713e-11,  Error =3.978206223109737e-06
Completed 60 % :  mod = 6.365338548325785e-11,  Error =4.003755293524591e-06
Completed 61 % :  mod = 6.369524067371301e-11,  Error =4.029257979709655e-06
Completed 61 % :  mod = 6.369206460499113e-11,  Error =4.055568297189893e-06
Completed 62 % :  mod = 6.337277423323621e-11,  Error =4.08305777455098e-06
Completed 62 % :  mod = 6.360719834681842e-11,  Error =4.111692305741599e-06
Completed 63 % :  mod = 6.360946462233699e-11,  Error =4.1412085920455866e-06
Completed 63 % :  mod = 6.367610741800413e-11,  Error =4.1714288272487465e-06
Completed 64 % :  mod = 6.357169145013333e-11,  Error =4.202348009130219e-06
Completed 64 % :  mod = 6.343500901463293e-11,  Error =4.233927029417828e-06
Completed 65 % :  mod = 6.354304604268679e-11,  Error =4.266040832590079e-06
Completed 65 % :  mod = 6.254105598746766e-11,  Error =4.298612566344673e-06
Completed 66 % :  mod = 5.658947855225807e-11,  Error =4.3315094444551505e-06
Completed 66 % :  mod = 6.342378290476384e-11,  Error =4.364632331999019e-06
Completed 67 % :  mod = 6.101835702185733e-11,  Error =4.397876637085574e-06
Completed 67 % :  mod = 6.328191009679961e-11,  Error =4.4312059799267445e-06
Completed 68 % :  mod = 6.022261935775615e-11,  Error =4.464575340534793e-06
Completed 68 % :  mod = 6.353950560144353e-11,  Error =4.497982899920316e-06
Completed 69 % :  mod = 5.700386944046265e-11,  Error =4.5314268390939105e-06
Completed 69 % :  mod = 5.250654765222014e-11,  Error =4.5649353523913305e-06
Completed 70 % :  mod = 6.191112014524823e-11,  Error =4.598528903443366e-06
Completed 70 % :  mod = 6.277443235477048e-11,  Error =4.632170202967245e-06
Completed 71 % :  mod = 5.433102736083724e-11,  Error =4.665826963901054e-06
Completed 71 % :  mod = 4.1569279097209486e-11,  Error =4.699465080193477e-06
Completed 72 % :  mod = 2.929718854833658e-11,  Error =4.733116384159075e-06
Completed 72 % :  mod = 2.042589790081763e-11,  Error =4.766762685903814e-06
Completed 73 % :  mod = 1.4624852619062778e-11,  Error =4.800403075932991e-06
Completed 73 % :  mod = 1.046699899170715e-11,  Error =4.83401390738436e-06
Completed 74 % :  mod = 7.688643831304392e-12,  Error =4.867627012572484e-06
Completed 74 % :  mod = 5.972519267023511e-12,  Error =4.901236934529152e-06
Completed 75 % :  mod = 4.741495317508488e-12,  Error =4.934843673254363e-06
Completed 75 % :  mod = 3.74096926135109e-12,  Error =4.968480880052084e-06
Completed 76 % :  mod = 3.057605725929021e-12,  Error =5.0020958042296115e-06
Completed 76 % :  mod = 2.496417700788537e-12,  Error =5.035734375269385e-06
Completed 77 % :  mod = 2.045575515205561e-12,  Error =5.069350208941614e-06
Completed 77 % :  mod = 1.6837085636018198e-12,  Error =5.1029737733188085e-06
Completed 78 % :  mod = 1.6407796354862853e-12,  Error =5.136581421538722e-06
Completed 78 % :  mod = 1.92468501002777e-12,  Error =5.170192252990091e-06
Completed 79 % :  mod = 2.3477351847695967e-12,  Error =5.203801720199408e-06
Completed 79 % :  mod = 2.8612991494369863e-12,  Error =5.237388904788531e-06
Completed 80 % :  mod = 3.5127466046903193e-12,  Error =5.270989731798181e-06
Completed 80 % :  mod = 4.3093926255582015e-12,  Error =5.304570095177041e-06
Completed 81 % :  mod = 5.45754934179258e-12,  Error =5.338109076546971e-06
Completed 81 % :  mod = 7.254646586676926e-12,  Error =5.371598945203004e-06
Completed 82 % :  mod = 9.53510292910351e-12,  Error =5.405004685599124e-06
Completed 82 % :  mod = 1.2894178790833018e-11,  Error =5.438299922388978e-06
Completed 83 % :  mod = 1.834249070202104e-11,  Error =5.471376425703056e-06
Completed 83 % :  mod = 2.6300288486501328e-11,  Error =5.504083219420863e-06
Completed 84 % :  mod = 3.721683672547468e-11,  Error =5.5361051636282355e-06
Completed 84 % :  mod = 5.056799422638039e-11,  Error =5.5669102039246354e-06
Completed 85 % :  mod = 6.089364271209844e-11,  Error =5.595834409177769e-06
Completed 85 % :  mod = 6.355796292008911e-11,  Error =5.622714070341317e-06
Completed 86 % :  mod = 6.353534788506878e-11,  Error =5.648208571074065e-06
Completed 86 % :  mod = 6.353824539017728e-11,  Error =5.673648502124706e-06
Completed 87 % :  mod = 6.355662834485468e-11,  Error =5.699896519217873e-06
Completed 87 % :  mod = 6.351685753921437e-11,  Error =5.727291409129975e-06
Completed 88 % :  mod = 6.349822507017107e-11,  Error =5.755839083576575e-06
Completed 88 % :  mod = 6.345813365715527e-11,  Error =5.785278062830912e-06
Completed 89 % :  mod = 6.330267300884935e-11,  Error =5.815439180878457e-06
Completed 89 % :  mod = 6.35574344382956e-11,  Error =5.8463128880248405e-06
Completed 90 % :  mod = 6.330490330456095e-11,  Error =5.877836883882992e-06
Completed 90 % :  mod = 6.348258621243136e-11,  Error =5.909898845857242e-06
Completed 91 % :  mod = 6.306290763669347e-11,  Error =5.942431016592309e-06
Completed 91 % :  mod = 5.6916550064004736e-11,  Error =5.97529378865147e-06
Completed 92 % :  mod = 6.32835412770913e-11,  Error =6.0084039432695135e-06
Completed 92 % :  mod = 6.064786779115905e-11,  Error =6.04163369644084e-06
Completed 93 % :  mod = 6.351515797164235e-11,  Error =6.0749684962502215e-06
Completed 93 % :  mod = 6.046629294912684e-11,  Error =6.1083410400897264e-06
Completed 94 % :  mod = 6.341304178186769e-11,  Error =6.141739959275583e-06
Completed 94 % :  mod = 5.690126689480431e-11,  Error =6.175208000058774e-06
Completed 95 % :  mod = 5.280888012010851e-11,  Error =6.208728791534668e-06
Completed 95 % :  mod = 6.197282552035111e-11,  Error =6.242312792892335e-06
Completed 96 % :  mod = 6.27364836743164e-11,  Error =6.275969553826144e-06
Completed 96 % :  mod = 5.410752300995546e-11,  Error =6.309626769507304e-06
Completed 97 % :  mod = 4.123181161230847e-11,  Error =6.3432648857997265e-06
Completed 97 % :  mod = 2.932621629691749e-11,  Error =6.376902092597447e-06
Completed 98 % :  mod = 2.0166303100693664e-11,  Error =6.410527930711396e-06
Completed 98 % :  mod = 1.4383895590332423e-11,  Error =6.44414603812038e-06
Completed 99 % :  mod = 1.0634014758366058e-11,  Error =6.477780061686644e-06
Completed 99 % :  mod = 7.725127453218016e-12,  Error =6.511405899800593e-06
Finished 1/1 frames
Finished all frames!
