/opt/local/miniconda_23_9/lib/python3.11/site-packages/conda/base/context.py:201: FutureWarning: Adding 'defaults' to channel list implicitly is deprecated and will be removed in 25.3. 

To remove this warning, please choose a default channel explicitly with conda's regular configuration system, e.g. by adding 'defaults' to the list of channels:

  conda config --add channels defaults

For more information see https://docs.conda.io/projects/conda/en/stable/user-guide/configuration/use-condarc.html

  deprecated.topic(
JOB 14192 ARRAY_ID 1  -> i=1 ; range=[1.518e-7, 1.535e-7] ; intervals=10 (frames=11)
Simulation name: run1
Analytic t0 extension enabled (--extend-time-using-t0).
Completed 0 % :  mod = 3.697137709098453e-14,  Error =0.0
Completed 1 % :  mod = 3.697389441996421e-14,  Error =3.155037120450288e-08
Completed 2 % :  mod = 3.698144741275488e-14,  Error =6.311165634542704e-08
Completed 3 % :  mod = 3.6994039775125676e-14,  Error =9.466839401284233e-08
Completed 4 % :  mod = 3.701167690691164e-14,  Error =1.2622695066966116e-07
Completed 5 % :  mod = 3.703436600789283e-14,  Error =1.5778960005263798e-07
Completed 6 % :  mod = 3.706211793067887e-14,  Error =1.8935270418296568e-07
Completed 7 % :  mod = 3.709494352787941e-14,  Error =2.209148988185916e-07
Completed 8 % :  mod = 3.713285889312044e-14,  Error =2.524716364860069e-07
Completed 9 % :  mod = 3.7175879749451045e-14,  Error =2.840315573848784e-07
Completed 10 % :  mod = 3.722402568450813e-14,  Error =3.155942067678552e-07
Completed 11 % :  mod = 3.727731702708243e-14,  Error =3.471536729193758e-07
Completed 12 % :  mod = 3.733577744115691e-14,  Error =3.7871632230235264e-07
Completed 13 % :  mod = 3.739943217890131e-14,  Error =4.102744242118206e-07
Completed 14 % :  mod = 3.7468309615919357e-14,  Error =4.4182888814248145e-07
Completed 15 % :  mod = 3.7542441092430106e-14,  Error =4.7340154196717776e-07
Completed 16 % :  mod = 3.762185741925701e-14,  Error =5.049610081186984e-07
Completed 17 % :  mod = 3.7706595124695924e-14,  Error =5.36520474270219e-07
Completed 18 % :  mod = 3.779668893709768e-14,  Error =5.680817594111431e-07
Completed 19 % :  mod = 3.789218094341185e-14,  Error =5.996421350573655e-07
Completed 20 % :  mod = 3.799311090124739e-14,  Error =6.312025107035879e-07
Completed 21 % :  mod = 3.8099524391564774e-14,  Error =6.627633410971612e-07
Completed 22 % :  mod = 3.82114682658739e-14,  Error =6.943214430066291e-07
Completed 23 % :  mod = 3.8328991440327476e-14,  Error =7.258681762323249e-07
Completed 24 % :  mod = 3.8452145795693515e-14,  Error =7.574226401629858e-07
Completed 25 % :  mod = 3.8580984695047696e-14,  Error =7.889821063145064e-07
Completed 26 % :  mod = 3.8715564148443656e-14,  Error =8.205397534766234e-07
Completed 27 % :  mod = 3.8855944136401973e-14,  Error =8.520983101334423e-07
Completed 28 % :  mod = 3.900218702172339e-14,  Error =8.836623237584718e-07
Completed 28 % :  mod = 3.915435532602732e-14,  Error =9.152240636467468e-07
Completed 30 % :  mod = 3.9312517235466025e-14,  Error =9.467876225244254e-07
Completed 31 % :  mod = 3.9476740989131313e-14,  Error =9.78347088675946e-07
Completed 32 % :  mod = 3.964709937891709e-14,  Error =1.0099115570483264e-06
Completed 33 % :  mod = 3.982366736723919e-14,  Error =1.0414678399683908e-06
Completed 34 % :  mod = 4.000652124000242e-14,  Error =1.0730282156146131e-06
Completed 35 % :  mod = 4.019574284176532e-14,  Error =1.1045822247979231e-06
Completed 36 % :  mod = 4.039141396414684e-14,  Error =1.1361480574123561e-06
Completed 37 % :  mod = 4.059362042217247e-14,  Error =1.1677034308377188e-06
Completed 38 % :  mod = 4.0802451101362095e-14,  Error =1.1992678992100991e-06
Completed 39 % :  mod = 4.1017997057757555e-14,  Error =1.2308273653616197e-06
Completed 40 % :  mod = 4.124035384726321e-14,  Error =1.262388195755193e-06
Completed 41 % :  mod = 4.1469619143365787e-14,  Error =1.29394584291731e-06
Completed 42 % :  mod = 4.170589263125527e-14,  Error =1.3255012163426727e-06
Completed 43 % :  mod = 4.194927696073695e-14,  Error =1.35705386128393e-06
Completed 44 % :  mod = 4.219988055202808e-14,  Error =1.3886083252145909e-06
Completed 45 % :  mod = 4.2457811507708556e-14,  Error =1.4201682461134624e-06
Completed 46 % :  mod = 4.272318364783066e-14,  Error =1.4517299860017374e-06
Completed 47 % :  mod = 4.3017245905607005e-14,  Error =1.4832885426585563e-06
Completed 48 % :  mod = 4.334313431464569e-14,  Error =1.514851646788884e-06
Completed 49 % :  mod = 4.367807305896755e-14,  Error =1.5464079297089484e-06
Completed 50 % :  mod = 4.402220766942084e-14,  Error =1.5779642126290128e-06
Completed 51 % :  mod = 4.437568881199104e-14,  Error =1.6095223145384807e-06
Completed 52 % :  mod = 4.473867038197677e-14,  Error =1.6410808711952996e-06
Completed 53 % :  mod = 4.5111311356874306e-14,  Error =1.672636699368013e-06
Completed 54 % :  mod = 4.5493773890553494e-14,  Error =1.7041979845089372e-06
Completed 55 % :  mod = 4.5886224001471994e-14,  Error =1.7357538126816507e-06
Completed 56 % :  mod = 4.6288833319680744e-14,  Error =1.7673114598437678e-06
Completed 56 % :  mod = 4.670177686336247e-14,  Error =1.798868197511183e-06
Completed 57 % :  mod = 4.71252362681448e-14,  Error =1.8304253899259493e-06
Completed 59 % :  mod = 4.755939444020478e-14,  Error =1.8619871298142243e-06
Completed 60 % :  mod = 4.8004442279592896e-14,  Error =1.8935447769763414e-06
Completed 61 % :  mod = 4.846057280394201e-14,  Error =1.9251056073699147e-06
Completed 62 % :  mod = 4.892798411308265e-14,  Error =1.9566632545320317e-06
Completed 63 % :  mod = 4.940688150662542e-14,  Error =1.9882263586623594e-06
Completed 64 % :  mod = 4.989747166060944e-14,  Error =2.019785370066529e-06
Completed 65 % :  mod = 5.0399969827282437e-14,  Error =2.051343017228646e-06
Completed 66 % :  mod = 5.091459491172171e-14,  Error =2.082897026411956e-06
Completed 67 % :  mod = 5.14415696835924e-14,  Error =2.114459675794933e-06
Completed 68 % :  mod = 5.198112617698248e-14,  Error =2.146012775483541e-06
Completed 69 % :  mod = 5.2533496584798625e-14,  Error =2.17757133214036e-06
Completed 70 % :  mod = 5.309892358198022e-14,  Error =2.20912534132367e-06
Completed 71 % :  mod = 5.367765249044462e-14,  Error =2.2406893549486995e-06
Completed 72 % :  mod = 5.426993614952657e-14,  Error =2.27225382332108e-06
Completed 73 % :  mod = 5.4876031104329976e-14,  Error =2.3038101062411442e-06
Completed 74 % :  mod = 5.5503303523941075e-14,  Error =2.3353709366347175e-06
Completed 75 % :  mod = 5.621914859065978e-14,  Error =2.366930857533589e-06
Completed 76 % :  mod = 5.695147051284539e-14,  Error =2.398484411969548e-06
Completed 77 % :  mod = 5.770058560436415e-14,  Error =2.4300447876157705e-06
Completed 78 % :  mod = 5.84668185964722e-14,  Error =2.4616065275040455e-06
Completed 79 % :  mod = 5.925050226723871e-14,  Error =2.493155079719145e-06
Completed 80 % :  mod = 6.005197977088642e-14,  Error =2.524712726881262e-06
Completed 81 % :  mod = 6.087159436751722e-14,  Error =2.556266281317221e-06
Completed 82 % :  mod = 6.170970625789192e-14,  Error =2.5878257474687416e-06
Completed 83 % :  mod = 6.256667447810104e-14,  Error =2.6193811208941042e-06
Completed 84 % :  mod = 6.344287341670727e-14,  Error =2.6509342205827124e-06
Completed 85 % :  mod = 6.43386827562292e-14,  Error =2.6824923224921804e-06
Completed 86 % :  mod = 6.52544913377292e-14,  Error =2.714051788643701e-06
Completed 87 % :  mod = 6.619069573144526e-14,  Error =2.7456162570160814e-06
Completed 88 % :  mod = 6.714769938975806e-14,  Error =2.7771707209467422e-06
Completed 89 % :  mod = 6.812592439977313e-14,  Error =2.808733370329719e-06
Completed 90 % :  mod = 6.922543319876935e-14,  Error =2.840298748196801e-06
Completed 91 % :  mod = 7.034922235601729e-14,  Error =2.87185730485362e-06
Completed 92 % :  mod = 7.149774921636891e-14,  Error =2.903419499489246e-06
Completed 93 % :  mod = 7.267150881764233e-14,  Error =2.93498078463017e-06
Completed 94 % :  mod = 7.38710077914191e-14,  Error =2.9665411602763925e-06
Completed 95 % :  mod = 7.509676896878595e-14,  Error =2.998100626427913e-06
Completed 96 % :  mod = 7.634931248091202e-14,  Error =3.029662821063539e-06
Completed 97 % :  mod = 7.762918905803172e-14,  Error =3.0612186492362525e-06
Completed 98 % :  mod = 7.893694911274208e-14,  Error =3.092774477408966e-06
Completed 99 % :  mod = 8.029878459783811e-14,  Error =3.1243339435604867e-06
Completed 100 % :  mod = 8.176568758495878e-14,  Error =3.155898866680218e-06
Finished 2/11 frames
Finished all frames!
