/opt/local/miniconda_23_9/lib/python3.11/site-packages/conda/base/context.py:201: FutureWarning: Adding 'defaults' to channel list implicitly is deprecated and will be removed in 25.3. 

To remove this warning, please choose a default channel explicitly with conda's regular configuration system, e.g. by adding 'defaults' to the list of channels:

  conda config --add channels defaults

For more information see https://docs.conda.io/projects/conda/en/stable/user-guide/configuration/use-condarc.html

  deprecated.topic(
JOB 15066 ARRAY_ID 0  -> i=0 ; range=[1.3e-10, 1.3e-10] ; intervals=0 (frames=1)
Simulation name: run1
Analytic t0 extension enabled (--extend-time-using-t0).
Completed 0 % :  mod = 1.47605323082919e-16,  Error =0.0
Completed 0 % :  mod = 1.1807620135493766e-16,  Error =3.27390807797201e-08
Completed 0 % :  mod = 7.880780034574018e-17,  Error =6.54713403491769e-08
Completed 1 % :  mod = 1.1756850255527462e-16,  Error =9.818313628784381e-08
Completed 1 % :  mod = 1.457229177272079e-16,  Error =1.3090311767882667e-07
Completed 2 % :  mod = 1.1483231363133019e-16,  Error =1.6362537280656397e-07
Completed 2 % :  mod = 7.25784382932359e-17,  Error =1.9634853742900304e-07
Completed 3 % :  mod = 1.1338095219621805e-16,  Error =2.290585143782664e-07
Completed 3 % :  mod = 1.4022694031304532e-16,  Error =2.6180214263149537e-07
Completed 4 % :  mod = 1.0805618565921745e-16,  Error =2.945275809906889e-07
Completed 4 % :  mod = 6.061211676400306e-17,  Error =3.2727393772802316e-07
Completed 5 % :  mod = 1.058810055159575e-16,  Error =3.5999664760311134e-07
Completed 5 % :  mod = 1.3154916262827045e-16,  Error =3.9273163565667346e-07
Completed 6 % :  mod = 9.825086856889451e-17,  Error =4.254657142155338e-07
Completed 6 % :  mod = 4.3854708775183845e-17,  Error =4.5822616812074557e-07
Completed 7 % :  mod = 9.569354659566912e-17,  Error =4.909616109216586e-07
Completed 7 % :  mod = 1.2100908385068107e-16,  Error =5.236915967543609e-07
Completed 8 % :  mod = 8.615506096205444e-17,  Error =5.564193088503089e-07
Completed 8 % :  mod = 2.363080785147481e-17,  Error =5.891470209462568e-07
Completed 9 % :  mod = 8.476115818062723e-17,  Error =6.218783710210118e-07
Completed 9 % :  mod = 1.1030639201461415e-16,  Error =6.546129043272231e-07
Completed 10 % :  mod = 7.470111966116137e-17,  Error =6.87356532580452e-07
Completed 10 % :  mod = 4.298731291599517e-18,  Error =7.200987965916283e-07
Completed 11 % :  mod = 7.812618883854061e-17,  Error =7.528255991928745e-07
Completed 11 % :  mod = 1.0876109625933323e-16,  Error =7.855373951315414e-07
Completed 12 % :  mod = 7.826578476929325e-17,  Error =8.182910278264899e-07
Completed 12 % :  mod = 2.0674449039368958e-17,  Error =8.510046427545603e-07
Completed 13 % :  mod = 8.954364620114368e-17,  Error =8.8373326434521e-07
Completed 13 % :  mod = 1.1954105653568358e-16,  Error =9.164764378510881e-07
Completed 14 % :  mod = 8.924418231417384e-17,  Error =9.492350727668963e-07
Completed 14 % :  mod = 4.1253677492716603e-17,  Error =9.819614206207916e-07
Completed 15 % :  mod = 1.0148184312426063e-16,  Error =1.0146904969587922e-06
Completed 15 % :  mod = 1.3004514380594138e-16,  Error =1.047435034706723e-06
Completed 16 % :  mod = 9.970879430255271e-17,  Error =1.080165930034127e-06
Completed 16 % :  mod = 5.85720263300125e-17,  Error =1.1128872756671626e-06
Completed 17 % :  mod = 1.116201147833993e-16,  Error =1.145604983321391e-06
Completed 17 % :  mod = 1.3906783068053976e-16,  Error =1.1783399713749532e-06
Completed 18 % :  mod = 1.0759127629225633e-16,  Error =1.2110631359973922e-06
Completed 18 % :  mod = 7.126053454004459e-17,  Error =1.2437790246622171e-06
Completed 19 % :  mod = 1.1881568427894782e-16,  Error =1.276506736758165e-06
Completed 19 % :  mod = 1.4499076962048442e-16,  Error =1.3092444532958325e-06
Completed 20 % :  mod = 1.12230760501294e-16,  Error =1.3419603419606574e-06
Completed 20 % :  mod = 7.83162630008852e-17,  Error =1.3746639524470083e-06
Completed 21 % :  mod = 1.2253408845194576e-16,  Error =1.407396666763816e-06
Completed 21 % :  mod = 1.4734077035370196e-16,  Error =1.440140295017045e-06
Completed 22 % :  mod = 1.132874647603752e-16,  Error =1.4728802852914669e-06
Completed 22 % :  mod = 7.918147401758218e-17,  Error =1.5056184565764852e-06
Completed 23 % :  mod = 1.2251104175251396e-16,  Error =1.538350716145942e-06
Completed 23 % :  mod = 1.4593154301745144e-16,  Error =1.5710975276306272e-06
Completed 24 % :  mod = 1.1046060464038091e-16,  Error =1.6038043213484343e-06
Completed 24 % :  mod = 7.378779832077345e-17,  Error =1.6365393094019964e-06
Completed 25 % :  mod = 1.1878285684085683e-16,  Error =1.6692629287717864e-06
Completed 25 % :  mod = 1.4086842937293422e-16,  Error =1.702008376014419e-06
Completed 26 % :  mod = 1.0411762374727334e-16,  Error =1.7347374523524195e-06
Completed 26 % :  mod = 6.256155254555602e-17,  Error =1.7674601622275077e-06
Completed 27 % :  mod = 1.1167349026678552e-16,  Error =1.8001951502810698e-06
Completed 27 % :  mod = 1.3255020119934322e-16,  Error =1.8329287740925793e-06
Completed 28 % :  mod = 9.4659803991513e-17,  Error =1.8656487554835621e-06
Completed 28 % :  mod = 4.639014763360535e-17,  Error =1.8983741938427556e-06
Completed 29 % :  mod = 1.017781967087297e-16,  Error =1.931104634422809e-06
Completed 29 % :  mod = 1.2197711109107292e-16,  Error =1.963824161066441e-06
Completed 30 % :  mod = 8.279918285797584e-17,  Error =1.9965573301305994e-06
Completed 30 % :  mod = 2.760675594896206e-17,  Error =2.0292809495003894e-06
Completed 31 % :  mod = 9.089769805729629e-17,  Error =2.0620068426069338e-06
Completed 31 % :  mod = 1.1136779982945347e-16,  Error =2.0947445591446012e-06
Completed 32 % :  mod = 7.094612815229686e-17,  Error =2.127468633261742e-06
Completed 32 % :  mod = 1.2879396007906708e-17,  Error =2.160209078283515e-06
Completed 33 % :  mod = 8.120095467792431e-17,  Error =2.1929386093688663e-06
Completed 33 % :  mod = 1.0673428770934207e-16,  Error =2.2256731426750775e-06
Completed 34 % :  mod = 7.143654254777151e-17,  Error =2.2583999452763237e-06
Completed 34 % :  mod = 2.175161448978105e-17,  Error =2.29112674787757e-06
Completed 35 % :  mod = 9.266018740149709e-17,  Error =2.323844910279149e-06
Completed 35 % :  mod = 1.175755134279539e-16,  Error =2.3565721676277462e-06
Completed 36 % :  mod = 8.245388918426386e-17,  Error =2.389321252849186e-06
Completed 36 % :  mod = 3.8978973614792477e-17,  Error =2.4220316845458e-06
Completed 37 % :  mod = 1.0433438901173227e-16,  Error =2.4547689463361166e-06
Completed 37 % :  mod = 1.2803950503087335e-16,  Error =2.487478468538029e-06
Completed 38 % :  mod = 9.318235162551972e-17,  Error =2.520218913559802e-06
Completed 38 % :  mod = 5.644433814123682e-17,  Error =2.5529475351504516e-06
Completed 39 % :  mod = 1.1478784083438294e-16,  Error =2.5856879801722243e-06
Completed 39 % :  mod = 1.373952478556113e-16,  Error =2.6184184207522776e-06
Completed 40 % :  mod = 1.0143524804035552e-16,  Error =2.6511333999224007e-06
Completed 40 % :  mod = 6.983608072157214e-17,  Error =2.683851107576629e-06
Completed 41 % :  mod = 1.2239293954129185e-16,  Error =2.7165601750311907e-06
Completed 41 % :  mod = 1.4373412396832664e-16,  Error =2.7492887966218404e-06
Completed 42 % :  mod = 1.0681476845383557e-16,  Error =2.7820210561912972e-06
Completed 42 % :  mod = 7.770761202903768e-17,  Error =2.814741947076982e-06
Completed 43 % :  mod = 1.265764349575881e-16,  Error =2.84746465695207e-06
Completed 43 % :  mod = 1.4655108635530385e-16,  Error =2.88020873995265e-06
Completed 44 % :  mod = 1.086600295743327e-16,  Error =2.912943273258861e-06
Completed 44 % :  mod = 7.943677452485266e-17,  Error =2.9456932679750025e-06
Completed 45 % :  mod = 1.2703962290999572e-16,  Error =2.978423253807705e-06
Completed 45 % :  mod = 1.4561448835927383e-16,  Error =3.01115460388246e-06
Completed 46 % :  mod = 1.0615480509044713e-16,  Error =3.0438841349678114e-06
Completed 46 % :  mod = 7.488682486230561e-17,  Error =3.0766068448428996e-06
Completed 47 % :  mod = 1.237726269653984e-16,  Error =3.1093545658222865e-06
Completed 47 % :  mod = 1.4099437894323005e-16,  Error =3.142083642160287e-06
Completed 48 % :  mod = 9.982367092297618e-17,  Error =3.174812263750937e-06
Completed 48 % :  mod = 6.441747188824589e-17,  Error =3.207535883120727e-06
Completed 49 % :  mod = 1.1706519349972483e-16,  Error =3.2402681426901836e-06
Completed 49 % :  mod = 1.3304653624344979e-16,  Error =3.273022230132483e-06
Completed 50 % :  mod = 9.07281481588043e-17,  Error =3.305760856164852e-06
Completed 50 % :  mod = 4.9814647659024366e-17,  Error =3.3385099413862918e-06
Completed 51 % :  mod = 1.0747623252965033e-16,  Error =3.3712535696395207e-06
Completed 51 % :  mod = 1.2244463894996187e-16,  Error =3.4039867387036793e-06
Completed 52 % :  mod = 7.912110823763444e-17,  Error =3.4367244552413467e-06
Completed 52 % :  mod = 3.4736662451618823e-17,  Error =3.469467628747225e-06
Completed 53 % :  mod = 9.665377843426948e-17,  Error =3.502201707306085e-06
Completed 53 % :  mod = 1.1194465382345809e-16,  Error =3.534953975758981e-06
Completed 54 % :  mod = 6.688054743571761e-17,  Error =3.567705789464526e-06
Completed 54 % :  mod = 2.1412730380141804e-17,  Error =3.600437594286632e-06
Completed 55 % :  mod = 8.599044431703693e-17,  Error =3.633188953244826e-06
Completed 55 % :  mod = 1.0422995730430109e-16,  Error =3.6659089346358087e-06
Completed 56 % :  mod = 6.42974300935837e-17,  Error =3.698648015415529e-06
Completed 56 % :  mod = 2.6194873518041612e-17,  Error =3.7313802749849856e-06
Completed 57 % :  mod = 9.539111721450449e-17,  Error =3.7641125345544424e-06
Completed 57 % :  mod = 1.1511638751281075e-16,  Error =3.796874352701707e-06
Completed 58 % :  mod = 7.53466736933755e-17,  Error =3.829616161965532e-06
Completed 58 % :  mod = 4.085884340343215e-17,  Error =3.862357061734656e-06
Completed 59 % :  mod = 1.0679161933910418e-16,  Error =3.895108875440201e-06
Completed 59 % :  mod = 1.2553749409196876e-16,  Error =3.9278452277358156e-06
Completed 60 % :  mod = 8.632356788919157e-17,  Error =3.960547928727465e-06
Completed 60 % :  mod = 5.597656068059803e-17,  Error =3.9932765503181145e-06
Completed 61 % :  mod = 1.1754468440652404e-16,  Error =4.026016540592536e-06
Completed 61 % :  mod = 1.3521108509958569e-16,  Error =4.0587551666249055e-06
Completed 62 % :  mod = 9.493765096073984e-17,  Error =4.0914828787208535e-06
Completed 62 % :  mod = 6.872459451356945e-17,  Error =4.1242219595005736e-06
Completed 63 % :  mod = 1.2554477726216592e-16,  Error =4.156968316237908e-06
Completed 63 % :  mod = 1.4195883074712292e-16,  Error =4.189727860648418e-06
Completed 64 % :  mod = 1.0128955584018715e-16,  Error =4.222462393954629e-06
Completed 64 % :  mod = 7.707347717348106e-17,  Error =4.2552164813969284e-06
Completed 65 % :  mod = 1.3018851922831035e-16,  Error =4.287953288439894e-06
Completed 65 % :  mod = 1.4523606268990908e-16,  Error =4.320697371440474e-06
Completed 66 % :  mod = 1.0370466271864783e-16,  Error =4.353413260105299e-06
Completed 66 % :  mod = 7.965710028486076e-17,  Error =4.3861423364432994e-06
Completed 67 % :  mod = 1.3113331427401803e-16,  Error =4.418880052980967e-06
Completed 67 % :  mod = 1.4477656267056374e-16,  Error =4.451623226486845e-06
Completed 68 % :  mod = 1.0177133229871764e-16,  Error =4.4843604882771615e-06
Completed 68 % :  mod = 7.62329247727358e-17,  Error =4.517109573498601e-06
Completed 69 % :  mod = 1.2833382106269855e-16,  Error =4.549818640953163e-06
Completed 69 % :  mod = 1.4060411828385362e-16,  Error =4.582569090416655e-06
Completed 70 % :  mod = 9.560875804964181e-17,  Error =4.615308625943726e-06
Completed 70 % :  mod = 6.773659360142023e-17,  Error =4.648051344702253e-06
Completed 71 % :  mod = 1.2203519912580642e-16,  Error =4.680771780840587e-06
Completed 71 % :  mod = 1.3304068755953115e-16,  Error =4.713485850516008e-06
Completed 72 % :  mod = 8.64815077390997e-17,  Error =4.746242666442413e-06
Completed 72 % :  mod = 5.584799272177195e-17,  Error =4.77898538520094e-06
Completed 73 % :  mod = 1.1276352349390285e-16,  Error =4.811719918507151e-06
Completed 73 % :  mod = 1.2267180962953884e-16,  Error =4.84445808979217e-06
Completed 74 % :  mod = 7.514782469569537e-17,  Error =4.877175797446398e-06
Completed 74 % :  mod = 4.2579543169496466e-17,  Error =4.9099135139840655e-06
Completed 75 % :  mod = 1.0200378674955365e-16,  Error =4.942614395986311e-06
Completed 75 % :  mod = 1.1203966120367651e-16,  Error =4.975323008693522e-06
Completed 76 % :  mod = 6.253241464318974e-17,  Error =5.008073458157014e-06
Completed 76 % :  mod = 2.985941034538161e-17,  Error =5.040808900957927e-06
Completed 77 % :  mod = 9.138472545835526e-17,  Error =5.073533429822419e-06
Completed 77 % :  mod = 1.0125573071887984e-16,  Error =5.106279786559753e-06
Completed 78 % :  mod = 5.688131847859813e-17,  Error =5.139011591381859e-06
Completed 78 % :  mod = 3.099227157249691e-17,  Error =5.171736574993702e-06
Completed 79 % :  mod = 9.771570184112436e-17,  Error =5.204490662436001e-06
Completed 79 % :  mod = 1.1217149719800643e-16,  Error =5.237217010289896e-06
Completed 80 % :  mod = 6.795418982050326e-17,  Error =5.2699479056173e-06
Completed 80 % :  mod = 4.473948266506649e-17,  Error =5.302663794282125e-06
Completed 81 % :  mod = 1.0883485124996485e-16,  Error =5.335387868399266e-06
Completed 81 % :  mod = 1.2254594954984553e-16,  Error =5.368122856452828e-06
Completed 82 % :  mod = 7.916544951286428e-17,  Error =5.400848294812022e-06
Completed 82 % :  mod = 5.852975817619286e-17,  Error =5.433578735392075e-06
Completed 83 % :  mod = 1.1986923568742548e-16,  Error =5.466310994961532e-06
Completed 83 % :  mod = 1.3252458264029062e-16,  Error =5.499041890288936e-06
Completed 84 % :  mod = 8.842091426591819e-17,  Error =5.531782335310709e-06
Completed 84 % :  mod = 7.041876633889525e-17,  Error =5.564508683164604e-06
Completed 85 % :  mod = 1.2825323614514665e-16,  Error =5.597224571829429e-06
Completed 85 % :  mod = 1.396694315403277e-16,  Error =5.629950010188622e-06
Completed 86 % :  mod = 9.54652596875543e-17,  Error =5.662659077643184e-06
Completed 86 % :  mod = 7.87230720805e-17,  Error =5.695399522664957e-06
Completed 87 % :  mod = 1.3334668891337595e-16,  Error =5.728102678403957e-06
Completed 87 % :  mod = 1.4340502519853874e-16,  Error =5.760835847468115e-06
Completed 88 % :  mod = 9.844547635308014e-17,  Error =5.7935590120905545e-06
Completed 88 % :  mod = 8.197353211596573e-17,  Error =5.8262703532818705e-06
Completed 89 % :  mod = 1.3477349021872804e-16,  Error =5.858987151441397e-06
Completed 89 % :  mod = 1.434209095478416e-16,  Error =5.8917089518217836e-06
Completed 90 % :  mod = 9.709090812943014e-17,  Error =5.924443939875346e-06
Completed 90 % :  mod = 7.985427770561928e-17,  Error =5.9571643760136794e-06
Completed 91 % :  mod = 1.3244199211994602e-16,  Error =5.989896635583136e-06
Completed 91 % :  mod = 1.39705289302894e-16,  Error =6.022607522027101e-06
Completed 92 % :  mod = 9.146858130654313e-17,  Error =6.055312042008154e-06
Completed 92 % :  mod = 7.302308545750224e-17,  Error =6.088049303798471e-06
Completed 93 % :  mod = 1.265627250593205e-16,  Error =6.120779744378524e-06
Completed 93 % :  mod = 1.3253608200176876e-16,  Error =6.153516096674139e-06
Completed 94 % :  mod = 8.198740471032007e-17,  Error =6.18625563220121e-06
Completed 94 % :  mod = 6.256885003631754e-17,  Error =6.219004717422649e-06
Completed 95 % :  mod = 1.1762156231416078e-16,  Error =6.2517515289073344e-06
Completed 95 % :  mod = 1.2246818604196547e-16,  Error =6.284486062213546e-06
Completed 96 % :  mod = 7.089969493729787e-17,  Error =6.317226961982669e-06
Completed 96 % :  mod = 5.0316801970439036e-17,  Error =6.3499619500362314e-06
Completed 97 % :  mod = 1.0692984990485822e-16,  Error =6.382725587172899e-06
Completed 97 % :  mod = 1.1165667802763053e-16,  Error =6.41545966573176e-06
Completed 98 % :  mod = 5.796581156016531e-17,  Error =6.448195108532673e-06
Completed 98 % :  mod = 3.818954066571027e-17,  Error =6.480924639618024e-06
Completed 99 % :  mod = 9.636986213069561e-17,  Error =6.513653261208674e-06
Completed 99 % :  mod = 1.0044488956006294e-16,  Error =6.546366876136744e-06
Completed 100 % :  mod = 4.921215737328278e-17,  Error =6.579107775905868e-06
Finished 1/1 frames
Finished all frames!
