/opt/local/miniconda_23_9/lib/python3.11/site-packages/conda/base/context.py:201: FutureWarning: Adding 'defaults' to channel list implicitly is deprecated and will be removed in 25.3. 

To remove this warning, please choose a default channel explicitly with conda's regular configuration system, e.g. by adding 'defaults' to the list of channels:

  conda config --add channels defaults

For more information see https://docs.conda.io/projects/conda/en/stable/user-guide/configuration/use-condarc.html

  deprecated.topic(
JOB 15401 ARRAY_ID 0  -> i=35 ; range=[1.3796e-10, 1.3796e-10] ; intervals=0 (frames=1)
Simulation name: run1
Analytic t0 extension enabled (--extend-time-using-t0).
Completed 0 % :  mod = 1.5664331047240414e-16,  Error =0.0
Completed 0 % :  mod = 8.56082719847864e-17,  Error =2.9344391805352643e-08
Completed 0 % :  mod = 1.5922103128822175e-16,  Error =5.868287189514376e-08
Completed 1 % :  mod = 9.48821057826069e-17,  Error =8.800634532235563e-08
Completed 1 % :  mod = 1.6725464682725948e-16,  Error =1.1732890925486572e-07
Completed 2 % :  mod = 1.1443435026608966e-16,  Error =1.4667648429167457e-07
Completed 2 % :  mod = 1.8192585200976923e-16,  Error =1.7602224033907987e-07
Completed 3 % :  mod = 1.463831832183151e-16,  Error =2.0535208022920415e-07
Completed 3 % :  mod = 2.081720673359623e-16,  Error =2.3468464860343374e-07
Completed 4 % :  mod = 1.941893829969112e-16,  Error =2.640158527356107e-07
Completed 4 % :  mod = 2.4897429270800704e-16,  Error =2.9334933060454205e-07
Completed 5 % :  mod = 2.6303206736569237e-16,  Error =3.22696450894e-07
Completed 5 % :  mod = 3.1482606765427905e-16,  Error =3.520094651321415e-07
Completed 6 % :  mod = 3.6036832248638336e-16,  Error =3.8136613511596806e-07
Completed 6 % :  mod = 4.2286832162742716e-16,  Error =4.1071962186833844e-07
Completed 7 % :  mod = 4.967433305307603e-16,  Error =4.400467332743574e-07
Completed 7 % :  mod = 5.839808194145851e-16,  Error =4.693656592280604e-07
Completed 8 % :  mod = 6.869290156402834e-16,  Error =4.987387001165189e-07
Completed 8 % :  mod = 8.083572441599579e-16,  Error =5.280694495013449e-07
Completed 9 % :  mod = 9.515272922652863e-16,  Error =5.574024726229254e-07
Completed 9 % :  mod = 1.1202958010539715e-15,  Error =5.867436811968219e-07
Completed 10 % :  mod = 1.3192032296868988e-15,  Error =6.160812517919112e-07
Completed 10 % :  mod = 1.5536006087194931e-15,  Error =6.454033609770704e-07
Completed 11 % :  mod = 1.8297896791799414e-15,  Error =6.74747752782423e-07
Completed 11 % :  mod = 2.155199817351532e-15,  Error =7.040603122732136e-07
Completed 12 % :  mod = 2.5385902395903817e-15,  Error =7.333906069106888e-07
Completed 12 % :  mod = 2.9902755877650665e-15,  Error =7.627195373061113e-07
Completed 13 % :  mod = 3.5223995160905985e-15,  Error =7.920593816379551e-07
Completed 13 % :  mod = 4.149275005950332e-15,  Error =8.214005902118515e-07
Completed 14 % :  mod = 4.887775744438237e-15,  Error =8.507345228281338e-07
Completed 14 % :  mod = 5.757771477528602e-15,  Error =8.800720934232231e-07
Completed 15 % :  mod = 6.782652588736864e-15,  Error =9.094151209865231e-07
Completed 15 % :  mod = 7.989984444892663e-15,  Error =9.387763384438585e-07
Completed 16 % :  mod = 9.41226435325429e-15,  Error =9.681239134806674e-07
Completed 16 % :  mod = 1.1087761967808662e-14,  Error =9.974469321605284e-07
Completed 17 % :  mod = 1.3061525201383763e-14,  Error =1.0267926882079337e-06
Completed 17 % :  mod = 1.5386637615866755e-14,  Error =1.0561338967818301e-06
Completed 18 % :  mod = 1.8125628554527513e-14,  Error =1.0854664651560597e-06
Completed 18 % :  mod = 2.1352300640210955e-14,  Error =1.1148008525196929e-06
Completed 19 % :  mod = 2.5153364901407576e-14,  Error =1.144143425335642e-06
Completed 19 % :  mod = 2.963104470807724e-14,  Error =1.173474174720468e-06
Completed 20 % :  mod = 3.4905859813488556e-14,  Error =1.2028140190523118e-06
Completed 20 % :  mod = 4.1119761703334996e-14,  Error =1.2321452231844887e-06
Completed 21 % :  mod = 4.8439836658240784e-14,  Error =1.2614927982212976e-06
Completed 21 % :  mod = 5.7062944164031e-14,  Error =1.29084219224751e-06
Completed 22 % :  mod = 6.722118660196627e-14,  Error =1.32016475618002e-06
Completed 22 % :  mod = 7.918797218117712e-14,  Error =1.3494895938492846e-06
Completed 23 % :  mod = 9.328512888249369e-14,  Error =1.3788535397907253e-06
Completed 23 % :  mod = 1.0989181697334134e-13,  Error =1.4081842891755514e-06
Completed 24 % :  mod = 1.294551112588225e-13,  Error =1.4375232240126934e-06
Completed 24 % :  mod = 1.525017500764809e-13,  Error =1.4668512449134141e-06
Completed 25 % :  mod = 1.796518411611848e-13,  Error =1.4962156456022058e-06
Completed 25 % :  mod = 2.1163603713506454e-13,  Error =1.525545940239681e-06
Completed 26 % :  mod = 2.493160916750493e-13,  Error =1.5548948795185424e-06
Completed 26 % :  mod = 2.9370778193006616e-13,  Error =1.5842251741560176e-06
Completed 27 % :  mod = 3.4600756935315206e-13,  Error =1.6135331861732993e-06
Completed 27 % :  mod = 4.076248826949008e-13,  Error =1.6428639355581254e-06
Completed 28 % :  mod = 4.802272844301279e-13,  Error =1.6721878637326881e-06
Completed 28 % :  mod = 5.657796318467228e-13,  Error =1.7015172488754615e-06
Completed 29 % :  mod = 6.666019351202946e-13,  Error =1.7308389033132698e-06
Completed 29 % :  mod = 7.854364331190906e-13,  Error =1.760201030265307e-06
Completed 30 % :  mod = 9.255321591394649e-13,  Error =1.789560428733239e-06
Completed 30 % :  mod = 1.090743808792661e-12,  Error =1.8189266484114341e-06
Completed 31 % :  mod = 1.2856516352177962e-12,  Error =1.8482514860806987e-06
Completed 31 % :  mod = 1.5157194094779025e-12,  Error =1.87758496394963e-06
Completed 32 % :  mod = 1.7875018637783653e-12,  Error =1.9069152585871052e-06
Completed 32 % :  mod = 2.10890768749951e-12,  Error =1.936243279487826e-06
Completed 33 % :  mod = 2.489545997948533e-12,  Error =1.9655885807878803e-06
Completed 33 % :  mod = 2.9412148734555594e-12,  Error =1.994912508962443e-06
Completed 34 % :  mod = 3.4785943854285028e-12,  Error =2.0242264326952863e-06
Completed 34 % :  mod = 4.137026360317161e-12,  Error =2.0535367184493225e-06
Completed 35 % :  mod = 5.0029432246737135e-12,  Error =2.082822447846411e-06
Completed 35 % :  mod = 6.151798854425089e-12,  Error =2.1120667952345684e-06
Completed 36 % :  mod = 7.725771041845468e-12,  Error =2.1412606656667776e-06
Completed 36 % :  mod = 9.853107854839452e-12,  Error =2.170398147427477e-06
Completed 37 % :  mod = 1.288841008139927e-11,  Error =2.1994624148646835e-06
Completed 37 % :  mod = 1.720875472323449e-11,  Error =2.2283611542661674e-06
Completed 38 % :  mod = 2.3342327867033295e-11,  Error =2.2570147848455235e-06
Completed 38 % :  mod = 3.18433222180884e-11,  Error =2.28525823331438e-06
Completed 39 % :  mod = 4.257514650212169e-11,  Error =2.3127768145059235e-06
Completed 39 % :  mod = 5.338910699796544e-11,  Error =2.3392171897285152e-06
Completed 40 % :  mod = 6.02470648356579e-11,  Error =2.3642132873646915e-06
Completed 40 % :  mod = 6.115313131790905e-11,  Error =2.3878042156866286e-06
Completed 41 % :  mod = 6.115104026859467e-11,  Error =2.410560682619689e-06
Completed 41 % :  mod = 6.114869013927581e-11,  Error =2.4332211978617124e-06
Completed 42 % :  mod = 6.106306402797877e-11,  Error =2.456310085108271e-06
Completed 42 % :  mod = 6.109110946186998e-11,  Error =2.4801224753900897e-06
Completed 43 % :  mod = 6.105326598427191e-11,  Error =2.504790700186277e-06
Completed 43 % :  mod = 6.113584191292008e-11,  Error =2.530203801143216e-06
Completed 44 % :  mod = 6.111200261303179e-11,  Error =2.5562012524460442e-06
Completed 44 % :  mod = 6.000359794689932e-11,  Error =2.582649358373601e-06
Completed 45 % :  mod = 6.114533532785112e-11,  Error =2.6095558496308513e-06
Completed 45 % :  mod = 6.035364293919863e-11,  Error =2.6369266379333567e-06
Completed 46 % :  mod = 6.094427169072904e-11,  Error =2.6647235245036427e-06
Completed 46 % :  mod = 6.115045789338255e-11,  Error =2.692867838050006e-06
Completed 47 % :  mod = 6.102677638732499e-11,  Error =2.7213468456466217e-06
Completed 47 % :  mod = 5.594112564750526e-11,  Error =2.750036401266698e-06
Completed 48 % :  mod = 5.6651806292634505e-11,  Error =2.7789328669314273e-06
Completed 48 % :  mod = 6.110606148634599e-11,  Error =2.8079266485292464e-06
Completed 49 % :  mod = 5.8114397976156815e-11,  Error =2.8370086511131376e-06
Completed 49 % :  mod = 6.112714472028461e-11,  Error =2.8661388569162227e-06
Completed 50 % :  mod = 5.6732511548670945e-11,  Error =2.8952913453395013e-06
Completed 50 % :  mod = 6.018826478775848e-11,  Error =2.9244761208246928e-06
Completed 51 % :  mod = 6.018730288291856e-11,  Error =2.9536790862039197e-06
Completed 51 % :  mod = 5.306373785947266e-11,  Error =2.9829116101609543e-06
Completed 52 % :  mod = 4.7211203870331925e-11,  Error =3.0121650524961296e-06
Completed 52 % :  mod = 5.6904423122780285e-11,  Error =3.0414794309763238e-06
Completed 53 % :  mod = 6.113021401914138e-11,  Error =3.0708351914654486e-06
Completed 53 % :  mod = 5.789067590150936e-11,  Error =3.1002045943751e-06
Completed 54 % :  mod = 4.8654699971029376e-11,  Error =3.1295730877900496e-06
Completed 54 % :  mod = 3.754906296536933e-11,  Error =3.1589411264576484e-06
Completed 55 % :  mod = 2.7652113330427662e-11,  Error =3.1882905204838607e-06
Completed 55 % :  mod = 2.022808782982488e-11,  Error =3.217627636331599e-06
Completed 56 % :  mod = 1.5096885375015213e-11,  Error =3.246967935410794e-06
Completed 56 % :  mod = 1.1420035934972275e-11,  Error =3.2763073249952868e-06
Completed 57 % :  mod = 8.76303184396398e-12,  Error =3.3056503525585867e-06
Completed 57 % :  mod = 6.91070372237417e-12,  Error =3.3349911063851323e-06
Completed 58 % :  mod = 5.627875399540752e-12,  Error =3.364319127285853e-06
Completed 58 % :  mod = 4.599681991483581e-12,  Error =3.3936607906071004e-06
Completed 59 % :  mod = 3.818400956268454e-12,  Error =3.4229788070661016e-06
Completed 59 % :  mod = 3.2265684704521824e-12,  Error =3.4523186513979454e-06
Completed 60 % :  mod = 2.727744374913709e-12,  Error =3.4816685001715086e-06
Completed 60 % :  mod = 2.3112306308058305e-12,  Error =3.5109806049149483e-06
Completed 61 % :  mod = 1.9620076662091335e-12,  Error =3.540328634699108e-06
Completed 61 % :  mod = 1.6650547231947106e-12,  Error =3.569676664483268e-06
Completed 62 % :  mod = 1.412717812953658e-12,  Error =3.5990001379104797e-06
Completed 62 % :  mod = 1.2009208865846085e-12,  Error =3.628341801231727e-06
Completed 63 % :  mod = 1.02300934053856e-12,  Error =3.657673005363904e-06
Completed 63 % :  mod = 9.328351850425053e-13,  Error =3.687016032927204e-06
Completed 64 % :  mod = 1.0044642768305596e-12,  Error =3.7163572415011004e-06
Completed 64 % :  mod = 1.1815218138528541e-12,  Error =3.7457107282534707e-06
Completed 65 % :  mod = 1.3896781247300115e-12,  Error =3.775060577027034e-06
Completed 65 % :  mod = 1.6342519674094173e-12,  Error =3.8043767744966317e-06
Completed 66 % :  mod = 1.92544180015105e-12,  Error =3.833711161860265e-06
Completed 66 % :  mod = 2.2727842592848168e-12,  Error =3.8630473682133015e-06
Completed 67 % :  mod = 2.6824772131406487e-12,  Error =3.892360837198794e-06
Completed 67 % :  mod = 3.165896427703413e-12,  Error =3.921679763152497e-06
Completed 68 % :  mod = 3.7556283451793466e-12,  Error =3.950990503653884e-06
Completed 68 % :  mod = 4.4738238041849674e-12,  Error =3.980248038715217e-06
Completed 69 % :  mod = 5.440122604363374e-12,  Error =4.009531494375551e-06
Completed 69 % :  mod = 6.821248899472972e-12,  Error =4.0387808439845685e-06
Completed 70 % :  mod = 8.62015033213433e-12,  Error =4.067962436238304e-06
Completed 70 % :  mod = 1.0987587267234515e-11,  Error =4.097058990737423e-06
Completed 71 % :  mod = 1.45546696516155e-11,  Error =4.126033218199154e-06
Completed 71 % :  mod = 1.9693179830054876e-11,  Error =4.154852831561584e-06
Completed 72 % :  mod = 2.6759375683439913e-11,  Error =4.183343662589323e-06
Completed 72 % :  mod = 3.627163989896504e-11,  Error =4.211277428112226e-06
Completed 73 % :  mod = 4.7563182173684745e-11,  Error =4.238384917698568e-06
Completed 73 % :  mod = 5.708781135975467e-11,  Error =4.264217750460375e-06
Completed 74 % :  mod = 6.114742314741285e-11,  Error =4.288589934731135e-06
Completed 74 % :  mod = 6.11660571057113e-11,  Error =4.311749762564432e-06
Completed 75 % :  mod = 6.116368566142173e-11,  Error =4.334391178417718e-06
Completed 75 % :  mod = 6.116243308637381e-11,  Error =4.357189027359709e-06
Completed 76 % :  mod = 6.116324732784507e-11,  Error =4.3805544009956066e-06
Completed 76 % :  mod = 6.113566444118943e-11,  Error =4.404722403705819e-06
Completed 77 % :  mod = 6.116643904541265e-11,  Error =4.429713499121135e-06
Completed 77 % :  mod = 6.115445489349117e-11,  Error =4.455423550098203e-06
Completed 78 % :  mod = 6.115951601839818e-11,  Error =4.481617907003965e-06
Completed 78 % :  mod = 6.104795041147792e-11,  Error =4.508263373281807e-06
Completed 79 % :  mod = 6.107061886116642e-11,  Error =4.535344942269148e-06
Completed 79 % :  mod = 5.871341023459074e-11,  Error =4.5628926272911485e-06
Completed 80 % :  mod = 6.103134765348357e-11,  Error =4.5908500396762975e-06
Completed 80 % :  mod = 6.05029367712497e-11,  Error =4.619145329343155e-06
Completed 81 % :  mod = 5.979233525520106e-11,  Error =4.647735750040738e-06
Completed 81 % :  mod = 5.198156706467564e-11,  Error =4.676522621593904e-06
Completed 82 % :  mod = 5.93861489269246e-11,  Error =4.705493211076828e-06
Completed 82 % :  mod = 6.078265954097135e-11,  Error =4.734531557915034e-06
Completed 83 % :  mod = 6.01079681229428e-11,  Error =4.763613560498925e-06
Completed 83 % :  mod = 6.027032533640478e-11,  Error =4.792771051143063e-06
Completed 84 % :  mod = 5.6931751201981234e-11,  Error =4.821953098144149e-06
Completed 84 % :  mod = 6.11348653799274e-11,  Error =4.851135145145236e-06
Completed 85 % :  mod = 5.786263968758605e-11,  Error =4.880344931734726e-06
Completed 85 % :  mod = 4.8548198751180974e-11,  Error =4.909607469016919e-06
Completed 86 % :  mod = 5.176870372097884e-11,  Error =4.938917754770955e-06
Completed 86 % :  mod = 5.947209016163291e-11,  Error =4.968281245965045e-06
Completed 87 % :  mod = 6.073809194050038e-11,  Error =4.9976742957369424e-06
Completed 87 % :  mod = 5.4471441546818825e-11,  Error =5.027050065109506e-06
Completed 88 % :  mod = 4.3999676425877865e-11,  Error =5.056419013271807e-06
Completed 88 % :  mod = 3.317389775563478e-11,  Error =5.085784778202651e-06
Completed 89 % :  mod = 2.4152517293515774e-11,  Error =5.115125532029197e-06
Completed 89 % :  mod = 1.7828862500828193e-11,  Error =5.144470833329251e-06
Completed 90 % :  mod = 1.348918683110042e-11,  Error =5.17379794473527e-06
Completed 90 % :  mod = 1.0173419018915777e-11,  Error =5.2031564337085e-06
Completed 91 % :  mod = 7.843822076384848e-12,  Error =5.232520379649941e-06
Completed 91 % :  mod = 6.327623686824758e-12,  Error =5.261870683170855e-06
Completed 92 % :  mod = 5.2232045428669235e-12,  Error =5.29123144588084e-06
Completed 92 % :  mod = 4.237877799746352e-12,  Error =5.32056446900242e-06
Completed 93 % :  mod = 3.5668107700453613e-12,  Error =5.349919774744194e-06
Completed 93 % :  mod = 3.0141050323483542e-12,  Error =5.3792646212968975e-06
Completed 94 % :  mod = 2.5519365072070277e-12,  Error =5.4086117415863555e-06
Completed 94 % :  mod = 2.1703740980107955e-12,  Error =5.437957497633761e-06
Completed 95 % :  mod = 1.8485248812040366e-12,  Error =5.467285973281832e-06
Completed 95 % :  mod = 1.8926655248680834e-12,  Error =5.496611265698448e-06
Completed 96 % :  mod = 2.229920452748785e-12,  Error =5.525937012862414e-06
Completed 96 % :  mod = 2.6299094402894095e-12,  Error =5.5552663980051875e-06
Completed 97 % :  mod = 3.097472849542105e-12,  Error =5.584599875874119e-06
Completed 97 % :  mod = 3.689295223554636e-12,  Error =5.61389742870233e-06
Completed 98 % :  mod = 4.364408809769892e-12,  Error =5.64314268558519e-06
Completed 98 % :  mod = 5.236753737474535e-12,  Error =5.672433417203138e-06
Completed 99 % :  mod = 6.582330941505121e-12,  Error =5.701686404790962e-06
Completed 99 % :  mod = 8.395329917089487e-12,  Error =5.7308875511807855e-06
Completed 100 % :  mod = 1.0572721821216908e-11,  Error =5.760024578194134e-06
Finished 36/1 frames
Finished all frames!
