/opt/local/miniconda_23_9/lib/python3.11/site-packages/conda/base/context.py:201: FutureWarning: Adding 'defaults' to channel list implicitly is deprecated and will be removed in 25.3. 

To remove this warning, please choose a default channel explicitly with conda's regular configuration system, e.g. by adding 'defaults' to the list of channels:

  conda config --add channels defaults

For more information see https://docs.conda.io/projects/conda/en/stable/user-guide/configuration/use-condarc.html

  deprecated.topic(
JOB 14238 ARRAY_ID 8  -> i=8 ; range=[1.98e-10, 2.18e-10] ; intervals=20 (frames=21)
Simulation name: run1
Analytic t0 extension enabled (--extend-time-using-t0).
Extending simulation time for p0=2.056e-10 from 1.000e+10 to 2.334e+10
Completed 0 % :  mod = 2.3346512264910567e-16,  Error =0.0
Completed 1 % :  mod = 2.5320181036631064e-16,  Error =1.0280964488629252e-06
Completed 2 % :  mod = 3.1579749393490424e-16,  Error =2.056194716715254e-06
Completed 3 % :  mod = 4.31992477868888e-16,  Error =3.08425069306395e-06
Completed 4 % :  mod = 6.217776105895521e-16,  Error =4.1123344090010505e-06
Completed 5 % :  mod = 9.17856542402424e-16,  Error =5.140425400895765e-06
Completed 6 % :  mod = 1.3713682086928918e-15,  Error =6.16848592471797e-06
Completed 7 % :  mod = 2.0609581651537835e-15,  Error =7.196571004897123e-06
Completed 8 % :  mod = 3.106484380445401e-15,  Error =8.224632892961381e-06
Completed 9 % :  mod = 4.704017163249347e-15,  Error =9.252717518393183e-06
Completed 10 % :  mod = 7.134902149744459e-15,  Error =1.0280815786245512e-05
Completed 11 % :  mod = 1.0832404019979069e-14,  Error =1.1308858120173682e-05
Completed 12 % :  mod = 1.6462052039538286e-14,  Error =1.233694638358429e-05
Completed 13 % :  mod = 2.5042979543836555e-14,  Error =1.3364995993470075e-05
Completed 14 % :  mod = 3.8144098149938284e-14,  Error =1.4393094716069754e-05
Completed 15 % :  mod = 5.818863816396047e-14,  Error =1.542119071018533e-05
Completed 16 % :  mod = 8.894720116007834e-14,  Error =1.6449241229565814e-05
Completed 17 % :  mod = 1.3635605400414282e-13,  Error =1.747733267620788e-05
Completed 18 % :  mod = 2.0988983634828018e-13,  Error =1.8505387743061874e-05
Completed 19 % :  mod = 3.2503633686298843e-13,  Error =1.9533476915967185e-05
Completed 20 % :  mod = 5.078564886196041e-13,  Error =2.0561570636346005e-05
Completed 21 % :  mod = 8.03973209332503e-13,  Error =2.1589607513305964e-05
Completed 22 % :  mod = 1.2972124401023798e-12,  Error =2.261766303490731e-05
Completed 23 % :  mod = 2.1496762339654326e-12,  Error =2.3645619876333512e-05
Completed 24 % :  mod = 3.691974622591425e-12,  Error =2.4673469397384906e-05
Completed 25 % :  mod = 6.71179715006379e-12,  Error =2.5700907372083748e-05
Completed 26 % :  mod = 1.2850912565099676e-11,  Error =2.6727081149147125e-05
Completed 27 % :  mod = 2.5606109265219823e-11,  Error =2.7749302716983948e-05
Completed 28 % :  mod = 5.054639065700396e-11,  Error =2.875702693927451e-05
Completed 29 % :  mod = 8.380064503092998e-11,  Error =2.971806225104956e-05
Completed 30 % :  mod = 9.39809943510429e-11,  Error =3.0597376280638855e-05
Completed 31 % :  mod = 1.064659016961788e-10,  Error =3.141217212032643e-05
Completed 32 % :  mod = 1.1561129906954597e-10,  Error =3.2143307180376723e-05
Completed 33 % :  mod = 1.152715739308509e-10,  Error =3.284731610619929e-05
Completed 34 % :  mod = 1.1470992617834875e-10,  Error =3.355497165102861e-05
Completed 35 % :  mod = 1.1394387266992379e-10,  Error =3.4332421364524635e-05
Completed 36 % :  mod = 1.1275642549724466e-10,  Error =3.518864969009883e-05
Completed 37 % :  mod = 1.1131423564902457e-10,  Error =3.6091193123866105e-05
Completed 38 % :  mod = 1.101949312453003e-10,  Error =3.7016160604252946e-05
Completed 39 % :  mod = 1.109712879092633e-10,  Error =3.795766861003358e-05
Completed 40 % :  mod = 1.0863534027794507e-10,  Error =3.891887899953872e-05
Completed 41 % :  mod = 1.0814648035013885e-10,  Error =3.990043887824868e-05
Completed 42 % :  mod = 9.340698645607011e-11,  Error =4.089917956662248e-05
Completed 43 % :  mod = 8.225873668818478e-11,  Error =4.190809841020382e-05
Completed 44 % :  mod = 5.518175813286232e-11,  Error =4.291842697057291e-05
Completed 45 % :  mod = 7.164617152148733e-11,  Error =4.3906788050662726e-05
Completed 46 % :  mod = 1.0146444102021914e-10,  Error =4.481524319999153e-05
Completed 47 % :  mod = 1.0105665535805128e-10,  Error =4.564465280054719e-05
Completed 48 % :  mod = 1.1921694989965016e-10,  Error =4.640901352104265e-05
Completed 49 % :  mod = 1.190441206528775e-10,  Error =4.713023508884362e-05
Completed 50 % :  mod = 1.1849604296017697e-10,  Error =4.786200906892191e-05
Completed 51 % :  mod = 1.1823478907182617e-10,  Error =4.8628604872646974e-05
Completed 52 % :  mod = 1.1793020051912406e-10,  Error =4.948317200614838e-05
Completed 53 % :  mod = 1.1343990967163089e-10,  Error =5.04025888403703e-05
Completed 54 % :  mod = 1.1499020222313552e-10,  Error =5.135989567861543e-05
Completed 55 % :  mod = 1.0381178370179428e-10,  Error =5.233615320321405e-05
Completed 56 % :  mod = 1.0425795575690293e-10,  Error =5.3315385230234824e-05
Completed 57 % :  mod = 1.1213501744502948e-10,  Error =5.428696567832958e-05
Completed 58 % :  mod = 1.1147397999104213e-10,  Error =5.5247070122277364e-05
Completed 59 % :  mod = 1.1157134805291788e-10,  Error =5.619902867692872e-05
Completed 60 % :  mod = 1.0526057894808636e-10,  Error =5.714153940061806e-05
Completed 61 % :  mod = 1.0661861563702432e-10,  Error =5.804694592370652e-05
Completed 62 % :  mod = 1.073323581775335e-10,  Error =5.8874449223367264e-05
Completed 63 % :  mod = 1.1565993080276109e-10,  Error =5.9645016790454974e-05
Completed 64 % :  mod = 1.159886396631166e-10,  Error =6.036470722392551e-05
Completed 65 % :  mod = 1.1554433163155384e-10,  Error =6.109720925451256e-05
Completed 66 % :  mod = 1.165614776092541e-10,  Error =6.185782058309997e-05
Completed 67 % :  mod = 1.1651317523739398e-10,  Error =6.26755686425895e-05
Completed 68 % :  mod = 1.0311116158115664e-10,  Error =6.356457379297353e-05
Completed 69 % :  mod = 1.177208286812456e-10,  Error =6.45039408482262e-05
Completed 70 % :  mod = 1.0424102621070746e-10,  Error =6.547977363879909e-05
Completed 71 % :  mod = 1.0329990416989265e-10,  Error =6.647828604400274e-05
Completed 72 % :  mod = 1.0051064882489967e-10,  Error =6.74865168548422e-05
Completed 73 % :  mod = 1.1409131275844438e-10,  Error =6.850073350506136e-05
Completed 74 % :  mod = 9.703066933409015e-11,  Error =6.951586829018197e-05
Completed 75 % :  mod = 1.0053466809330623e-10,  Error =7.0525832597923e-05
Completed 76 % :  mod = 1.1660562343554392e-10,  Error =7.153180331442854e-05
Completed 77 % :  mod = 1.1882288685535095e-10,  Error =7.252765590237686e-05
Completed 78 % :  mod = 1.0389645069554534e-10,  Error =7.349075940510374e-05
Completed 79 % :  mod = 1.027632925541522e-10,  Error =7.440810622938443e-05
Completed 80 % :  mod = 1.1664755719567217e-10,  Error =7.52802779970807e-05
Completed 81 % :  mod = 1.1759032970056416e-10,  Error =7.608687519677915e-05
Completed 82 % :  mod = 1.1988720113376086e-10,  Error =7.685165473958477e-05
Completed 83 % :  mod = 1.191872026674659e-10,  Error =7.758971105431556e-05
Completed 84 % :  mod = 1.1823209110158813e-10,  Error =7.83472423790954e-05
Completed 85 % :  mod = 1.1049945825983973e-10,  Error =7.91453217061644e-05
Completed 86 % :  mod = 1.1093880764745016e-10,  Error =7.999502076927456e-05
Completed 87 % :  mod = 1.1068534494174053e-10,  Error =8.089676157396752e-05
Completed 88 % :  mod = 1.0436361954187464e-10,  Error =8.183508816728136e-05
Completed 89 % :  mod = 1.0863307009965292e-10,  Error =8.279005351141677e-05
Completed 90 % :  mod = 1.1283192563133837e-10,  Error =8.375371817237465e-05
Completed 91 % :  mod = 1.0468617364735213e-10,  Error =8.47215801513812e-05
Completed 92 % :  mod = 1.0929696716040427e-10,  Error =8.567489339839085e-05
Completed 93 % :  mod = 1.0554028175390128e-10,  Error =8.659537843414e-05
Completed 94 % :  mod = 1.1600076705760744e-10,  Error =8.747944639253546e-05
Completed 95 % :  mod = 1.163488649808448e-10,  Error =8.832262028590776e-05
Completed 96 % :  mod = 1.1826070220408817e-10,  Error =8.915055059333099e-05
Completed 97 % :  mod = 1.181438726362931e-10,  Error =8.994742211143603e-05
Completed 98 % :  mod = 1.1505433204335871e-10,  Error =9.074768740902073e-05
Completed 99 % :  mod = 1.1881217460229693e-10,  Error =9.156950955002685e-05
Completed 100 % :  mod = 1.1641386913797341e-10,  Error =9.241803081749822e-05
Finished 9/21 frames
Finished all frames!
