/opt/local/miniconda_23_9/lib/python3.11/site-packages/conda/base/context.py:201: FutureWarning: Adding 'defaults' to channel list implicitly is deprecated and will be removed in 25.3. 

To remove this warning, please choose a default channel explicitly with conda's regular configuration system, e.g. by adding 'defaults' to the list of channels:

  conda config --add channels defaults

For more information see https://docs.conda.io/projects/conda/en/stable/user-guide/configuration/use-condarc.html

  deprecated.topic(
JOB 14676 ARRAY_ID 0  -> i=0 ; range=[1.3e-10, 1.3e-10] ; intervals=0 (frames=1)
Simulation name: run1
Analytic t0 extension enabled (--extend-time-using-t0).
Completed 0 % :  mod = 1.47605323082919e-16,  Error =0.0
Completed 0 % :  mod = 7.949103550508461e-17,  Error =2.4550899979658425e-08
Completed 0 % :  mod = 1.3981148109557232e-16,  Error =4.909952622256242e-08
Completed 1 % :  mod = 1.034019478050755e-16,  Error =7.365088094957173e-08
Completed 1 % :  mod = 1.1756850255527462e-16,  Error =9.818313628784381e-08
Completed 2 % :  mod = 1.2877046168732204e-16,  Error =1.227181201102212e-07
Completed 2 % :  mod = 8.681793920652394e-17,  Error =1.4726174413226545e-07
Completed 3 % :  mod = 1.4229997864330357e-16,  Error =1.7180627764901146e-07
Completed 3 % :  mod = 7.25784382932359e-17,  Error =1.9634853742900304e-07
Completed 4 % :  mod = 1.4059140508652535e-16,  Error =2.20881247514626e-07
Completed 4 % :  mod = 8.053427543514255e-17,  Error =2.454462446621619e-07
Completed 5 % :  mod = 1.2361647584186611e-16,  Error =2.6998304747394286e-07
Completed 5 % :  mod = 1.0805618565921745e-16,  Error =2.945275809906889e-07
Completed 6 % :  mod = 9.35740943340599e-17,  Error =3.190825736965053e-07
Completed 6 % :  mod = 1.2690624742914827e-16,  Error =3.436298356973566e-07
Completed 7 % :  mod = 5.868122461402473e-17,  Error =3.681921043607872e-07
Completed 7 % :  mod = 1.3154916262827045e-16,  Error =3.9273163565667346e-07
Completed 8 % :  mod = 5.142370058306571e-17,  Error =4.172793524048757e-07
Completed 8 % :  mod = 1.2078830551948033e-16,  Error =4.418379830894992e-07
Completed 9 % :  mod = 7.924911485101732e-17,  Error =4.664088919525966e-07
Completed 9 % :  mod = 9.569354659566912e-17,  Error =4.909616109216586e-07
Completed 10 % :  mod = 1.0293350735917574e-16,  Error =5.155129656486679e-07
Completed 10 % :  mod = 5.945067262101372e-17,  Error =5.400520421972033e-07
Completed 11 % :  mod = 1.152367180969043e-16,  Error =5.646074896503706e-07
Completed 11 % :  mod = 2.363080785147481e-17,  Error =5.891470209462568e-07
Completed 12 % :  mod = 1.1233281995812596e-16,  Error =6.137051968835294e-07
Completed 12 % :  mod = 4.4745774872889816e-17,  Error =6.382451829267666e-07
Completed 13 % :  mod = 9.388846789307708e-17,  Error =6.627865332120564e-07
Completed 13 % :  mod = 7.470111966116137e-17,  Error =6.87356532580452e-07
Completed 14 % :  mod = 6.210423922985875e-17,  Error =7.119147085177246e-07
Completed 14 % :  mod = 9.528494237902871e-17,  Error =7.364760676864535e-07
Completed 15 % :  mod = 2.665259871798514e-17,  Error =7.610060492879711e-07
Completed 15 % :  mod = 1.0876109625933323e-16,  Error =7.855373951315414e-07
Completed 16 % :  mod = 2.4038541253725355e-17,  Error =8.101087587419897e-07
Completed 16 % :  mod = 1.0654367231238292e-16,  Error =8.346405593329109e-07
Completed 17 % :  mod = 6.534582403094209e-17,  Error =8.591873665864114e-07
Completed 17 % :  mod = 8.954364620114368e-17,  Error =8.8373326434521e-07
Completed 18 % :  mod = 9.892341645132718e-17,  Error =9.082868928089738e-07
Completed 18 % :  mod = 6.250952552166464e-17,  Error =9.328578016720712e-07
Completed 19 % :  mod = 1.197866803739557e-16,  Error =9.574187060934491e-07
Completed 19 % :  mod = 4.1253677492716603e-17,  Error =9.819614206207916e-07
Completed 20 % :  mod = 1.2569764845947306e-16,  Error =1.0065059541375376e-06
Completed 20 % :  mod = 6.329539249512613e-17,  Error =1.031053216138389e-06
Completed 21 % :  mod = 1.1659877695798884e-16,  Error =1.0556195775279775e-06
Completed 21 % :  mod = 9.970879430255271e-17,  Error =1.080165930034127e-06
Completed 22 % :  mod = 9.42393732117634e-17,  Error =1.1047086445614696e-06
Completed 22 % :  mod = 1.2638256786194223e-16,  Error =1.1292408998997416e-06
Completed 23 % :  mod = 6.689106570929047e-17,  Error =1.1538013495737687e-06
Completed 23 % :  mod = 1.3906783068053976e-16,  Error =1.1783399713749532e-06
Completed 24 % :  mod = 6.786157283715875e-17,  Error =1.2028795026708394e-06
Completed 24 % :  mod = 1.3628454121363715e-16,  Error =1.2274213077034801e-06
Completed 25 % :  mod = 9.45905447792094e-17,  Error =1.2519653864728753e-06
Completed 25 % :  mod = 1.1881568427894782e-16,  Error =1.276506736758165e-06
Completed 26 % :  mod = 1.2450347546798199e-16,  Error =1.3010544535063673e-06
Completed 26 % :  mod = 9.180448973732629e-17,  Error =1.3255926205602009e-06
Completed 27 % :  mod = 1.4296956857956454e-16,  Error =1.3501321518560871e-06
Completed 27 % :  mod = 7.83162630008852e-17,  Error =1.3746639524470083e-06
Completed 28 % :  mod = 1.4636984291468493e-16,  Error =1.399217580910772e-06
Completed 28 % :  mod = 8.476030918312602e-17,  Error =1.4237680261430796e-06
Completed 29 % :  mod = 1.3431516996573135e-16,  Error =1.4483289305644576e-06
Completed 29 % :  mod = 1.132874647603752e-16,  Error =1.4728802852914669e-06
Completed 30 % :  mod = 1.0920843331155401e-16,  Error =1.4974330042605288e-06
Completed 30 % :  mod = 1.3657270803648741e-16,  Error =1.5219748092931695e-06
Completed 31 % :  mod = 8.052625400624868e-17,  Error =1.5465307114936877e-06
Completed 31 % :  mod = 1.4593154301745144e-16,  Error =1.5710975276306272e-06
Completed 32 % :  mod = 7.612951189332534e-17,  Error =1.5956275092321448e-06
Completed 32 % :  mod = 1.3975933562975698e-16,  Error =1.620171133254189e-06
Completed 33 % :  mod = 9.41209964282767e-17,  Error =1.644719759497093e-06
Completed 33 % :  mod = 1.1878285684085683e-16,  Error =1.6692629287717864e-06
Completed 34 % :  mod = 1.2006581097239685e-16,  Error =1.6938188309723046e-06
Completed 34 % :  mod = 8.706655624954136e-17,  Error =1.7183674572152086e-06
Completed 35 % :  mod = 1.350827126138781e-16,  Error =1.7429188119422179e-06
Completed 35 % :  mod = 6.256155254555602e-17,  Error =1.7674601622275077e-06
Completed 36 % :  mod = 1.3518799879888206e-16,  Error =1.7920119717018679e-06
Completed 36 % :  mod = 6.628363632811133e-17,  Error =1.8165615074394736e-06
Completed 37 % :  mod = 1.1993436147820815e-16,  Error =1.8411196833767463e-06
Completed 37 % :  mod = 9.4659803991513e-17,  Error =1.8656487554835621e-06
Completed 38 % :  mod = 9.112697018921945e-17,  Error =1.89019419849501e-06
Completed 38 % :  mod = 1.149595059370988e-16,  Error =1.914742369990563e-06
Completed 39 % :  mod = 5.31684387347187e-17,  Error =1.9392887224967126e-06
Completed 39 % :  mod = 1.2197711109107292e-16,  Error =1.963824161066441e-06
Completed 40 % :  mod = 3.3571596291522265e-17,  Error =1.988376425288152e-06
Completed 40 % :  mod = 1.139986079079126e-16,  Error =2.012921413552249e-06
Completed 41 % :  mod = 6.245858892861575e-17,  Error =2.03745321414317e-06
Completed 41 % :  mod = 9.089769805729629e-17,  Error =2.0620068426069338e-06
Completed 42 % :  mod = 8.896679432678939e-17,  Error =2.086562744807452e-06
Completed 42 % :  mod = 5.559476295776742e-17,  Error =2.1111059140821453e-06
Completed 43 % :  mod = 1.0386453470737052e-16,  Error =2.1356486286094878e-06
Completed 43 % :  mod = 1.2879396007906708e-17,  Error =2.160209078283515e-06
Completed 44 % :  mod = 1.0374604553071809e-16,  Error =2.184749064326752e-06
Completed 44 % :  mod = 3.154446705394738e-17,  Error =2.2093045117799193e-06
Completed 45 % :  mod = 9.604305651236086e-17,  Error =2.2338604139804374e-06
Completed 45 % :  mod = 7.143654254777151e-17,  Error =2.2583999452763237e-06
Completed 46 % :  mod = 7.485174423592481e-17,  Error =2.2829453882877715e-06
Completed 46 % :  mod = 1.0142664045060008e-16,  Error =2.307479917362798e-06
Completed 47 % :  mod = 4.472634398671064e-17,  Error =2.3320376385527197e-06
Completed 47 % :  mod = 1.175755134279539e-16,  Error =2.3565721676277462e-06
Completed 48 % :  mod = 3.2369595586497026e-17,  Error =2.381133526796475e-06
Completed 48 % :  mod = 1.1801083506139188e-16,  Error =2.4056794245552737e-06
Completed 49 % :  mod = 6.954379236792225e-17,  Error =2.430218501103809e-06
Completed 49 % :  mod = 1.0433438901173227e-16,  Error =2.4547689463361166e-06
Completed 50 % :  mod = 1.04172863023676e-16,  Error =2.479304384905845e-06
Completed 50 % :  mod = 7.885153700364104e-17,  Error =2.5038516469066963e-06
Completed 51 % :  mod = 1.2702741067392593e-16,  Error =2.5283984541601967e-06
Completed 51 % :  mod = 5.644433814123682e-17,  Error =2.5529475351504516e-06
Completed 52 % :  mod = 1.3521077681971115e-16,  Error =2.5775052563403733e-06
Completed 52 % :  mod = 6.748596935294766e-17,  Error =2.602058884804137e-06
Completed 53 % :  mod = 1.2798684397304244e-16,  Error =2.626600235089427e-06
Completed 53 % :  mod = 1.0143524804035552e-16,  Error =2.6511333999224007e-06
Completed 54 % :  mod = 1.0687976613502088e-16,  Error =2.675672021723585e-06
Completed 54 % :  mod = 1.2935746560103298e-16,  Error =2.700197001104243e-06
Completed 55 % :  mod = 7.962592860386215e-17,  Error =2.724745172599796e-06
Completed 55 % :  mod = 1.4373412396832664e-16,  Error =2.7492887966218404e-06
Completed 56 % :  mod = 7.588765343290036e-17,  Error =2.773846972559113e-06
Completed 56 % :  mod = 1.4268483910574974e-16,  Error =2.7983815016341396e-06
Completed 57 % :  mod = 9.306130971779816e-17,  Error =2.822920123435324e-06
Completed 57 % :  mod = 1.265764349575881e-16,  Error =2.84746465695207e-06
Completed 58 % :  mod = 1.2230914340520444e-16,  Error =2.8720232876366936e-06
Completed 58 % :  mod = 9.97498107253104e-17,  Error =2.896586465794826e-06
Completed 59 % :  mod = 1.4209246735855e-16,  Error =2.9211319088062737e-06
Completed 59 % :  mod = 7.943677452485266e-17,  Error =2.9456932679750025e-06
Completed 60 % :  mod = 1.471200742235746e-16,  Error =2.970235982502345e-06
Completed 60 % :  mod = 7.994301200656605e-17,  Error =2.994784153997898e-06
Completed 61 % :  mod = 1.3658805895769275e-16,  Error =3.0193309612513985e-06
Completed 61 % :  mod = 1.0615480509044713e-16,  Error =3.0438841349678114e-06
Completed 62 % :  mod = 1.1196581279333446e-16,  Error =3.0684273042425048e-06
Completed 62 % :  mod = 1.3007045651496248e-16,  Error =3.092979113716865e-06
Completed 63 % :  mod = 8.032798496557552e-17,  Error =3.11754365611705e-06
Completed 63 % :  mod = 1.4099437894323005e-16,  Error =3.142083642160287e-06
Completed 64 % :  mod = 6.82837487095069e-17,  Error =3.1666277209296823e-06
Completed 64 % :  mod = 1.365559700367924e-16,  Error =3.1911713449517265e-06
Completed 65 % :  mod = 8.162039987197405e-17,  Error =3.2157281566469464e-06
Completed 65 % :  mod = 1.1706519349972483e-16,  Error =3.2402681426901836e-06
Completed 66 % :  mod = 1.0848620511662777e-16,  Error =3.2648285923642106e-06
Completed 66 % :  mod = 8.503442013941747e-17,  Error =3.2893890420382377e-06
Completed 67 % :  mod = 1.2505102234948627e-16,  Error =3.3139540391857736e-06
Completed 67 % :  mod = 4.9814647659024366e-17,  Error =3.3385099413862918e-06
Completed 68 % :  mod = 1.271348665536766e-16,  Error =3.363061750860652e-06
Completed 68 % :  mod = 4.95605985726231e-17,  Error =3.387621745787328e-06
Completed 69 % :  mod = 1.1387213023449445e-16,  Error =3.4121776479878463e-06
Completed 69 % :  mod = 7.912110823763444e-17,  Error =3.4367244552413467e-06
Completed 70 % :  mod = 8.666248431057349e-17,  Error =3.4612812669365667e-06
Completed 70 % :  mod = 1.0172366125963074e-16,  Error =3.485833076410927e-06
Completed 71 % :  mod = 4.896998784124869e-17,  Error =3.510393071337603e-06
Completed 71 % :  mod = 1.1194465382345809e-16,  Error =3.534953975758981e-06
Completed 72 % :  mod = 1.4628565934787812e-17,  Error =3.5595166991697624e-06
Completed 72 % :  mod = 1.0662551738789925e-16,  Error =3.584074875107035e-06
Completed 73 % :  mod = 4.552445214756336e-17,  Error =3.608619408623781e-06
Completed 73 % :  mod = 8.599044431703693e-17,  Error =3.633188953244826e-06
Completed 74 % :  mod = 7.639873798620816e-17,  Error =3.6577348510036245e-06
Completed 74 % :  mod = 5.889138877040034e-17,  Error =3.6822716538154054e-06
Completed 75 % :  mod = 1.0221016650292804e-16,  Error =3.706821189553011e-06
Completed 75 % :  mod = 2.6194873518041612e-17,  Error =3.7313802749849856e-06
Completed 76 % :  mod = 1.1337325378135339e-16,  Error =3.7559284464805387e-06
Completed 76 % :  mod = 3.5028349393264596e-17,  Error =3.7804829844390042e-06
Completed 77 % :  mod = 1.087842653297969e-16,  Error =3.805055712291505e-06
Completed 77 % :  mod = 7.53466736933755e-17,  Error =3.829616161965532e-06
Completed 78 % :  mod = 9.031635893491405e-17,  Error =3.854180704365717e-06
Completed 78 % :  mod = 1.0688808219530918e-16,  Error =3.878737061313586e-06
Completed 79 % :  mod = 6.214869708585618e-17,  Error =3.903296601492912e-06
Completed 79 % :  mod = 1.2553749409196876e-16,  Error =3.9278452277358156e-06
Completed 80 % :  mod = 4.8892250389557936e-17,  Error =3.95237339034793e-06
Completed 80 % :  mod = 1.29082917428089e-16,  Error =3.976909283665009e-06
Completed 81 % :  mod = 7.287252902174175e-17,  Error =4.001459728897316e-06
Completed 81 % :  mod = 1.1754468440652404e-16,  Error =4.026016540592536e-06
Completed 82 % :  mod = 1.0762971253188831e-16,  Error =4.0505724427930545e-06
Completed 82 % :  mod = 9.31620780490915e-17,  Error =4.07511652156245e-06
Completed 83 % :  mod = 1.3204745498850148e-16,  Error =4.099660600331845e-06
Completed 83 % :  mod = 6.872459451356945e-17,  Error =4.1242219595005736e-06
Completed 84 % :  mod = 1.4209151387779767e-16,  Error =4.148774223722285e-06
Completed 84 % :  mod = 7.246989446418456e-17,  Error =4.173358320258558e-06
Completed 85 % :  mod = 1.3661209817046204e-16,  Error =4.197913767711725e-06
Completed 85 % :  mod = 1.0128955584018715e-16,  Error =4.222462393954629e-06
Completed 86 % :  mod = 1.1672564583613795e-16,  Error =4.24703011958627e-06
Completed 86 % :  mod = 1.2935280940136492e-16,  Error =4.271585567039438e-06
Completed 87 % :  mod = 8.889022139030474e-17,  Error =4.2961423787346575e-06
Completed 87 % :  mod = 1.4523606268990908e-16,  Error =4.320697371440474e-06
Completed 88 % :  mod = 7.943965311338435e-17,  Error =4.34523690273636e-06
Completed 88 % :  mod = 1.4584636533464471e-16,  Error =4.369789621705422e-06
Completed 89 % :  mod = 8.87146635756262e-17,  Error =4.3943291530013084e-06
Completed 89 % :  mod = 1.3113331427401803e-16,  Error =4.418880052980967e-06
Completed 90 % :  mod = 1.1691791409505734e-16,  Error =4.443435045686783e-06
Completed 90 % :  mod = 1.0421259287038844e-16,  Error =4.4679909478873014e-06
Completed 91 % :  mod = 1.3789875579639961e-16,  Error =4.492545485845767e-06
Completed 91 % :  mod = 7.62329247727358e-17,  Error =4.517109573498601e-06
Completed 92 % :  mod = 1.4454228149474248e-16,  Error =4.541636826616013e-06
Completed 92 % :  mod = 7.291127214538099e-17,  Error =4.566190909827128e-06
Completed 93 % :  mod = 1.356345055168642e-16,  Error =4.590753178490559e-06
Completed 93 % :  mod = 9.560875804964181e-17,  Error =4.615308625943726e-06
Completed 94 % :  mod = 1.1223709530891887e-16,  Error =4.639874532585964e-06
Completed 94 % :  mod = 1.2049685422091156e-16,  Error =4.664421339839464e-06
Completed 95 % :  mod = 7.878077956045294e-17,  Error =4.688949502451578e-06
Completed 95 % :  mod = 1.3304068755953115e-16,  Error =4.713485850516008e-06
Completed 96 % :  mod = 5.641213775774893e-17,  Error =4.7380490286741406e-06
Completed 96 % :  mod = 1.3049974060880823e-16,  Error =4.762608114106115e-06
Completed 97 % :  mod = 6.632361262294752e-17,  Error =4.787168563780142e-06
Completed 97 % :  mod = 1.1276352349390285e-16,  Error =4.811719918507151e-06
Completed 98 % :  mod = 9.445680575248273e-17,  Error =4.836268090002704e-06
Completed 98 % :  mod = 8.195600395199058e-17,  Error =4.86081762574031e-06
Completed 99 % :  mod = 1.1276015986733948e-16,  Error =4.8853589760256e-06
Completed 99 % :  mod = 4.2579543169496466e-17,  Error =4.9099135139840655e-06
Finished 1/1 frames
Finished all frames!
