/opt/local/miniconda_23_9/lib/python3.11/site-packages/conda/base/context.py:201: FutureWarning: Adding 'defaults' to channel list implicitly is deprecated and will be removed in 25.3. 

To remove this warning, please choose a default channel explicitly with conda's regular configuration system, e.g. by adding 'defaults' to the list of channels:

  conda config --add channels defaults

For more information see https://docs.conda.io/projects/conda/en/stable/user-guide/configuration/use-condarc.html

  deprecated.topic(
JOB 15213 ARRAY_ID 0  -> i=2 ; range=[1.25e-10, 1.25e-10] ; intervals=0 (frames=1)
Simulation name: hysteresis_upsweep
Analytic t0 extension enabled (--extend-time-using-t0).
Restarting from complex psi index 1 (--restart-from-index).
Using final frame from existing outputs as initial condition: psi_not_squared1_1.225e-10.out
Completed 0 % :  mod = 2.9078939019357015e-17,  Error =0.0
Completed 0 % :  mod = 5.508326657191215e-17,  Error =-2.9640639240824385e-05
Completed 0 % :  mod = 7.554801136732608e-17,  Error =-2.9343952974159038e-05
Completed 1 % :  mod = 9.713971928189507e-17,  Error =-2.904727625718806e-05
Completed 1 % :  mod = 1.1000133690369133e-16,  Error =-2.8750597721227678e-05
Completed 2 % :  mod = 1.1876628805129587e-16,  Error =-2.8453907361836173e-05
Completed 2 % :  mod = 1.2481031904678672e-16,  Error =-2.8157226097391685e-05
Completed 3 % :  mod = 1.240768710774294e-16,  Error =-2.7860557111125672e-05
Completed 3 % :  mod = 1.2219590904848962e-16,  Error =-2.7563865842239466e-05
Completed 4 % :  mod = 1.161466579229481e-16,  Error =-2.7267182758805575e-05
Completed 4 % :  mod = 1.0942023228701275e-16,  Error =-2.697049285416142e-05
Completed 5 % :  mod = 1.0402533117382531e-16,  Error =-2.667379976628581e-05
Completed 5 % :  mod = 1.1130389350968885e-16,  Error =-2.6377109406894306e-05
Completed 6 % :  mod = 1.267084620823383e-16,  Error =-2.6080436782649485e-05
Completed 6 % :  mod = 1.4144066118507346e-16,  Error =-2.5783753699215595e-05
Completed 7 % :  mod = 1.4878245511981572e-16,  Error =-2.5487076072749915e-05
Completed 7 % :  mod = 1.5743061684352905e-16,  Error =-2.5190393444063375e-05
Completed 8 % :  mod = 1.6078177831205608e-16,  Error =-2.4893722184060607e-05
Completed 8 % :  mod = 1.5560158929764964e-16,  Error =-2.4597043648100225e-05
Completed 9 % :  mod = 1.5002533984700185e-16,  Error =-2.430036283840309e-05
Completed 9 % :  mod = 1.3903604662739393e-16,  Error =-2.400369021415827e-05
Completed 10 % :  mod = 1.2233183436527406e-16,  Error =-2.370699257880915e-05
Completed 10 % :  mod = 1.0362986434307105e-16,  Error =-2.3410322228301084e-05
Completed 11 % :  mod = 8.73084188458694e-17,  Error =-2.3113619590731105e-05
Completed 11 % :  mod = 8.375830730853115e-17,  Error =-2.2816936507297214e-05
Completed 12 % :  mod = 8.821392089962565e-17,  Error =-2.252023705295869e-05
Completed 12 % :  mod = 9.451886601191528e-17,  Error =-2.2223556243261555e-05
Completed 13 % :  mod = 9.890181695607583e-17,  Error =-2.192685997215449e-05
Completed 13 % :  mod = 1.0087706123802954e-16,  Error =-2.1630175069731195e-05
Completed 14 % :  mod = 1.0131298418007407e-16,  Error =-2.1333496988518164e-05
Completed 14 % :  mod = 1.0071377914553281e-16,  Error =-2.1036815724073676e-05
Completed 15 % :  mod = 9.417833234903824e-17,  Error =-2.07401399165974e-05
Completed 15 % :  mod = 8.237335570700631e-17,  Error =-2.0443458197405562e-05
Completed 16 % :  mod = 6.433097821278338e-17,  Error =-2.0146776023466373e-05
Completed 16 % :  mod = 4.680391206140081e-17,  Error =-1.9850087937811622e-05
Completed 17 % :  mod = 4.020315077354632e-17,  Error =-1.955340394488303e-05
Completed 17 % :  mod = 5.104311995310889e-17,  Error =-1.925671676872298e-05
Completed 18 % :  mod = 7.163775991864174e-17,  Error =-1.896003277579439e-05
Completed 18 % :  mod = 9.25554234259536e-17,  Error =-1.866334559963434e-05
Completed 19 % :  mod = 1.11840760041919e-16,  Error =-1.8366680706094485e-05
Completed 19 % :  mod = 1.2494413556999703e-16,  Error =-1.8069993075187085e-05
Completed 20 % :  mod = 1.350761922076033e-16,  Error =-1.7773309537005844e-05
Completed 20 % :  mod = 1.415685330197153e-16,  Error =-1.747663463902427e-05
Completed 21 % :  mod = 1.4352393179120778e-16,  Error =-1.7179946098622167e-05
Completed 21 % :  mod = 1.4082299384115154e-16,  Error =-1.6883271200640593e-05
Completed 22 % :  mod = 1.345529237491617e-16,  Error =-1.6586589481448755e-05
Completed 22 % :  mod = 1.2563097005068062e-16,  Error =-1.6289912764477776e-05
Completed 23 % :  mod = 1.1661924564564404e-16,  Error =-1.5993220586096868e-05
Completed 23 % :  mod = 1.1289524983510282e-16,  Error =-1.569653886690503e-05
Completed 24 % :  mod = 1.2324036994883048e-16,  Error =-1.5399853054987034e-05
Completed 24 % :  mod = 1.360846164158716e-16,  Error =-1.5103189525689231e-05
Completed 25 % :  mod = 1.435630038225381e-16,  Error =-1.480650598750799e-05
Completed 25 % :  mod = 1.5052852813418221e-16,  Error =-1.45098238135688e-05
Completed 26 % :  mod = 1.5037345555077113e-16,  Error =-1.4213138911145506e-05
Completed 26 % :  mod = 1.463489171580425e-16,  Error =-1.3916446278017247e-05
Completed 27 % :  mod = 1.3899483866062564e-16,  Error =-1.3619772744277725e-05
Completed 27 % :  mod = 1.2616866934699246e-16,  Error =-1.3323100120032905e-05
Completed 28 % :  mod = 1.110948716380404e-16,  Error =-1.3026427041040733e-05
Completed 28 % :  mod = 9.054246999612634e-17,  Error =-1.2729745321848895e-05
Completed 29 % :  mod = 7.049532443782766e-17,  Error =-1.2433074516593479e-05
Completed 29 % :  mod = 5.526453043355244e-17,  Error =-1.2136404620832764e-05
Completed 30 % :  mod = 6.026564973459217e-17,  Error =-1.1839736998808803e-05
Completed 30 % :  mod = 6.588863773328256e-17,  Error =-1.154305800810107e-05
Completed 31 % :  mod = 7.689550931638906e-17,  Error =-1.124635946325725e-05
Completed 31 % :  mod = 9.21433272146585e-17,  Error =-1.0949684565275675e-05
Completed 32 % :  mod = 9.772148228264246e-17,  Error =-1.0653005119820591e-05
Completed 32 % :  mod = 1.027976955212316e-16,  Error =-1.0356334314565174e-05
Completed 33 % :  mod = 9.882212301544123e-17,  Error =-1.0059653504868038e-05
Completed 33 % :  mod = 9.051580014221398e-17,  Error =-9.762970876181498e-06
Completed 34 % :  mod = 8.202375893635026e-17,  Error =-9.466302799410187e-06
Completed 34 % :  mod = 7.656306284326459e-17,  Error =-9.16960607355577e-06
Completed 35 % :  mod = 7.149860921785381e-17,  Error =-8.872909347701352e-06
Completed 35 % :  mod = 7.255507292247312e-17,  Error =-8.57623035699362e-06
Completed 36 % :  mod = 8.848492419005453e-17,  Error =-8.279552275780588e-06
Completed 36 % :  mod = 1.0728600570078394e-16,  Error =-7.982871011336101e-06
Completed 37 % :  mod = 1.2735133692824717e-16,  Error =-7.686185199418105e-06
Completed 37 % :  mod = 1.4133491027966162e-16,  Error =-7.389511665678583e-06
Completed 38 % :  mod = 1.4949459900079796e-16,  Error =-7.092830401234096e-06
Completed 38 % :  mod = 1.560547624709835e-16,  Error =-6.796150955779012e-06
Completed 39 % :  mod = 1.5688798496582698e-16,  Error =-6.499474693555385e-06
Completed 39 % :  mod = 1.5271769853823864e-16,  Error =-6.202781605679775e-06
Completed 40 % :  mod = 1.447773205748e-16,  Error =-5.906118531129323e-06
Completed 40 % :  mod = 1.3323158502507918e-16,  Error =-5.609435902442783e-06
Completed 41 % :  mod = 1.2080029296921866e-16,  Error =-5.312765551934717e-06
Completed 41 % :  mod = 1.0626114158803387e-16,  Error =-5.016085196984932e-06
Completed 42 % :  mod = 1.1268574292542267e-16,  Error =-4.7194084800139535e-06
Completed 42 % :  mod = 1.229764753451883e-16,  Error =-4.422720849106554e-06
Completed 43 % :  mod = 1.2871971519071768e-16,  Error =-4.1260368561779615e-06
Completed 43 % :  mod = 1.3433159617003422e-16,  Error =-3.829356955975527e-06
Completed 44 % :  mod = 1.3487135757591437e-16,  Error =-3.5326879697095137e-06
Completed 44 % :  mod = 1.3123137751791317e-16,  Error =-3.236005341022974e-06
Completed 45 % :  mod = 1.2513669308363687e-16,  Error =-2.939323167083785e-06
Completed 45 % :  mod = 1.120193116817283e-16,  Error =-2.6426469048601575e-06
Completed 46 % :  mod = 9.583866457739601e-17,  Error =-2.3459720068785828e-06
Completed 46 % :  mod = 7.5879502705337e-17,  Error =-2.049285740213236e-06
Completed 47 % :  mod = 5.2737951558370776e-17,  Error =-1.7526085684949066e-06
Completed 47 % :  mod = 2.938074625730343e-17,  Error =-1.4559145711245947e-06
Completed 48 % :  mod = 2.950093099911523e-17,  Error =-1.1592419468797743e-06
Completed 48 % :  mod = 4.9695873156759395e-17,  Error =-8.625720511190593e-07
Completed 49 % :  mod = 6.844150875102937e-17,  Error =-5.658898771798704e-07
Completed 49 % :  mod = 8.628182303050695e-17,  Error =-2.6920406526187435e-07
Completed 50 % :  mod = 9.824796609552263e-17,  Error =2.7475380193209276e-08
Completed 50 % :  mod = 1.0445765267488036e-16,  Error =3.241575541323982e-07
Completed 51 % :  mod = 1.104460417121066e-16,  Error =6.208392733242363e-07
Completed 51 % :  mod = 1.1167347191371568e-16,  Error =9.175269042316359e-07
Completed 52 % :  mod = 1.088093772407243e-16,  Error =1.214196345245e-06
Completed 52 % :  mod = 1.0602656841745637e-16,  Error =1.5108716979739256e-06
Completed 53 % :  mod = 1.0059060512808361e-16,  Error =1.8075547814078163e-06
Completed 53 % :  mod = 9.445578154778802e-17,  Error =2.104226496157935e-06
Completed 54 % :  mod = 1.0407196968471258e-16,  Error =2.400900484644808e-06
Completed 54 % :  mod = 1.174266313091508e-16,  Error =2.697578111110488e-06
Completed 55 % :  mod = 1.3656381181239698e-16,  Error =2.9942789296910632e-06
Completed 55 % :  mod = 1.4722445800622904e-16,  Error =3.290946551715024e-06
Completed 56 % :  mod = 1.5487901658199827e-16,  Error =3.5876214496965986e-06
Completed 56 % :  mod = 1.6272669231079052e-16,  Error =3.884289071720559e-06
Completed 57 % :  mod = 1.5992109130122552e-16,  Error =4.180993983027292e-06
Completed 57 % :  mod = 1.5560212070949442e-16,  Error =4.4776634240406565e-06
Completed 58 % :  mod = 1.467803157323291e-16,  Error =4.7743255890964065e-06
Completed 58 % :  mod = 1.322729180571014e-16,  Error =5.071013220003806e-06
Completed 59 % :  mod = 1.185267206743725e-16,  Error =5.367720859794645e-06
Completed 59 % :  mod = 1.0165213557244874e-16,  Error =5.664398486260325e-06
Completed 60 % :  mod = 9.555690468198028e-17,  Error =5.961076112726005e-06
Completed 60 % :  mod = 1.021853173252427e-16,  Error =6.257754648686387e-06
Completed 61 % :  mod = 1.0856307366678382e-16,  Error =6.55441863273154e-06
Completed 61 % :  mod = 1.1220287081447207e-16,  Error =6.851102170912782e-06
Completed 62 % :  mod = 1.1693378707062677e-16,  Error =7.147774340410251e-06
Completed 62 % :  mod = 1.1341621201059905e-16,  Error =7.444444236170966e-06
Completed 63 % :  mod = 1.0571916152865449e-16,  Error =7.74111822465784e-06
Completed 63 % :  mod = 1.0070110642835577e-16,  Error =8.037807219807291e-06
Completed 64 % :  mod = 8.196199584155276e-17,  Error =8.334488484251779e-06
Completed 64 % :  mod = 6.657741831145355e-17,  Error =8.631144737591967e-06
Completed 65 % :  mod = 4.66177866008066e-17,  Error =8.927820090320893e-06
Completed 65 % :  mod = 2.2838977526182273e-17,  Error =9.224503173754783e-06
Completed 66 % :  mod = 2.6989710282969262e-17,  Error =9.521176707494305e-06
Completed 66 % :  mod = 5.112882025896639e-17,  Error =9.817850241233828e-06
Completed 67 % :  mod = 7.501523296847832e-17,  Error =1.0114520136994543e-05
Completed 67 % :  mod = 9.430147762196115e-17,  Error =1.0411203675175784e-05
Completed 68 % :  mod = 1.1137487382635324e-16,  Error =1.0707898127293447e-05
Completed 68 % :  mod = 1.226272247496186e-16,  Error =1.1004571661032969e-05
Completed 69 % :  mod = 1.3146247213552094e-16,  Error =1.1301252470730105e-05
Completed 69 % :  mod = 1.3291088012225595e-16,  Error =1.1597928278206382e-05
Completed 70 % :  mod = 1.3155065946328765e-16,  Error =1.1894592262251535e-05
Completed 70 % :  mod = 1.2836976573092794e-16,  Error =1.2191271707706619e-05
Completed 71 % :  mod = 1.193946416381538e-16,  Error =1.2487947060435545e-05
Completed 71 % :  mod = 1.1298862131056355e-16,  Error =1.2784641512553208e-05
Completed 72 % :  mod = 1.0936861962890947e-16,  Error =1.3081327324471204e-05
Completed 72 % :  mod = 1.2133330034199974e-16,  Error =1.3378001767705427e-05
Completed 73 % :  mod = 1.3571620749013456e-16,  Error =1.3674671208718792e-05
Completed 73 % :  mod = 1.461577852901884e-16,  Error =1.3971356565889437e-05
Completed 74 % :  mod = 1.5221622246322747e-16,  Error =1.4268032828113064e-05
Completed 74 % :  mod = 1.5903589430845955e-16,  Error =1.4564715911546955e-05
Completed 75 % :  mod = 1.5455004757616897e-16,  Error =1.4861390354781179e-05
Completed 75 % :  mod = 1.4899152047014513e-16,  Error =1.515807389296242e-05
Completed 76 % :  mod = 1.3895016987357201e-16,  Error =1.5454752883670153e-05
Completed 76 % :  mod = 1.2477339820203694e-16,  Error =1.5751451428513974e-05
Completed 77 % :  mod = 1.0783256203350469e-16,  Error =1.6048128600232303e-05
Completed 77 % :  mod = 9.047588867765829e-17,  Error =1.6344817595381755e-05
Completed 78 % :  mod = 7.143858211666812e-17,  Error =1.6641474303469295e-05
Completed 78 % :  mod = 7.747012832007735e-17,  Error =1.6938156932155835e-05
Completed 79 % :  mod = 8.248809863436328e-17,  Error =1.7234839560842374e-05
Completed 79 % :  mod = 8.812491492154644e-17,  Error =1.7531524008518318e-05
Completed 80 % :  mod = 9.321028091361348e-17,  Error =1.7828206182457507e-05
Completed 80 % :  mod = 9.80938125097721e-17,  Error =1.812488562791259e-05
Completed 81 % :  mod = 1.0367414730206771e-16,  Error =1.842156780185178e-05
Completed 81 % :  mod = 9.915330229956606e-17,  Error =1.871824588306481e-05
Completed 82 % :  mod = 8.910100494986279e-17,  Error =1.9014929875993403e-05
Completed 82 % :  mod = 7.605650110675108e-17,  Error =1.9311617961648153e-05
Completed 83 % :  mod = 6.218987718697758e-17,  Error =1.9608291040640324e-05
Completed 83 % :  mod = 5.662237160409115e-17,  Error =1.9904953660443425e-05
Completed 84 % :  mod = 5.156516377065361e-17,  Error =2.020163901761407e-05
Completed 84 % :  mod = 7.351078427072466e-17,  Error =2.0498313006100943e-05
Completed 85 % :  mod = 9.183213762891542e-17,  Error =2.079498381135636e-05
Completed 85 % :  mod = 1.1064121016965118e-16,  Error =2.1091660073579988e-05
Completed 86 % :  mod = 1.2732936695947897e-16,  Error =2.1388335881056264e-05
Completed 86 % :  mod = 1.376675073748967e-16,  Error =2.168502714994247e-05
Completed 87 % :  mod = 1.4683993301722005e-16,  Error =2.198172478529159e-05
Completed 87 % :  mod = 1.502887178246527e-16,  Error =2.2278420601651305e-05
Completed 88 % :  mod = 1.4811423933734735e-16,  Error =2.2575114599021617e-05
Completed 88 % :  mod = 1.4285319119501596e-16,  Error =2.2871793134982e-05
Completed 89 % :  mod = 1.3291414691698886e-16,  Error =2.3168454845290398e-05
Completed 89 % :  mod = 1.2325779202689207e-16,  Error =2.346512246731436e-05
Completed 90 % :  mod = 1.1267829623195816e-16,  Error =2.3761798274790635e-05
Completed 90 % :  mod = 1.1594504919225055e-16,  Error =2.405846817055135e-05
Completed 91 % :  mod = 1.2690827386655266e-16,  Error =2.435515125398524e-05
Completed 91 % :  mod = 1.3699552699006303e-16,  Error =2.4651839794387342e-05
Completed 92 % :  mod = 1.4225605819621036e-16,  Error =2.494852196832653e-05
Completed 92 % :  mod = 1.4658391462057545e-16,  Error =2.524519868529751e-05
Completed 93 % :  mod = 1.4484223160881614e-16,  Error =2.554188722569961e-05
Completed 93 % :  mod = 1.3791592754892833e-16,  Error =2.583855393822887e-05
Completed 94 % :  mod = 1.2702370681763686e-16,  Error =2.613521701277932e-05
Completed 94 % :  mod = 1.1161597986261352e-16,  Error =2.6431896912981756e-05
Completed 95 % :  mod = 9.477331560882939e-17,  Error =2.6728583179647103e-05
Completed 95 % :  mod = 7.326019119662143e-17,  Error =2.702526398934424e-05
Completed 96 % :  mod = 4.984507249932741e-17,  Error =2.7321944799041376e-05
Completed 96 % :  mod = 4.8032469916979946e-17,  Error =2.761861969702295e-05
Completed 97 % :  mod = 5.3213511496103983e-17,  Error =2.791530823742505e-05
Completed 97 % :  mod = 6.833378403757961e-17,  Error =2.8211966309754644e-05
Completed 98 % :  mod = 8.453928326642819e-17,  Error =2.8508660761872306e-05
Completed 98 % :  mod = 9.783712130509676e-17,  Error =2.8805337478843285e-05
Completed 99 % :  mod = 1.035952027353693e-16,  Error =2.9102015105308965e-05
Completed 99 % :  mod = 1.02565927630304e-16,  Error =2.9398697279248154e-05
Completed 100 % :  mod = 9.796010460571598e-17,  Error =2.9695371722482378e-05
Finished 3/1 frames
Finished all frames!
