/opt/local/miniconda_23_9/lib/python3.11/site-packages/conda/base/context.py:201: FutureWarning: Adding 'defaults' to channel list implicitly is deprecated and will be removed in 25.3. 

To remove this warning, please choose a default channel explicitly with conda's regular configuration system, e.g. by adding 'defaults' to the list of channels:

  conda config --add channels defaults

For more information see https://docs.conda.io/projects/conda/en/stable/user-guide/configuration/use-condarc.html

  deprecated.topic(
JOB 14229 ARRAY_ID 20  -> i=20 ; range=[1.98e-10, 2.18e-10] ; intervals=20 (frames=21)
Simulation name: run1
Analytic t0 extension enabled (--extend-time-using-t0).
Extending simulation time for p0=2.170e-10 from 1.000e+10 to 1.392e+10
Completed 0 % :  mod = 2.4644141464566563e-16,  Error =0.0
Completed 1 % :  mod = 2.636168966732717e-16,  Error =7.61198862164747e-07
Completed 2 % :  mod = 3.177347767788976e-16,  Error =1.5223281479848083e-06
Completed 3 % :  mod = 4.170046758209709e-16,  Error =2.2835215531813446e-06
Completed 4 % :  mod = 5.765216691270393e-16,  Error =3.0446522032434586e-06
Completed 5 % :  mod = 8.207361628617443e-16,  Error =3.805844698945293e-06
Completed 6 % :  mod = 1.188796430367934e-15,  Error =4.566978532238863e-06
Completed 7 % :  mod = 1.7421280371519117e-15,  Error =5.328119641490048e-06
Completed 8 % :  mod = 2.5657643305515393e-15,  Error =6.089303042244865e-06
Completed 9 % :  mod = 3.790679318643651e-15,  Error =6.850432328064926e-06
Completed 10 % :  mod = 5.613068338511136e-15,  Error =7.6116207310406025e-06
Completed 11 % :  mod = 8.325657021409275e-15,  Error =8.372751381102717e-06
Completed 12 % :  mod = 1.2366571701089332e-14,  Error =9.133888852375094e-06
Completed 13 % :  mod = 1.8391427864418116e-14,  Error =9.895071343635209e-06
Completed 14 % :  mod = 2.7379529399745364e-14,  Error =1.0656208814907586e-05
Completed 15 % :  mod = 4.0799320470484176e-14,  Error =1.1417393579904456e-05
Completed 16 % :  mod = 6.084528258499599e-14,  Error =1.2178528322692728e-05
Completed 17 % :  mod = 9.081010855911785e-14,  Error =1.2939718089910457e-05
Completed 18 % :  mod = 1.3561745130452918e-13,  Error =1.3700848739972571e-05
Completed 19 % :  mod = 2.0265299017966963e-13,  Error =1.4461981209024088e-05
Completed 20 % :  mod = 3.0299232283929704e-13,  Error =1.522316688351566e-05
Completed 21 % :  mod = 4.532119705993662e-13,  Error =1.5984292531356914e-05
Completed 22 % :  mod = 6.782100388187382e-13,  Error =1.674548047958524e-05
Completed 23 % :  mod = 1.0152481764275016e-12,  Error =1.7506602489447687e-05
Completed 24 % :  mod = 1.5202426024430677e-12,  Error =1.8267708128405502e-05
Completed 25 % :  mod = 2.277014183466966e-12,  Error =1.902882468129974e-05
Completed 26 % :  mod = 3.410763107909639e-12,  Error =1.9789798898273148e-05
Completed 27 % :  mod = 5.108487787428026e-12,  Error =2.0550619410641957e-05
Completed 28 % :  mod = 7.646221811638849e-12,  Error =2.1310942429408897e-05
Completed 29 % :  mod = 1.1425358149068133e-11,  Error =2.2070315935707185e-05
Completed 30 % :  mod = 1.700197526863947e-11,  Error =2.2827408429293428e-05
Completed 31 % :  mod = 2.5065576212090947e-11,  Error =2.3579656499350676e-05
Completed 32 % :  mod = 3.620542761777684e-11,  Error =2.432194560242351e-05
Completed 33 % :  mod = 5.010441258717059e-11,  Error =2.5045473194040824e-05
Completed 34 % :  mod = 6.390929343551867e-11,  Error =2.5740786895767087e-05
Completed 35 % :  mod = 7.148142661880278e-11,  Error =2.64087329924223e-05
Completed 36 % :  mod = 6.799003979548865e-11,  Error =2.707114708755398e-05
Completed 37 % :  mod = 5.609006368876026e-11,  Error =2.7755077098845504e-05
Completed 38 % :  mod = 4.2552238930936446e-11,  Error =2.8468652089941315e-05
Completed 39 % :  mod = 3.1925621535114756e-11,  Error =2.9204221846157452e-05
Completed 40 % :  mod = 2.605114271375288e-11,  Error =2.9951470878586406e-05
Completed 41 % :  mod = 2.649484417327951e-11,  Error =3.070300817853422e-05
Completed 42 % :  mod = 3.4857874448390645e-11,  Error =3.1453181691176724e-05
Completed 43 % :  mod = 5.435271375531473e-11,  Error =3.219404698029393e-05
Completed 44 % :  mod = 8.506224495479084e-11,  Error =3.290864515292924e-05
Completed 45 % :  mod = 1.1028311411707163e-10,  Error =3.3569414881640114e-05
Completed 46 % :  mod = 1.1128667276302446e-10,  Error =3.4175436212535715e-05
Completed 47 % :  mod = 1.0992626925848405e-10,  Error =3.476377105471329e-05
Completed 48 % :  mod = 1.2153424534250885e-10,  Error =3.533037124725524e-05
Completed 49 % :  mod = 1.2696597137855213e-10,  Error =3.585012700568768e-05
Completed 50 % :  mod = 1.2680270495994158e-10,  Error =3.636781502791564e-05
Completed 51 % :  mod = 1.2623292427925586e-10,  Error =3.68972528121958e-05
Completed 52 % :  mod = 1.2630707685176855e-10,  Error =3.7415461065393174e-05
Completed 53 % :  mod = 1.2601914467979038e-10,  Error =3.795397014982882e-05
Completed 54 % :  mod = 1.2232145298244172e-10,  Error =3.854468923236709e-05
Completed 55 % :  mod = 1.244792853026646e-10,  Error =3.918067432095995e-05
Completed 56 % :  mod = 1.1787061554373924e-10,  Error =3.984930935985176e-05
Completed 57 % :  mod = 1.2512117511980568e-10,  Error =4.053576776641421e-05
Completed 58 % :  mod = 1.249402743108393e-10,  Error =4.1223294829251245e-05
Completed 59 % :  mod = 1.199765300925285e-10,  Error =4.190083564026281e-05
Completed 60 % :  mod = 1.1870809697171505e-10,  Error =4.256349893694278e-05
Completed 61 % :  mod = 1.1618373996946827e-10,  Error =4.322086533647962e-05
Completed 62 % :  mod = 1.244755177184824e-10,  Error =4.388970592117403e-05
Completed 63 % :  mod = 1.1074362265712443e-10,  Error =4.458130069906474e-05
Completed 64 % :  mod = 1.1338906892253196e-10,  Error =4.5295440941117704e-05
Completed 65 % :  mod = 1.1660330578083862e-10,  Error =4.602379112839117e-05
Completed 66 % :  mod = 9.29637567792523e-11,  Error =4.676013941207202e-05
Completed 67 % :  mod = 7.543864902368967e-11,  Error =4.7497872856183676e-05
Completed 68 % :  mod = 7.746378627737166e-11,  Error =4.8226518174487865e-05
Completed 69 % :  mod = 8.678956949811614e-11,  Error =4.8923435770120705e-05
Completed 70 % :  mod = 1.121087574236918e-10,  Error =4.955900658387691e-05
Completed 71 % :  mod = 1.1312179404773293e-10,  Error =5.0141310566687025e-05
Completed 72 % :  mod = 1.1242674610309872e-10,  Error =5.0716332225420047e-05
Completed 73 % :  mod = 1.2156353006672163e-10,  Error =5.126511405251222e-05
Completed 74 % :  mod = 1.2572082282453687e-10,  Error =5.176579225008027e-05
Completed 75 % :  mod = 1.2655657041445755e-10,  Error =5.228072450336185e-05
Completed 76 % :  mod = 1.2705177287618476e-10,  Error =5.280824279907392e-05
Completed 77 % :  mod = 1.2653697442301508e-10,  Error =5.332749515218893e-05
Completed 78 % :  mod = 1.2465826487562966e-10,  Error =5.388073850554065e-05
Completed 79 % :  mod = 1.2655221975268252e-10,  Error =5.449292166304076e-05
Completed 80 % :  mod = 1.240989409453491e-10,  Error =5.515008660950116e-05
Completed 81 % :  mod = 1.1498168925830528e-10,  Error =5.583761367233819e-05
Completed 82 % :  mod = 1.2554565751045472e-10,  Error =5.653698190144496e-05
Completed 83 % :  mod = 1.2772344848803038e-10,  Error =5.723590857087402e-05
Completed 84 % :  mod = 1.20765382399009e-10,  Error =5.792460615339223e-05
Completed 85 % :  mod = 1.2020150056503454e-10,  Error =5.8598753639671486e-05
Completed 86 % :  mod = 1.1270493219700874e-10,  Error =5.926771109443507e-05
Completed 87 % :  mod = 1.24786379557665e-10,  Error =5.994355024085962e-05
Completed 88 % :  mod = 1.1530011651021746e-10,  Error =6.0632266013271874e-05
Completed 89 % :  mod = 9.927796928629802e-11,  Error =6.133454371592961e-05
Completed 90 % :  mod = 1.1424151467569556e-10,  Error =6.203742395882728e-05
Completed 91 % :  mod = 1.0593293368938486e-10,  Error =6.272169912335812e-05
Completed 92 % :  mod = 1.1388313259889556e-10,  Error =6.336052683764137e-05
Completed 93 % :  mod = 1.1431574628051916e-10,  Error =6.396995331670041e-05
Completed 94 % :  mod = 1.169490849810813e-10,  Error =6.456214896388701e-05
Completed 95 % :  mod = 1.2837874573579062e-10,  Error =6.512330310215475e-05
Completed 96 % :  mod = 1.2732889180284488e-10,  Error =6.564839486600249e-05
Completed 97 % :  mod = 1.2485759320742585e-10,  Error =6.618666202484746e-05
Completed 98 % :  mod = 1.2835830944334444e-10,  Error =6.671994196949527e-05
Completed 99 % :  mod = 1.2853716482404942e-10,  Error =6.725001458107727e-05
Completed 100 % :  mod = 1.2862550213554368e-10,  Error =6.779615841878694e-05
Finished 21/21 frames
Finished all frames!
