/opt/local/miniconda_23_9/lib/python3.11/site-packages/conda/base/context.py:201: FutureWarning: Adding 'defaults' to channel list implicitly is deprecated and will be removed in 25.3. 

To remove this warning, please choose a default channel explicitly with conda's regular configuration system, e.g. by adding 'defaults' to the list of channels:

  conda config --add channels defaults

For more information see https://docs.conda.io/projects/conda/en/stable/user-guide/configuration/use-condarc.html

  deprecated.topic(
JOB 14249 ARRAY_ID 19  -> i=19 ; range=[1.98e-10, 2.18e-10] ; intervals=20 (frames=21)
Simulation name: run1
Analytic t0 extension enabled (--extend-time-using-t0).
Extending simulation time for p0=2.161e-10 from 1.000e+10 to 1.430e+10
Completed 0 % :  mod = 2.453600570956079e-16,  Error =0.0
Completed 1 % :  mod = 2.625496439485253e-16,  Error =7.68324298405787e-07
Completed 2 % :  mod = 3.167047232451771e-16,  Error =1.5365853869298007e-06
Completed 3 % :  mod = 4.16015765475437e-16,  Error =2.304908775840886e-06
Completed 4 % :  mod = 5.755350858473636e-16,  Error =3.073180778301321e-06
Completed 5 % :  mod = 8.19624253137268e-16,  Error =3.8415028029703535e-06
Completed 6 % :  mod = 1.185817294982565e-15,  Error =4.609784355125157e-06
Completed 7 % :  mod = 1.7372709287547465e-15,  Error =5.378114565246506e-06
Completed 8 % :  mod = 2.5573128774439723e-15,  Error =6.146387022454292e-06
Completed 9 % :  mod = 3.775968736148466e-15,  Error =6.914709956618026e-06
Completed 10 % :  mod = 5.587075946037447e-15,  Error =7.68298150433111e-06
Completed 11 % :  mod = 8.280384631305185e-15,  Error =8.451256690023001e-06
Completed 12 % :  mod = 1.2288867587982587e-14,  Error =9.219582807418192e-06
Completed 13 % :  mod = 1.825835913709018e-14,  Error =9.98784071271075e-06
Completed 14 % :  mod = 2.7155872500899254e-14,  Error =1.075616182788508e-05
Completed 15 % :  mod = 4.042460367751593e-14,  Error =1.1524434739840217e-05
Completed 16 % :  mod = 6.022703592626944e-14,  Error =1.2292754036025144e-05
Completed 17 % :  mod = 8.979277822359772e-14,  Error =1.3061021945759421e-05
Completed 18 % :  mod = 1.339641002316634e-13,  Error =1.3829353974870173e-05
Completed 19 % :  mod = 1.9997702272331342e-13,  Error =1.4597624158341205e-05
Completed 20 % :  mod = 2.9867791134584606e-13,  Error =1.5365894341812236e-05
Completed 21 % :  mod = 4.463200694524923e-13,  Error =1.6134219094965374e-05
Completed 22 % :  mod = 6.672120272798244e-13,  Error =1.6902489278436406e-05
Completed 23 % :  mod = 9.978340514522108e-13,  Error =1.7670798570179613e-05
Completed 24 % :  mod = 1.4927300829738913e-12,  Error =1.8439038285578135e-05
Completed 25 % :  mod = 2.2337004561311115e-12,  Error =1.920729528137599e-05
Completed 26 % :  mod = 3.3428077529681747e-12,  Error =1.9975403574790107e-05
Completed 27 % :  mod = 5.002212268518226e-12,  Error =2.0743378627230413e-05
Completed 28 % :  mod = 7.48059115123079e-12,  Error =2.151086073354236e-05
Completed 29 % :  mod = 1.1168237838203785e-11,  Error =2.2277430616668426e-05
Completed 30 % :  mod = 1.6605146433797434e-11,  Error =2.304178269696422e-05
Completed 31 % :  mod = 2.4459304337249495e-11,  Error =2.3801473616913427e-05
Completed 32 % :  mod = 3.529793496307608e-11,  Error =2.4551575734221842e-05
Completed 33 % :  mod = 4.880416822412387e-11,  Error =2.52836175604898e-05
Completed 34 % :  mod = 6.220541122127733e-11,  Error =2.598855280666612e-05
Completed 35 % :  mod = 6.957530099783685e-11,  Error =2.6667170459404588e-05
Completed 36 % :  mod = 6.628184359116609e-11,  Error =2.7340446649759542e-05
Completed 37 % :  mod = 5.4937863747043905e-11,  Error =2.8034138722432544e-05
Completed 38 % :  mod = 4.2203023506592045e-11,  Error =2.875621066777967e-05
Completed 39 % :  mod = 3.2768270220553316e-11,  Error =2.9498944968509022e-05
Completed 40 % :  mod = 2.922330562130282e-11,  Error =3.0252134820329957e-05
Completed 41 % :  mod = 3.3733285984869464e-11,  Error =3.1007629786472535e-05
Completed 42 % :  mod = 4.9326750992811714e-11,  Error =3.175697793267318e-05
Completed 43 % :  mod = 7.795489155812392e-11,  Error =3.248483290008153e-05
Completed 44 % :  mod = 1.0723530047223714e-10,  Error =3.3162727504532086e-05
Completed 45 % :  mod = 1.1153499291930859e-10,  Error =3.377910661583883e-05
Completed 46 % :  mod = 1.1015875601984752e-10,  Error =3.437045734244748e-05
Completed 47 % :  mod = 1.1934422738765593e-10,  Error =3.494233851597528e-05
Completed 48 % :  mod = 1.2623315994800177e-10,  Error =3.546720972735784e-05
Completed 49 % :  mod = 1.2615870417631818e-10,  Error =3.598792682169005e-05
Completed 50 % :  mod = 1.2546707975134796e-10,  Error =3.652324176073307e-05
Completed 51 % :  mod = 1.2566834439772112e-10,  Error =3.704927166836569e-05
Completed 52 % :  mod = 1.2532817131691733e-10,  Error =3.759608307518647e-05
Completed 53 % :  mod = 1.2414723121009368e-10,  Error =3.819612857114407e-05
Completed 54 % :  mod = 1.2498974436529661e-10,  Error =3.8842999856569804e-05
Completed 55 % :  mod = 1.1651400832407027e-10,  Error =3.952404767915141e-05
Completed 56 % :  mod = 1.2307086408011312e-10,  Error =4.022378925583325e-05
Completed 57 % :  mod = 1.2264422117911663e-10,  Error =4.092733979632612e-05
Completed 58 % :  mod = 1.2373156849453404e-10,  Error =4.1624140976637136e-05
Completed 59 % :  mod = 1.164346423235755e-10,  Error =4.230501826896216e-05
Completed 60 % :  mod = 1.1476110822925209e-10,  Error =4.297367013350595e-05
Completed 61 % :  mod = 1.212990090886236e-10,  Error =4.3646809899655636e-05
Completed 62 % :  mod = 1.0680374914336601e-10,  Error =4.434142192621948e-05
Completed 63 % :  mod = 1.1775907512647636e-10,  Error =4.50593347522954e-05
Completed 64 % :  mod = 1.065910281480571e-10,  Error =4.57933742836758e-05
Completed 65 % :  mod = 7.91909375651654e-11,  Error =4.653746509575285e-05
Completed 66 % :  mod = 7.369346048787003e-11,  Error =4.7284366246458376e-05
Completed 67 % :  mod = 7.321259811800818e-11,  Error =4.802465400643996e-05
Completed 68 % :  mod = 7.445728659047824e-11,  Error =4.8739425892563304e-05
Completed 69 % :  mod = 1.0386997123134772e-10,  Error =4.939400332659716e-05
Completed 70 % :  mod = 1.1206786152935675e-10,  Error =4.998138774681138e-05
Completed 71 % :  mod = 1.1224370818309903e-10,  Error =5.055277642895817e-05
Completed 72 % :  mod = 1.1608947530746344e-10,  Error =5.111182736072806e-05
Completed 73 % :  mod = 1.2716173992662143e-10,  Error =5.161194121683366e-05
Completed 74 % :  mod = 1.2520086577583624e-10,  Error =5.2119010888418416e-05
Completed 75 % :  mod = 1.2557623185906563e-10,  Error =5.265233949103276e-05
Completed 76 % :  mod = 1.25751752916557e-10,  Error =5.3175226184976054e-05
Completed 77 % :  mod = 1.260976792887681e-10,  Error =5.372748455556575e-05
Completed 78 % :  mod = 1.259296129430454e-10,  Error =5.434759759737062e-05
Completed 79 % :  mod = 1.144956985713108e-10,  Error =5.502106569110765e-05
Completed 80 % :  mod = 1.2597936880981624e-10,  Error =5.57229377591284e-05
Completed 81 % :  mod = 1.2705412093288224e-10,  Error =5.643516942654969e-05
Completed 82 % :  mod = 1.2015138161058144e-10,  Error =5.7146241488226224e-05
Completed 83 % :  mod = 1.1880386420628515e-10,  Error =5.7844744787871605e-05
Completed 84 % :  mod = 1.113494679855001e-10,  Error =5.8527929923002375e-05
Completed 85 % :  mod = 1.2592918826318847e-10,  Error =5.920444209550624e-05
Completed 86 % :  mod = 1.1092635054326071e-10,  Error =5.9889907788601704e-05
Completed 87 % :  mod = 1.0125879281778839e-10,  Error =6.059504130462301e-05
Completed 88 % :  mod = 1.1350473196138477e-10,  Error =6.131513464424643e-05
Completed 89 % :  mod = 1.0014458394079815e-10,  Error =6.204103692653007e-05
Completed 90 % :  mod = 8.340717609464456e-11,  Error =6.276097519730683e-05
Completed 91 % :  mod = 1.1013445067803616e-10,  Error =6.345240535665653e-05
Completed 92 % :  mod = 1.1654818700395924e-10,  Error =6.410352125385543e-05
Completed 93 % :  mod = 1.1592506383569378e-10,  Error =6.472633231169311e-05
Completed 94 % :  mod = 1.2564887505462047e-10,  Error =6.531995450131944e-05
Completed 95 % :  mod = 1.2705306462769769e-10,  Error =6.587525149370776e-05
Completed 96 % :  mod = 1.2526131678510891e-10,  Error =6.641430627496447e-05
Completed 97 % :  mod = 1.2712860711236745e-10,  Error =6.694771809634403e-05
Completed 98 % :  mod = 1.246639436576647e-10,  Error =6.747806673956802e-05
Completed 99 % :  mod = 1.2643024476275974e-10,  Error =6.801915014875703e-05
Completed 100 % :  mod = 1.2602476079566932e-10,  Error =6.858202459625318e-05
Finished 20/21 frames
Finished all frames!
