/opt/local/miniconda_23_9/lib/python3.11/site-packages/conda/base/context.py:201: FutureWarning: Adding 'defaults' to channel list implicitly is deprecated and will be removed in 25.3. 

To remove this warning, please choose a default channel explicitly with conda's regular configuration system, e.g. by adding 'defaults' to the list of channels:

  conda config --add channels defaults

For more information see https://docs.conda.io/projects/conda/en/stable/user-guide/configuration/use-condarc.html

  deprecated.topic(
JOB 14172 ARRAY_ID 10  -> i=10 ; range=[1.515e-7, 1.53e-7] ; intervals=10 (frames=11)
Simulation name: run1
Analytic t0 extension enabled (--extend-time-using-t0).
Completed 0 % :  mod = 3.719256396917135e-14,  Error =0.0
Completed 1 % :  mod = 3.719612055463775e-14,  Error =3.232617018511519e-08
Completed 2 % :  mod = 3.72067914227677e-14,  Error =6.46514308755286e-08
Completed 3 % :  mod = 3.722458112636329e-14,  Error =9.696759661892429e-08
Completed 4 % :  mod = 3.724949453586397e-14,  Error =1.2928376236231998e-07
Completed 5 % :  mod = 3.728154091569259e-14,  Error =1.6160811355803162e-07
Completed 6 % :  mod = 3.7320730800821444e-14,  Error =1.9392837202758528e-07
Completed 7 % :  mod = 3.736707822023371e-14,  Error =2.2624953999184072e-07
Completed 8 % :  mod = 3.7420599267555397e-14,  Error =2.5857070795609616e-07
Completed 9 % :  mod = 3.748131178341795e-14,  Error =2.9089733288856223e-07
Completed 10 % :  mod = 3.754923667894725e-14,  Error =3.232216840842739e-07
Completed 11 % :  mod = 3.7624396929912e-14,  Error =3.555533112375997e-07
Completed 12 % :  mod = 3.7706818264937966e-14,  Error =3.878726602124516e-07
Completed 13 % :  mod = 3.779653011842007e-14,  Error =4.201983756502159e-07
Completed 14 % :  mod = 3.789356303648397e-14,  Error =4.525231815932784e-07
Completed 15 % :  mod = 3.7997949788716814e-14,  Error =4.848452590522356e-07
Completed 16 % :  mod = 3.810972685047489e-14,  Error =5.171755219635088e-07
Completed 17 % :  mod = 3.822893117357053e-14,  Error =5.495044206327293e-07
Completed 18 % :  mod = 3.8355604686134614e-14,  Error =5.818260433443356e-07
Completed 19 % :  mod = 3.848979148681996e-14,  Error =6.141499397926964e-07
Completed 20 % :  mod = 3.863153795068044e-14,  Error =6.464692887675483e-07
Completed 21 % :  mod = 3.8780892940929183e-14,  Error =6.787895472371019e-07
Completed 22 % :  mod = 3.893790637957053e-14,  Error =7.111057129804976e-07
Completed 23 % :  mod = 3.91026339060812e-14,  Error =7.434323379129637e-07
Completed 24 % :  mod = 3.9275130101146727e-14,  Error =7.757594175927807e-07
Completed 25 % :  mod = 3.9455457592265655e-14,  Error =8.080783118202817e-07
Completed 26 % :  mod = 3.964367704817283e-14,  Error =8.403976607951336e-07
Completed 27 % :  mod = 3.9839854537438135e-14,  Error =8.727224667381961e-07
Completed 28 % :  mod = 4.004405729330176e-14,  Error =9.050463631865568e-07
Completed 28 % :  mod = 4.0256354507767585e-14,  Error =9.373757166031282e-07
Completed 30 % :  mod = 4.047682172558659e-14,  Error =9.696977940620854e-07
Completed 31 % :  mod = 4.070553412093285e-14,  Error =1.0020175977842882e-06
Completed 32 % :  mod = 4.0942572373694585e-14,  Error =1.0343351277697366e-06
Completed 33 % :  mod = 4.118801748139738e-14,  Error =1.0666576599760447e-06
Completed 34 % :  mod = 4.144195647667656e-14,  Error =1.0989760994561948e-06
Completed 35 % :  mod = 4.170447586277187e-14,  Error =1.1312990864098538e-06
Completed 36 % :  mod = 4.1975666589846015e-14,  Error =1.1636225281108636e-06
Completed 37 % :  mod = 4.2255624002045125e-14,  Error =1.1959464245592244e-06
Completed 38 % :  mod = 4.254444497876254e-14,  Error =1.2282685020181816e-06
Completed 39 % :  mod = 4.2842232116864e-14,  Error =1.2605928532138932e-06
Completed 40 % :  mod = 4.314908716618229e-14,  Error =1.2929099284519907e-06
Completed 41 % :  mod = 4.346511897045113e-14,  Error =1.3252292774268426e-06
Completed 42 % :  mod = 4.3790437220437195e-14,  Error =1.3575481716543436e-06
Completed 43 % :  mod = 4.412515425388511e-14,  Error =1.3898679753765464e-06
Completed 44 % :  mod = 4.446938892010529e-14,  Error =1.422196419298416e-06
Completed 45 % :  mod = 4.4823261021320214e-14,  Error =1.454511220799759e-06
Completed 46 % :  mod = 4.518689729483461e-14,  Error =1.486834662500769e-06
Completed 47 % :  mod = 4.5560422201552166e-14,  Error =1.5191581042017788e-06
Completed 48 % :  mod = 4.5943969784436787e-14,  Error =1.551484274386894e-06
Completed 49 % :  mod = 4.6337671386534855e-14,  Error =1.5838090803299565e-06
Completed 50 % :  mod = 4.6741669732897984e-14,  Error =1.6161316125362646e-06
Completed 51 % :  mod = 4.715610378986908e-14,  Error =1.648453235247871e-06
Completed 52 % :  mod = 4.75811228470051e-14,  Error =1.6807748579594772e-06
Completed 53 % :  mod = 4.803943045778689e-14,  Error =1.7130955711763818e-06
Completed 54 % :  mod = 4.8528357727276776e-14,  Error =1.7454149201512337e-06
Completed 55 % :  mod = 4.9029509852717467e-14,  Error =1.777744273567805e-06
Completed 56 % :  mod = 4.9543068099159676e-14,  Error =1.8100727174896747e-06
Completed 56 % :  mod = 5.006922733712083e-14,  Error =1.842390702222474e-06
Completed 57 % :  mod = 5.0608177143162444e-14,  Error =1.874709141702624e-06
Completed 59 % :  mod = 5.1160124458021435e-14,  Error =1.9070330381509848e-06
Completed 60 % :  mod = 5.1725269446171155e-14,  Error =1.9393601178308018e-06
Completed 61 % :  mod = 5.230382571873299e-14,  Error =1.971682195289759e-06
Completed 62 % :  mod = 5.289600662213053e-14,  Error =2.0039983610331547e-06
Completed 63 % :  mod = 5.350203317902344e-14,  Error =2.0363172552606557e-06
Completed 64 % :  mod = 5.4122132817758075e-14,  Error =2.0686375137302093e-06
Completed 65 % :  mod = 5.4756533866653266e-14,  Error =2.1009545889683068e-06
Completed 66 % :  mod = 5.540547857713193e-14,  Error =2.133280304406071e-06
Completed 67 % :  mod = 5.606920565366652e-14,  Error =2.165607838833239e-06
Completed 68 % :  mod = 5.6747968888503855e-14,  Error =2.197929916292196e-06
Completed 69 % :  mod = 5.744201365650084e-14,  Error =2.2302624529402237e-06
Completed 70 % :  mod = 5.815161116701928e-14,  Error =2.262591806356795e-06
Completed 71 % :  mod = 5.887702024156411e-14,  Error =2.2949207050260156e-06
Completed 72 % :  mod = 5.961851711875526e-14,  Error =2.327250967937289e-06
Completed 73 % :  mod = 6.037638142534444e-14,  Error =2.359573500143597e-06
Completed 74 % :  mod = 6.115089744676458e-14,  Error =2.391891939623747e-06
Completed 75 % :  mod = 6.19423604798769e-14,  Error =2.4242040126409847e-06
Completed 76 % :  mod = 6.275106222165263e-14,  Error =2.4565201783843804e-06
Completed 77 % :  mod = 6.35773180859855e-14,  Error =2.4888463485694956e-06
Completed 78 % :  mod = 6.442143194594532e-14,  Error =2.521167971281102e-06
Completed 79 % :  mod = 6.528373065037063e-14,  Error =2.5534895939927083e-06
Completed 80 % :  mod = 6.616453601884182e-14,  Error =2.5858143999357708e-06
Completed 81 % :  mod = 6.706418538223014e-14,  Error =2.6181337489106227e-06
Completed 82 % :  mod = 6.798302073008803e-14,  Error =2.650452188390773e-06
Completed 83 % :  mod = 6.892139019295683e-14,  Error =2.6827719921129756e-06
Completed 84 % :  mod = 6.987965418335558e-14,  Error =2.715093160077231e-06
Completed 85 % :  mod = 7.08581713667979e-14,  Error =2.747419330262346e-06
Completed 86 % :  mod = 7.185732518451109e-14,  Error =2.779743226710707e-06
Completed 87 % :  mod = 7.287807717770896e-14,  Error =2.812065304169664e-06
Completed 88 % :  mod = 7.399987776629454e-14,  Error =2.844388745870674e-06
Completed 89 % :  mod = 7.514552402641123e-14,  Error =2.876715825550491e-06
Completed 90 % :  mod = 7.63154757381307e-14,  Error =2.9090374482620973e-06
Completed 91 % :  mod = 7.751019580495863e-14,  Error =2.9413554329948965e-06
Completed 92 % :  mod = 7.873015872416416e-14,  Error =2.9736820579273626e-06
Completed 93 % :  mod = 7.997585487488419e-14,  Error =3.0060009521548636e-06
Completed 94 % :  mod = 8.124777315394796e-14,  Error =3.038326212845277e-06
Completed 95 % :  mod = 8.254642744565666e-14,  Error =3.0706510187883396e-06
Completed 96 % :  mod = 8.387232840499837e-14,  Error =3.1029749152367003e-06
Completed 97 % :  mod = 8.522601199207046e-14,  Error =3.135295173706254e-06
Completed 98 % :  mod = 8.660801331993737e-14,  Error =3.1676117941970006e-06
Completed 99 % :  mod = 8.801888862454763e-14,  Error =3.1999388738768175e-06
Completed 100 % :  mod = 8.945920044165734e-14,  Error =3.232271410524845e-06
Finished 11/11 frames
Finished all frames!
