/opt/local/miniconda_23_9/lib/python3.11/site-packages/conda/base/context.py:201: FutureWarning: Adding 'defaults' to channel list implicitly is deprecated and will be removed in 25.3. 

To remove this warning, please choose a default channel explicitly with conda's regular configuration system, e.g. by adding 'defaults' to the list of channels:

  conda config --add channels defaults

For more information see https://docs.conda.io/projects/conda/en/stable/user-guide/configuration/use-condarc.html

  deprecated.topic(
JOB 14609 ARRAY_ID 0  -> i=0 ; range=[1.7e-10, 1.7e-10] ; intervals=0 (frames=1)
Simulation name: run1
Analytic t0 extension enabled (--extend-time-using-t0).
Completed 0 % :  mod = 1.9302234545861977e-16,  Error =0.0
Completed 1 % :  mod = 1.8391890140610693e-16,  Error =2.0547531676129438e-07
Completed 2 % :  mod = 1.5805500957942133e-16,  Error =4.109533620066941e-07
Completed 3 % :  mod = 1.2529764397437227e-16,  Error =6.164191290736198e-07
Completed 4 % :  mod = 1.2015923352626041e-16,  Error =8.218917173508089e-07
Completed 5 % :  mod = 1.3489597038673967e-16,  Error =1.027363850880647e-06
Completed 6 % :  mod = 1.771262582043779e-16,  Error =1.2328405318839941e-06
Completed 7 % :  mod = 2.1326125821118178e-16,  Error =1.4383144844032358e-06
Completed 8 % :  mod = 2.3580087131886287e-16,  Error =1.643790710659232e-06
Completed 9 % :  mod = 2.434193245982675e-16,  Error =1.849263298936421e-06
Completed 10 % :  mod = 2.398396611029676e-16,  Error =2.0547354324662592e-06
Completed 11 % :  mod = 2.468796118174068e-16,  Error =2.2602080207434483e-06
Completed 12 % :  mod = 2.8001379034812007e-16,  Error =2.4656769710418303e-06
Completed 13 % :  mod = 3.1842616721529875e-16,  Error =2.671143647603458e-06
Completed 14 % :  mod = 3.62840748328403e-16,  Error =2.8766089599230327e-06
Completed 15 % :  mod = 4.1656111696789676e-16,  Error =3.0820824576949235e-06
Completed 16 % :  mod = 4.751116596596425e-16,  Error =3.2875600481929723e-06
Completed 17 % :  mod = 5.411332983160513e-16,  Error =3.4930321817228105e-06
Completed 18 % :  mod = 6.193124196827601e-16,  Error =3.69849976777914e-06
Completed 19 % :  mod = 7.091655641437882e-16,  Error =3.903975084540434e-06
Completed 20 % :  mod = 8.123864878662034e-16,  Error =4.109446308575571e-06
Completed 21 % :  mod = 9.30920858513676e-16,  Error =4.3149152588739526e-06
Completed 22 % :  mod = 1.0670028864746158e-15,  Error =4.520393758866703e-06
Completed 23 % :  mod = 1.2231976733042104e-15,  Error =4.725865892396541e-06
Completed 24 % :  mod = 1.4024492675575934e-15,  Error =4.931340299663134e-06
Completed 25 % :  mod = 1.608136398720253e-15,  Error =5.136818344908534e-06
Completed 26 % :  mod = 1.8441361613781036e-15,  Error =5.342281838238705e-06
Completed 27 % :  mod = 2.1148969436478903e-15,  Error =5.547747605305631e-06
Completed 28 % :  mod = 2.4255226039714543e-15,  Error =5.753220648330171e-06
Completed 28 % :  mod = 2.781868436629595e-15,  Error =5.958685051155044e-06
Completed 30 % :  mod = 3.1906516411441887e-15,  Error =6.164159913168987e-06
Completed 31 % :  mod = 3.65957806956079e-15,  Error =6.369631137204124e-06
Completed 32 % :  mod = 4.197487172325089e-15,  Error =6.575107818207471e-06
Completed 33 % :  mod = 4.8145188542092476e-15,  Error =6.780578587495256e-06
Completed 34 % :  mod = 5.522304397626841e-15,  Error =6.986057542235358e-06
Completed 35 % :  mod = 6.334185556720933e-15,  Error =7.1915233093022835e-06
Completed 36 % :  mod = 7.265466217811361e-15,  Error =7.396994988084771e-06
Completed 37 % :  mod = 8.333700497664997e-15,  Error =7.602476216561627e-06
Completed 38 % :  mod = 9.559023793998187e-15,  Error =7.807947440596763e-06
Completed 39 % :  mod = 1.0964532351621385e-14,  Error =8.01342412160011e-06
Completed 40 % :  mod = 1.2576718484655825e-14,  Error =8.218903076340212e-06
Completed 41 % :  mod = 1.4425970386304884e-14,  Error =8.424374755122699e-06
Completed 42 % :  mod = 1.6547144906140136e-14,  Error =8.629840067442274e-06
Completed 43 % :  mod = 1.8980224886907805e-14,  Error =8.835311746224761e-06
Completed 44 % :  mod = 2.1771073244347148e-14,  Error =9.040785243996652e-06
Completed 45 % :  mod = 2.4972297395073914e-14,  Error =9.24625737752649e-06
Completed 46 % :  mod = 2.8644241289791176e-14,  Error =9.451732239540434e-06
Completed 47 % :  mod = 3.2856122746358243e-14,  Error =9.657210284785833e-06
Completed 48 % :  mod = 3.768733787618673e-14,  Error =9.862689239525935e-06
Completed 49 % :  mod = 4.3228957514559644e-14,  Error =1.0068162282550475e-05
Completed 50 % :  mod = 4.9585442952712585e-14,  Error =1.0273636235069716e-05
Completed 51 % :  mod = 5.687661438046802e-14,  Error =1.047911109708366e-05
Completed 52 % :  mod = 6.523990863921788e-14,  Error =1.0684587778087007e-05
Completed 53 % :  mod = 7.483296880145917e-14,  Error =1.0890069461311214e-05
Completed 54 % :  mod = 8.583661533867225e-14,  Error =1.1095540230599e-05
Completed 55 % :  mod = 9.845825398121238e-14,  Error =1.1301007816655328e-05
Completed 56 % :  mod = 1.1293578530118966e-13,  Error =1.1506484042911325e-05
Completed 56 % :  mod = 1.295420896482687e-13,  Error =1.1711952538462356e-05
Completed 57 % :  mod = 1.4859017116276606e-13,  Error =1.191742239825544e-05
Completed 59 % :  mod = 1.7043905853100213e-13,  Error =1.2122897260269383e-05
Completed 60 % :  mod = 1.9550057222361478e-13,  Error =1.232836893905187e-05
Completed 61 % :  mod = 2.2424708521072102e-13,  Error =1.253384743904462e-05
Completed 62 % :  mod = 2.572204227190509e-13,  Error =1.2739316844090354e-05
Completed 63 % :  mod = 2.9504206628545505e-13,  Error =1.2944788522872841e-05
Completed 64 % :  mod = 3.384248533666599e-13,  Error =1.3150257018423872e-05
Completed 65 % :  mod = 3.881863899309353e-13,  Error =1.3355730516195763e-05
Completed 66 % :  mod = 4.452644249273226e-13,  Error =1.3561203559220303e-05
Completed 67 % :  mod = 5.107344721089439e-13,  Error =1.3766670690529281e-05
Completed 68 % :  mod = 5.858300025948443e-13,  Error =1.397214282405912e-05
Completed 69 % :  mod = 6.719655775108008e-13,  Error =1.4177614957588958e-05
Completed 70 % :  mod = 7.707633381037119e-13,  Error =1.4383075267687673e-05
Completed 71 % :  mod = 8.840833221891356e-13,  Error =1.4588539215765195e-05
Completed 72 % :  mod = 1.0140581320770479e-12,  Error =1.4793999980611261e-05
Completed 73 % :  mod = 1.1631325309192564e-12,  Error =1.499946210969938e-05
Completed 74 % :  mod = 1.3341085923950665e-12,  Error =1.5204917417577235e-05
Completed 75 % :  mod = 1.5301970587285027e-12,  Error =1.5410364994750125e-05
Completed 76 % :  mod = 1.7550755528756656e-12,  Error =1.5615801657986594e-05
Completed 77 % :  mod = 2.0129542114835746e-12,  Error =1.5821240594959818e-05
Completed 78 % :  mod = 2.3086490817509887e-12,  Error =1.6026649973355234e-05
Completed 79 % :  mod = 2.6498476884322907e-12,  Error =1.623204343559337e-05
Completed 80 % :  mod = 3.0662294678431017e-12,  Error =1.6437411431979854e-05
Completed 81 % :  mod = 3.580285495173455e-12,  Error =1.664273395363125e-05
Completed 82 % :  mod = 4.211954406601982e-12,  Error =1.684800736256875e-05
Completed 83 % :  mod = 5.016773985861271e-12,  Error =1.7053224382834742e-05
Completed 84 % :  mod = 6.006518253972656e-12,  Error =1.7258349998883205e-05
Completed 85 % :  mod = 7.255056742327829e-12,  Error =1.7463360109104542e-05
Completed 86 % :  mod = 8.852637540230796e-12,  Error =1.7668199234321946e-05
Completed 87 % :  mod = 1.0853436890968658e-11,  Error =1.787281189535861e-05
Completed 88 % :  mod = 1.3366992752363829e-11,  Error =1.807711123547051e-05
Completed 89 % :  mod = 1.6529590683260365e-11,  Error =1.828095309974742e-05
Completed 90 % :  mod = 2.0524523315670065e-11,  Error =1.848413194238674e-05
Completed 91 % :  mod = 2.5600542243311982e-11,  Error =1.8686391285882564e-05
Completed 92 % :  mod = 3.185101180405057e-11,  Error =1.8887251826527063e-05
Completed 93 % :  mod = 3.934960030324245e-11,  Error =1.9086098745901836e-05
Completed 94 % :  mod = 4.795752640216357e-11,  Error =1.928203755596769e-05
Completed 95 % :  mod = 5.716465543733152e-11,  Error =1.9473950942483498e-05
Completed 96 % :  mod = 6.604165679016623e-11,  Error =1.9660622001538286e-05
Completed 97 % :  mod = 7.383793733606566e-11,  Error =1.9840994355035946e-05
Completed 98 % :  mod = 7.963314297566323e-11,  Error =2.0014549590996467e-05
Completed 99 % :  mod = 8.386504876631126e-11,  Error =2.018129953285097e-05
Completed 100 % :  mod = 8.747013249487958e-11,  Error =2.0341539766377537e-05
Finished 1/1 frames
Finished all frames!
