/opt/local/miniconda_23_9/lib/python3.11/site-packages/conda/base/context.py:201: FutureWarning: Adding 'defaults' to channel list implicitly is deprecated and will be removed in 25.3. 

To remove this warning, please choose a default channel explicitly with conda's regular configuration system, e.g. by adding 'defaults' to the list of channels:

  conda config --add channels defaults

For more information see https://docs.conda.io/projects/conda/en/stable/user-guide/configuration/use-condarc.html

  deprecated.topic(
JOB 15067 ARRAY_ID 0  -> i=0 ; range=[1.29e-10, 1.29e-10] ; intervals=0 (frames=1)
Simulation name: run1
Analytic t0 extension enabled (--extend-time-using-t0).
Completed 0 % :  mod = 1.464698974925072e-16,  Error =0.0
Completed 0 % :  mod = 1.444508385908799e-16,  Error =3.959485184168443e-08
Completed 0 % :  mod = 1.384532489270978e-16,  Error =7.917924449429847e-08
Completed 1 % :  mod = 1.2864785640824276e-16,  Error =1.1876227290485986e-07
Completed 1 % :  mod = 1.153154676557733e-16,  Error =1.5832256394787692e-07
Completed 2 % :  mod = 9.883871181243325e-17,  Error =1.9790059013757855e-07
Completed 2 % :  mod = 7.968618917677574e-17,  Error =2.3747952582198195e-07
Completed 3 % :  mod = 5.891269565051e-17,  Error =2.770775608951226e-07
Completed 3 % :  mod = 3.756840593575689e-17,  Error =3.166655915265437e-07
Completed 4 % :  mod = 2.412909281877911e-17,  Error =3.5625089367385954e-07
Completed 4 % :  mod = 2.7960070793073967e-17,  Error =3.9580663724336773e-07
Completed 5 % :  mod = 3.945018366817821e-17,  Error =4.3540467231650837e-07
Completed 5 % :  mod = 5.888185727159947e-17,  Error =4.7500407163170166e-07
Completed 6 % :  mod = 7.891396365238616e-17,  Error =5.145761861058418e-07
Completed 6 % :  mod = 9.658847200792053e-17,  Error =5.54143753106473e-07
Completed 7 % :  mod = 1.1182179594409925e-16,  Error =5.93740423937561e-07
Completed 7 % :  mod = 1.2400814389735602e-16,  Error =6.333316378004383e-07
Completed 8 % :  mod = 1.3265053252077919e-16,  Error =6.729278538841754e-07
Completed 8 % :  mod = 1.3753527614333035e-16,  Error =7.125158845155966e-07
Completed 9 % :  mod = 1.3856026722830445e-16,  Error =7.521089173678774e-07
Completed 9 % :  mod = 1.35731234104841e-16,  Error =7.916937647678424e-07
Completed 10 % :  mod = 1.2917211107276968e-16,  Error =8.312654244946316e-07
Completed 10 % :  mod = 1.1910408028252655e-16,  Error =8.708343557373155e-07
Completed 11 % :  mod = 1.0661829558416378e-16,  Error =9.104232958634384e-07
Completed 11 % :  mod = 9.214384208289103e-17,  Error =9.500158739683684e-07
Completed 12 % :  mod = 7.734253374603709e-17,  Error =9.896116353047546e-07
Completed 12 % :  mod = 6.933902696091083e-17,  Error =1.0291814760421403e-06
Completed 13 % :  mod = 6.338028164699544e-17,  Error =1.0687676876841579e-06
Completed 13 % :  mod = 6.152541757997203e-17,  Error =1.108367996494053e-06
Completed 14 % :  mod = 6.998302305014001e-17,  Error =1.1479387467261404e-06
Completed 14 % :  mod = 7.973385907848928e-17,  Error =1.1875222298840526e-06
Completed 15 % :  mod = 8.725348934860614e-17,  Error =1.2270988918317016e-06
Completed 15 % :  mod = 9.369761695643851e-17,  Error =1.2666650945902802e-06
Completed 16 % :  mod = 9.732779032298879e-17,  Error =1.3062440302746836e-06
Completed 16 % :  mod = 1.0181196863198386e-16,  Error =1.345859345747158e-06
Completed 17 % :  mod = 1.1031233747866445e-16,  Error =1.3854169083060697e-06
Completed 17 % :  mod = 1.1544089744645172e-16,  Error =1.4249953892431222e-06
Completed 18 % :  mod = 1.170998687559067e-16,  Error =1.4645506780652795e-06
Completed 18 % :  mod = 1.1617573533773209e-16,  Error =1.5041059668874368e-06
Completed 19 % :  mod = 1.1222217514201752e-16,  Error =1.543685812066542e-06
Completed 19 % :  mod = 1.0512687730750331e-16,  Error =1.583266111992998e-06
Completed 20 % :  mod = 9.534781963441253e-17,  Error =1.622830495762173e-06
Completed 20 % :  mod = 8.509551120166606e-17,  Error =1.6624162526568398e-06
Completed 21 % :  mod = 7.710794821944919e-17,  Error =1.7019856386468746e-06
Completed 21 % :  mod = 7.840371000200368e-17,  Error =1.7415550246369094e-06
Completed 22 % :  mod = 7.897231302449444e-17,  Error =1.7811394172895234e-06
Completed 22 % :  mod = 8.195594289572162e-17,  Error =1.8207388166047167e-06
Completed 23 % :  mod = 9.287154797123118e-17,  Error =1.8603536773298401e-06
Completed 23 % :  mod = 1.0338767733684652e-16,  Error =1.8999526218976825e-06
Completed 24 % :  mod = 1.1308326240486698e-16,  Error =1.9395329218241386e-06
Completed 24 % :  mod = 1.19695094161052e-16,  Error =1.9791013983194716e-06
Completed 25 % :  mod = 1.2297415567225676e-16,  Error =2.0186862457194366e-06
Completed 25 % :  mod = 1.2275832300223969e-16,  Error =2.058281097561121e-06
Completed 26 % :  mod = 1.1969586922928596e-16,  Error =2.0978673092031386e-06
Completed 26 % :  mod = 1.1339839857271014e-16,  Error =2.1374598873080686e-06
Completed 27 % :  mod = 1.0367827974131166e-16,  Error =2.17704291571863e-06
Completed 27 % :  mod = 9.077809952804485e-17,  Error =2.2166204871609807e-06
Completed 28 % :  mod = 8.513459222858553e-17,  Error =2.256191237393068e-06
Completed 28 % :  mod = 7.781659886500583e-17,  Error =2.2957710825721733e-06
Completed 29 % :  mod = 6.924020053950304e-17,  Error =2.3353554752247874e-06
Completed 29 % :  mod = 5.923686313137737e-17,  Error =2.3749521460558753e-06
Completed 30 % :  mod = 5.2019213238448896e-17,  Error =2.4145169845724013e-06
Completed 30 % :  mod = 5.820122090694452e-17,  Error =2.454090008541243e-06
Completed 31 % :  mod = 6.524781589795526e-17,  Error =2.4936680347309448e-06
Completed 31 % :  mod = 7.96437268423073e-17,  Error =2.5332569748570677e-06
Completed 32 % :  mod = 9.634300295582055e-17,  Error =2.5728463697305415e-06
Completed 32 % :  mod = 1.1095539296013958e-16,  Error =2.6124462237930857e-06
Completed 33 % :  mod = 1.2397526284762158e-16,  Error =2.652009698067559e-06
Completed 33 % :  mod = 1.336781050813487e-16,  Error =2.691594090720173e-06
Completed 34 % :  mod = 1.397422611743478e-16,  Error =2.7311575649946462e-06
Completed 34 % :  mod = 1.4196480743724135e-16,  Error =2.7707296794687863e-06
Completed 35 % :  mod = 1.4025142589315266e-16,  Error =2.8103104341425933e-06
Completed 35 % :  mod = 1.3462395131851857e-16,  Error =2.8498980100266635e-06
Completed 36 % :  mod = 1.252132007762507e-16,  Error =2.889480128942523e-06
Completed 36 % :  mod = 1.1226566183627703e-16,  Error =2.9290713428054005e-06
Completed 37 % :  mod = 9.612431382435318e-17,  Error =2.9686439120268915e-06
Completed 37 % :  mod = 7.723369678485617e-17,  Error =3.0082214834692422e-06
Completed 38 % :  mod = 5.631106662665261e-17,  Error =3.0478086046059616e-06
Completed 38 % :  mod = 3.397346312207343e-17,  Error =3.0873934520059265e-06
Completed 39 % :  mod = 1.5940964335713487e-17,  Error =3.126988758594962e-06
Completed 39 % :  mod = 1.6443458153070822e-17,  Error =3.1665790629631374e-06
Completed 40 % :  mod = 3.8316174572866626e-17,  Error =3.206165729352506e-06
Completed 40 % :  mod = 6.105256929538314e-17,  Error =3.245726475142874e-06
Completed 41 % :  mod = 8.215203665817891e-17,  Error =3.2853076845640317e-06
Completed 41 % :  mod = 1.0100364406678307e-16,  Error =3.324922090541804e-06
Completed 42 % :  mod = 1.1707250629332768e-16,  Error =3.364484200574225e-06
Completed 42 % :  mod = 1.299090223439542e-16,  Error =3.4040508580801543e-06
Completed 43 % :  mod = 1.3915310824540545e-16,  Error =3.4436393434589263e-06
Completed 43 % :  mod = 1.4454864484009849e-16,  Error =3.4832314668165054e-06
Completed 44 % :  mod = 1.459518918156166e-16,  Error =3.5227917578595225e-06
Completed 44 % :  mod = 1.4332961470930868e-16,  Error =3.562358415365452e-06
Completed 45 % :  mod = 1.3677023189082624e-16,  Error =3.6019255276187323e-06
Completed 45 % :  mod = 1.264665909557102e-16,  Error =3.6414899113879073e-06
Completed 46 % :  mod = 1.1272813396726206e-16,  Error =3.681071575556416e-06
Completed 46 % :  mod = 9.595028091713389e-17,  Error =3.7206668821454514e-06
Completed 47 % :  mod = 7.741411066671828e-17,  Error =3.760240360861644e-06
Completed 47 % :  mod = 5.733642730626416e-17,  Error =3.799828846240416e-06
Completed 48 % :  mod = 4.151564000924301e-17,  Error =3.839400960714556e-06
Completed 48 % :  mod = 3.21925638393645e-17,  Error =3.878994448314188e-06
Completed 49 % :  mod = 3.978666331887313e-17,  Error =3.918575202987995e-06
Completed 49 % :  mod = 5.044031704479455e-17,  Error =3.9581700548296794e-06
Completed 50 % :  mod = 6.111216486678301e-17,  Error =3.99773716708296e-06
Completed 50 % :  mod = 8.037189341854985e-17,  Error =4.037309736304451e-06
Completed 51 % :  mod = 9.717714636117974e-17,  Error =4.07690185966203e-06
Completed 51 % :  mod = 1.1106819097908128e-16,  Error =4.116500349482521e-06
Completed 52 % :  mod = 1.219812089955263e-16,  Error =4.156099748797715e-06
Completed 52 % :  mod = 1.2978388904582659e-16,  Error =4.195693691144697e-06
Completed 53 % :  mod = 1.33877029249067e-16,  Error =4.235288088239031e-06
Completed 53 % :  mod = 1.3418878059384358e-16,  Error =4.2748820305860136e-06
Completed 54 % :  mod = 1.3075623473770263e-16,  Error =4.3144586925336625e-06
Completed 54 % :  mod = 1.237251580685737e-16,  Error =4.354028078523697e-06
Completed 55 % :  mod = 1.1334515011324674e-16,  Error =4.393611106934259e-06
Completed 55 % :  mod = 1.0141868369689035e-16,  Error =4.433191861608066e-06
Completed 56 % :  mod = 8.769328122117073e-17,  Error =4.47278671344975e-06
Completed 56 % :  mod = 7.658455108272355e-17,  Error =4.512356554187136e-06
Completed 57 % :  mod = 7.285902167932664e-17,  Error =4.5519100240198895e-06
Completed 57 % :  mod = 6.788840094106205e-17,  Error =4.591499873640714e-06
Completed 58 % :  mod = 7.079650560344795e-17,  Error =4.631101091945311e-06
Completed 58 % :  mod = 8.02081970636626e-17,  Error =4.670666839956539e-06
Completed 59 % :  mod = 8.967701702910019e-17,  Error =4.710243501904188e-06
Completed 59 % :  mod = 9.665585424401668e-17,  Error =4.749841991724679e-06
Completed 60 % :  mod = 1.017090848379727e-16,  Error =4.789427748619346e-06
Completed 60 % :  mod = 1.0426954125703299e-16,  Error =4.828998953598784e-06
Completed 61 % :  mod = 1.0365096127440148e-16,  Error =4.868574251304381e-06
Completed 61 % :  mod = 1.0659217311702178e-16,  Error =4.908156824967591e-06
Completed 62 % :  mod = 1.1049550003000328e-16,  Error =4.947745310346363e-06
Completed 62 % :  mod = 1.1103849731474095e-16,  Error =4.987303327652626e-06
Completed 63 % :  mod = 1.0860809653883841e-16,  Error =5.026894541515503e-06
Completed 63 % :  mod = 1.0397274554452651e-16,  Error =5.066468474979047e-06
Completed 64 % :  mod = 9.641015228887547e-17,  Error =5.106070602778345e-06
Completed 64 % :  mod = 8.667778890966452e-17,  Error =5.1456422625051346e-06
Completed 65 % :  mod = 7.710170740022142e-17,  Error =5.185230293136556e-06
Completed 65 % :  mod = 7.37975390962693e-17,  Error =5.224796041147783e-06
Completed 66 % :  mod = 7.700496914457123e-17,  Error =5.2643763410742395e-06
Completed 66 % :  mod = 7.872492470657818e-17,  Error =5.303954822011292e-06
Completed 67 % :  mod = 8.755602605645526e-17,  Error =5.34354649062152e-06
Completed 67 % :  mod = 9.987517149810646e-17,  Error =5.383148163673468e-06
Completed 68 % :  mod = 1.1083204756120722e-16,  Error =5.422729373094626e-06
Completed 68 % :  mod = 1.2022379848858778e-16,  Error =5.462332410388626e-06
Completed 69 % :  mod = 1.2634031314980755e-16,  Error =5.501917712535942e-06
Completed 69 % :  mod = 1.2894826974345945e-16,  Error =5.541485279536573e-06
Completed 70 % :  mod = 1.2791720792827103e-16,  Error =5.581080131378258e-06
Completed 70 % :  mod = 1.232222015470612e-16,  Error =5.620646788884187e-06
Completed 71 % :  mod = 1.1581206057343584e-16,  Error =5.660228453052696e-06
Completed 71 % :  mod = 1.0495348489657208e-16,  Error =5.699796929548029e-06
Completed 72 % :  mod = 9.091966890494388e-17,  Error =5.739398147852626e-06
Completed 72 % :  mod = 7.608547600283789e-17,  Error =5.778960257885046e-06
Completed 73 % :  mod = 6.791990892267844e-17,  Error =5.818562840431696e-06
Completed 73 % :  mod = 5.827532083189158e-17,  Error =5.8581408666213974e-06
Completed 74 % :  mod = 4.810756550889057e-17,  Error =5.8977211665478535e-06
Completed 74 % :  mod = 4.3644056375451677e-17,  Error =5.93729646425345e-06
Completed 75 % :  mod = 5.2405809953000814e-17,  Error =5.9768663049908355e-06
Completed 75 % :  mod = 6.436707751208854e-17,  Error =6.016441147949081e-06
Completed 76 % :  mod = 8.254859572923326e-17,  Error =6.056001438992098e-06
Completed 76 % :  mod = 9.975310967668962e-17,  Error =6.09554899710929e-06
Completed 77 % :  mod = 1.151843284577119e-16,  Error =6.1351565818767995e-06
Completed 77 % :  mod = 1.2793213486771365e-16,  Error =6.174725513119483e-06
Completed 78 % :  mod = 1.372212144831029e-16,  Error =6.2143135437509045e-06
Completed 78 % :  mod = 1.4276046641969788e-16,  Error =6.253914762055501e-06
Completed 79 % :  mod = 1.4437583941720943e-16,  Error =6.293497790466063e-06
Completed 79 % :  mod = 1.419972140988945e-16,  Error =6.333102192002116e-06
Completed 80 % :  mod = 1.3567529224190554e-16,  Error =6.372693405864993e-06
Completed 80 % :  mod = 1.2556967208988132e-16,  Error =6.4122646108444314e-06
Completed 81 % :  mod = 1.1195526313859712e-16,  Error =6.451848548749695e-06
Completed 81 % :  mod = 9.520080730568532e-17,  Error =6.491439307865221e-06
Completed 82 % :  mod = 7.577527939572139e-17,  Error =6.531033250212204e-06
Completed 82 % :  mod = 5.4215477543438574e-17,  Error =6.570604909938993e-06
Completed 83 % :  mod = 3.113076678434818e-17,  Error =6.6101911215810105e-06
Completed 83 % :  mod = 7.164075627701314e-18,  Error =6.6497718762548175e-06
Completed 84 % :  mod = 1.7004712347903298e-17,  Error =6.689333076792536e-06
Completed 84 % :  mod = 4.0701132527457333e-17,  Error =6.7289006437931675e-06
Completed 85 % :  mod = 6.325298299681932e-17,  Error =6.768467301299097e-06
Completed 85 % :  mod = 8.403259553996763e-17,  Error =6.808051693951711e-06
Completed 86 % :  mod = 1.024528886433101e-16,  Error =6.847621989436448e-06
Completed 86 % :  mod = 1.1800569278971637e-16,  Error =6.887193194415886e-06
Completed 87 % :  mod = 1.302563233265189e-16,  Error =6.926774403837044e-06
Completed 87 % :  mod = 1.3887469987903663e-16,  Error =6.966363343963167e-06
Completed 88 % :  mod = 1.436279560087897e-16,  Error =7.005950465099886e-06
Completed 88 % :  mod = 1.4440146309444207e-16,  Error =7.045546226436272e-06
Completed 89 % :  mod = 1.4118993136767521e-16,  Error =7.085154265951132e-06
Completed 89 % :  mod = 1.341059697332633e-16,  Error =7.124740022845799e-06
Completed 90 % :  mod = 1.233709923658042e-16,  Error =7.164308954088483e-06
Completed 90 % :  mod = 1.0930991699898084e-16,  Error =7.203894256235799e-06
Completed 91 % :  mod = 9.314176487139146e-17,  Error =7.243471372930799e-06
Completed 91 % :  mod = 7.499799886721093e-17,  Error =7.2830648605304305e-06
Completed 92 % :  mod = 5.755908421633479e-17,  Error =7.32263652025722e-06
Completed 92 % :  mod = 4.8200928660846396e-17,  Error =7.36220863473136e-06
Completed 93 % :  mod = 4.2550591692960745e-17,  Error =7.401792117889272e-06
Completed 93 % :  mod = 5.133499931764466e-17,  Error =7.441386514983606e-06
Completed 94 % :  mod = 6.112779041195172e-17,  Error =7.4809754551097285e-06
Completed 94 % :  mod = 7.060138501898133e-17,  Error =7.520538929384202e-06
Completed 95 % :  mod = 8.136342571983043e-17,  Error =7.560106496384833e-06
Completed 95 % :  mod = 9.718427588257813e-17,  Error =7.599715445394395e-06
Completed 96 % :  mod = 1.1004111498537324e-16,  Error =7.639292562089395e-06
Completed 96 % :  mod = 1.1959603943779514e-16,  Error =7.678859674342675e-06
Completed 97 % :  mod = 1.2605678955022948e-16,  Error =7.71845498093171e-06
Completed 97 % :  mod = 1.2931149276374367e-16,  Error =7.758023002679693e-06
Completed 98 % :  mod = 1.2888881753279948e-16,  Error =7.797596936143236e-06
Completed 98 % :  mod = 1.2485222928989506e-16,  Error =7.837205430405447e-06
Completed 99 % :  mod = 1.173778663754026e-16,  Error =7.876769359427271e-06
Completed 99 % :  mod = 1.0698116762137434e-16,  Error =7.916356935311342e-06
Completed 100 % :  mod = 9.538790180836713e-17,  Error =7.955926321301376e-06
Finished 1/1 frames
Finished all frames!
