/opt/local/miniconda_23_9/lib/python3.11/site-packages/conda/base/context.py:201: FutureWarning: Adding 'defaults' to channel list implicitly is deprecated and will be removed in 25.3. 

To remove this warning, please choose a default channel explicitly with conda's regular configuration system, e.g. by adding 'defaults' to the list of channels:

  conda config --add channels defaults

For more information see https://docs.conda.io/projects/conda/en/stable/user-guide/configuration/use-condarc.html

  deprecated.topic(
JOB 14611 ARRAY_ID 0  -> i=0 ; range=[1.6e-10, 1.6e-10] ; intervals=0 (frames=1)
Simulation name: run1
Analytic t0 extension enabled (--extend-time-using-t0).
Completed 0 % :  mod = 1.8166808986469458e-16,  Error =0.0
Completed 1 % :  mod = 1.6997052453805783e-16,  Error =1.6109879652503878e-07
Completed 2 % :  mod = 1.380291131536858e-16,  Error =3.221857696189545e-07
Completed 3 % :  mod = 1.0451207257718749e-16,  Error =4.832800186704844e-07
Completed 4 % :  mod = 1.0918056032344069e-16,  Error =6.443719939852599e-07
Completed 5 % :  mod = 1.4740261694204254e-16,  Error =8.054698810155969e-07
Completed 6 % :  mod = 1.8438361188782953e-16,  Error =9.665691322879866e-07
Completed 7 % :  mod = 2.0297083071086945e-16,  Error =1.1276633813395165e-06
Completed 8 % :  mod = 1.9952398998467145e-16,  Error =1.2887744560430292e-06
Completed 9 % :  mod = 1.799308981334687e-16,  Error =1.449872797820717e-06
Completed 10 % :  mod = 1.7515231057973316e-16,  Error =1.61096340889344e-06
Completed 11 % :  mod = 1.936250676651256e-16,  Error =1.772061295923777e-06
Completed 12 % :  mod = 2.223053839528963e-16,  Error =1.9331573639647104e-06
Completed 13 % :  mod = 2.6483829011077036e-16,  Error =2.0942557057423983e-06
Completed 14 % :  mod = 2.9583394345610533e-16,  Error =2.255355411762139e-06
Completed 15 % :  mod = 3.1260189163878363e-16,  Error =2.416448296571616e-06
Completed 16 % :  mod = 3.334272675874299e-16,  Error =2.5775443646125495e-06
Completed 17 % :  mod = 3.736183704753544e-16,  Error =2.738640432653483e-06
Completed 18 % :  mod = 4.190600872425684e-16,  Error =2.8997369554417673e-06
Completed 19 % :  mod = 4.703909068165778e-16,  Error =3.0608375709562097e-06
Completed 20 % :  mod = 5.283321583503807e-16,  Error =3.221934548491845e-06
Completed 21 % :  mod = 5.936980671020774e-16,  Error =3.3830292522907257e-06
Completed 22 % :  mod = 6.674070958565508e-16,  Error =3.5441189538687468e-06
Completed 23 % :  mod = 7.504951249111537e-16,  Error =3.7052186598884873e-06
Completed 24 % :  mod = 8.441297548556809e-16,  Error =3.866313818434719e-06
Completed 25 % :  mod = 9.496268653323646e-16,  Error =4.027411705465056e-06
Completed 26 % :  mod = 1.0684691716438456e-15,  Error =4.188501861790428e-06
Completed 27 % :  mod = 1.202326825531232e-15,  Error =4.349595201347256e-06
Completed 28 % :  mod = 1.3530811376800919e-15,  Error =4.510694907366997e-06
Completed 28 % :  mod = 1.5228508198702897e-15,  Error =4.671792339649983e-06
Completed 30 % :  mod = 1.7140216988545533e-15,  Error =4.8328874981962144e-06
Completed 31 % :  mod = 1.9292804150762438e-15,  Error =4.9939849304792006e-06
Completed 32 % :  mod = 2.1716518843351292e-15,  Error =5.155073267815169e-06
Completed 33 % :  mod = 2.4445419942656657e-15,  Error =5.3161729738349095e-06
Completed 34 % :  mod = 2.7517854697635276e-15,  Error =5.477269951370545e-06
Completed 35 % :  mod = 3.0976996310400278e-15,  Error =5.63837193112704e-06
Completed 36 % :  mod = 3.4871454033621716e-15,  Error =5.799467999167973e-06
Completed 37 % :  mod = 3.925595484128058e-15,  Error =5.9605686146824155e-06
Completed 38 % :  mod = 4.4192113873997125e-15,  Error =6.121661954239244e-06
Completed 39 % :  mod = 4.9749302241966285e-15,  Error =6.282762569753686e-06
Completed 40 % :  mod = 5.6005619441425225e-15,  Error =6.443860456784023e-06
Completed 41 % :  mod = 6.304899308248892e-15,  Error =6.604955160582904e-06
Completed 42 % :  mod = 7.0978412391736334e-15,  Error =6.766048500139732e-06
Completed 43 % :  mod = 7.990531697763158e-15,  Error =6.927143658685964e-06
Completed 44 % :  mod = 8.995516354627623e-15,  Error =7.0882420004636515e-06
Completed 45 % :  mod = 1.0126918445430439e-14,  Error =7.24933534002048e-06
Completed 46 % :  mod = 1.1400637268075698e-14,  Error =7.4104336817981675e-06
Completed 47 % :  mod = 1.2834571618098594e-14,  Error =7.571532478323206e-06
Completed 48 % :  mod = 1.4448871192841818e-14,  Error =7.732631729595596e-06
Completed 49 % :  mod = 1.626622026043213e-14,  Error =7.89372279541567e-06
Completed 50 % :  mod = 1.8312156588261115e-14,  Error =8.054814770730445e-06
Completed 51 % :  mod = 2.0615430754940436e-14,  Error =8.21591129351873e-06
Completed 52 % :  mod = 2.320841077619332e-14,  Error =8.377005087822909e-06
Completed 53 % :  mod = 2.612753701686493e-14,  Error =8.538103884347947e-06
Completed 54 % :  mod = 2.941383460661609e-14,  Error =8.69919949764153e-06
Completed 55 % :  mod = 3.3113489738930775e-14,  Error =8.860289653966902e-06
Completed 56 % :  mod = 3.7278498099032284e-14,  Error =9.021386176755186e-06
Completed 56 % :  mod = 4.196739505152021e-14,  Error =9.18248269954347e-06
Completed 57 % :  mod = 4.7246077049278557e-14,  Error =9.343581041321158e-06
Completed 59 % :  mod = 5.318872685618741e-14,  Error =9.50468120208825e-06
Completed 60 % :  mod = 5.987885544934681e-14,  Error =9.665785000834148e-06
Completed 61 % :  mod = 6.741047515500416e-14,  Error =9.826878795138327e-06
Completed 62 % :  mod = 7.588942151739763e-14,  Error =9.987978955905419e-06
Completed 63 % :  mod = 8.543484166328882e-14,  Error =1.0149075478693703e-05
Completed 64 % :  mod = 9.618087050468514e-14,  Error =1.0310173820471391e-05
Completed 65 % :  mod = 1.0827851827592067e-13,  Error =1.0471268069522921e-05
Completed 66 % :  mod = 1.2189779476185177e-13,  Error =1.0632354133122135e-05
Completed 67 % :  mod = 1.3723010053163103e-13,  Error =1.079345065591042e-05
Completed 68 % :  mod = 1.5449091764665618e-13,  Error =1.095455036193016e-05
Completed 69 % :  mod = 1.7392283724382054e-13,  Error =1.1115641882497584e-05
Completed 70 % :  mod = 1.957989670733728e-13,  Error =1.1276739769527921e-05
Completed 71 % :  mod = 2.2042676617904153e-13,  Error =1.1437834928074153e-05
Completed 72 % :  mod = 2.481523620311486e-13,  Error =1.1598930541367736e-05
Completed 73 % :  mod = 2.793654117607764e-13,  Error =1.1760022971429862e-05
Completed 74 % :  mod = 3.1450457667158675e-13,  Error =1.1921114491997287e-05
Completed 75 % :  mod = 3.540636894841247e-13,  Error =1.2082204648322659e-05
Completed 76 % :  mod = 3.98598701608752e-13,  Error =1.224329434990068e-05
Completed 77 % :  mod = 4.4873550946321055e-13,  Error =1.2404392691678368e-05
Completed 78 % :  mod = 5.051787708321145e-13,  Error =1.2565491488203406e-05
Completed 79 % :  mod = 5.687218342629937e-13,  Error =1.2726588920486392e-05
Completed 80 % :  mod = 6.40257921598727e-13,  Error =1.2887678622064414e-05
Completed 81 % :  mod = 7.207927200140555e-13,  Error =1.304877650909475e-05
Completed 82 % :  mod = 8.114585606031228e-13,  Error =1.3209863027441315e-05
Completed 83 % :  mod = 9.135303854692242e-13,  Error =1.3370948636293178e-05
Completed 84 % :  mod = 1.0284437308556965e-12,  Error =1.35320383378712e-05
Completed 85 % :  mod = 1.1578149863903048e-12,  Error =1.3693121218238957e-05
Completed 86 % :  mod = 1.3034642243297997e-12,  Error =1.3854200915375259e-05
Completed 87 % :  mod = 1.4674409282108673e-12,  Error =1.4015273336553946e-05
Completed 88 % :  mod = 1.6520529881927768e-12,  Error =1.4176341665006476e-05
Completed 89 % :  mod = 1.8598993600017274e-12,  Error =1.433740226275404e-05
Completed 90 % :  mod = 2.0939068027352626e-12,  Error =1.4498451491817832e-05
Completed 91 % :  mod = 2.3573710988918138e-12,  Error =1.4659491171187256e-05
Completed 92 % :  mod = 2.654003084790358e-12,  Error =1.4820511296420591e-05
Completed 93 % :  mod = 2.9895174414166167e-12,  Error =1.498151277701254e-05
Completed 94 % :  mod = 3.388694386504855e-12,  Error =1.514248924650019e-05
Completed 95 % :  mod = 3.864490768088814e-12,  Error =1.5303435702662682e-05
Completed 96 % :  mod = 4.4446483579129676e-12,  Error =1.5464331227121875e-05
Completed 97 % :  mod = 5.137899825560324e-12,  Error =1.562517218189896e-05
Completed 98 % :  mod = 5.9929234548703e-12,  Error =1.5785949472046923e-05
Completed 99 % :  mod = 7.014079933202102e-12,  Error =1.594662671777769e-05
Completed 100 % :  mod = 8.265941947291287e-12,  Error =1.610717663425021e-05
Finished 1/1 frames
Finished all frames!
