/opt/local/miniconda_23_9/lib/python3.11/site-packages/conda/base/context.py:201: FutureWarning: Adding 'defaults' to channel list implicitly is deprecated and will be removed in 25.3. 

To remove this warning, please choose a default channel explicitly with conda's regular configuration system, e.g. by adding 'defaults' to the list of channels:

  conda config --add channels defaults

For more information see https://docs.conda.io/projects/conda/en/stable/user-guide/configuration/use-condarc.html

  deprecated.topic(
JOB 14179 ARRAY_ID 6  -> i=6 ; range=[1.515e-7, 1.53e-7] ; intervals=10 (frames=11)
Simulation name: run1
Analytic t0 extension enabled (--extend-time-using-t0).
Completed 0 % :  mod = 3.705985190578673e-14,  Error =0.0
Completed 1 % :  mod = 3.706278327505894e-14,  Error =3.1867330108070746e-08
Completed 2 % :  mod = 3.70715792886997e-14,  Error =6.37278390058782e-08
Completed 3 % :  mod = 3.708624291132433e-14,  Error =9.559698810335249e-08
Completed 4 % :  mod = 3.710678023098214e-14,  Error =1.2745749700115994e-07
Completed 5 % :  mod = 3.7133198235694934e-14,  Error =1.5932710084598511e-07
Completed 6 % :  mod = 3.7165508678044864e-14,  Error =1.9119079297524877e-07
Completed 7 % :  mod = 3.7203722410641564e-14,  Error =2.2304902813630179e-07
Completed 8 % :  mod = 3.7247855315352795e-14,  Error =2.5491272026556544e-07
Completed 9 % :  mod = 3.7297924226958385e-14,  Error =2.8678050512098707e-07
Completed 10 % :  mod = 3.7353948203699646e-14,  Error =3.1864374250289984e-07
Completed 11 % :  mod = 3.741594969194968e-14,  Error =3.5050152291660197e-07
Completed 12 % :  mod = 3.748395140277939e-14,  Error =3.8236476029851474e-07
Completed 13 % :  mod = 3.755798081181999e-14,  Error =4.142284524277784e-07
Completed 14 % :  mod = 3.763806550058184e-14,  Error =4.460903255676385e-07
Completed 15 % :  mod = 3.772423749749825e-14,  Error =4.779458322445862e-07
Completed 16 % :  mod = 3.781652994273328e-14,  Error =5.098086148791481e-07
Completed 17 % :  mod = 3.791497804109381e-14,  Error =5.4167139751371e-07
Completed 18 % :  mod = 3.801962070315584e-14,  Error =5.735441845899913e-07
Completed 19 % :  mod = 3.813049710419319e-14,  Error =6.054046934877988e-07
Completed 20 % :  mod = 3.8247651501677356e-14,  Error =6.372629286488518e-07
Completed 21 % :  mod = 3.837112767662379e-14,  Error =6.691252565360628e-07
Completed 22 % :  mod = 3.8500975286339035e-14,  Error =7.00982582202414e-07
Completed 23 % :  mod = 3.8637244146948294e-14,  Error =7.328485480684321e-07
Completed 24 % :  mod = 3.8779986933312977e-14,  Error =7.647076927241869e-07
Completed 25 % :  mod = 3.892925896727245e-14,  Error =7.965704753587488e-07
Completed 26 % :  mod = 3.908511768824845e-14,  Error =8.28431893751258e-07
Completed 27 % :  mod = 3.9247623976734064e-14,  Error =8.60290128912311e-07
Completed 28 % :  mod = 3.941684125432121e-14,  Error =8.921520020521712e-07
Completed 28 % :  mod = 3.9592835589579784e-14,  Error =9.240202416549437e-07
Completed 30 % :  mod = 3.9775674851024676e-14,  Error =9.558862075209618e-07
Completed 31 % :  mod = 3.9965430454121255e-14,  Error =9.8774717116612e-07
Completed 32 % :  mod = 4.016217471430739e-14,  Error =1.019609499053331e-06
Completed 33 % :  mod = 4.036598603507027e-14,  Error =1.051476374414051e-06
Completed 34 % :  mod = 4.0576943402232215e-14,  Error =1.0833414307853673e-06
Completed 35 % :  mod = 4.079512924268691e-14,  Error =1.1152028491778765e-06
Completed 36 % :  mod = 4.1020626724481865e-14,  Error =1.1470651770650875e-06
Completed 37 % :  mod = 4.1253526374263315e-14,  Error =1.1789365998993162e-06
Completed 38 % :  mod = 4.1493917659886316e-14,  Error =1.2108012015232816e-06
Completed 39 % :  mod = 4.1741893754975064e-14,  Error =1.242666257894598e-06
Completed 40 % :  mod = 4.1997553232988796e-14,  Error =1.2745376807288267e-06
Completed 41 % :  mod = 4.226099323801865e-14,  Error =1.3064036465948448e-06
Completed 42 % :  mod = 4.253231938448524e-14,  Error =1.338264610240003e-06
Completed 43 % :  mod = 4.2811636598594904e-14,  Error =1.3701260286325123e-06
Completed 44 % :  mod = 4.309905462405387e-14,  Error =1.401981990056811e-06
Completed 45 % :  mod = 4.339468436923867e-14,  Error =1.433844317944022e-06
Completed 46 % :  mod = 4.3698644471701483e-14,  Error =1.4657039173471276e-06
Completed 47 % :  mod = 4.401105097495608e-14,  Error =1.4975653357396368e-06
Completed 48 % :  mod = 4.433202728111496e-14,  Error =1.529434939584462e-06
Completed 49 % :  mod = 4.4676700710401815e-14,  Error =1.5613063624186907e-06
Completed 50 % :  mod = 4.5059100087186874e-14,  Error =1.5931700545479544e-06
Completed 51 % :  mod = 4.545167254142669e-14,  Error =1.6250342014245689e-06
Completed 52 % :  mod = 4.5854576097705495e-14,  Error =1.6568965293117799e-06
Completed 53 % :  mod = 4.626797418044254e-14,  Error =1.6887561287148856e-06
Completed 54 % :  mod = 4.6692031484606513e-14,  Error =1.7206175471073948e-06
Completed 55 % :  mod = 4.712692106961645e-14,  Error =1.752482603478711e-06
Completed 56 % :  mod = 4.757281472434196e-14,  Error =1.784345386113273e-06
Completed 56 % :  mod = 4.80298919668283e-14,  Error =1.816207259253133e-06
Completed 57 % :  mod = 4.849833909138432e-14,  Error =1.8480704966350459e-06
Completed 59 % :  mod = 4.8978343980505623e-14,  Error =1.8799332792696077e-06
Completed 60 % :  mod = 4.947010065767669e-14,  Error =1.911799245135626e-06
Completed 61 % :  mod = 4.9973805846299525e-14,  Error =1.9436629372648895e-06
Completed 62 % :  mod = 5.048966728120444e-14,  Error =1.975522991415346e-06
Completed 63 % :  mod = 5.1017887826782296e-14,  Error =2.007386228797259e-06
Completed 64 % :  mod = 5.1558686546929086e-14,  Error =2.0392535589053296e-06
Completed 65 % :  mod = 5.211227599397501e-14,  Error =2.0711127035610843e-06
Completed 66 % :  mod = 5.267888624324436e-14,  Error =2.1029754861956462e-06
Completed 67 % :  mod = 5.325874059379786e-14,  Error =2.134831447619945e-06
Completed 68 % :  mod = 5.3852078703020025e-14,  Error =2.166692866012454e-06
Completed 69 % :  mod = 5.445913795189432e-14,  Error =2.198555193899665e-06
Completed 70 % :  mod = 5.5080166574013854e-14,  Error =2.230418431281578e-06
Completed 71 % :  mod = 5.5715415714647484e-14,  Error =2.262279849674087e-06
Completed 72 % :  mod = 5.636514398354192e-14,  Error =2.294142632308649e-06
Completed 73 % :  mod = 5.702961396091081e-14,  Error =2.3260108719114214e-06
Completed 74 % :  mod = 5.770909521498962e-14,  Error =2.357871380809229e-06
Completed 75 % :  mod = 5.840386567846416e-14,  Error =2.389729615970282e-06
Completed 76 % :  mod = 5.911420524278395e-14,  Error =2.4215923986048438e-06
Completed 77 % :  mod = 5.984040666371138e-14,  Error =2.453457000228809e-06
Completed 78 % :  mod = 6.058276312052532e-14,  Error =2.485323420842178e-06
Completed 79 % :  mod = 6.138357676210062e-14,  Error =2.5171893867081963e-06
Completed 80 % :  mod = 6.22404710786851e-14,  Error =2.5490430743957404e-06
Completed 81 % :  mod = 6.311637562040259e-14,  Error =2.580906766525004e-06
Completed 82 % :  mod = 6.401165461142043e-14,  Error =2.6127722776436713e-06
Completed 83 % :  mod = 6.49266793168673e-14,  Error =2.6446286938153207e-06
Completed 84 % :  mod = 6.586182761931681e-14,  Error =2.676493750186637e-06
Completed 85 % :  mod = 6.68174926479356e-14,  Error =2.7083588065579534e-06
Completed 86 % :  mod = 6.77940677965881e-14,  Error =2.7402170417190064e-06
Completed 87 % :  mod = 6.879196260570431e-14,  Error =2.772077095869463e-06
Completed 88 % :  mod = 6.981158714510982e-14,  Error =2.8039421522407793e-06
Completed 89 % :  mod = 7.085337038405286e-14,  Error =2.835798113665078e-06
Completed 90 % :  mod = 7.191774430933653e-14,  Error =2.867663170036394e-06
Completed 91 % :  mod = 7.300515202507136e-14,  Error =2.8995200409553945e-06
Completed 92 % :  mod = 7.411604589979074e-14,  Error =2.931380549853202e-06
Completed 93 % :  mod = 7.525088888993991e-14,  Error =2.963250153698027e-06
Completed 94 % :  mod = 7.641015702803522e-14,  Error =2.995120667037554e-06
Completed 95 % :  mod = 7.759433116409292e-14,  Error =3.0269820854300633e-06
Completed 96 % :  mod = 7.885940504636597e-14,  Error =3.0588471418013796e-06
Completed 97 % :  mod = 8.019667625835426e-14,  Error =3.090708560193889e-06
Completed 98 % :  mod = 8.156273266744514e-14,  Error =3.122578164038714e-06
Completed 99 % :  mod = 8.29581510501361e-14,  Error =3.154444129904732e-06
Completed 100 % :  mod = 8.438352448830893e-14,  Error =3.1863123695075046e-06
Finished 7/11 frames
Finished all frames!
