/opt/local/miniconda_23_9/lib/python3.11/site-packages/conda/base/context.py:201: FutureWarning: Adding 'defaults' to channel list implicitly is deprecated and will be removed in 25.3. 

To remove this warning, please choose a default channel explicitly with conda's regular configuration system, e.g. by adding 'defaults' to the list of channels:

  conda config --add channels defaults

For more information see https://docs.conda.io/projects/conda/en/stable/user-guide/configuration/use-condarc.html

  deprecated.topic(
JOB 14612 ARRAY_ID 0  -> i=0 ; range=[1.5e-10, 1.5e-10] ; intervals=0 (frames=1)
Simulation name: run1
Analytic t0 extension enabled (--extend-time-using-t0).
Completed 0 % :  mod = 1.7031383427076939e-16,  Error =0.0
Completed 1 % :  mod = 1.5643702574140262e-16,  Error =1.2430655260686763e-07
Completed 2 % :  mod = 1.2001588622803227e-16,  Error =2.4861583369784057e-07
Completed 3 % :  mod = 9.569502238927949e-17,  Error =3.729119271156378e-07
Completed 4 % :  mod = 1.113118272574378e-16,  Error =4.972148417436983e-07
Completed 5 % :  mod = 1.5382918164431402e-16,  Error =6.215182111191098e-07
Completed 6 % :  mod = 1.7855467028887658e-16,  Error =7.458229447365738e-07
Completed 7 % :  mod = 1.75896363107941e-16,  Error =8.701335900695994e-07
Completed 8 % :  mod = 1.5019235004251936e-16,  Error =9.944342309609056e-07
Completed 9 % :  mod = 1.2846712297617027e-16,  Error =1.1187407835677732e-06
Completed 10 % :  mod = 1.3771573991452315e-16,  Error =1.2430477909219917e-06
Completed 11 % :  mod = 1.7507182885296269e-16,  Error =1.3673561625182629e-06
Completed 12 % :  mod = 2.0905696209761196e-16,  Error =1.4916668078512885e-06
Completed 13 % :  mod = 2.1998873684803691e-16,  Error =1.6159679034899455e-06
Completed 14 % :  mod = 2.0916051854455748e-16,  Error =1.7402726371074095e-06
Completed 15 % :  mod = 2.0523442524297426e-16,  Error =1.8645741874934174e-06
Completed 16 % :  mod = 2.2386709639990305e-16,  Error =1.988872099900618e-06
Completed 17 % :  mod = 2.462601762198292e-16,  Error =2.1131763787707314e-06
Completed 18 % :  mod = 2.8367528237532405e-16,  Error =2.2374815671355464e-06
Completed 19 % :  mod = 3.1060574295178706e-16,  Error =2.3617863007530104e-06
Completed 20 % :  mod = 3.251662691969881e-16,  Error =2.4860905796231236e-06
Completed 21 % :  mod = 3.52287498095426e-16,  Error =2.6103998607140966e-06
Completed 22 % :  mod = 3.8668467740354573e-16,  Error =2.734710960794473e-06
Completed 23 % :  mod = 4.246626549953682e-16,  Error =2.8590134206751827e-06
Completed 24 % :  mod = 4.665731488945316e-16,  Error =2.9833195185346995e-06
Completed 25 % :  mod = 5.128042989210205e-16,  Error =3.10763789457269e-06
Completed 26 % :  mod = 5.6378433663305e-16,  Error =3.2319503588951193e-06
Completed 27 % :  mod = 6.199853151361464e-16,  Error =3.35625327352318e-06
Completed 28 % :  mod = 6.819276923875239e-16,  Error =3.480561645119451e-06
Completed 28 % :  mod = 7.501850330974811e-16,  Error =3.604866378736915e-06
Completed 30 % :  mod = 8.253892682022301e-16,  Error =3.7291729313437827e-06
Completed 31 % :  mod = 9.08236763784653e-16,  Error =3.853483576676808e-06
Completed 32 % :  mod = 9.994945649437581e-16,  Error =3.97779240302043e-06
Completed 33 % :  mod = 1.1000076668673607e-15,  Error =4.102098955627298e-06
Completed 34 % :  mod = 1.2107069017407297e-15,  Error =4.226408236718271e-06
Completed 35 % :  mod = 1.3326173861217985e-15,  Error =4.3507152440724894e-06
Completed 36 % :  mod = 1.4668682469825057e-15,  Error =4.475027253647568e-06
Completed 37 % :  mod = 1.6147028904323173e-15,  Error =4.5993328967597336e-06
Completed 38 % :  mod = 1.777490465097348e-15,  Error =4.72364899906097e-06
Completed 39 % :  mod = 1.956738654933824e-15,  Error =4.8479510041943286e-06
Completed 40 % :  mod = 2.1541073364452834e-15,  Error =4.97225437356974e-06
Completed 41 % :  mod = 2.371424106517038e-15,  Error =5.096567747386871e-06
Completed 42 % :  mod = 2.610701178303966e-15,  Error =5.220875664235791e-06
Completed 43 % :  mod = 2.874153903510486e-15,  Error =5.345179943105904e-06
Completed 44 % :  mod = 3.164221603176528e-15,  Error =5.4694883147021756e-06
Completed 45 % :  mod = 3.483590055254568e-15,  Error =5.593797141045798e-06
Completed 46 % :  mod = 3.835216526645928e-15,  Error =5.718105057894718e-06
Completed 47 % :  mod = 4.222357355279808e-15,  Error =5.842408427270129e-06
Completed 48 % :  mod = 4.648597891983508e-15,  Error =5.966713160887593e-06
Completed 49 % :  mod = 5.1178858740665196e-15,  Error =6.0910219872312155e-06
Completed 50 % :  mod = 5.6345677796499524e-15,  Error =6.215320809133118e-06
Completed 51 % :  mod = 6.203428805667432e-15,  Error =6.339628725982038e-06
Completed 52 % :  mod = 6.8297372026779786e-15,  Error =6.463936188083608e-06
Completed 53 % :  mod = 7.519292677701446e-15,  Error =6.588239102711668e-06
Completed 54 % :  mod = 8.278480144156227e-15,  Error =6.712545655318536e-06
Completed 55 % :  mod = 9.11432895590103e-15,  Error =6.8368522079254035e-06
Completed 56 % :  mod = 1.0034577979000427e-14,  Error =6.9611573962902185e-06
Completed 56 % :  mod = 1.1047747794924654e-14,  Error =7.0854662226338405e-06
Completed 57 % :  mod = 1.2163219820582002e-14,  Error =7.20976868251455e-06
Completed 59 % :  mod = 1.339132346265309e-14,  Error =7.334067504416453e-06
Completed 60 % :  mod = 1.4743432152536198e-14,  Error =7.45837405702332e-06
Completed 61 % :  mod = 1.6232068404075335e-14,  Error =7.582679700135486e-06
Completed 62 % :  mod = 1.7871019675249363e-14,  Error =7.7069839790056e-06
Completed 63 % :  mod = 1.967546554434775e-14,  Error =7.831294624338625e-06
Completed 64 % :  mod = 2.1662117482814577e-14,  Error =7.955591172503773e-06
Completed 65 % :  mod = 2.384937323511988e-14,  Error =8.079904546320904e-06
Completed 66 % :  mod = 2.6257486576021984e-14,  Error =8.204206096706912e-06
Completed 67 % :  mod = 2.890875482052165e-14,  Error =8.328515377797885e-06
Completed 68 % :  mod = 3.1827725814850225e-14,  Error =8.452818292425945e-06
Completed 69 % :  mod = 3.504142583605042e-14,  Error =8.577123935538111e-06
Completed 70 % :  mod = 3.8579611191005464e-14,  Error =8.701425031176768e-06
Completed 71 % :  mod = 4.2475044896825136e-14,  Error =8.825727491057478e-06
Completed 72 % :  mod = 4.676380090184847e-14,  Error =8.950034043664346e-06
Completed 73 % :  mod = 5.1485598754130793e-14,  Error =9.074336958292406e-06
Completed 74 % :  mod = 5.6684170817730095e-14,  Error =9.198648967867484e-06
Completed 75 % :  mod = 6.240766613164701e-14,  Error =9.322952337242896e-06
Completed 76 % :  mod = 6.870909453901893e-14,  Error =9.447262982575921e-06
Completed 77 % :  mod = 7.564681528771515e-14,  Error =9.571565897203982e-06
Completed 78 % :  mod = 8.328507594956954e-14,  Error =9.69587244981085e-06
Completed 79 % :  mod = 9.169460644349041e-14,  Error =9.820181730901822e-06
Completed 80 % :  mod = 1.0095327455360698e-13,  Error =9.94448828350869e-06
Completed 81 % :  mod = 1.1114680942160309e-13,  Error =1.0068790288642049e-05
Completed 82 % :  mod = 1.2236959883043748e-13,  Error =1.0193100479227724e-05
Completed 83 % :  mod = 1.3472556790326416e-13,  Error =1.0317405667592539e-05
Completed 84 % :  mod = 1.4832914597391238e-13,  Error =1.0441716767672915e-05
Completed 85 % :  mod = 1.6330632944707558e-13,  Error =1.0566020137048326e-05
Completed 86 % :  mod = 1.7979585028264023e-13,  Error =1.0690330327634001e-05
Completed 87 % :  mod = 1.9795045968363e-13,  Error =1.0814638244482921e-05
Completed 88 % :  mod = 2.1793833976879125e-13,  Error =1.0938946616079193e-05
Completed 89 % :  mod = 2.3994465743437233e-13,  Error =1.1063251804444008e-05
Completed 90 % :  mod = 2.6417327606057514e-13,  Error =1.1187562904524384e-05
Completed 91 % :  mod = 2.908486440860756e-13,  Error =1.1311865364405094e-05
Completed 92 % :  mod = 3.2021787963013945e-13,  Error =1.1436163731559645e-05
Completed 93 % :  mod = 3.5255307241389606e-13,  Error =1.1560469374671811e-05
Completed 94 % :  mod = 3.8815382573971384e-13,  Error =1.1684779565257486e-05
Completed 95 % :  mod = 4.2735006109163153e-13,  Error =1.1809082479885546e-05
Completed 96 % :  mod = 4.705051109524499e-13,  Error =1.1933385849260958e-05
Completed 97 % :  mod = 5.180191267837194e-13,  Error =1.2057692401867826e-05
Completed 98 % :  mod = 5.703328324682503e-13,  Error =1.2181990314275026e-05
Completed 99 % :  mod = 6.279316596562757e-13,  Error =1.2306299140618648e-05
Completed 100 % :  mod = 6.9135030644492e-13,  Error =1.2430599326762604e-05
Finished 1/1 frames
Finished all frames!
