/opt/local/miniconda_23_9/lib/python3.11/site-packages/conda/base/context.py:201: FutureWarning: Adding 'defaults' to channel list implicitly is deprecated and will be removed in 25.3. 

To remove this warning, please choose a default channel explicitly with conda's regular configuration system, e.g. by adding 'defaults' to the list of channels:

  conda config --add channels defaults

For more information see https://docs.conda.io/projects/conda/en/stable/user-guide/configuration/use-condarc.html

  deprecated.topic(
JOB 14677 ARRAY_ID 0  -> i=0 ; range=[1.2e-10, 1.2e-10] ; intervals=0 (frames=1)
Simulation name: run1
Analytic t0 extension enabled (--extend-time-using-t0).
Completed 0 % :  mod = 1.3625106728219866e-16,  Error =0.0
Completed 0 % :  mod = 7.655226234600648e-17,  Error =1.7338606994599104e-08
Completed 0 % :  mod = 1.1436164202082444e-16,  Error =3.4705863072304055e-08
Completed 1 % :  mod = 1.1042364915744297e-16,  Error =5.204674380365759e-08
Completed 1 % :  mod = 5.782260994912256e-17,  Error =6.938307706150226e-08
Completed 2 % :  mod = 1.1376871740678278e-16,  Error =8.67439666762948e-08
Completed 2 % :  mod = 4.273867788179943e-17,  Error =1.0409985407022759e-07
Completed 3 % :  mod = 7.937062308180921e-17,  Error =1.2145937944296747e-07
Completed 3 % :  mod = 8.390025113975373e-17,  Error =1.3879343896405771e-07
Completed 4 % :  mod = 4.112074899959266e-17,  Error =1.561429598950781e-07
Completed 4 % :  mod = 1.1564357680735586e-16,  Error =1.7350384950987063e-07
Completed 5 % :  mod = 6.334692853562517e-17,  Error =1.9085291569354013e-07
Completed 5 % :  mod = 1.0935239034529118e-16,  Error =2.0819061319343746e-07
Completed 6 % :  mod = 1.1766929627067301e-16,  Error =2.2553740564035252e-07
Completed 6 % :  mod = 7.485682033315132e-17,  Error =2.428764673823025e-07
Completed 7 % :  mod = 1.3609164491783768e-16,  Error =2.6022007659776136e-07
Completed 7 % :  mod = 7.858789670633843e-17,  Error =2.775814209599048e-07
Completed 8 % :  mod = 1.1078498434477419e-16,  Error =2.9490774977602996e-07
Completed 8 % :  mod = 1.1123556854618834e-16,  Error =3.122422640444711e-07
Completed 9 % :  mod = 5.214718350758362e-17,  Error =3.295667738711927e-07
Completed 9 % :  mod = 1.1180674130864957e-16,  Error =3.4688991945586167e-07
Completed 10 % :  mod = 4.4258041576575607e-17,  Error =3.642353476607241e-07
Completed 10 % :  mod = 7.468217076278537e-17,  Error =3.8157077142386697e-07
Completed 11 % :  mod = 8.825788730694164e-17,  Error =3.989125616499223e-07
Completed 11 % :  mod = 3.9606205441342196e-17,  Error =4.1625980884418823e-07
Completed 12 % :  mod = 1.1744823173498033e-16,  Error =4.3360842028050683e-07
Completed 12 % :  mod = 6.870550763112752e-17,  Error =4.509579412115272e-07
Completed 13 % :  mod = 1.0802550118759965e-16,  Error =4.6831837607896887e-07
Completed 13 % :  mod = 1.206967914263863e-16,  Error =4.856515261053573e-07
Completed 14 % :  mod = 7.362666927601362e-17,  Error =5.029937710787635e-07
Completed 14 % :  mod = 1.3561635345191203e-16,  Error =5.203282853472047e-07
Completed 15 % :  mod = 8.054228755825452e-17,  Error =5.376878107199445e-07
Completed 15 % :  mod = 1.0694768810646671e-16,  Error =5.550214154936839e-07
Completed 16 % :  mod = 1.1179268595907865e-16,  Error =5.723477443098091e-07
Completed 16 % :  mod = 4.6670909794105983e-17,  Error =5.897077244298998e-07
Completed 17 % :  mod = 1.0960520465783306e-16,  Error =6.07065885560587e-07
Completed 17 % :  mod = 4.5875979506070326e-17,  Error =6.244135875022039e-07
Completed 18 % :  mod = 7.216552917019383e-17,  Error =6.417512850021012e-07
Completed 18 % :  mod = 9.243104746337557e-17,  Error =6.59083070786437e-07
Completed 19 % :  mod = 3.859278097796979e-17,  Error =6.764175850548781e-07
Completed 19 % :  mod = 1.189929894092728e-16,  Error =6.937684702279512e-07
Completed 20 % :  mod = 7.388950446808627e-17,  Error =7.111088962119538e-07
Completed 20 % :  mod = 1.0644447862278316e-16,  Error =7.284506864380091e-07
Completed 21 % :  mod = 1.2344258541650733e-16,  Error =7.457933861587662e-07
Completed 21 % :  mod = 7.339305186093514e-17,  Error =7.631369953742251e-07
Completed 22 % :  mod = 1.3482364838312172e-16,  Error =7.804928827681579e-07
Completed 22 % :  mod = 8.289733719513594e-17,  Error =7.978283065313008e-07
Completed 23 % :  mod = 1.0285649860190586e-16,  Error =8.1518237493583e-07
Completed 23 % :  mod = 1.1209140285025657e-16,  Error =8.325196176883765e-07
Completed 24 % :  mod = 4.1123621539366116e-17,  Error =8.498759598296601e-07
Completed 24 % :  mod = 1.0717136146641381e-16,  Error =8.672300282341894e-07
Completed 25 % :  mod = 4.773580650167269e-17,  Error =8.845599950291216e-07
Completed 25 % :  mod = 7.124384389643965e-17,  Error =9.019213393912651e-07
Completed 26 % :  mod = 9.641272052958109e-17,  Error =9.192594916385133e-07
Completed 26 % :  mod = 3.821537920310701e-17,  Error =9.366017366119195e-07
Completed 27 % :  mod = 1.2027153839046067e-16,  Error =9.53942617343273e-07
Completed 27 % :  mod = 7.888299602650492e-17,  Error =9.712625796964858e-07
Completed 28 % :  mod = 1.0460929783542333e-16,  Error =9.886039151751902e-07
Completed 28 % :  mod = 1.258953258075143e-16,  Error =1.0059707165055443e-06
Completed 29 % :  mod = 7.347292597184691e-17,  Error =1.023298409563722e-06
Completed 29 % :  mod = 1.337184074921414e-16,  Error =1.040653387462953e-06
Completed 30 % :  mod = 8.503866062912894e-17,  Error =1.0579974514257628e-06
Completed 30 % :  mod = 9.852337960278492e-17,  Error =1.0753346941783093e-06
Completed 31 % :  mod = 1.1213678642475702e-16,  Error =1.0926983122772072e-06
Completed 31 % :  mod = 3.584898850643719e-17,  Error =1.110046014218824e-06
Completed 32 % :  mod = 1.0451094735306048e-16,  Error =1.1273896234342828e-06
Completed 32 % :  mod = 4.949331125550224e-17,  Error =1.1447264114394784e-06
Completed 33 % :  mod = 7.017735336692892e-17,  Error =1.162067292170832e-06
Completed 33 % :  mod = 1.0018975247266222e-16,  Error =1.1794118108809926e-06
Completed 34 % :  mod = 3.957747373635547e-17,  Error =1.1967485988861881e-06
Completed 34 % :  mod = 1.2128090408536243e-16,  Error =1.2140885701228399e-06
Completed 35 % :  mod = 8.367531565728824e-17,  Error =1.2314303603488952e-06
Completed 35 % :  mod = 1.0252449405002364e-16,  Error =1.2487616913858801e-06
Completed 36 % :  mod = 1.280533100549114e-16,  Error =1.2661057553486899e-06
Completed 36 % :  mod = 7.332834607110849e-17,  Error =1.2834234439651482e-06
Completed 37 % :  mod = 1.3230083312802839e-16,  Error =1.3007688721700106e-06
Completed 37 % :  mod = 8.696053242622616e-17,  Error =1.3181170288589783e-06
Completed 38 % :  mod = 9.395800364219922e-17,  Error =1.3354670045373496e-06
Completed 38 % :  mod = 1.1192720770545994e-16,  Error =1.352804702037247e-06
Completed 39 % :  mod = 3.142445762272665e-17,  Error =1.3701537682209164e-06
Completed 39 % :  mod = 1.016326564513001e-16,  Error =1.3874882824893575e-06
Completed 40 % :  mod = 5.114975821652285e-17,  Error =1.4048364391783252e-06
Completed 40 % :  mod = 6.896377875077284e-17,  Error =1.4221909623302054e-06
Completed 41 % :  mod = 1.037542944859792e-16,  Error =1.4395286598301027e-06
Completed 41 % :  mod = 4.291211227214675e-17,  Error =1.4568790902558248e-06
Completed 42 % :  mod = 1.2201587292967352e-16,  Error =1.4742186067451257e-06
Completed 42 % :  mod = 8.82590591116769e-17,  Error =1.4915776773705147e-06
Completed 43 % :  mod = 1.0019333059749819e-16,  Error =1.5089185581018683e-06
Completed 43 % :  mod = 1.2991061244358546e-16,  Error =1.5262762644852046e-06
Completed 44 % :  mod = 7.295985106688895e-17,  Error =1.5436230569321197e-06
Completed 44 % :  mod = 1.3057571745826396e-16,  Error =1.5609507499902975e-06
Completed 45 % :  mod = 8.866099439142375e-17,  Error =1.5782929949637037e-06
Completed 45 % :  mod = 8.916719873421385e-17,  Error =1.595622507011285e-06
Completed 46 % :  mod = 1.1146729874869927e-16,  Error =1.6129642972373404e-06
Completed 46 % :  mod = 2.7707151480293082e-17,  Error =1.6303042684739921e-06
Completed 47 % :  mod = 9.854368197543821e-17,  Error =1.6476510609209072e-06
Completed 47 % :  mod = 5.561466135608905e-17,  Error =1.6650033103360329e-06
Completed 48 % :  mod = 6.760771152075653e-17,  Error =1.6823232726892456e-06
Completed 48 % :  mod = 1.070982379247823e-16,  Error =1.6996759768517222e-06
Completed 49 % :  mod = 4.614141514719369e-17,  Error =1.7170268620247953e-06
Completed 49 % :  mod = 1.2247366781958365e-16,  Error =1.7343677427561488e-06
Completed 50 % :  mod = 9.261733412079165e-17,  Error =1.751705895003397e-06
Completed 50 % :  mod = 9.807981542473557e-17,  Error =1.7690585991658736e-06
Completed 51 % :  mod = 1.3146328173854547e-16,  Error =1.786400389391929e-06
Completed 51 % :  mod = 7.236845539281202e-17,  Error =1.8037453628494404e-06
Completed 52 % :  mod = 1.2854667433154678e-16,  Error =1.8210712369182147e-06
Completed 52 % :  mod = 9.057691147038757e-17,  Error =1.838425305322744e-06
Completed 53 % :  mod = 8.416823237751344e-17,  Error =1.8557871044322383e-06
Completed 53 % :  mod = 1.1075998348284402e-16,  Error =1.873135261121206e-06
Completed 54 % :  mod = 2.39054720364997e-17,  Error =1.8904925127571914e-06
Completed 54 % :  mod = 9.52512479005594e-17,  Error =1.907833848235896e-06
Completed 55 % :  mod = 6.111721242627839e-17,  Error =1.925180640682811e-06
Completed 55 % :  mod = 6.618569561034443e-17,  Error =1.9425369828240946e-06
Completed 56 % :  mod = 1.1028030315168454e-16,  Error =1.9598796825448517e-06
Completed 56 % :  mod = 4.922999335184338e-17,  Error =1.977213742065942e-06
Completed 57 % :  mod = 1.2265173705799947e-16,  Error =1.9945623535022605e-06
Completed 57 % :  mod = 9.679670826478222e-17,  Error =2.0119127839279827e-06
Completed 58 % :  mod = 9.572867261358603e-17,  Error =2.0292513909225818e-06
Completed 58 % :  mod = 1.327076969049612e-16,  Error =2.04660500457976e-06
Completed 59 % :  mod = 7.155605225850467e-17,  Error =2.063960891973693e-06
Completed 59 % :  mod = 1.262189071275201e-16,  Error =2.081308139167959e-06
Completed 60 % :  mod = 9.242346082129117e-17,  Error =2.0986567506042775e-06
Completed 60 % :  mod = 7.896681765009495e-17,  Error =2.1160112737561576e-06
Completed 61 % :  mod = 1.0996810094177532e-16,  Error =2.1333671611500904e-06
Completed 61 % :  mod = 2.003646686338577e-17,  Error =2.150703494407935e-06
Completed 62 % :  mod = 9.176603224949232e-17,  Error =2.168039372918429e-06
Completed 62 % :  mod = 6.649724512305155e-17,  Error =2.1853843463759404e-06
Completed 63 % :  mod = 6.505196284505622e-17,  Error =2.2027279555913992e-06
Completed 63 % :  mod = 1.134496199226849e-16,  Error =2.220071564806858e-06
Completed 64 % :  mod = 5.216799873221669e-17,  Error =2.237419721495826e-06
Completed 64 % :  mod = 1.225479499827594e-16,  Error =2.254762421216583e-06
Completed 65 % :  mod = 1.0089850770486757e-16,  Error =2.272093752253568e-06
Completed 65 % :  mod = 9.31310762503112e-17,  Error =2.289435542479623e-06
Completed 66 % :  mod = 1.3364200081895987e-16,  Error =2.3067841539159417e-06
Completed 66 % :  mod = 7.052513887053743e-17,  Error =2.3241159397002775e-06
Completed 67 % :  mod = 1.2359814986219016e-16,  Error =2.3414827410306316e-06
Completed 67 % :  mod = 9.405005343813746e-17,  Error =2.3588272597407922e-06
Completed 68 % :  mod = 7.35812811520198e-17,  Error =2.3761645024933387e-06
Completed 68 % :  mod = 1.091692602090926e-16,  Error =2.3935035642352886e-06
Completed 69 % :  mod = 1.9215627055517056e-17,  Error =2.4108380785037298e-06
Completed 69 % :  mod = 8.809620472325565e-17,  Error =2.428199422865873e-06
Completed 70 % :  mod = 7.173678579397474e-17,  Error =2.4455375751131214e-06
Completed 70 % :  mod = 6.37722389572058e-17,  Error =2.4628684514027555e-06
Completed 71 % :  mod = 1.1636753634300296e-16,  Error =2.480213879607618e-06
Completed 71 % :  mod = 5.4946676460409164e-17,  Error =2.497536115697585e-06
Completed 72 % :  mod = 1.2216142016643953e-16,  Error =2.5148765416815877e-06
Completed 72 % :  mod = 1.0475704930172664e-16,  Error =2.5322169676655903e-06
Completed 73 % :  mod = 9.02979525636223e-17,  Error =2.5495760382909793e-06
Completed 73 % :  mod = 1.3426300842159285e-16,  Error =2.566923740232596e-06
Completed 74 % :  mod = 6.927870848535437e-17,  Error =2.584282810857985e-06
Completed 74 % :  mod = 1.2069169387416265e-16,  Error =2.601642336230725e-06
Completed 75 % :  mod = 9.545571588444182e-17,  Error =2.618965481815394e-06
Completed 75 % :  mod = 6.802096376865645e-17,  Error =2.636308636283502e-06
Completed 76 % :  mod = 1.0813763818583434e-16,  Error =2.6536536097410135e-06
Completed 76 % :  mod = 2.0436114730244973e-17,  Error =2.670994945219718e-06
Completed 77 % :  mod = 8.774276709452157e-17,  Error =2.6883121790888254e-06
Completed 77 % :  mod = 7.682597620390512e-17,  Error =2.705644419620512e-06
Completed 78 % :  mod = 6.234462665296188e-17,  Error =2.722991212067427e-06
Completed 78 % :  mod = 1.190263211690435e-16,  Error =2.7403498279454652e-06
Completed 79 % :  mod = 5.75833969156941e-17,  Error =2.757682523224503e-06
Completed 79 % :  mod = 1.214923486139287e-16,  Error =2.7750147637561895e-06
Completed 80 % :  mod = 1.0836380508173798e-16,  Error =2.792352461256087e-06
Completed 80 % :  mod = 8.723046994613456e-17,  Error =2.8097083486500196e-06
Completed 81 % :  mod = 1.3457249541114137e-16,  Error =2.827050138876075e-06
Completed 81 % :  mod = 6.782078342378042e-17,  Error =2.844388745870674e-06
Completed 82 % :  mod = 1.1750339310130904e-16,  Error =2.861719622160308e-06
Completed 82 % :  mod = 9.66365508987482e-17,  Error =2.879066414607223e-06
Completed 83 % :  mod = 6.22970323865756e-17,  Error =2.8964154807908926e-06
Completed 83 % :  mod = 1.0687627879325714e-16,  Error =2.913788193836808e-06
Completed 84 % :  mod = 2.2093555807265504e-17,  Error =2.931147264462197e-06
Completed 84 % :  mod = 8.778137662849188e-17,  Error =2.9484763217624277e-06
Completed 85 % :  mod = 8.175464596041621e-17,  Error =2.9658117455255706e-06
Completed 85 % :  mod = 6.077392968033431e-17,  Error =2.983153081004275e-06
Completed 86 % :  mod = 1.2141998033989523e-16,  Error =3.000496235472383e-06
Completed 86 % :  mod = 6.090738053801508e-17,  Error =3.0178362067090347e-06
Completed 87 % :  mod = 1.205376938855121e-16,  Error =3.0351848181453533e-06
Completed 87 % :  mod = 1.1170881170612215e-16,  Error =3.0525343390763737e-06
Completed 88 % :  mod = 8.398349714903499e-17,  Error =3.0698852242494468e-06
Completed 88 % :  mod = 1.345669977102964e-16,  Error =3.0872329261910636e-06
Completed 89 % :  mod = 6.698204777015427e-17,  Error =3.1045838113641366e-06
Completed 89 % :  mod = 1.1404545890081973e-16,  Error =3.121941972494824e-06
Completed 90 % :  mod = 9.75948439810891e-17,  Error =3.1392933124152478e-06
Completed 90 % :  mod = 5.642783656010064e-17,  Error =3.156627826683689e-06
Completed 91 % :  mod = 1.0539039952477348e-16,  Error =3.1739732548885513e-06
Completed 91 % :  mod = 2.414725941109079e-17,  Error =3.1913268685457297e-06
Completed 92 % :  mod = 8.764022502950097e-17,  Error =3.208652287867153e-06
Completed 92 % :  mod = 8.650664844625218e-17,  Error =3.2260045372822788e-06
Completed 93 % :  mod = 5.905668370352014e-17,  Error =3.2433536034659483e-06
Completed 93 % :  mod = 1.2353976207788218e-16,  Error =3.2606994864181615e-06
Completed 94 % :  mod = 6.488625003063072e-17,  Error =3.278040821896866e-06
Completed 94 % :  mod = 1.1930280453103055e-16,  Error =3.2953926165646408e-06
Completed 95 % :  mod = 1.1478674518196283e-16,  Error =3.3127325878012925e-06
Completed 95 % :  mod = 8.109019478031315e-17,  Error =3.3300921131740324e-06
Completed 96 % :  mod = 1.3424999785283437e-16,  Error =3.3474348128947895e-06
Completed 96 % :  mod = 6.731982924803699e-17,  Error =3.364792064530775e-06
Completed 97 % :  mod = 1.1032168958266998e-16,  Error =3.3821493161667604e-06
Completed 97 % :  mod = 9.832794779161282e-17,  Error =3.3995038393186405e-06
Completed 98 % :  mod = 5.042228528292272e-17,  Error =3.4168356251029763e-06
Completed 98 % :  mod = 1.0368467482972367e-16,  Error =3.4341819628025405e-06
Completed 99 % :  mod = 2.6278280517349594e-17,  Error =3.45151556757628e-06
Completed 99 % :  mod = 8.73202700693006e-17,  Error =3.4688723644649144e-06
Finished 1/1 frames
Finished all frames!
