/opt/local/miniconda_23_9/lib/python3.11/site-packages/conda/base/context.py:201: FutureWarning: Adding 'defaults' to channel list implicitly is deprecated and will be removed in 25.3. 

To remove this warning, please choose a default channel explicitly with conda's regular configuration system, e.g. by adding 'defaults' to the list of channels:

  conda config --add channels defaults

For more information see https://docs.conda.io/projects/conda/en/stable/user-guide/configuration/use-condarc.html

  deprecated.topic(
JOB 14230 ARRAY_ID 0  -> i=0 ; range=[1.98e-10, 2.18e-10] ; intervals=20 (frames=21)
Simulation name: run1
Analytic t0 extension enabled (--extend-time-using-t0).
Completed 0 % :  mod = 2.248142612146681e-16,  Error =0.0
Completed 1 % :  mod = 2.2522314868896954e-16,  Error =3.7862810131628066e-07
Completed 2 % :  mod = 2.264952439553195e-16,  Error =7.572434697067365e-07
Completed 3 % :  mod = 2.287678945124693e-16,  Error =1.1358692972862627e-06
Completed 4 % :  mod = 2.322738987115947e-16,  Error =1.5144969438551925e-06
Completed 5 % :  mod = 2.385463790527932e-16,  Error =1.8931132217403501e-06
Completed 6 % :  mod = 2.488898299677435e-16,  Error =2.271727680636104e-06
Completed 7 % :  mod = 2.6279829878335695e-16,  Error =2.6503503249841742e-06
Completed 8 % :  mod = 2.856938366450789e-16,  Error =3.0289679671113845e-06
Completed 9 % :  mod = 3.2062536651219813e-16,  Error =3.407587882975349e-06
Completed 10 % :  mod = 3.748944136679729e-16,  Error =3.786215074796928e-06
Completed 11 % :  mod = 4.449634181619811e-16,  Error =4.164827259955928e-06
Completed 12 % :  mod = 5.294051275652441e-16,  Error =4.54345126854605e-06
Completed 13 % :  mod = 6.309471019637488e-16,  Error =4.92206845592591e-06
Completed 14 % :  mod = 7.528691375601803e-16,  Error =5.300697011989541e-06
Completed 15 % :  mod = 8.9910950882122e-16,  Error =5.6793192015902605e-06
Completed 16 % :  mod = 1.0743918138327456e-15,  Error =6.057944574422436e-06
Completed 17 % :  mod = 1.2843777954527117e-15,  Error =6.436570856749313e-06
Completed 18 % :  mod = 1.5358502063359618e-15,  Error =6.815194865339436e-06
Completed 19 % :  mod = 1.836931670429456e-15,  Error =7.193816600192804e-06
Completed 20 % :  mod = 2.1973473982748533e-15,  Error =7.572438335046172e-06
Completed 21 % :  mod = 2.6287390047021573e-15,  Error =7.9510650721204e-06
Completed 22 % :  mod = 3.1450406623890347e-15,  Error =8.329683168994961e-06
Completed 23 % :  mod = 3.762929307420304e-15,  Error =8.708306722837733e-06
Completed 24 % :  mod = 4.502362997743798e-15,  Error =9.086922091228189e-06
Completed 25 % :  mod = 5.387225912009291e-15,  Error =9.465541552344803e-06
Completed 26 % :  mod = 6.446099611324075e-15,  Error =9.844154646998504e-06
Completed 27 % :  mod = 7.713186212314447e-15,  Error =1.02227650131681e-05
Completed 28 % :  mod = 9.229413377536056e-15,  Error =1.0601388112263521e-05
Completed 28 % :  mod = 1.1043755941281361e-14,  Error =1.098000484489603e-05
Completed 30 % :  mod = 1.3214818098572504e-14,  Error =1.1358626125002047e-05
Completed 31 % :  mod = 1.5812726257704764e-14,  Error =1.1737243312381906e-05
Completed 32 % :  mod = 1.8921393977344493e-14,  Error =1.211586777571938e-05
Completed 33 % :  mod = 2.2641232700055385e-14,  Error =1.2494481325120432e-05
Completed 34 % :  mod = 2.7092394684266582e-14,  Error =1.2873100331489695e-05
Completed 35 % :  mod = 3.241865403339487e-14,  Error =1.3251717518869555e-05
Completed 36 % :  mod = 3.8792050497574636e-14,  Error =1.3630338798975572e-05
Completed 37 % :  mod = 4.6418445773941957e-14,  Error =1.40089655360498e-05
Completed 38 % :  mod = 5.554417257671782e-14,  Error =1.4387584542419063e-05
Completed 39 % :  mod = 6.646398980660847e-14,  Error =1.4766204913030379e-05
Completed 40 % :  mod = 7.953060130259793e-14,  Error =1.5144835288083414e-05
Completed 41 % :  mod = 9.516604480707445e-14,  Error =1.552345611344208e-05
Completed 42 % :  mod = 1.1387531721188172e-13,  Error =1.5902076938800747e-05
Completed 43 % :  mod = 1.3626267540800118e-13,  Error =1.6280698673654115e-05
Completed 44 % :  mod = 1.6305113480150101e-13,  Error =1.665931949901278e-05
Completed 45 % :  mod = 1.9510579004379117e-13,  Error =1.703794214336085e-05
Completed 46 % :  mod = 2.3346170173801014e-13,  Error =1.741656842568773e-05
Completed 47 % :  mod = 2.793572319039444e-13,  Error =1.7795190615288448e-05
Completed 48 % :  mod = 3.3427387710496116e-13,  Error =1.817380871216301e-05
Completed 49 % :  mod = 3.9998383511520343e-13,  Error =1.855242771853227e-05
Completed 50 % :  mod = 4.786067558366638e-13,  Error =1.8931047634396236e-05
Completed 51 % :  mod = 5.726773627745254e-13,  Error =1.9309663912281394e-05
Completed 52 % :  mod = 6.852258738334467e-13,  Error =1.9688272914208937e-05
Completed 53 % :  mod = 8.198733810190627e-13,  Error =2.0066885099367937e-05
Completed 54 % :  mod = 9.809445085440312e-13,  Error =2.0445492737053428e-05
Completed 55 % :  mod = 1.1735996632758833e-12,  Error =2.082408582282369e-05
Completed 56 % :  mod = 1.403988830052963e-12,  Error =2.1202679818088654e-05
Completed 56 % :  mod = 1.6826095453345753e-12,  Error =2.1581256078206934e-05
Completed 57 % :  mod = 2.042101275930823e-12,  Error =2.1959812784189126e-05
Completed 59 % :  mod = 2.520332511388199e-12,  Error =2.2338348117045825e-05
Completed 60 % :  mod = 3.1624050164263376e-12,  Error =2.2716836610925384e-05
Completed 61 % :  mod = 4.007366370969889e-12,  Error =2.3095270535122836e-05
Completed 62 % :  mod = 5.1793566030347176e-12,  Error =2.3473610781366006e-05
Completed 63 % :  mod = 6.747537561566374e-12,  Error =2.3851793230278417e-05
Completed 64 % :  mod = 8.859830877640776e-12,  Error =2.422977559035644e-05
Completed 65 % :  mod = 1.1818763802123458e-11,  Error =2.4607417799415998e-05
Completed 66 % :  mod = 1.586910630879144e-11,  Error =2.4984498850244563e-05
Completed 67 % :  mod = 2.1380474153677217e-11,  Error =2.5360665404150495e-05
Completed 68 % :  mod = 2.8803965441436128e-11,  Error =2.5735254894243553e-05
Completed 69 % :  mod = 3.8570535356783685e-11,  Error =2.610714591355645e-05
Completed 70 % :  mod = 5.08191876179349e-11,  Error =2.6474475816939957e-05
Completed 71 % :  mod = 6.483222621607173e-11,  Error =2.6834418804355664e-05
Completed 72 % :  mod = 7.835724319443792e-11,  Error =2.718349696806399e-05
Completed 73 % :  mod = 8.793353949288351e-11,  Error =2.7518990464159288e-05
Completed 74 % :  mod = 9.171768523938901e-11,  Error =2.7840856091643218e-05
Completed 75 % :  mod = 9.279010719755e-11,  Error =2.8151430342404637e-05
Completed 76 % :  mod = 9.706542456273795e-11,  Error =2.84519969682151e-05
Completed 77 % :  mod = 1.0620583611923683e-10,  Error =2.874049869205919e-05
Completed 78 % :  mod = 1.1112818232654403e-10,  Error =2.9014525807724567e-05
Completed 79 % :  mod = 1.1112733907802449e-10,  Error =2.9277837256813655e-05
Completed 80 % :  mod = 1.1107455915882851e-10,  Error =2.9538804483308922e-05
Completed 81 % :  mod = 1.1112738573365176e-10,  Error =2.9801363780279644e-05
Completed 82 % :  mod = 1.1095041789591388e-10,  Error =3.006518318215967e-05
Completed 83 % :  mod = 1.1105019069939864e-10,  Error =3.0331571451824857e-05
Completed 84 % :  mod = 1.1090166091882432e-10,  Error =3.0604506719100755e-05
Completed 85 % :  mod = 1.1103526008297577e-10,  Error =3.088881976509583e-05
Completed 86 % :  mod = 1.1077887595205729e-10,  Error =3.118704580629128e-05
Completed 87 % :  mod = 1.1104347854698581e-10,  Error =3.1498517273576e-05
Completed 88 % :  mod = 1.0854300160446429e-10,  Error =3.182122827638523e-05
Completed 89 % :  mod = 1.1044643777843868e-10,  Error =3.2152961921383394e-05
Completed 90 % :  mod = 1.1106130726859799e-10,  Error =3.249215569667285e-05
Completed 91 % :  mod = 1.0643317169421481e-10,  Error =3.283794603703427e-05
Completed 92 % :  mod = 1.0455076706448979e-10,  Error =3.318914377814508e-05
Completed 93 % :  mod = 1.1105744569754147e-10,  Error =3.3544201869517565e-05
Completed 94 % :  mod = 1.0773728689955388e-10,  Error =3.390218580534565e-05
Completed 95 % :  mod = 1.1073305586419384e-10,  Error =3.426269859119202e-05
Completed 96 % :  mod = 1.044572157157743e-10,  Error =3.462538143139682e-05
Completed 97 % :  mod = 1.1104396640218963e-10,  Error =3.4989798223250546e-05
Completed 98 % :  mod = 1.0654559437597182e-10,  Error =3.535573068802478e-05
Completed 99 % :  mod = 9.822101424770376e-11,  Error =3.572315927158343e-05
Completed 100 % :  mod = 1.0271509079038568e-10,  Error =3.6091844322072575e-05
Finished 1/21 frames
Finished all frames!
