/opt/local/miniconda_23_9/lib/python3.11/site-packages/conda/base/context.py:201: FutureWarning: Adding 'defaults' to channel list implicitly is deprecated and will be removed in 25.3. 

To remove this warning, please choose a default channel explicitly with conda's regular configuration system, e.g. by adding 'defaults' to the list of channels:

  conda config --add channels defaults

For more information see https://docs.conda.io/projects/conda/en/stable/user-guide/configuration/use-condarc.html

  deprecated.topic(
JOB 15068 ARRAY_ID 0  -> i=0 ; range=[1.27e-10, 1.27e-10] ; intervals=0 (frames=1)
Simulation name: run1
Analytic t0 extension enabled (--extend-time-using-t0).
Completed 0 % :  mod = 1.4419904636338242e-16,  Error =0.0
Completed 0 % :  mod = 1.4229584077568685e-16,  Error =3.699415174196474e-08
Completed 0 % :  mod = 1.3664786633902823e-16,  Error =7.401558832498267e-08
Completed 1 % :  mod = 1.274311886535836e-16,  Error =1.1102974895038642e-07
Completed 1 % :  mod = 1.1493429326523303e-16,  Error =1.4807073966949247e-07
Completed 2 % :  mod = 9.954723672653679e-17,  Error =1.8508080756873824e-07
Completed 2 % :  mod = 8.199182811034449e-17,  Error =2.2209724193089642e-07
Completed 3 % :  mod = 6.345203615301439e-17,  Error =2.5909457690431736e-07
Completed 3 % :  mod = 5.0908404129476376e-17,  Error =2.9610782803501934e-07
Completed 4 % :  mod = 4.714673892742979e-17,  Error =3.3309561331407167e-07
Completed 4 % :  mod = 4.450201798126024e-17,  Error =3.70103407476563e-07
Completed 5 % :  mod = 5.11530191175939e-17,  Error =4.071157491125632e-07
Completed 5 % :  mod = 6.214792025986342e-17,  Error =4.441089913598262e-07
Completed 6 % :  mod = 7.066870190780908e-17,  Error =4.811049620911945e-07
Completed 6 % :  mod = 8.17497843614623e-17,  Error =5.181072992854752e-07
Completed 7 % :  mod = 9.279732598544498e-17,  Error =5.551178219320718e-07
Completed 7 % :  mod = 1.019951769884491e-16,  Error =5.921283445786685e-07
Completed 8 % :  mod = 1.0869230900526787e-16,  Error =6.291379577305634e-07
Completed 8 % :  mod = 1.1324932542688433e-16,  Error =6.661289262410719e-07
Completed 9 % :  mod = 1.1477307803859313e-16,  Error =7.031267159618437e-07
Completed 9 % :  mod = 1.1339244737009434e-16,  Error =7.401354196190368e-07
Completed 10 % :  mod = 1.1047606206109011e-16,  Error =7.771377568133175e-07
Completed 10 % :  mod = 1.0564913841505519e-16,  Error =8.141428224917036e-07
Completed 11 % :  mod = 1.0442555398290903e-16,  Error =8.511447049386334e-07
Completed 11 % :  mod = 1.116697142906868e-16,  Error =8.88179329194827e-07
Completed 12 % :  mod = 1.1658979972189717e-16,  Error =9.251793926523533e-07
Completed 12 % :  mod = 1.2020406247616015e-16,  Error =9.621930985304061e-07
Completed 13 % :  mod = 1.2104496477430451e-16,  Error =9.992049854190554e-07
Completed 13 % :  mod = 1.18749646469841e-16,  Error =1.0361968634242658e-06
Completed 14 % :  mod = 1.1323877411778575e-16,  Error =1.0732014743553009e-06
Completed 14 % :  mod = 1.052664006531572e-16,  Error =1.110206085286336e-06
Completed 15 % :  mod = 9.464746731645981e-17,  Error =1.1472084224806167e-06
Completed 15 % :  mod = 8.134520546417651e-17,  Error =1.1842175808851607e-06
Completed 16 % :  mod = 6.694465139994985e-17,  Error =1.2212262845423538e-06
Completed 16 % :  mod = 5.4674975598229956e-17,  Error =1.2582299859786872e-06
Completed 17 % :  mod = 4.207368448480484e-17,  Error =1.295235506404424e-06
Completed 17 % :  mod = 3.452304398900519e-17,  Error =1.332233296125196e-06
Completed 18 % :  mod = 3.7443343413270445e-17,  Error =1.3692515494767576e-06
Completed 18 % :  mod = 4.625742981304367e-17,  Error =1.4062534319236875e-06
Completed 19 % :  mod = 6.621444199778702e-17,  Error =1.443256223865319e-06
Completed 19 % :  mod = 8.557653451224882e-17,  Error =1.4802471923758276e-06
Completed 20 % :  mod = 1.0302732964807032e-16,  Error =1.5172477105807047e-06
Completed 20 % :  mod = 1.178592107354606e-16,  Error =1.5542618712061085e-06
Completed 21 % :  mod = 1.2963149135772135e-16,  Error =1.5912910384940915e-06
Completed 21 % :  mod = 1.3799525866746675e-16,  Error =1.6283115655824076e-06
Completed 22 % :  mod = 1.4270907544599876e-16,  Error =1.6653107195452321e-06
Completed 22 % :  mod = 1.4364787213979572e-16,  Error =1.7023103282554075e-06
Completed 23 % :  mod = 1.4080243912671263e-16,  Error =1.7393163034284953e-06
Completed 23 % :  mod = 1.3428683277419803e-16,  Error =1.7763154573913198e-06
Completed 24 % :  mod = 1.243236232417558e-16,  Error =1.8133300727640744e-06
Completed 24 % :  mod = 1.11247081452749e-16,  Error =1.8503310457163025e-06
Completed 25 % :  mod = 9.572286079090345e-17,  Error =1.8873442968470044e-06
Completed 25 % :  mod = 7.893570051131799e-17,  Error =1.9243520910094958e-06
Completed 26 % :  mod = 6.300185928635313e-17,  Error =1.961347606993513e-06
Completed 26 % :  mod = 5.950845501251088e-17,  Error =1.9983517631771974e-06
Completed 27 % :  mod = 5.653252138479926e-17,  Error =2.0353727450128645e-06
Completed 27 % :  mod = 5.39897061949641e-17,  Error =2.0723869056382682e-06
Completed 28 % :  mod = 5.914036682605635e-17,  Error =2.1093956092954613e-06
Completed 28 % :  mod = 6.82944587338855e-17,  Error =2.1464070414367598e-06
Completed 29 % :  mod = 7.450257677200667e-17,  Error =2.1834293875144795e-06
Completed 29 % :  mod = 8.104300329918639e-17,  Error =2.2204153538041282e-06
Completed 30 % :  mod = 8.976051424279373e-17,  Error =2.257424966956023e-06
Completed 30 % :  mod = 9.754103474486918e-17,  Error =2.294431396876462e-06
Completed 31 % :  mod = 1.0316063766199906e-16,  Error =2.331451014470076e-06
Completed 31 % :  mod = 1.0684766904571198e-16,  Error =2.3684556254011113e-06
Completed 32 % :  mod = 1.0772817540741689e-16,  Error =2.4054752429947257e-06
Completed 32 % :  mod = 1.0644143232338228e-16,  Error =2.4424680304946378e-06
Completed 33 % :  mod = 1.0397488023919357e-16,  Error =2.4794708224362694e-06
Completed 33 % :  mod = 1.002792033705134e-16,  Error =2.5164913495245855e-06
Completed 34 % :  mod = 1.0993004086252689e-16,  Error =2.5535077838867437e-06
Completed 34 % :  mod = 1.1734582408680928e-16,  Error =2.5904969334078487e-06
Completed 35 % :  mod = 1.2293006306819856e-16,  Error =2.627485173434252e-06
Completed 35 % :  mod = 1.262765631671787e-16,  Error =2.6645202524377964e-06
Completed 36 % :  mod = 1.2643798942827238e-16,  Error =2.7015339583158493e-06
Completed 36 % :  mod = 1.2327296500086813e-16,  Error =2.738535840762779e-06
Completed 37 % :  mod = 1.167427044717179e-16,  Error =2.775562279566657e-06
Completed 37 % :  mod = 1.0733289588137258e-16,  Error =2.812586899381131e-06
Completed 38 % :  mod = 9.531448435912422e-17,  Error =2.8496065169747453e-06
Completed 38 % :  mod = 8.027697371947636e-17,  Error =2.886637048504781e-06
Completed 39 % :  mod = 6.334014999730045e-17,  Error =2.923649844888132e-06
Completed 39 % :  mod = 4.616483986816543e-17,  Error =2.960627625725465e-06
Completed 40 % :  mod = 3.209669903474237e-17,  Error =2.997624051204184e-06
Completed 40 % :  mod = 2.413842191682385e-17,  Error =3.034625478903763e-06
Completed 41 % :  mod = 2.851733735696848e-17,  Error =3.0716237233718857e-06
Completed 41 % :  mod = 4.8793107623264627e-17,  Error =3.10862287733471e-06
Completed 42 % :  mod = 6.96760112434782e-17,  Error =3.1456338547286578e-06
Completed 42 % :  mod = 8.889087315692864e-17,  Error =3.1826275517232716e-06
Completed 43 % :  mod = 1.0580273106895284e-16,  Error =3.219642621843377e-06
Completed 43 % :  mod = 1.1992572871114282e-16,  Error =3.2566613299422897e-06
Completed 44 % :  mod = 1.3085120081058922e-16,  Error =3.2936795832938515e-06
Completed 44 % :  mod = 1.3828231236370646e-16,  Error =3.330677827761974e-06
Completed 45 % :  mod = 1.4202345857517684e-16,  Error =3.367667886777781e-06
Completed 45 % :  mod = 1.4200521433128516e-16,  Error =3.40470023729722e-06
Completed 46 % :  mod = 1.3826926788054286e-16,  Error =3.44170211974415e-06
Completed 46 % :  mod = 1.3097874518510605e-16,  Error =3.4787121876433957e-06
Completed 47 % :  mod = 1.2040249953789523e-16,  Error =3.5157345337211154e-06
Completed 47 % :  mod = 1.0707257118245902e-16,  Error =3.5527395993995015e-06
Completed 48 % :  mod = 9.232632500195907e-17,  Error =3.589734205888817e-06
Completed 48 % :  mod = 7.565042899336327e-17,  Error =3.626751549745677e-06
Completed 49 % :  mod = 7.132966098985988e-17,  Error =3.6637657103710808e-06
Completed 49 % :  mod = 6.868342056460386e-17,  Error =3.700766683323309e-06
Completed 50 % :  mod = 6.545034988186674e-17,  Error =3.737743099918589e-06
Completed 50 % :  mod = 6.285888282353336e-17,  Error =3.774748165596975e-06
Completed 51 % :  mod = 6.586563766615779e-17,  Error =3.8117673284432385e-06
Completed 51 % :  mod = 7.298338394172578e-17,  Error =3.8487646634166595e-06
Completed 52 % :  mod = 7.695303797023332e-17,  Error =3.885754267685115e-06
Completed 52 % :  mod = 7.949283446782055e-17,  Error =3.922783889720449e-06
Completed 53 % :  mod = 8.560187431143498e-17,  Error =3.959783498430625e-06
Completed 53 % :  mod = 9.195225242226667e-17,  Error =3.9967649172467645e-06
Completed 54 % :  mod = 9.670533613656081e-17,  Error =4.033795903524151e-06
Completed 54 % :  mod = 9.963991202611448e-17,  Error =4.070802788191941e-06
Completed 55 % :  mod = 1.0001945640555893e-16,  Error =4.107795120944502e-06
Completed 55 % :  mod = 9.950957183282601e-17,  Error =4.144767444813624e-06
Completed 56 % :  mod = 9.720140586248591e-17,  Error =4.1817584133241326e-06
Completed 56 % :  mod = 1.0524993448569099e-16,  Error =4.2187680264760274e-06
Completed 57 % :  mod = 1.1513913275660806e-16,  Error =4.25576126872329e-06
Completed 57 % :  mod = 1.228174956258526e-16,  Error =4.292759513191413e-06
Completed 58 % :  mod = 1.2875194163039486e-16,  Error =4.329783678258536e-06
Completed 58 % :  mod = 1.315036149101172e-16,  Error =4.366791017673677e-06
Completed 59 % :  mod = 1.308740777312003e-16,  Error =4.403793809615308e-06
Completed 59 % :  mod = 1.2676105686232263e-16,  Error =4.440787961357273e-06
Completed 60 % :  mod = 1.1918051792328225e-16,  Error =4.4777875700674485e-06
Completed 60 % :  mod = 1.0825725026016831e-16,  Error =4.5147967284719925e-06
Completed 61 % :  mod = 9.483998569411692e-17,  Error =4.5517817852669396e-06
Completed 61 % :  mod = 7.854739696127085e-17,  Error =4.588780484482413e-06
Completed 62 % :  mod = 5.976242107065816e-17,  Error =4.6258160182333086e-06
Completed 62 % :  mod = 3.9541971247862273e-17,  Error =4.662818355427589e-06
Completed 63 % :  mod = 2.1434711257354328e-17,  Error =4.699832061305642e-06
Completed 63 % :  mod = 1.415932022856174e-17,  Error =4.736846676678397e-06
Completed 64 % :  mod = 3.025030705495031e-17,  Error =4.773874024976976e-06
Completed 64 % :  mod = 5.2235403405586954e-17,  Error =4.810884092876222e-06
Completed 65 % :  mod = 7.287211077854453e-17,  Error =4.847910076932749e-06
Completed 65 % :  mod = 9.156075150895929e-17,  Error =4.884941972704837e-06
Completed 66 % :  mod = 1.0777188750839331e-16,  Error =4.921971594740171e-06
Completed 66 % :  mod = 1.2104935157158682e-16,  Error =4.9589625632506795e-06
Completed 67 % :  mod = 1.3103632088484765e-16,  Error =4.995981271349592e-06
Completed 67 % :  mod = 1.3748001112093113e-16,  Error =5.032996341469698e-06
Completed 68 % :  mod = 1.4024204778465662e-16,  Error =5.070029601483839e-06
Completed 68 % :  mod = 1.393024592722183e-16,  Error =5.107038759888383e-06
Completed 69 % :  mod = 1.3475562275560537e-16,  Error =5.144030183146242e-06
Completed 69 % :  mod = 1.2680998909334972e-16,  Error =5.181046162761049e-06
Completed 70 % :  mod = 1.157728469908232e-16,  Error =5.2180548664182425e-06
Completed 70 % :  mod = 1.0329869534700508e-16,  Error =5.255073574517155e-06
Completed 71 % :  mod = 8.863838945813784e-17,  Error =5.292090008879313e-06
Completed 71 % :  mod = 8.127773632241726e-17,  Error =5.329097348294454e-06
Completed 72 % :  mod = 7.943514244580531e-17,  Error =5.366116511140717e-06
Completed 72 % :  mod = 7.75402756141661e-17,  Error =5.403135673986981e-06
Completed 73 % :  mod = 7.390654624986124e-17,  Error =5.440170752990525e-06
Completed 73 % :  mod = 7.078026349853017e-17,  Error =5.477187642100034e-06
Completed 74 % :  mod = 7.118514188689648e-17,  Error =5.51417224414763e-06
Completed 74 % :  mod = 7.611477210349632e-17,  Error =5.551169579121051e-06
Completed 75 % :  mod = 7.776117021594169e-17,  Error =5.588208296103403e-06
Completed 75 % :  mod = 7.680366791826639e-17,  Error =5.6252233662235085e-06
Completed 76 % :  mod = 8.042406509565086e-17,  Error =5.662223429681035e-06
Completed 76 % :  mod = 8.529334850575825e-17,  Error =5.699236680811737e-06
Completed 77 % :  mod = 8.941748714735772e-17,  Error =5.736237199016614e-06
Completed 77 % :  mod = 9.173064603157398e-17,  Error =5.773231350758579e-06
Completed 78 % :  mod = 9.243944484585784e-17,  Error =5.810253696836298e-06
Completed 78 % :  mod = 9.226265225731992e-17,  Error =5.847253305546474e-06
Completed 79 % :  mod = 9.770493386240409e-17,  Error =5.884252004761947e-06
Completed 79 % :  mod = 1.0997777311297911e-16,  Error =5.921270258113509e-06
Completed 80 % :  mod = 1.1993728597526383e-16,  Error =5.958256679150509e-06
Completed 80 % :  mod = 1.2834961917842254e-16,  Error =5.995307219563983e-06
Completed 81 % :  mod = 1.3376600847937015e-16,  Error =6.032308192516211e-06
Completed 81 % :  mod = 1.357970582945546e-16,  Error =6.0692887018376496e-06
Completed 82 % :  mod = 1.3428624454538493e-16,  Error =6.106276487116702e-06
Completed 82 % :  mod = 1.2917953227873156e-16,  Error =6.143281098047737e-06
Completed 83 % :  mod = 1.2054724963104468e-16,  Error =6.180278433021158e-06
Completed 83 % :  mod = 1.0856273746956361e-16,  Error =6.217318968992913e-06
Completed 84 % :  mod = 9.352222447448491e-17,  Error =6.254336767597124e-06
Completed 84 % :  mod = 7.58756180066865e-17,  Error =6.291348654485773e-06
Completed 85 % :  mod = 5.615687183696781e-17,  Error =6.328367362584686e-06
Completed 85 % :  mod = 3.4707210944402814e-17,  Error =6.365381068462739e-06
Completed 86 % :  mod = 1.2176205736669893e-17,  Error =6.402391591109335e-06
Completed 86 % :  mod = 1.106570800949921e-17,  Error =6.439425760618178e-06
Completed 87 % :  mod = 3.3687816149862943e-17,  Error =6.4764253693283536e-06
Completed 87 % :  mod = 5.537136561765097e-17,  Error =6.513419066322967e-06
Completed 88 % :  mod = 7.549003613934861e-17,  Error =6.550418220285792e-06
Completed 88 % :  mod = 9.348165493605315e-17,  Error =6.587422376469476e-06
Completed 89 % :  mod = 1.088429376125368e-16,  Error =6.624439720326336e-06
Completed 89 % :  mod = 1.2117048446917576e-16,  Error =6.66143341732095e-06
Completed 90 % :  mod = 1.301488339976522e-16,  Error =6.6984366640099324e-06
Completed 90 % :  mod = 1.3558439057265753e-16,  Error =6.735456281603547e-06
Completed 91 % :  mod = 1.37387041189959e-16,  Error =6.772484539396828e-06
Completed 91 % :  mod = 1.3559226791702844e-16,  Error =6.809492333559319e-06
Completed 92 % :  mod = 1.3034010736508984e-16,  Error =6.846511041658232e-06
Completed 92 % :  mod = 1.2188093123403498e-16,  Error =6.883511559863109e-06
Completed 93 % :  mod = 1.1159578745328292e-16,  Error =6.920515716046793e-06
Completed 93 % :  mod = 9.91745805902458e-17,  Error =6.957545338082127e-06
Completed 94 % :  mod = 8.90084310833077e-17,  Error =6.99453858032939e-06
Completed 94 % :  mod = 8.904979605929601e-17,  Error =7.031541372271022e-06
Completed 95 % :  mod = 8.799338183041709e-17,  Error =7.068568720569601e-06
Completed 95 % :  mod = 8.583021974257814e-17,  Error =7.105550139385741e-06
Completed 96 % :  mod = 8.190843010662566e-17,  Error =7.142538834159495e-06
Completed 96 % :  mod = 7.762623922195233e-17,  Error =7.17954844731139e-06
Completed 97 % :  mod = 7.524611794749959e-17,  Error =7.216579433588777e-06
Completed 97 % :  mod = 7.762167396045287e-17,  Error =7.253602234413847e-06
Completed 98 % :  mod = 7.690969990999014e-17,  Error =7.290604116860777e-06
Completed 98 % :  mod = 7.30142329188879e-17,  Error =7.327621460717637e-06
Completed 99 % :  mod = 7.40361226452516e-17,  Error =7.36464016881655e-06
Completed 99 % :  mod = 7.765986602670778e-17,  Error =7.401649327221094e-06
Completed 100 % :  mod = 8.139767606367138e-17,  Error =7.438645752699813e-06
Finished 1/1 frames
Finished all frames!
